

================================================================
== Vitis HLS Report for 'compute_output_buffer_2d_array_array_ap_fixed_16_6_5_3_0_2u_config7_s'
================================================================
* Date:           Mon Oct 21 14:06:40 2024

* Version:        2020.2 (Build 3064766 on Wed Nov 18 09:12:47 MST 2020)
* Project:        myproject_prj
* Solution:       solution1 (Vivado IP Flow Target)
* Product family: zynq
* Target device:  xc7z020-clg484-1


================================================================
== Performance Estimates
================================================================
+ Timing: 
    * Summary: 
    +--------+---------+----------+------------+
    |  Clock |  Target | Estimated| Uncertainty|
    +--------+---------+----------+------------+
    |ap_clk  |  5.00 ns|  4.429 ns|     0.62 ns|
    +--------+---------+----------+------------+

+ Latency: 
    * Summary: 
    +---------+---------+-----------+-----------+-----+-----+---------+
    |  Latency (cycles) |   Latency (absolute)  |  Interval | Pipeline|
    |   min   |   max   |    min    |    max    | min | max |   Type  |
    +---------+---------+-----------+-----------+-----+-----+---------+
    |        8|        8|  40.000 ns|  40.000 ns|    8|    8|      yes|
    +---------+---------+-----------+-----------+-----+-----+---------+

    + Detail: 
        * Instance: 
        +---------------------------------------------------------------------------------+----------------------------------------------------------------------+---------+---------+-----------+-----------+-----+-----+---------+
        |                                                                                 |                                                                      |  Latency (cycles) |   Latency (absolute)  |  Interval | Pipeline|
        |                                     Instance                                    |                                Module                                |   min   |   max   |    min    |    max    | min | max |   Type  |
        +---------------------------------------------------------------------------------+----------------------------------------------------------------------+---------+---------+-----------+-----------+-----+-----+---------+
        |grp_dense_latency_ap_fixed_16_6_5_3_0_ap_fixed_16_6_5_3_0_config7_mult_s_fu_163  |dense_latency_ap_fixed_16_6_5_3_0_ap_fixed_16_6_5_3_0_config7_mult_s  |        5|        5|  25.000 ns|  25.000 ns|    1|    1|      yes|
        |call_ln286_shift_line_buffer_array_ap_fixed_16_6_5_3_0_4u_config7_s_fu_237       |shift_line_buffer_array_ap_fixed_16_6_5_3_0_4u_config7_s              |        0|        0|       0 ns|       0 ns|    1|    1|      yes|
        +---------------------------------------------------------------------------------+----------------------------------------------------------------------+---------+---------+-----------+-----------+-----+-----+---------+

        * Loop: 
        N/A



================================================================
== Utilization Estimates
================================================================
* Summary: 
+-----------------+---------+-----+--------+-------+-----+
|       Name      | BRAM_18K| DSP |   FF   |  LUT  | URAM|
+-----------------+---------+-----+--------+-------+-----+
|DSP              |        -|    -|       -|      -|    -|
|Expression       |        -|    -|       0|    354|    -|
|FIFO             |        -|    -|       -|      -|    -|
|Instance         |        -|   43|    5294|   1872|    -|
|Memory           |        -|    -|       -|      -|    -|
|Multiplexer      |        -|    -|       -|    125|    -|
|Register         |        -|    -|     926|      -|    -|
+-----------------+---------+-----+--------+-------+-----+
|Total            |        0|   43|    6220|   2351|    0|
+-----------------+---------+-----+--------+-------+-----+
|Available        |      280|  220|  106400|  53200|    0|
+-----------------+---------+-----+--------+-------+-----+
|Utilization (%)  |        0|   19|       5|      4|    0|
+-----------------+---------+-----+--------+-------+-----+

+ Detail: 
    * Instance: 
    +---------------------------------------------------------------------------------+----------------------------------------------------------------------+---------+----+------+------+-----+
    |                                     Instance                                    |                                Module                                | BRAM_18K| DSP|  FF  |  LUT | URAM|
    +---------------------------------------------------------------------------------+----------------------------------------------------------------------+---------+----+------+------+-----+
    |grp_dense_latency_ap_fixed_16_6_5_3_0_ap_fixed_16_6_5_3_0_config7_mult_s_fu_163  |dense_latency_ap_fixed_16_6_5_3_0_ap_fixed_16_6_5_3_0_config7_mult_s  |        0|  43|  4781|  1409|    0|
    |call_ln286_shift_line_buffer_array_ap_fixed_16_6_5_3_0_4u_config7_s_fu_237       |shift_line_buffer_array_ap_fixed_16_6_5_3_0_4u_config7_s              |        0|   0|   513|   463|    0|
    +---------------------------------------------------------------------------------+----------------------------------------------------------------------+---------+----+------+------+-----+
    |Total                                                                            |                                                                      |        0|  43|  5294|  1872|    0|
    +---------------------------------------------------------------------------------+----------------------------------------------------------------------+---------+----+------+------+-----+

    * DSP: 
    N/A

    * Memory: 
    N/A

    * FIFO: 
    N/A

    * Expression: 
    +----------------------------------+----------+----+---+----+------------+------------+
    |           Variable Name          | Operation| DSP| FF| LUT| Bitwidth P0| Bitwidth P1|
    +----------------------------------+----------+----+---+----+------------+------------+
    |add_ln313_fu_344_p2               |         +|   0|  0|  39|          32|           1|
    |add_ln317_fu_448_p2               |         +|   0|  0|  39|          32|           1|
    |add_ln323_fu_469_p2               |         +|   0|  0|  39|          32|           1|
    |add_ln328_fu_422_p2               |         +|   0|  0|  39|          32|           1|
    |and_ln289_1_fu_406_p2             |       and|   0|  0|   2|           1|           1|
    |and_ln289_fu_400_p2               |       and|   0|  0|   2|           1|           1|
    |ap_block_pp0_stage0_01001         |       and|   0|  0|   2|           1|           1|
    |ap_block_state9_pp0_stage0_iter1  |       and|   0|  0|   2|           1|           1|
    |ap_condition_624                  |       and|   0|  0|   2|           1|           1|
    |ap_condition_799                  |       and|   0|  0|   2|           1|           1|
    |ap_condition_803                  |       and|   0|  0|   2|           1|           1|
    |ap_condition_806                  |       and|   0|  0|   2|           1|           1|
    |ap_condition_809                  |       and|   0|  0|   2|           1|           1|
    |ap_condition_813                  |       and|   0|  0|   2|           1|           1|
    |ap_predicate_op31_call_state2     |       and|   0|  0|   2|           1|           1|
    |ap_predicate_op40_call_state3     |       and|   0|  0|   2|           1|           1|
    |grp_fu_335_p2                     |      icmp|   0|  0|  18|          32|           2|
    |icmp_ln289_4_fu_379_p2            |      icmp|   0|  0|  17|          31|           1|
    |icmp_ln289_5_fu_394_p2            |      icmp|   0|  0|  17|          31|           1|
    |icmp_ln289_fu_354_p2              |      icmp|   0|  0|  18|          32|           2|
    |icmp_ln313_fu_412_p2              |      icmp|   0|  0|  18|          32|           5|
    |icmp_ln317_fu_459_p2              |      icmp|   0|  0|  18|          32|           5|
    |ap_block_pp0_stage0_subdone       |        or|   0|  0|   2|           1|           1|
    |select_ln323_fu_474_p3            |    select|   0|  0|  32|           1|           2|
    |select_ln328_fu_428_p3            |    select|   0|  0|  32|           1|           2|
    |ap_enable_pp0                     |       xor|   0|  0|   2|           1|           2|
    +----------------------------------+----------+----+---+----+------------+------------+
    |Total                             |          |   0|  0| 354|         334|          39|
    +----------------------------------+----------+----+---+----+------------+------------+

    * Multiplexer: 
    +-------------------------+----+-----------+-----+-----------+
    |           Name          | LUT| Input Size| Bits| Total Bits|
    +-------------------------+----+-----------+-----+-----------+
    |ap_NS_fsm                |  48|          9|    1|          9|
    |ap_enable_reg_pp0_iter0  |   9|          2|    1|          2|
    |ap_enable_reg_pp0_iter1  |   9|          2|    1|          2|
    |grp_fu_335_p0            |  14|          3|   32|         96|
    |layer7_out_blk_n         |   9|          2|    1|          2|
    |pX_3                     |   9|          2|   32|         64|
    |pY_3                     |   9|          2|   32|         64|
    |sX_3                     |   9|          2|   32|         64|
    |sY_3                     |   9|          2|   32|         64|
    +-------------------------+----+-----------+-----+-----------+
    |Total                    | 125|         26|  164|        367|
    +-------------------------+----+-----------+-----+-----------+

    * Register: 
    +-----------------------------+----+----+-----+-----------+
    |             Name            | FF | LUT| Bits| Const Bits|
    +-----------------------------+----+----+-----+-----------+
    |add_ln313_reg_519            |  32|   0|   32|          0|
    |add_ln317_reg_548            |  32|   0|   32|          0|
    |and_ln289_1_reg_535          |   1|   0|    1|          0|
    |ap_CS_fsm                    |   8|   0|    8|          0|
    |ap_enable_reg_pp0_iter0_reg  |   1|   0|    1|          0|
    |ap_enable_reg_pp0_iter1      |   1|   0|    1|          0|
    |icmp_ln289_reg_525           |   1|   0|    1|          0|
    |icmp_ln313_reg_539           |   1|   0|    1|          0|
    |icmp_ln317_reg_554           |   1|   0|    1|          0|
    |kernel_data_V_7_0            |  16|   0|   16|          0|
    |kernel_data_V_7_1            |  16|   0|   16|          0|
    |kernel_data_V_7_10           |  16|   0|   16|          0|
    |kernel_data_V_7_11           |  16|   0|   16|          0|
    |kernel_data_V_7_13           |  16|   0|   16|          0|
    |kernel_data_V_7_14           |  16|   0|   16|          0|
    |kernel_data_V_7_15           |  16|   0|   16|          0|
    |kernel_data_V_7_16           |  16|   0|   16|          0|
    |kernel_data_V_7_17           |  16|   0|   16|          0|
    |kernel_data_V_7_18           |  16|   0|   16|          0|
    |kernel_data_V_7_19           |  16|   0|   16|          0|
    |kernel_data_V_7_2            |  16|   0|   16|          0|
    |kernel_data_V_7_20           |  16|   0|   16|          0|
    |kernel_data_V_7_21           |  16|   0|   16|          0|
    |kernel_data_V_7_22           |  16|   0|   16|          0|
    |kernel_data_V_7_23           |  16|   0|   16|          0|
    |kernel_data_V_7_24           |  16|   0|   16|          0|
    |kernel_data_V_7_25           |  16|   0|   16|          0|
    |kernel_data_V_7_26           |  16|   0|   16|          0|
    |kernel_data_V_7_27           |  16|   0|   16|          0|
    |kernel_data_V_7_28           |  16|   0|   16|          0|
    |kernel_data_V_7_29           |  16|   0|   16|          0|
    |kernel_data_V_7_3            |  16|   0|   16|          0|
    |kernel_data_V_7_30           |  16|   0|   16|          0|
    |kernel_data_V_7_31           |  16|   0|   16|          0|
    |kernel_data_V_7_32           |  16|   0|   16|          0|
    |kernel_data_V_7_33           |  16|   0|   16|          0|
    |kernel_data_V_7_34           |  16|   0|   16|          0|
    |kernel_data_V_7_35           |  16|   0|   16|          0|
    |kernel_data_V_7_4            |  16|   0|   16|          0|
    |kernel_data_V_7_5            |  16|   0|   16|          0|
    |kernel_data_V_7_6            |  16|   0|   16|          0|
    |kernel_data_V_7_7            |  16|   0|   16|          0|
    |kernel_data_V_7_8            |  16|   0|   16|          0|
    |kernel_data_V_7_9            |  16|   0|   16|          0|
    |pX_3                         |  32|   0|   32|          0|
    |pX_3_load_reg_514            |  32|   0|   32|          0|
    |pY_3                         |  32|   0|   32|          0|
    |res_out_V_0_reg_563          |  16|   0|   16|          0|
    |res_out_V_1_reg_568          |  16|   0|   16|          0|
    |sX_3                         |  32|   0|   32|          0|
    |sY_3                         |  32|   0|   32|          0|
    |sY_3_load_reg_529            |  32|   0|   32|          0|
    |select_ln323_reg_558         |  32|   0|   32|          0|
    |select_ln328_reg_543         |  32|   0|   32|          0|
    +-----------------------------+----+----+-----+-----------+
    |Total                        | 926|   0|  926|          0|
    +-----------------------------+----+----+-----+-----------+



================================================================
== Interface
================================================================
* Summary: 
+-------------------+-----+-----+------------+------------------------------------------------------------------------+--------------+
|     RTL Ports     | Dir | Bits|  Protocol  |                              Source Object                             |    C Type    |
+-------------------+-----+-----+------------+------------------------------------------------------------------------+--------------+
|ap_clk             |   in|    1|  ap_ctrl_hs|  compute_output_buffer_2d<array,array<ap_fixed<16,6,5,3,0>,2u>,config7>|  return value|
|ap_rst             |   in|    1|  ap_ctrl_hs|  compute_output_buffer_2d<array,array<ap_fixed<16,6,5,3,0>,2u>,config7>|  return value|
|ap_start           |   in|    1|  ap_ctrl_hs|  compute_output_buffer_2d<array,array<ap_fixed<16,6,5,3,0>,2u>,config7>|  return value|
|ap_done            |  out|    1|  ap_ctrl_hs|  compute_output_buffer_2d<array,array<ap_fixed<16,6,5,3,0>,2u>,config7>|  return value|
|ap_idle            |  out|    1|  ap_ctrl_hs|  compute_output_buffer_2d<array,array<ap_fixed<16,6,5,3,0>,2u>,config7>|  return value|
|ap_ready           |  out|    1|  ap_ctrl_hs|  compute_output_buffer_2d<array,array<ap_fixed<16,6,5,3,0>,2u>,config7>|  return value|
|ap_ce              |   in|    1|  ap_ctrl_hs|  compute_output_buffer_2d<array,array<ap_fixed<16,6,5,3,0>,2u>,config7>|  return value|
|layer7_out_blk_n   |  out|    1|  ap_ctrl_hs|  compute_output_buffer_2d<array,array<ap_fixed<16,6,5,3,0>,2u>,config7>|  return value|
|layer7_out_din     |  out|   32|     ap_fifo|                                                              layer7_out|       pointer|
|layer7_out_full_n  |   in|    1|     ap_fifo|                                                              layer7_out|       pointer|
|layer7_out_write   |  out|    1|     ap_fifo|                                                              layer7_out|       pointer|
|p_read             |   in|   16|     ap_none|                                                                  p_read|        scalar|
|p_read1            |   in|   16|     ap_none|                                                                 p_read1|        scalar|
|p_read2            |   in|   16|     ap_none|                                                                 p_read2|        scalar|
|p_read3            |   in|   16|     ap_none|                                                                 p_read3|        scalar|
+-------------------+-----+-----+------------+------------------------------------------------------------------------+--------------+

