

================================================================
== Vitis HLS Report for 'compute_output_buffer_2d_array_array_ap_fixed_16_6_5_3_0_4u_config2_s'
================================================================
* Date:           Mon Oct 21 14:06:37 2024

* Version:        2020.2 (Build 3064766 on Wed Nov 18 09:12:47 MST 2020)
* Project:        myproject_prj
* Solution:       solution1 (Vivado IP Flow Target)
* Product family: zynq
* Target device:  xc7z020-clg484-1


================================================================
== Performance Estimates
================================================================
+ Timing: 
    * Summary: 
    +--------+---------+----------+------------+
    |  Clock |  Target | Estimated| Uncertainty|
    +--------+---------+----------+------------+
    |ap_clk  |  5.00 ns|  4.429 ns|     0.62 ns|
    +--------+---------+----------+------------+

+ Latency: 
    * Summary: 
    +---------+---------+-----------+-----------+-----+-----+---------+
    |  Latency (cycles) |   Latency (absolute)  |  Interval | Pipeline|
    |   min   |   max   |    min    |    max    | min | max |   Type  |
    +---------+---------+-----------+-----------+-----+-----+---------+
    |        8|        8|  40.000 ns|  40.000 ns|    8|    8|      yes|
    +---------+---------+-----------+-----------+-----+-----+---------+

    + Detail: 
        * Instance: 
        +---------------------------------------------------------------------------------+----------------------------------------------------------------------+---------+---------+-----------+-----------+-----+-----+---------+
        |                                                                                 |                                                                      |  Latency (cycles) |   Latency (absolute)  |  Interval | Pipeline|
        |                                     Instance                                    |                                Module                                |   min   |   max   |    min    |    max    | min | max |   Type  |
        +---------------------------------------------------------------------------------+----------------------------------------------------------------------+---------+---------+-----------+-----------+-----+-----+---------+
        |grp_dense_latency_ap_fixed_16_6_5_3_0_ap_fixed_16_6_5_3_0_config2_mult_s_fu_137  |dense_latency_ap_fixed_16_6_5_3_0_ap_fixed_16_6_5_3_0_config2_mult_s  |        5|        5|  25.000 ns|  25.000 ns|    1|    1|      yes|
        |call_ln286_shift_line_buffer_array_ap_fixed_16_6_5_3_0_3u_config2_s_fu_195       |shift_line_buffer_array_ap_fixed_16_6_5_3_0_3u_config2_s              |        0|        0|       0 ns|       0 ns|    1|    1|      yes|
        +---------------------------------------------------------------------------------+----------------------------------------------------------------------+---------+---------+-----------+-----------+-----+-----+---------+

        * Loop: 
        N/A



================================================================
== Utilization Estimates
================================================================
* Summary: 
+-----------------+---------+-----+--------+-------+-----+
|       Name      | BRAM_18K| DSP |   FF   |  LUT  | URAM|
+-----------------+---------+-----+--------+-------+-----+
|DSP              |        -|    -|       -|      -|    -|
|Expression       |        -|    -|       0|    354|    -|
|FIFO             |        -|    -|       -|      -|    -|
|Instance         |        -|   76|    8224|   2083|    -|
|Memory           |        -|    -|       -|      -|    -|
|Multiplexer      |        -|    -|       -|    125|    -|
|Register         |        -|    -|     830|      -|    -|
+-----------------+---------+-----+--------+-------+-----+
|Total            |        0|   76|    9054|   2562|    0|
+-----------------+---------+-----+--------+-------+-----+
|Available        |      280|  220|  106400|  53200|    0|
+-----------------+---------+-----+--------+-------+-----+
|Utilization (%)  |        0|   34|       8|      4|    0|
+-----------------+---------+-----+--------+-------+-----+

+ Detail: 
    * Instance: 
    +---------------------------------------------------------------------------------+----------------------------------------------------------------------+---------+----+------+------+-----+
    |                                     Instance                                    |                                Module                                | BRAM_18K| DSP|  FF  |  LUT | URAM|
    +---------------------------------------------------------------------------------+----------------------------------------------------------------------+---------+----+------+------+-----+
    |grp_dense_latency_ap_fixed_16_6_5_3_0_ap_fixed_16_6_5_3_0_config2_mult_s_fu_137  |dense_latency_ap_fixed_16_6_5_3_0_ap_fixed_16_6_5_3_0_config2_mult_s  |        0|  76|  7839|  1729|    0|
    |call_ln286_shift_line_buffer_array_ap_fixed_16_6_5_3_0_3u_config2_s_fu_195       |shift_line_buffer_array_ap_fixed_16_6_5_3_0_3u_config2_s              |        0|   0|   385|   354|    0|
    +---------------------------------------------------------------------------------+----------------------------------------------------------------------+---------+----+------+------+-----+
    |Total                                                                            |                                                                      |        0|  76|  8224|  2083|    0|
    +---------------------------------------------------------------------------------+----------------------------------------------------------------------+---------+----+------+------+-----+

    * DSP: 
    N/A

    * Memory: 
    N/A

    * FIFO: 
    N/A

    * Expression: 
    +----------------------------------+----------+----+---+----+------------+------------+
    |           Variable Name          | Operation| DSP| FF| LUT| Bitwidth P0| Bitwidth P1|
    +----------------------------------+----------+----+---+----+------------+------------+
    |add_ln313_fu_280_p2               |         +|   0|  0|  39|          32|           1|
    |add_ln317_fu_384_p2               |         +|   0|  0|  39|          32|           1|
    |add_ln323_fu_405_p2               |         +|   0|  0|  39|          32|           1|
    |add_ln328_fu_358_p2               |         +|   0|  0|  39|          32|           1|
    |and_ln289_1_fu_342_p2             |       and|   0|  0|   2|           1|           1|
    |and_ln289_fu_336_p2               |       and|   0|  0|   2|           1|           1|
    |ap_block_pp0_stage0_01001         |       and|   0|  0|   2|           1|           1|
    |ap_block_state9_pp0_stage0_iter1  |       and|   0|  0|   2|           1|           1|
    |ap_condition_550                  |       and|   0|  0|   2|           1|           1|
    |ap_condition_744                  |       and|   0|  0|   2|           1|           1|
    |ap_condition_748                  |       and|   0|  0|   2|           1|           1|
    |ap_condition_751                  |       and|   0|  0|   2|           1|           1|
    |ap_condition_754                  |       and|   0|  0|   2|           1|           1|
    |ap_condition_758                  |       and|   0|  0|   2|           1|           1|
    |ap_predicate_op30_call_state2     |       and|   0|  0|   2|           1|           1|
    |ap_predicate_op39_call_state3     |       and|   0|  0|   2|           1|           1|
    |grp_fu_271_p2                     |      icmp|   0|  0|  18|          32|           2|
    |icmp_ln289_2_fu_315_p2            |      icmp|   0|  0|  17|          31|           1|
    |icmp_ln289_3_fu_330_p2            |      icmp|   0|  0|  17|          31|           1|
    |icmp_ln289_fu_290_p2              |      icmp|   0|  0|  18|          32|           2|
    |icmp_ln313_fu_348_p2              |      icmp|   0|  0|  18|          32|           7|
    |icmp_ln317_fu_395_p2              |      icmp|   0|  0|  18|          32|           7|
    |ap_block_pp0_stage0_subdone       |        or|   0|  0|   2|           1|           1|
    |select_ln323_fu_410_p3            |    select|   0|  0|  32|           1|           2|
    |select_ln328_fu_364_p3            |    select|   0|  0|  32|           1|           2|
    |ap_enable_pp0                     |       xor|   0|  0|   2|           1|           2|
    +----------------------------------+----------+----+---+----+------------+------------+
    |Total                             |          |   0|  0| 354|         334|          43|
    +----------------------------------+----------+----+---+----+------------+------------+

    * Multiplexer: 
    +-------------------------+----+-----------+-----+-----------+
    |           Name          | LUT| Input Size| Bits| Total Bits|
    +-------------------------+----+-----------+-----+-----------+
    |ap_NS_fsm                |  48|          9|    1|          9|
    |ap_enable_reg_pp0_iter0  |   9|          2|    1|          2|
    |ap_enable_reg_pp0_iter1  |   9|          2|    1|          2|
    |grp_fu_271_p0            |  14|          3|   32|         96|
    |layer2_out_blk_n         |   9|          2|    1|          2|
    |pX_4                     |   9|          2|   32|         64|
    |pY_4                     |   9|          2|   32|         64|
    |sX_4                     |   9|          2|   32|         64|
    |sY_4                     |   9|          2|   32|         64|
    +-------------------------+----+-----------+-----+-----------+
    |Total                    | 125|         26|  164|        367|
    +-------------------------+----+-----------+-----+-----------+

    * Register: 
    +-----------------------------+----+----+-----+-----------+
    |             Name            | FF | LUT| Bits| Const Bits|
    +-----------------------------+----+----+-----+-----------+
    |add_ln313_reg_465            |  32|   0|   32|          0|
    |add_ln317_reg_494            |  32|   0|   32|          0|
    |and_ln289_1_reg_481          |   1|   0|    1|          0|
    |ap_CS_fsm                    |   8|   0|    8|          0|
    |ap_enable_reg_pp0_iter0_reg  |   1|   0|    1|          0|
    |ap_enable_reg_pp0_iter1      |   1|   0|    1|          0|
    |icmp_ln289_reg_471           |   1|   0|    1|          0|
    |icmp_ln313_reg_485           |   1|   0|    1|          0|
    |icmp_ln317_reg_500           |   1|   0|    1|          0|
    |kernel_data_V_6_0            |  16|   0|   16|          0|
    |kernel_data_V_6_1            |  16|   0|   16|          0|
    |kernel_data_V_6_10           |  16|   0|   16|          0|
    |kernel_data_V_6_11           |  16|   0|   16|          0|
    |kernel_data_V_6_12           |  16|   0|   16|          0|
    |kernel_data_V_6_13           |  16|   0|   16|          0|
    |kernel_data_V_6_14           |  16|   0|   16|          0|
    |kernel_data_V_6_15           |  16|   0|   16|          0|
    |kernel_data_V_6_16           |  16|   0|   16|          0|
    |kernel_data_V_6_17           |  16|   0|   16|          0|
    |kernel_data_V_6_18           |  16|   0|   16|          0|
    |kernel_data_V_6_19           |  16|   0|   16|          0|
    |kernel_data_V_6_2            |  16|   0|   16|          0|
    |kernel_data_V_6_20           |  16|   0|   16|          0|
    |kernel_data_V_6_21           |  16|   0|   16|          0|
    |kernel_data_V_6_22           |  16|   0|   16|          0|
    |kernel_data_V_6_23           |  16|   0|   16|          0|
    |kernel_data_V_6_24           |  16|   0|   16|          0|
    |kernel_data_V_6_25           |  16|   0|   16|          0|
    |kernel_data_V_6_26           |  16|   0|   16|          0|
    |kernel_data_V_6_3            |  16|   0|   16|          0|
    |kernel_data_V_6_4            |  16|   0|   16|          0|
    |kernel_data_V_6_5            |  16|   0|   16|          0|
    |kernel_data_V_6_6            |  16|   0|   16|          0|
    |kernel_data_V_6_7            |  16|   0|   16|          0|
    |kernel_data_V_6_8            |  16|   0|   16|          0|
    |kernel_data_V_6_9            |  16|   0|   16|          0|
    |pX_4                         |  32|   0|   32|          0|
    |pX_4_load_reg_460            |  32|   0|   32|          0|
    |pY_4                         |  32|   0|   32|          0|
    |res_out_V_0_reg_509          |  16|   0|   16|          0|
    |res_out_V_1_reg_514          |  16|   0|   16|          0|
    |res_out_V_2_reg_519          |  16|   0|   16|          0|
    |res_out_V_3_reg_524          |  16|   0|   16|          0|
    |sX_4                         |  32|   0|   32|          0|
    |sY_4                         |  32|   0|   32|          0|
    |sY_4_load_reg_475            |  32|   0|   32|          0|
    |select_ln323_reg_504         |  32|   0|   32|          0|
    |select_ln328_reg_489         |  32|   0|   32|          0|
    +-----------------------------+----+----+-----+-----------+
    |Total                        | 830|   0|  830|          0|
    +-----------------------------+----+----+-----+-----------+



================================================================
== Interface
================================================================
* Summary: 
+-------------------+-----+-----+------------+------------------------------------------------------------------------+--------------+
|     RTL Ports     | Dir | Bits|  Protocol  |                              Source Object                             |    C Type    |
+-------------------+-----+-----+------------+------------------------------------------------------------------------+--------------+
|ap_clk             |   in|    1|  ap_ctrl_hs|  compute_output_buffer_2d<array,array<ap_fixed<16,6,5,3,0>,4u>,config2>|  return value|
|ap_rst             |   in|    1|  ap_ctrl_hs|  compute_output_buffer_2d<array,array<ap_fixed<16,6,5,3,0>,4u>,config2>|  return value|
|ap_start           |   in|    1|  ap_ctrl_hs|  compute_output_buffer_2d<array,array<ap_fixed<16,6,5,3,0>,4u>,config2>|  return value|
|ap_done            |  out|    1|  ap_ctrl_hs|  compute_output_buffer_2d<array,array<ap_fixed<16,6,5,3,0>,4u>,config2>|  return value|
|ap_idle            |  out|    1|  ap_ctrl_hs|  compute_output_buffer_2d<array,array<ap_fixed<16,6,5,3,0>,4u>,config2>|  return value|
|ap_ready           |  out|    1|  ap_ctrl_hs|  compute_output_buffer_2d<array,array<ap_fixed<16,6,5,3,0>,4u>,config2>|  return value|
|ap_ce              |   in|    1|  ap_ctrl_hs|  compute_output_buffer_2d<array,array<ap_fixed<16,6,5,3,0>,4u>,config2>|  return value|
|layer2_out_blk_n   |  out|    1|  ap_ctrl_hs|  compute_output_buffer_2d<array,array<ap_fixed<16,6,5,3,0>,4u>,config2>|  return value|
|layer2_out_din     |  out|   64|     ap_fifo|                                                              layer2_out|       pointer|
|layer2_out_full_n  |   in|    1|     ap_fifo|                                                              layer2_out|       pointer|
|layer2_out_write   |  out|    1|     ap_fifo|                                                              layer2_out|       pointer|
|p_read             |   in|   16|     ap_none|                                                                  p_read|        scalar|
|p_read1            |   in|   16|     ap_none|                                                                 p_read1|        scalar|
|p_read2            |   in|   16|     ap_none|                                                                 p_read2|        scalar|
+-------------------+-----+-----+------------+------------------------------------------------------------------------+--------------+

