

================================================================
== Vitis HLS Report for 'dense_latency_ap_fixed_16_6_5_3_0_ap_fixed_16_6_5_3_0_config7_mult_s'
================================================================
* Date:           Mon Oct 21 14:06:39 2024

* Version:        2020.2 (Build 3064766 on Wed Nov 18 09:12:47 MST 2020)
* Project:        myproject_prj
* Solution:       solution1 (Vivado IP Flow Target)
* Product family: zynq
* Target device:  xc7z020-clg484-1


================================================================
== Performance Estimates
================================================================
+ Timing: 
    * Summary: 
    +--------+---------+----------+------------+
    |  Clock |  Target | Estimated| Uncertainty|
    +--------+---------+----------+------------+
    |ap_clk  |  5.00 ns|  4.137 ns|     0.62 ns|
    +--------+---------+----------+------------+

+ Latency: 
    * Summary: 
    +---------+---------+-----------+-----------+-----+-----+---------+
    |  Latency (cycles) |   Latency (absolute)  |  Interval | Pipeline|
    |   min   |   max   |    min    |    max    | min | max |   Type  |
    +---------+---------+-----------+-----------+-----+-----+---------+
    |        5|        5|  25.000 ns|  25.000 ns|    1|    1|      yes|
    +---------+---------+-----------+-----------+-----+-----+---------+

    + Detail: 
        * Instance: 
        N/A

        * Loop: 
        N/A



================================================================
== Utilization Estimates
================================================================
* Summary: 
+-----------------+---------+-----+--------+-------+-----+
|       Name      | BRAM_18K| DSP |   FF   |  LUT  | URAM|
+-----------------+---------+-----+--------+-------+-----+
|DSP              |        -|    -|       -|      -|    -|
|Expression       |        -|    -|       0|   1305|    -|
|FIFO             |        -|    -|       -|      -|    -|
|Instance         |        -|   43|    2881|     86|    -|
|Memory           |        -|    -|       -|      -|    -|
|Multiplexer      |        -|    -|       -|     18|    -|
|Register         |        -|    -|    1900|      -|    -|
+-----------------+---------+-----+--------+-------+-----+
|Total            |        0|   43|    4781|   1409|    0|
+-----------------+---------+-----+--------+-------+-----+
|Available        |      280|  220|  106400|  53200|    0|
+-----------------+---------+-----+--------+-------+-----+
|Utilization (%)  |        0|   19|       4|      2|    0|
+-----------------+---------+-----+--------+-------+-----+

+ Detail: 
    * Instance: 
    +--------------------------+---------------------+---------+----+----+----+-----+
    |         Instance         |        Module       | BRAM_18K| DSP| FF | LUT| URAM|
    +--------------------------+---------------------+---------+----+----+----+-----+
    |mul_16s_10ns_26_2_0_U207  |mul_16s_10ns_26_2_0  |        0|   1|  67|   2|    0|
    |mul_16s_10ns_26_2_0_U208  |mul_16s_10ns_26_2_0  |        0|   1|  67|   2|    0|
    |mul_16s_10ns_26_2_0_U216  |mul_16s_10ns_26_2_0  |        0|   1|  67|   2|    0|
    |mul_16s_10ns_26_2_0_U219  |mul_16s_10ns_26_2_0  |        0|   1|  67|   2|    0|
    |mul_16s_10ns_26_2_0_U224  |mul_16s_10ns_26_2_0  |        0|   1|  67|   2|    0|
    |mul_16s_10ns_26_2_0_U227  |mul_16s_10ns_26_2_0  |        0|   1|  67|   2|    0|
    |mul_16s_10ns_26_2_0_U239  |mul_16s_10ns_26_2_0  |        0|   1|  67|   2|    0|
    |mul_16s_10ns_26_2_0_U240  |mul_16s_10ns_26_2_0  |        0|   1|  67|   2|    0|
    |mul_16s_10s_26_2_0_U200   |mul_16s_10s_26_2_0   |        0|   1|  67|   2|    0|
    |mul_16s_10s_26_2_0_U218   |mul_16s_10s_26_2_0   |        0|   1|  67|   2|    0|
    |mul_16s_10s_26_2_0_U222   |mul_16s_10s_26_2_0   |        0|   1|  67|   2|    0|
    |mul_16s_10s_26_2_0_U225   |mul_16s_10s_26_2_0   |        0|   1|  67|   2|    0|
    |mul_16s_10s_26_2_0_U229   |mul_16s_10s_26_2_0   |        0|   1|  67|   2|    0|
    |mul_16s_10s_26_2_0_U233   |mul_16s_10s_26_2_0   |        0|   1|  67|   2|    0|
    |mul_16s_11s_26_2_0_U209   |mul_16s_11s_26_2_0   |        0|   1|  67|   2|    0|
    |mul_16s_6ns_22_2_0_U205   |mul_16s_6ns_22_2_0   |        0|   1|  67|   2|    0|
    |mul_16s_7ns_23_2_0_U211   |mul_16s_7ns_23_2_0   |        0|   1|  67|   2|    0|
    |mul_16s_7s_23_2_0_U201    |mul_16s_7s_23_2_0    |        0|   1|  67|   2|    0|
    |mul_16s_7s_23_2_0_U237    |mul_16s_7s_23_2_0    |        0|   1|  67|   2|    0|
    |mul_16s_8ns_24_2_0_U213   |mul_16s_8ns_24_2_0   |        0|   1|  67|   2|    0|
    |mul_16s_8ns_24_2_0_U220   |mul_16s_8ns_24_2_0   |        0|   1|  67|   2|    0|
    |mul_16s_8ns_24_2_0_U223   |mul_16s_8ns_24_2_0   |        0|   1|  67|   2|    0|
    |mul_16s_8ns_24_2_0_U228   |mul_16s_8ns_24_2_0   |        0|   1|  67|   2|    0|
    |mul_16s_8ns_24_2_0_U241   |mul_16s_8ns_24_2_0   |        0|   1|  67|   2|    0|
    |mul_16s_8s_24_2_0_U202    |mul_16s_8s_24_2_0    |        0|   1|  67|   2|    0|
    |mul_16s_9ns_25_2_0_U204   |mul_16s_9ns_25_2_0   |        0|   1|  67|   2|    0|
    |mul_16s_9ns_25_2_0_U206   |mul_16s_9ns_25_2_0   |        0|   1|  67|   2|    0|
    |mul_16s_9ns_25_2_0_U210   |mul_16s_9ns_25_2_0   |        0|   1|  67|   2|    0|
    |mul_16s_9ns_25_2_0_U212   |mul_16s_9ns_25_2_0   |        0|   1|  67|   2|    0|
    |mul_16s_9ns_25_2_0_U221   |mul_16s_9ns_25_2_0   |        0|   1|  67|   2|    0|
    |mul_16s_9ns_25_2_0_U226   |mul_16s_9ns_25_2_0   |        0|   1|  67|   2|    0|
    |mul_16s_9ns_25_2_0_U230   |mul_16s_9ns_25_2_0   |        0|   1|  67|   2|    0|
    |mul_16s_9ns_25_2_0_U231   |mul_16s_9ns_25_2_0   |        0|   1|  67|   2|    0|
    |mul_16s_9ns_25_2_0_U234   |mul_16s_9ns_25_2_0   |        0|   1|  67|   2|    0|
    |mul_16s_9s_25_2_0_U199    |mul_16s_9s_25_2_0    |        0|   1|  67|   2|    0|
    |mul_16s_9s_25_2_0_U203    |mul_16s_9s_25_2_0    |        0|   1|  67|   2|    0|
    |mul_16s_9s_25_2_0_U214    |mul_16s_9s_25_2_0    |        0|   1|  67|   2|    0|
    |mul_16s_9s_25_2_0_U215    |mul_16s_9s_25_2_0    |        0|   1|  67|   2|    0|
    |mul_16s_9s_25_2_0_U217    |mul_16s_9s_25_2_0    |        0|   1|  67|   2|    0|
    |mul_16s_9s_25_2_0_U232    |mul_16s_9s_25_2_0    |        0|   1|  67|   2|    0|
    |mul_16s_9s_25_2_0_U235    |mul_16s_9s_25_2_0    |        0|   1|  67|   2|    0|
    |mul_16s_9s_25_2_0_U236    |mul_16s_9s_25_2_0    |        0|   1|  67|   2|    0|
    |mul_16s_9s_25_2_0_U238    |mul_16s_9s_25_2_0    |        0|   1|  67|   2|    0|
    +--------------------------+---------------------+---------+----+----+----+-----+
    |Total                     |                     |        0|  43|2881|  86|    0|
    +--------------------------+---------------------+---------+----+----+----+-----+

    * DSP: 
    N/A

    * Memory: 
    N/A

    * FIFO: 
    N/A

    * Expression: 
    +--------------------------+----------+----+---+----+------------+------------+
    |       Variable Name      | Operation| DSP| FF| LUT| Bitwidth P0| Bitwidth P1|
    +--------------------------+----------+----+---+----+------------+------------+
    |add_ln1118_1_fu_8222_p2   |         +|   0|  0|  30|          23|          23|
    |add_ln1118_2_fu_7840_p2   |         +|   0|  0|  30|          23|          23|
    |add_ln1118_fu_8655_p2     |         +|   0|  0|  32|          25|          25|
    |add_ln703_10_fu_9213_p2   |         +|   0|  0|  16|          16|          16|
    |add_ln703_11_fu_9367_p2   |         +|   0|  0|  16|          16|          16|
    |add_ln703_12_fu_9408_p2   |         +|   0|  0|  16|          16|          16|
    |add_ln703_13_fu_9218_p2   |         +|   0|  0|  16|          16|          16|
    |add_ln703_14_fu_9224_p2   |         +|   0|  0|  16|          16|          16|
    |add_ln703_15_fu_9008_p2   |         +|   0|  0|  20|          15|          15|
    |add_ln703_16_fu_9233_p2   |         +|   0|  0|  20|          15|          15|
    |add_ln703_17_fu_9243_p2   |         +|   0|  0|  23|          16|          16|
    |add_ln703_18_fu_9372_p2   |         +|   0|  0|  16|          16|          16|
    |add_ln703_19_fu_8548_p2   |         +|   0|  0|  17|          14|          14|
    |add_ln703_1_fu_9353_p2    |         +|   0|  0|  16|          16|          16|
    |add_ln703_20_fu_9252_p2   |         +|   0|  0|  20|          15|          15|
    |add_ln703_21_fu_9014_p2   |         +|   0|  0|  17|          14|          14|
    |add_ln703_22_fu_9024_p2   |         +|   0|  0|  17|          14|           8|
    |add_ln703_23_fu_9034_p2   |         +|   0|  0|  20|          15|          15|
    |add_ln703_24_fu_9265_p2   |         +|   0|  0|  23|          16|          16|
    |add_ln703_25_fu_9376_p2   |         +|   0|  0|  16|          16|          16|
    |add_ln703_26_fu_9412_p2   |         +|   0|  0|  16|          16|          16|
    |add_ln703_27_fu_9271_p2   |         +|   0|  0|  23|          16|          16|
    |add_ln703_28_fu_9381_p2   |         +|   0|  0|  16|          16|          16|
    |add_ln703_29_fu_9275_p2   |         +|   0|  0|  16|          16|          16|
    |add_ln703_2_fu_9192_p2    |         +|   0|  0|  16|          16|          16|
    |add_ln703_30_fu_9040_p2   |         +|   0|  0|  23|          16|          16|
    |add_ln703_31_fu_9279_p2   |         +|   0|  0|  16|          16|          16|
    |add_ln703_32_fu_9385_p2   |         +|   0|  0|  16|          16|          16|
    |add_ln703_33_fu_9284_p2   |         +|   0|  0|  23|          16|          16|
    |add_ln703_34_fu_9390_p2   |         +|   0|  0|  16|          16|          16|
    |add_ln703_35_fu_9290_p2   |         +|   0|  0|  16|          16|          16|
    |add_ln703_36_fu_9044_p2   |         +|   0|  0|  23|          16|          16|
    |add_ln703_37_fu_9296_p2   |         +|   0|  0|  16|          16|          16|
    |add_ln703_38_fu_9394_p2   |         +|   0|  0|  16|          16|          16|
    |add_ln703_39_fu_9417_p2   |         +|   0|  0|  16|          16|          16|
    |add_ln703_3_fu_8998_p2    |         +|   0|  0|  23|          16|          16|
    |add_ln703_40_fu_9301_p2   |         +|   0|  0|  16|          16|          16|
    |add_ln703_41_fu_9307_p2   |         +|   0|  0|  16|          16|          16|
    |add_ln703_42_fu_9313_p2   |         +|   0|  0|  16|          16|          16|
    |add_ln703_43_fu_9050_p2   |         +|   0|  0|  20|          15|          15|
    |add_ln703_44_fu_9322_p2   |         +|   0|  0|  16|          16|          16|
    |add_ln703_45_fu_9399_p2   |         +|   0|  0|  16|          16|          16|
    |add_ln703_46_fu_9056_p2   |         +|   0|  0|  17|          14|          14|
    |add_ln703_47_fu_9331_p2   |         +|   0|  0|  20|          15|          15|
    |add_ln703_48_fu_9062_p2   |         +|   0|  0|  14|          13|          13|
    |add_ln703_49_fu_9072_p2   |         +|   0|  0|  14|          13|          10|
    |add_ln703_4_fu_9196_p2    |         +|   0|  0|  16|          16|          16|
    |add_ln703_50_fu_9082_p2   |         +|   0|  0|  17|          14|          14|
    |add_ln703_51_fu_9344_p2   |         +|   0|  0|  23|          16|          16|
    |add_ln703_52_fu_9403_p2   |         +|   0|  0|  16|          16|          16|
    |add_ln703_53_fu_9421_p2   |         +|   0|  0|  16|          16|          16|
    |add_ln703_5_fu_9357_p2    |         +|   0|  0|  16|          16|          16|
    |add_ln703_6_fu_9201_p2    |         +|   0|  0|  23|          16|          16|
    |add_ln703_7_fu_9362_p2    |         +|   0|  0|  16|          16|          16|
    |add_ln703_8_fu_9207_p2    |         +|   0|  0|  16|          16|          16|
    |add_ln703_9_fu_9002_p2    |         +|   0|  0|  23|          16|          16|
    |add_ln703_fu_9188_p2      |         +|   0|  0|  23|          16|          16|
    |sub_ln1118_10_fu_8454_p2  |         -|   0|  0|  29|          22|          22|
    |sub_ln1118_1_fu_8593_p2   |         -|   0|  0|  16|          24|          24|
    |sub_ln1118_2_fu_8067_p2   |         -|   0|  0|  30|          23|          23|
    |sub_ln1118_3_fu_8173_p2   |         -|   0|  0|  31|          24|          24|
    |sub_ln1118_4_fu_8873_p2   |         -|   0|  0|  32|          25|          25|
    |sub_ln1118_5_fu_8300_p2   |         -|   0|  0|  16|           1|          23|
    |sub_ln1118_6_fu_8306_p2   |         -|   0|  0|  16|          23|          23|
    |sub_ln1118_7_fu_7918_p2   |         -|   0|  0|  16|           1|          23|
    |sub_ln1118_8_fu_7924_p2   |         -|   0|  0|  16|          23|          23|
    |sub_ln1118_9_fu_8532_p2   |         -|   0|  0|  29|          22|          22|
    |sub_ln1118_fu_8575_p2     |         -|   0|  0|  16|           1|          24|
    +--------------------------+----------+----+---+----+------------+------------+
    |Total                     |          |   0|  0|1305|        1102|        1160|
    +--------------------------+----------+----+---+----+------------+------------+

    * Multiplexer: 
    +-------------+----+-----------+-----+-----------+
    |     Name    | LUT| Input Size| Bits| Total Bits|
    +-------------+----+-----------+-----+-----------+
    |ap_return_0  |   9|          2|   16|         32|
    |ap_return_1  |   9|          2|   16|         32|
    +-------------+----+-----------+-----+-----------+
    |Total        |  18|          4|   32|         64|
    +-------------+----+-----------+-----+-----------+

    * Register: 
    +---------------------------------------+----+----+-----+-----------+
    |                  Name                 | FF | LUT| Bits| Const Bits|
    +---------------------------------------+----+----+-----+-----------+
    |add_ln703_10_reg_9967                  |  16|   0|   16|          0|
    |add_ln703_11_reg_10027                 |  16|   0|   16|          0|
    |add_ln703_14_reg_9972                  |  16|   0|   16|          0|
    |add_ln703_15_reg_9897                  |  15|   0|   15|          0|
    |add_ln703_17_reg_9977                  |  16|   0|   16|          0|
    |add_ln703_19_reg_9732                  |  14|   0|   14|          0|
    |add_ln703_19_reg_9732_pp0_iter2_reg    |  14|   0|   14|          0|
    |add_ln703_23_reg_9902                  |  15|   0|   15|          0|
    |add_ln703_24_reg_9982                  |  16|   0|   16|          0|
    |add_ln703_25_reg_10032                 |  16|   0|   16|          0|
    |add_ln703_27_reg_9987                  |  16|   0|   16|          0|
    |add_ln703_30_reg_9907                  |  16|   0|   16|          0|
    |add_ln703_31_reg_9992                  |  16|   0|   16|          0|
    |add_ln703_32_reg_10037                 |  16|   0|   16|          0|
    |add_ln703_33_reg_9997                  |  16|   0|   16|          0|
    |add_ln703_36_reg_9912                  |  16|   0|   16|          0|
    |add_ln703_37_reg_10002                 |  16|   0|   16|          0|
    |add_ln703_38_reg_10042                 |  16|   0|   16|          0|
    |add_ln703_3_reg_9887                   |  16|   0|   16|          0|
    |add_ln703_41_reg_10007                 |  16|   0|   16|          0|
    |add_ln703_43_reg_9917                  |  15|   0|   15|          0|
    |add_ln703_44_reg_10012                 |  16|   0|   16|          0|
    |add_ln703_46_reg_9922                  |  14|   0|   14|          0|
    |add_ln703_4_reg_9957                   |  16|   0|   16|          0|
    |add_ln703_50_reg_9927                  |  14|   0|   14|          0|
    |add_ln703_51_reg_10017                 |  16|   0|   16|          0|
    |add_ln703_52_reg_10047                 |  16|   0|   16|          0|
    |add_ln703_5_reg_10022                  |  16|   0|   16|          0|
    |add_ln703_6_reg_9962                   |  16|   0|   16|          0|
    |add_ln703_9_reg_9892                   |  16|   0|   16|          0|
    |add_ln703_reg_9952                     |  16|   0|   16|          0|
    |ap_ce_reg                              |   1|   0|    1|          0|
    |ap_return_0_int_reg                    |  16|   0|   16|          0|
    |ap_return_1_int_reg                    |  16|   0|   16|          0|
    |kernel_data_V_7_0_int_reg              |  16|   0|   16|          0|
    |kernel_data_V_7_10_int_reg             |  16|   0|   16|          0|
    |kernel_data_V_7_11_int_reg             |  16|   0|   16|          0|
    |kernel_data_V_7_13_int_reg             |  16|   0|   16|          0|
    |kernel_data_V_7_14_int_reg             |  16|   0|   16|          0|
    |kernel_data_V_7_15_int_reg             |  16|   0|   16|          0|
    |kernel_data_V_7_16_int_reg             |  16|   0|   16|          0|
    |kernel_data_V_7_17_int_reg             |  16|   0|   16|          0|
    |kernel_data_V_7_18_int_reg             |  16|   0|   16|          0|
    |kernel_data_V_7_19_int_reg             |  16|   0|   16|          0|
    |kernel_data_V_7_1_int_reg              |  16|   0|   16|          0|
    |kernel_data_V_7_20_int_reg             |  16|   0|   16|          0|
    |kernel_data_V_7_21_int_reg             |  16|   0|   16|          0|
    |kernel_data_V_7_22_int_reg             |  16|   0|   16|          0|
    |kernel_data_V_7_23_int_reg             |  16|   0|   16|          0|
    |kernel_data_V_7_24_int_reg             |  16|   0|   16|          0|
    |kernel_data_V_7_25_int_reg             |  16|   0|   16|          0|
    |kernel_data_V_7_26_int_reg             |  16|   0|   16|          0|
    |kernel_data_V_7_27_int_reg             |  16|   0|   16|          0|
    |kernel_data_V_7_28_int_reg             |  16|   0|   16|          0|
    |kernel_data_V_7_29_int_reg             |  16|   0|   16|          0|
    |kernel_data_V_7_2_int_reg              |  16|   0|   16|          0|
    |kernel_data_V_7_30_int_reg             |  16|   0|   16|          0|
    |kernel_data_V_7_31_int_reg             |  16|   0|   16|          0|
    |kernel_data_V_7_32_int_reg             |  16|   0|   16|          0|
    |kernel_data_V_7_33_int_reg             |  16|   0|   16|          0|
    |kernel_data_V_7_34_int_reg             |  16|   0|   16|          0|
    |kernel_data_V_7_35_int_reg             |  16|   0|   16|          0|
    |kernel_data_V_7_3_int_reg              |  16|   0|   16|          0|
    |kernel_data_V_7_4_int_reg              |  16|   0|   16|          0|
    |kernel_data_V_7_5_int_reg              |  16|   0|   16|          0|
    |kernel_data_V_7_6_int_reg              |  16|   0|   16|          0|
    |kernel_data_V_7_7_int_reg              |  16|   0|   16|          0|
    |kernel_data_V_7_8_int_reg              |  16|   0|   16|          0|
    |kernel_data_V_7_9_int_reg              |  16|   0|   16|          0|
    |trunc_ln708_10_reg_9942                |  15|   0|   15|          0|
    |trunc_ln708_12_reg_9782                |  16|   0|   16|          0|
    |trunc_ln708_13_reg_9787                |  16|   0|   16|          0|
    |trunc_ln708_14_reg_9792                |  15|   0|   15|          0|
    |trunc_ln708_15_reg_9797                |  13|   0|   13|          0|
    |trunc_ln708_16_reg_9575                |  15|   0|   15|          0|
    |trunc_ln708_16_reg_9575_pp0_iter2_reg  |  15|   0|   15|          0|
    |trunc_ln708_17_reg_9580                |  15|   0|   15|          0|
    |trunc_ln708_18_reg_9802                |  15|   0|   15|          0|
    |trunc_ln708_19_reg_9807                |  15|   0|   15|          0|
    |trunc_ln708_1_reg_9772                 |  15|   0|   15|          0|
    |trunc_ln708_20_reg_9596                |  14|   0|   14|          0|
    |trunc_ln708_21_reg_9812                |  15|   0|   15|          0|
    |trunc_ln708_22_reg_9817                |  16|   0|   16|          0|
    |trunc_ln708_23_reg_9606                |  13|   0|   13|          0|
    |trunc_ln708_24_reg_9822                |  14|   0|   14|          0|
    |trunc_ln708_25_reg_9827                |  16|   0|   16|          0|
    |trunc_ln708_26_reg_9832                |  16|   0|   16|          0|
    |trunc_ln708_27_reg_9837                |  16|   0|   16|          0|
    |trunc_ln708_28_reg_9842                |  15|   0|   15|          0|
    |trunc_ln708_29_reg_9464                |  13|   0|   13|          0|
    |trunc_ln708_2_reg_9545                 |  14|   0|   14|          0|
    |trunc_ln708_30_reg_9627                |  13|   0|   13|          0|
    |trunc_ln708_31_reg_9637                |  13|   0|   13|          0|
    |trunc_ln708_32_reg_9847                |  15|   0|   15|          0|
    |trunc_ln708_33_reg_9852                |  16|   0|   16|          0|
    |trunc_ln708_34_reg_9857                |  15|   0|   15|          0|
    |trunc_ln708_35_reg_9652                |  15|   0|   15|          0|
    |trunc_ln708_36_reg_9657                |  15|   0|   15|          0|
    |trunc_ln708_36_reg_9657_pp0_iter2_reg  |  15|   0|   15|          0|
    |trunc_ln708_37_reg_9662                |  13|   0|   13|          0|
    |trunc_ln708_38_reg_9667                |  14|   0|   14|          0|
    |trunc_ln708_39_reg_9672                |  14|   0|   14|          0|
    |trunc_ln708_3_reg_9550                 |  15|   0|   15|          0|
    |trunc_ln708_40_reg_9495                |  13|   0|   13|          0|
    |trunc_ln708_40_reg_9495_pp0_iter1_reg  |  13|   0|   13|          0|
    |trunc_ln708_41_reg_9677                |  16|   0|   16|          0|
    |trunc_ln708_42_reg_9862                |  14|   0|   14|          0|
    |trunc_ln708_43_reg_9687                |  15|   0|   15|          0|
    |trunc_ln708_44_reg_9692                |  16|   0|   16|          0|
    |trunc_ln708_45_reg_9867                |  14|   0|   14|          0|
    |trunc_ln708_46_reg_9702                |  12|   0|   12|          0|
    |trunc_ln708_47_reg_9947                |  16|   0|   16|          0|
    |trunc_ln708_48_reg_9877                |  15|   0|   15|          0|
    |trunc_ln708_49_reg_9712                |  16|   0|   16|          0|
    |trunc_ln708_4_reg_9932                 |  16|   0|   16|          0|
    |trunc_ln708_50_reg_9717                |  16|   0|   16|          0|
    |trunc_ln708_51_reg_9882                |  15|   0|   15|          0|
    |trunc_ln708_52_reg_9727                |  12|   0|   12|          0|
    |trunc_ln708_5_reg_9747                 |  15|   0|   15|          0|
    |trunc_ln708_6_reg_9525                 |  12|   0|   12|          0|
    |trunc_ln708_7_reg_9937                 |  16|   0|   16|          0|
    |trunc_ln708_8_reg_9757                 |  15|   0|   15|          0|
    |trunc_ln708_9_reg_9762                 |  16|   0|   16|          0|
    |trunc_ln708_s_reg_9767                 |  15|   0|   15|          0|
    |trunc_ln_reg_9742                      |  14|   0|   14|          0|
    +---------------------------------------+----+----+-----+-----------+
    |Total                                  |1900|   0| 1900|          0|
    +---------------------------------------+----+----+-----+-----------+



================================================================
== Interface
================================================================
* Summary: 
+--------------------+-----+-----+------------+---------------------------------------------------------------------------------+--------------+
|      RTL Ports     | Dir | Bits|  Protocol  |                                  Source Object                                  |    C Type    |
+--------------------+-----+-----+------------+---------------------------------------------------------------------------------+--------------+
|ap_clk              |   in|    1|  ap_ctrl_hs|  dense_latency<ap_fixed<16, 6, 5, 3, 0>, ap_fixed<16, 6, 5, 3, 0>, config7_mult>|  return value|
|ap_rst              |   in|    1|  ap_ctrl_hs|  dense_latency<ap_fixed<16, 6, 5, 3, 0>, ap_fixed<16, 6, 5, 3, 0>, config7_mult>|  return value|
|ap_return_0         |  out|   16|  ap_ctrl_hs|  dense_latency<ap_fixed<16, 6, 5, 3, 0>, ap_fixed<16, 6, 5, 3, 0>, config7_mult>|  return value|
|ap_return_1         |  out|   16|  ap_ctrl_hs|  dense_latency<ap_fixed<16, 6, 5, 3, 0>, ap_fixed<16, 6, 5, 3, 0>, config7_mult>|  return value|
|ap_ce               |   in|    1|  ap_ctrl_hs|  dense_latency<ap_fixed<16, 6, 5, 3, 0>, ap_fixed<16, 6, 5, 3, 0>, config7_mult>|  return value|
|kernel_data_V_7_0   |   in|   16|     ap_none|                                                                kernel_data_V_7_0|       pointer|
|kernel_data_V_7_1   |   in|   16|     ap_none|                                                                kernel_data_V_7_1|       pointer|
|kernel_data_V_7_2   |   in|   16|     ap_none|                                                                kernel_data_V_7_2|       pointer|
|kernel_data_V_7_3   |   in|   16|     ap_none|                                                                kernel_data_V_7_3|       pointer|
|kernel_data_V_7_4   |   in|   16|     ap_none|                                                                kernel_data_V_7_4|       pointer|
|kernel_data_V_7_5   |   in|   16|     ap_none|                                                                kernel_data_V_7_5|       pointer|
|kernel_data_V_7_6   |   in|   16|     ap_none|                                                                kernel_data_V_7_6|       pointer|
|kernel_data_V_7_7   |   in|   16|     ap_none|                                                                kernel_data_V_7_7|       pointer|
|kernel_data_V_7_8   |   in|   16|     ap_none|                                                                kernel_data_V_7_8|       pointer|
|kernel_data_V_7_9   |   in|   16|     ap_none|                                                                kernel_data_V_7_9|       pointer|
|kernel_data_V_7_10  |   in|   16|     ap_none|                                                               kernel_data_V_7_10|       pointer|
|kernel_data_V_7_11  |   in|   16|     ap_none|                                                               kernel_data_V_7_11|       pointer|
|kernel_data_V_7_13  |   in|   16|     ap_none|                                                               kernel_data_V_7_13|       pointer|
|kernel_data_V_7_14  |   in|   16|     ap_none|                                                               kernel_data_V_7_14|       pointer|
|kernel_data_V_7_15  |   in|   16|     ap_none|                                                               kernel_data_V_7_15|       pointer|
|kernel_data_V_7_16  |   in|   16|     ap_none|                                                               kernel_data_V_7_16|       pointer|
|kernel_data_V_7_17  |   in|   16|     ap_none|                                                               kernel_data_V_7_17|       pointer|
|kernel_data_V_7_18  |   in|   16|     ap_none|                                                               kernel_data_V_7_18|       pointer|
|kernel_data_V_7_19  |   in|   16|     ap_none|                                                               kernel_data_V_7_19|       pointer|
|kernel_data_V_7_20  |   in|   16|     ap_none|                                                               kernel_data_V_7_20|       pointer|
|kernel_data_V_7_21  |   in|   16|     ap_none|                                                               kernel_data_V_7_21|       pointer|
|kernel_data_V_7_22  |   in|   16|     ap_none|                                                               kernel_data_V_7_22|       pointer|
|kernel_data_V_7_23  |   in|   16|     ap_none|                                                               kernel_data_V_7_23|       pointer|
|kernel_data_V_7_24  |   in|   16|     ap_none|                                                               kernel_data_V_7_24|       pointer|
|kernel_data_V_7_25  |   in|   16|     ap_none|                                                               kernel_data_V_7_25|       pointer|
|kernel_data_V_7_26  |   in|   16|     ap_none|                                                               kernel_data_V_7_26|       pointer|
|kernel_data_V_7_27  |   in|   16|     ap_none|                                                               kernel_data_V_7_27|       pointer|
|kernel_data_V_7_28  |   in|   16|     ap_none|                                                               kernel_data_V_7_28|       pointer|
|kernel_data_V_7_29  |   in|   16|     ap_none|                                                               kernel_data_V_7_29|       pointer|
|kernel_data_V_7_30  |   in|   16|     ap_none|                                                               kernel_data_V_7_30|       pointer|
|kernel_data_V_7_31  |   in|   16|     ap_none|                                                               kernel_data_V_7_31|       pointer|
|kernel_data_V_7_32  |   in|   16|     ap_none|                                                               kernel_data_V_7_32|       pointer|
|kernel_data_V_7_33  |   in|   16|     ap_none|                                                               kernel_data_V_7_33|       pointer|
|kernel_data_V_7_34  |   in|   16|     ap_none|                                                               kernel_data_V_7_34|       pointer|
|kernel_data_V_7_35  |   in|   16|     ap_none|                                                               kernel_data_V_7_35|       pointer|
+--------------------+-----+-----+------------+---------------------------------------------------------------------------------+--------------+

