

================================================================
== Vitis HLS Report for 'myproject'
================================================================
* Date:           Mon Oct 21 14:06:49 2024

* Version:        2020.2 (Build 3064766 on Wed Nov 18 09:12:47 MST 2020)
* Project:        myproject_prj
* Solution:       solution1 (Vivado IP Flow Target)
* Product family: zynq
* Target device:  xc7z020-clg484-1


================================================================
== Performance Estimates
================================================================
+ Timing: 
    * Summary: 
    +--------+---------+----------+------------+
    |  Clock |  Target | Estimated| Uncertainty|
    +--------+---------+----------+------------+
    |ap_clk  |  5.00 ns|  4.429 ns|     0.62 ns|
    +--------+---------+----------+------------+

+ Latency: 
    * Summary: 
    +---------+---------+----------+----------+-------+-------+----------+
    |  Latency (cycles) |  Latency (absolute) |    Interval   | Pipeline |
    |   min   |   max   |    min   |    max   |  min  |  max  |   Type   |
    +---------+---------+----------+----------+-------+-------+----------+
    |    33341|    33341|  0.167 ms|  0.167 ms|  32772|  32772|  dataflow|
    +---------+---------+----------+----------+-------+-------+----------+

    + Detail: 
        * Instance: 
        +-------------------------------------------------------------------------+------------------------------------------------------------------------+---------+---------+-----------+-----------+-------+-------+---------+
        |                                                                         |                                                                        |  Latency (cycles) |   Latency (absolute)  |    Interval   | Pipeline|
        |                                 Instance                                |                                 Module                                 |   min   |   max   |    min    |    max    |  min  |  max  |   Type  |
        +-------------------------------------------------------------------------+------------------------------------------------------------------------+---------+---------+-----------+-----------+-------+-------+---------+
        |dense_array_ap_fixed_2u_array_ap_fixed_16_6_5_3_0_6u_config18_U0         |dense_array_ap_fixed_2u_array_ap_fixed_16_6_5_3_0_6u_config18_s         |      568|      568|   2.840 us|   2.840 us|    568|    568|     none|
        |conv_2d_cl_array_ap_fixed_3u_array_ap_fixed_16_6_5_3_0_4u_config2_U0     |conv_2d_cl_array_ap_fixed_3u_array_ap_fixed_16_6_5_3_0_4u_config2_s     |    32771|    32771|   0.164 ms|   0.164 ms|  32771|  32771|     none|
        |dense_array_ap_fixed_6u_array_ap_fixed_16_6_5_3_0_24u_config22_U0        |dense_array_ap_fixed_6u_array_ap_fixed_16_6_5_3_0_24u_config22_s        |      211|      211|   1.055 us|   1.055 us|    211|    211|     none|
        |conv_2d_cl_array_ap_fixed_4u_array_ap_fixed_16_6_5_3_0_2u_config7_U0     |conv_2d_cl_array_ap_fixed_4u_array_ap_fixed_16_6_5_3_0_2u_config7_s     |     7691|     7691|  38.455 us|  38.455 us|   7691|   7691|     none|
        |conv_2d_cl_array_ap_fixed_2u_array_ap_fixed_16_6_5_3_0_2u_config12_U0    |conv_2d_cl_array_ap_fixed_2u_array_ap_fixed_16_6_5_3_0_2u_config12_s    |     1571|     1571|   7.855 us|   7.855 us|   1571|   1571|     none|
        |dense_array_ap_fixed_24u_array_ap_fixed_16_6_5_3_0_4u_config26_U0        |dense_array_ap_fixed_24u_array_ap_fixed_16_6_5_3_0_4u_config26_s        |      139|      139|   0.695 us|   0.695 us|    139|    139|     none|
        |relu_array_ap_fixed_24u_array_ap_fixed_16_6_5_3_0_24u_relu_config25_U0   |relu_array_ap_fixed_24u_array_ap_fixed_16_6_5_3_0_24u_relu_config25_s   |        2|        2|  10.000 ns|  10.000 ns|      2|      2|     none|
        |softmax_array_array_ap_fixed_16_6_5_3_0_4u_softmax_config28_U0           |softmax_array_array_ap_fixed_16_6_5_3_0_4u_softmax_config28_s           |       13|       13|  65.000 ns|  65.000 ns|     13|     13|     none|
        |pooling2d_cl_array_ap_fixed_4u_array_ap_fixed_16_6_5_3_0_4u_config6_U0   |pooling2d_cl_array_ap_fixed_4u_array_ap_fixed_16_6_5_3_0_4u_config6_s   |     3849|     3849|  19.245 us|  19.245 us|   3849|   3849|     none|
        |pooling2d_cl_array_ap_fixed_2u_array_ap_fixed_16_6_5_3_0_2u_config11_U0  |pooling2d_cl_array_ap_fixed_2u_array_ap_fixed_16_6_5_3_0_2u_config11_s  |      846|      846|   4.230 us|   4.230 us|    846|    846|     none|
        |pooling2d_cl_array_ap_fixed_2u_array_ap_fixed_16_6_5_3_0_2u_config16_U0  |pooling2d_cl_array_ap_fixed_2u_array_ap_fixed_16_6_5_3_0_2u_config16_s  |      149|      149|   0.745 us|   0.745 us|    149|    149|     none|
        |relu_array_ap_fixed_6u_array_ap_fixed_16_6_5_3_0_6u_relu_config21_U0     |relu_array_ap_fixed_6u_array_ap_fixed_16_6_5_3_0_6u_relu_config21_s     |        2|        2|  10.000 ns|  10.000 ns|      2|      2|     none|
        |relu_array_ap_fixed_4u_array_ap_fixed_16_6_5_3_0_4u_relu_config5_U0      |relu_array_ap_fixed_4u_array_ap_fixed_16_6_5_3_0_4u_relu_config5_s      |     3848|     3848|  19.240 us|  19.240 us|   3848|   3848|     none|
        |relu_array_ap_fixed_2u_array_ap_fixed_16_6_5_3_0_2u_relu_config10_U0     |relu_array_ap_fixed_2u_array_ap_fixed_16_6_5_3_0_2u_relu_config10_s     |      845|      845|   4.225 us|   4.225 us|    845|    845|     none|
        |relu_array_ap_fixed_2u_array_ap_fixed_16_6_5_3_0_2u_relu_config15_U0     |relu_array_ap_fixed_2u_array_ap_fixed_16_6_5_3_0_2u_relu_config15_s     |      148|      148|   0.740 us|   0.740 us|    148|    148|     none|
        +-------------------------------------------------------------------------+------------------------------------------------------------------------+---------+---------+-----------+-----------+-------+-------+---------+

        * Loop: 
        N/A



================================================================
== Utilization Estimates
================================================================
* Summary: 
+-----------------+---------+-----+--------+-------+-----+
|       Name      | BRAM_18K| DSP |   FF   |  LUT  | URAM|
+-----------------+---------+-----+--------+-------+-----+
|DSP              |        -|    -|       -|      -|    -|
|Expression       |        -|    -|       0|      2|    -|
|FIFO             |       48|    -|    1949|   1100|    -|
|Instance         |       35|  179|   50003|  19470|    -|
|Memory           |        -|    -|       -|      -|    -|
|Multiplexer      |        -|    -|       -|      -|    -|
|Register         |        -|    -|       -|      -|    -|
+-----------------+---------+-----+--------+-------+-----+
|Total            |       83|  179|   51952|  20572|    0|
+-----------------+---------+-----+--------+-------+-----+
|Available        |      280|  220|  106400|  53200|    0|
+-----------------+---------+-----+--------+-------+-----+
|Utilization (%)  |       29|   81|      48|     38|    0|
+-----------------+---------+-----+--------+-------+-----+

+ Detail: 
    * Instance: 
    +-------------------------------------------------------------------------+------------------------------------------------------------------------+---------+----+-------+------+-----+
    |                                 Instance                                |                                 Module                                 | BRAM_18K| DSP|   FF  |  LUT | URAM|
    +-------------------------------------------------------------------------+------------------------------------------------------------------------+---------+----+-------+------+-----+
    |conv_2d_cl_array_ap_fixed_2u_array_ap_fixed_16_6_5_3_0_2u_config12_U0    |conv_2d_cl_array_ap_fixed_2u_array_ap_fixed_16_6_5_3_0_2u_config12_s    |        0|  22|   3311|  1534|    0|
    |conv_2d_cl_array_ap_fixed_3u_array_ap_fixed_16_6_5_3_0_4u_config2_U0     |conv_2d_cl_array_ap_fixed_3u_array_ap_fixed_16_6_5_3_0_4u_config2_s     |        0|  76|   9097|  2731|    0|
    |conv_2d_cl_array_ap_fixed_4u_array_ap_fixed_16_6_5_3_0_2u_config7_U0     |conv_2d_cl_array_ap_fixed_4u_array_ap_fixed_16_6_5_3_0_2u_config7_s     |        0|  43|   6257|  2518|    0|
    |dense_array_ap_fixed_24u_array_ap_fixed_16_6_5_3_0_4u_config26_U0        |dense_array_ap_fixed_24u_array_ap_fixed_16_6_5_3_0_4u_config26_s        |        3|   4|   2680|  1200|    0|
    |dense_array_ap_fixed_2u_array_ap_fixed_16_6_5_3_0_6u_config18_U0         |dense_array_ap_fixed_2u_array_ap_fixed_16_6_5_3_0_6u_config18_s         |        5|   6|  16843|  3591|    0|
    |dense_array_ap_fixed_6u_array_ap_fixed_16_6_5_3_0_24u_config22_U0        |dense_array_ap_fixed_6u_array_ap_fixed_16_6_5_3_0_24u_config22_s        |       23|  24|   6800|  3013|    0|
    |pooling2d_cl_array_ap_fixed_2u_array_ap_fixed_16_6_5_3_0_2u_config11_U0  |pooling2d_cl_array_ap_fixed_2u_array_ap_fixed_16_6_5_3_0_2u_config11_s  |        0|   0|    700|   799|    0|
    |pooling2d_cl_array_ap_fixed_2u_array_ap_fixed_16_6_5_3_0_2u_config16_U0  |pooling2d_cl_array_ap_fixed_2u_array_ap_fixed_16_6_5_3_0_2u_config16_s  |        0|   0|    698|   801|    0|
    |pooling2d_cl_array_ap_fixed_4u_array_ap_fixed_16_6_5_3_0_4u_config6_U0   |pooling2d_cl_array_ap_fixed_4u_array_ap_fixed_16_6_5_3_0_4u_config6_s   |        0|   0|   1054|  1049|    0|
    |relu_array_ap_fixed_24u_array_ap_fixed_16_6_5_3_0_24u_relu_config25_U0   |relu_array_ap_fixed_24u_array_ap_fixed_16_6_5_3_0_24u_relu_config25_s   |        0|   0|   1109|   730|    0|
    |relu_array_ap_fixed_2u_array_ap_fixed_16_6_5_3_0_2u_relu_config10_U0     |relu_array_ap_fixed_2u_array_ap_fixed_16_6_5_3_0_2u_relu_config10_s     |        0|   0|    176|   207|    0|
    |relu_array_ap_fixed_2u_array_ap_fixed_16_6_5_3_0_2u_relu_config15_U0     |relu_array_ap_fixed_2u_array_ap_fixed_16_6_5_3_0_2u_relu_config15_s     |        0|   0|    174|   209|    0|
    |relu_array_ap_fixed_4u_array_ap_fixed_16_6_5_3_0_4u_relu_config5_U0      |relu_array_ap_fixed_4u_array_ap_fixed_16_6_5_3_0_4u_relu_config5_s      |        0|   0|    270|   263|    0|
    |relu_array_ap_fixed_6u_array_ap_fixed_16_6_5_3_0_6u_relu_config21_U0     |relu_array_ap_fixed_6u_array_ap_fixed_16_6_5_3_0_6u_relu_config21_s     |        0|   0|    281|   226|    0|
    |softmax_array_array_ap_fixed_16_6_5_3_0_4u_softmax_config28_U0           |softmax_array_array_ap_fixed_16_6_5_3_0_4u_softmax_config28_s           |        4|   4|    553|   599|    0|
    +-------------------------------------------------------------------------+------------------------------------------------------------------------+---------+----+-------+------+-----+
    |Total                                                                    |                                                                        |       35| 179|  50003| 19470|    0|
    +-------------------------------------------------------------------------+------------------------------------------------------------------------+---------+----+-------+------+-----+

    * DSP: 
    N/A

    * Memory: 
    N/A

    * FIFO: 
    +---------------+---------+-----+----+-----+------+-----+---------+
    |      Name     | BRAM_18K|  FF | LUT| URAM| Depth| Bits| Size:D*B|
    +---------------+---------+-----+----+-----+------+-----+---------+
    |layer10_out_U  |        2|  165|   0|    -|   841|   32|    26912|
    |layer11_out_U  |        2|  163|   0|    -|   196|   32|     6272|
    |layer12_out_U  |        2|  159|   0|    -|   144|   32|     4608|
    |layer15_out_U  |        2|  159|   0|    -|   144|   32|     4608|
    |layer16_out_U  |        2|  153|   0|    -|    36|   32|     1152|
    |layer18_out_U  |        0|   99|   0|    -|     1|   96|       96|
    |layer21_out_U  |        0|   99|   0|    -|     1|   96|       96|
    |layer22_out_U  |        0|   99|   0|    -|     1|  384|      384|
    |layer25_out_U  |        0|   99|   0|    -|     1|  384|      384|
    |layer26_out_U  |        0|   99|   0|    -|     1|   64|       64|
    |layer2_out_U   |       16|  163|   0|    -|  3844|   64|   246016|
    |layer5_out_U   |       16|  163|   0|    -|  3844|   64|   246016|
    |layer6_out_U   |        4|  164|   0|    -|   961|   64|    61504|
    |layer7_out_U   |        2|  165|   0|    -|   841|   32|    26912|
    +---------------+---------+-----+----+-----+------+-----+---------+
    |Total          |       48| 1949|   0|    0| 10856| 1408|   625024|
    +---------------+---------+-----+----+-----+------+-----+---------+

    * Expression: 
    +--------------+----------+----+---+----+------------+------------+
    | Variable Name| Operation| DSP| FF| LUT| Bitwidth P0| Bitwidth P1|
    +--------------+----------+----+---+----+------------+------------+
    |ap_idle       |       and|   0|  0|   2|           1|           1|
    +--------------+----------+----+---+----+------------+------------+
    |Total         |          |   0|  0|   2|           1|           1|
    +--------------+----------+----+---+----+------------+------------+

    * Multiplexer: 
    N/A

    * Register: 
    N/A



================================================================
== Interface
================================================================
* Summary: 
+----------------------+-----+-----+------------+---------------+--------------+
|       RTL Ports      | Dir | Bits|  Protocol  | Source Object |    C Type    |
+----------------------+-----+-----+------------+---------------+--------------+
|input_1_V_TDATA       |   in|   48|        axis|      input_1_V|       pointer|
|input_1_V_TVALID      |   in|    1|        axis|      input_1_V|       pointer|
|input_1_V_TREADY      |  out|    1|        axis|      input_1_V|       pointer|
|layer28_out_V_TDATA   |  out|   64|        axis|  layer28_out_V|       pointer|
|layer28_out_V_TVALID  |  out|    1|        axis|  layer28_out_V|       pointer|
|layer28_out_V_TREADY  |   in|    1|        axis|  layer28_out_V|       pointer|
|ap_clk                |   in|    1|  ap_ctrl_hs|      myproject|  return value|
|ap_rst_n              |   in|    1|  ap_ctrl_hs|      myproject|  return value|
|ap_start              |   in|    1|  ap_ctrl_hs|      myproject|  return value|
|ap_done               |  out|    1|  ap_ctrl_hs|      myproject|  return value|
|ap_ready              |  out|    1|  ap_ctrl_hs|      myproject|  return value|
|ap_idle               |  out|    1|  ap_ctrl_hs|      myproject|  return value|
+----------------------+-----+-----+------------+---------------+--------------+

