

================================================================
== Vitis HLS Report for 'relu_array_ap_fixed_4u_array_ap_fixed_16_6_5_3_0_4u_relu_config5_s'
================================================================
* Date:           Mon Oct 21 14:06:38 2024

* Version:        2020.2 (Build 3064766 on Wed Nov 18 09:12:47 MST 2020)
* Project:        myproject_prj
* Solution:       solution1 (Vivado IP Flow Target)
* Product family: zynq
* Target device:  xc7z020-clg484-1


================================================================
== Performance Estimates
================================================================
+ Timing: 
    * Summary: 
    +--------+---------+----------+------------+
    |  Clock |  Target | Estimated| Uncertainty|
    +--------+---------+----------+------------+
    |ap_clk  |  5.00 ns|  3.183 ns|     0.62 ns|
    +--------+---------+----------+------------+

+ Latency: 
    * Summary: 
    +---------+---------+-----------+-----------+------+------+---------+
    |  Latency (cycles) |   Latency (absolute)  |   Interval  | Pipeline|
    |   min   |   max   |    min    |    max    |  min |  max |   Type  |
    +---------+---------+-----------+-----------+------+------+---------+
    |     3848|     3848|  19.240 us|  19.240 us|  3848|  3848|     none|
    +---------+---------+-----------+-----------+------+------+---------+

    + Detail: 
        * Instance: 
        N/A

        * Loop: 
        +---------------+---------+---------+----------+-----------+-----------+------+----------+
        |               |  Latency (cycles) | Iteration|  Initiation Interval  | Trip |          |
        |   Loop Name   |   min   |   max   |  Latency |  achieved |   target  | Count| Pipelined|
        +---------------+---------+---------+----------+-----------+-----------+------+----------+
        |- ReLUActLoop  |     3846|     3846|         4|          1|          1|  3844|       yes|
        +---------------+---------+---------+----------+-----------+-----------+------+----------+



================================================================
== Utilization Estimates
================================================================
* Summary: 
+-----------------+---------+-----+--------+-------+-----+
|       Name      | BRAM_18K| DSP |   FF   |  LUT  | URAM|
+-----------------+---------+-----+--------+-------+-----+
|DSP              |        -|    -|       -|      -|    -|
|Expression       |        -|    -|       0|    148|    -|
|FIFO             |        -|    -|       -|      -|    -|
|Instance         |        -|    -|       -|      -|    -|
|Memory           |        -|    -|       -|      -|    -|
|Multiplexer      |        -|    -|       -|     83|    -|
|Register         |        -|    -|     270|     32|    -|
+-----------------+---------+-----+--------+-------+-----+
|Total            |        0|    0|     270|    263|    0|
+-----------------+---------+-----+--------+-------+-----+
|Available        |      280|  220|  106400|  53200|    0|
+-----------------+---------+-----+--------+-------+-----+
|Utilization (%)  |        0|    0|      ~0|     ~0|    0|
+-----------------+---------+-----+--------+-------+-----+

+ Detail: 
    * Instance: 
    N/A

    * DSP: 
    N/A

    * Memory: 
    N/A

    * FIFO: 
    N/A

    * Expression: 
    +----------------------------------+----------+----+---+----+------------+------------+
    |           Variable Name          | Operation| DSP| FF| LUT| Bitwidth P0| Bitwidth P1|
    +----------------------------------+----------+----+---+----+------------+------------+
    |i_1_fu_86_p2                      |         +|   0|  0|  12|          12|           1|
    |ap_block_state3_pp0_stage0_iter1  |       and|   0|  0|   2|           1|           1|
    |ap_block_state5_pp0_stage0_iter3  |       and|   0|  0|   2|           1|           1|
    |icmp_ln1494_6_fu_178_p2           |      icmp|   0|  0|  13|          16|           1|
    |icmp_ln1494_7_fu_190_p2           |      icmp|   0|  0|  13|          16|           1|
    |icmp_ln1494_8_fu_202_p2           |      icmp|   0|  0|  13|          16|           1|
    |icmp_ln1494_fu_166_p2             |      icmp|   0|  0|  13|          16|           1|
    |icmp_ln41_fu_92_p2                |      icmp|   0|  0|  12|          12|           9|
    |ap_block_pp0_stage0_01001         |        or|   0|  0|   2|           1|           1|
    |ap_block_state1                   |        or|   0|  0|   2|           1|           1|
    |out_data_12_fu_171_p3             |    select|   0|  0|  15|           1|          15|
    |out_data_14_fu_183_p3             |    select|   0|  0|  15|           1|          15|
    |out_data_16_fu_195_p3             |    select|   0|  0|  15|           1|          15|
    |out_data_18_fu_207_p3             |    select|   0|  0|  15|           1|          15|
    |ap_enable_pp0                     |       xor|   0|  0|   2|           1|           2|
    |ap_enable_reg_pp0_iter1           |       xor|   0|  0|   2|           2|           1|
    +----------------------------------+----------+----+---+----+------------+------------+
    |Total                             |          |   0|  0| 148|          99|          81|
    +----------------------------------+----------+----+---+----+------------+------------+

    * Multiplexer: 
    +-------------------------+----+-----------+-----+-----------+
    |           Name          | LUT| Input Size| Bits| Total Bits|
    +-------------------------+----+-----------+-----+-----------+
    |ap_NS_fsm                |  20|          4|    1|          4|
    |ap_done                  |   9|          2|    1|          2|
    |ap_enable_reg_pp0_iter1  |   9|          2|    1|          2|
    |ap_enable_reg_pp0_iter3  |   9|          2|    1|          2|
    |data_blk_n               |   9|          2|    1|          2|
    |i_reg_75                 |   9|          2|   12|         24|
    |real_start               |   9|          2|    1|          2|
    |res_blk_n                |   9|          2|    1|          2|
    +-------------------------+----+-----------+-----+-----------+
    |Total                    |  83|         18|   19|         40|
    +-------------------------+----+-----------+-----+-----------+

    * Register: 
    +-------------------------+----+----+-----+-----------+
    |           Name          | FF | LUT| Bits| Const Bits|
    +-------------------------+----+----+-----+-----------+
    |ap_CS_fsm                |   3|   0|    3|          0|
    |ap_done_reg              |   1|   0|    1|          0|
    |ap_enable_reg_pp0_iter0  |   1|   0|    1|          0|
    |ap_enable_reg_pp0_iter1  |   1|   0|    1|          0|
    |ap_enable_reg_pp0_iter2  |   1|   0|    1|          0|
    |ap_enable_reg_pp0_iter3  |   1|   0|    1|          0|
    |i_reg_75                 |  12|   0|   12|          0|
    |icmp_ln41_reg_244        |   1|   0|    1|          0|
    |out_data_12_reg_288      |  15|   0|   15|          0|
    |out_data_14_reg_293      |  15|   0|   15|          0|
    |out_data_16_reg_298      |  15|   0|   15|          0|
    |out_data_18_reg_303      |  15|   0|   15|          0|
    |start_once_reg           |   1|   0|    1|          0|
    |tmp_36_reg_248           |  16|   0|   16|          0|
    |tmp_37_reg_258           |  16|   0|   16|          0|
    |tmp_38_reg_268           |  16|   0|   16|          0|
    |tmp_39_reg_278           |  16|   0|   16|          0|
    |trunc_ln155_6_reg_263    |  15|   0|   15|          0|
    |trunc_ln155_7_reg_273    |  15|   0|   15|          0|
    |trunc_ln155_8_reg_283    |  15|   0|   15|          0|
    |trunc_ln155_reg_253      |  15|   0|   15|          0|
    |icmp_ln41_reg_244        |  64|  32|    1|          0|
    +-------------------------+----+----+-----+-----------+
    |Total                    | 270|  32|  207|          0|
    +-------------------------+----+----+-----+-----------+



================================================================
== Interface
================================================================
* Summary: 
+--------------+-----+-----+------------+----------------------------------------------------------------------+--------------+
|   RTL Ports  | Dir | Bits|  Protocol  |                             Source Object                            |    C Type    |
+--------------+-----+-----+------------+----------------------------------------------------------------------+--------------+
|ap_clk        |   in|    1|  ap_ctrl_hs|  relu<array<ap_fixed,4u>,array<ap_fixed<16,6,5,3,0>,4u>,relu_config5>|  return value|
|ap_rst        |   in|    1|  ap_ctrl_hs|  relu<array<ap_fixed,4u>,array<ap_fixed<16,6,5,3,0>,4u>,relu_config5>|  return value|
|ap_start      |   in|    1|  ap_ctrl_hs|  relu<array<ap_fixed,4u>,array<ap_fixed<16,6,5,3,0>,4u>,relu_config5>|  return value|
|start_full_n  |   in|    1|  ap_ctrl_hs|  relu<array<ap_fixed,4u>,array<ap_fixed<16,6,5,3,0>,4u>,relu_config5>|  return value|
|ap_done       |  out|    1|  ap_ctrl_hs|  relu<array<ap_fixed,4u>,array<ap_fixed<16,6,5,3,0>,4u>,relu_config5>|  return value|
|ap_continue   |   in|    1|  ap_ctrl_hs|  relu<array<ap_fixed,4u>,array<ap_fixed<16,6,5,3,0>,4u>,relu_config5>|  return value|
|ap_idle       |  out|    1|  ap_ctrl_hs|  relu<array<ap_fixed,4u>,array<ap_fixed<16,6,5,3,0>,4u>,relu_config5>|  return value|
|ap_ready      |  out|    1|  ap_ctrl_hs|  relu<array<ap_fixed,4u>,array<ap_fixed<16,6,5,3,0>,4u>,relu_config5>|  return value|
|start_out     |  out|    1|  ap_ctrl_hs|  relu<array<ap_fixed,4u>,array<ap_fixed<16,6,5,3,0>,4u>,relu_config5>|  return value|
|start_write   |  out|    1|  ap_ctrl_hs|  relu<array<ap_fixed,4u>,array<ap_fixed<16,6,5,3,0>,4u>,relu_config5>|  return value|
|data_dout     |   in|   64|     ap_fifo|                                                                  data|       pointer|
|data_empty_n  |   in|    1|     ap_fifo|                                                                  data|       pointer|
|data_read     |  out|    1|     ap_fifo|                                                                  data|       pointer|
|res_din       |  out|   64|     ap_fifo|                                                                   res|       pointer|
|res_full_n    |   in|    1|     ap_fifo|                                                                   res|       pointer|
|res_write     |  out|    1|     ap_fifo|                                                                   res|       pointer|
+--------------+-----+-----+------------+----------------------------------------------------------------------+--------------+

