

================================================================
== Vitis HLS Report for 'shift_line_buffer_array_ap_fixed_16_6_5_3_0_2u_config12_s'
================================================================
* Date:           Mon Oct 21 14:06:41 2024

* Version:        2020.2 (Build 3064766 on Wed Nov 18 09:12:47 MST 2020)
* Project:        myproject_prj
* Solution:       solution1 (Vivado IP Flow Target)
* Product family: zynq
* Target device:  xc7z020-clg484-1


================================================================
== Performance Estimates
================================================================
+ Timing: 
    * Summary: 
    +--------+---------+----------+------------+
    |  Clock |  Target | Estimated| Uncertainty|
    +--------+---------+----------+------------+
    |ap_clk  |  5.00 ns|  3.234 ns|     0.62 ns|
    +--------+---------+----------+------------+

+ Latency: 
    * Summary: 
    +---------+---------+----------+----------+-----+-----+---------+
    |  Latency (cycles) |  Latency (absolute) |  Interval | Pipeline|
    |   min   |   max   |    min   |    max   | min | max |   Type  |
    +---------+---------+----------+----------+-----+-----+---------+
    |        0|        0|      0 ns|      0 ns|    1|    1|      yes|
    +---------+---------+----------+----------+-----+-----+---------+

    + Detail: 
        * Instance: 
        N/A

        * Loop: 
        N/A



================================================================
== Utilization Estimates
================================================================
* Summary: 
+-----------------+---------+-----+--------+-------+-----+
|       Name      | BRAM_18K| DSP |   FF   |  LUT  | URAM|
+-----------------+---------+-----+--------+-------+-----+
|DSP              |        -|    -|       -|      -|    -|
|Expression       |        -|    -|       -|      -|    -|
|FIFO             |        -|    -|       -|      -|    -|
|Instance         |        -|    -|       -|      -|    -|
|Memory           |        -|    -|     256|    128|    -|
|Multiplexer      |        -|    -|       -|     81|    -|
|Register         |        -|    -|      17|      -|    -|
+-----------------+---------+-----+--------+-------+-----+
|Total            |        0|    0|     273|    209|    0|
+-----------------+---------+-----+--------+-------+-----+
|Available        |      280|  220|  106400|  53200|    0|
+-----------------+---------+-----+--------+-------+-----+
|Utilization (%)  |        0|    0|      ~0|     ~0|    0|
+-----------------+---------+-----+--------+-------+-----+

+ Detail: 
    * Instance: 
    N/A

    * DSP: 
    N/A

    * Memory: 
    +---------------------------+----------------------------------------------------------------------------------+---------+----+----+-----+------+-----+------+-------------+
    |           Memory          |                                      Module                                      | BRAM_18K| FF | LUT| URAM| Words| Bits| Banks| W*Bits*Banks|
    +---------------------------+----------------------------------------------------------------------------------+---------+----+----+-----+------+-----+------+-------------+
    |line_buffer_Array_5_0_0_U  |shift_line_buffer_array_ap_fixed_16_6_5_3_0_2u_config12_s_line_buffer_Array_5vdy  |        0|  64|  32|    0|    14|   16|     1|          224|
    |line_buffer_Array_5_1_0_U  |shift_line_buffer_array_ap_fixed_16_6_5_3_0_2u_config12_s_line_buffer_Array_5vdy  |        0|  64|  32|    0|    14|   16|     1|          224|
    |line_buffer_Array_5_0_1_U  |shift_line_buffer_array_ap_fixed_16_6_5_3_0_2u_config12_s_line_buffer_Array_5vdy  |        0|  64|  32|    0|    14|   16|     1|          224|
    |line_buffer_Array_5_1_1_U  |shift_line_buffer_array_ap_fixed_16_6_5_3_0_2u_config12_s_line_buffer_Array_5vdy  |        0|  64|  32|    0|    14|   16|     1|          224|
    +---------------------------+----------------------------------------------------------------------------------+---------+----+----+-----+------+-----+------+-------------+
    |Total                      |                                                                                  |        0| 256| 128|    0|    56|   64|     4|          896|
    +---------------------------+----------------------------------------------------------------------------------+---------+----+----+-----+------+-----+------+-------------+

    * FIFO: 
    N/A

    * Expression: 
    N/A

    * Multiplexer: 
    +----------------------+----+-----------+-----+-----------+
    |         Name         | LUT| Input Size| Bits| Total Bits|
    +----------------------+----+-----------+-----+-----------+
    |kernel_data_V_5_10_o  |   9|          2|   16|         32|
    |kernel_data_V_5_11_o  |   9|          2|   16|         32|
    |kernel_data_V_5_14_o  |   9|          2|   16|         32|
    |kernel_data_V_5_16_o  |   9|          2|   16|         32|
    |kernel_data_V_5_2_o   |   9|          2|   16|         32|
    |kernel_data_V_5_4_o   |   9|          2|   16|         32|
    |kernel_data_V_5_5_o   |   9|          2|   16|         32|
    |kernel_data_V_5_8_o   |   9|          2|   16|         32|
    |kernel_data_V_5_9_o   |   9|          2|   16|         32|
    +----------------------+----+-----------+-----+-----------+
    |Total                 |  81|         18|  144|        288|
    +----------------------+----+-----------+-----+-----------+

    * Register: 
    +--------------------+----+----+-----+-----------+
    |        Name        | FF | LUT| Bits| Const Bits|
    +--------------------+----+----+-----+-----------+
    |ap_CS_fsm           |   1|   0|    1|          0|
    |kernel_data_V_5_17  |  16|   0|   16|          0|
    +--------------------+----+----+-----+-----------+
    |Total               |  17|   0|   17|          0|
    +--------------------+----+----+-----+-----------+



================================================================
== Interface
================================================================
* Summary: 
+-----------------------------+-----+-----+------------+------------------------------------------------------------------+--------------+
|          RTL Ports          | Dir | Bits|  Protocol  |                           Source Object                          |    C Type    |
+-----------------------------+-----+-----+------------+------------------------------------------------------------------+--------------+
|ap_clk                       |   in|    1|  ap_ctrl_hs|  shift_line_buffer<array<ap_fixed<16, 6, 5, 3, 0>, 2u>, config12>|  return value|
|ap_rst                       |   in|    1|  ap_ctrl_hs|  shift_line_buffer<array<ap_fixed<16, 6, 5, 3, 0>, 2u>, config12>|  return value|
|ap_start                     |   in|    1|  ap_ctrl_hs|  shift_line_buffer<array<ap_fixed<16, 6, 5, 3, 0>, 2u>, config12>|  return value|
|ap_done                      |  out|    1|  ap_ctrl_hs|  shift_line_buffer<array<ap_fixed<16, 6, 5, 3, 0>, 2u>, config12>|  return value|
|ap_idle                      |  out|    1|  ap_ctrl_hs|  shift_line_buffer<array<ap_fixed<16, 6, 5, 3, 0>, 2u>, config12>|  return value|
|ap_ready                     |  out|    1|  ap_ctrl_hs|  shift_line_buffer<array<ap_fixed<16, 6, 5, 3, 0>, 2u>, config12>|  return value|
|ap_ce                        |   in|    1|  ap_ctrl_hs|  shift_line_buffer<array<ap_fixed<16, 6, 5, 3, 0>, 2u>, config12>|  return value|
|p_read                       |   in|   16|     ap_none|                                                            p_read|        scalar|
|p_read1                      |   in|   16|     ap_none|                                                           p_read1|        scalar|
|kernel_data_V_5_2_i          |   in|   16|     ap_ovld|                                                 kernel_data_V_5_2|       pointer|
|kernel_data_V_5_2_o          |  out|   16|     ap_ovld|                                                 kernel_data_V_5_2|       pointer|
|kernel_data_V_5_2_o_ap_vld   |  out|    1|     ap_ovld|                                                 kernel_data_V_5_2|       pointer|
|kernel_data_V_5_0            |  out|   16|      ap_vld|                                                 kernel_data_V_5_0|       pointer|
|kernel_data_V_5_0_ap_vld     |  out|    1|      ap_vld|                                                 kernel_data_V_5_0|       pointer|
|kernel_data_V_5_8_i          |   in|   16|     ap_ovld|                                                 kernel_data_V_5_8|       pointer|
|kernel_data_V_5_8_o          |  out|   16|     ap_ovld|                                                 kernel_data_V_5_8|       pointer|
|kernel_data_V_5_8_o_ap_vld   |  out|    1|     ap_ovld|                                                 kernel_data_V_5_8|       pointer|
|kernel_data_V_5_6            |  out|   16|      ap_vld|                                                 kernel_data_V_5_6|       pointer|
|kernel_data_V_5_6_ap_vld     |  out|    1|      ap_vld|                                                 kernel_data_V_5_6|       pointer|
|kernel_data_V_5_9_i          |   in|   16|     ap_ovld|                                                 kernel_data_V_5_9|       pointer|
|kernel_data_V_5_9_o          |  out|   16|     ap_ovld|                                                 kernel_data_V_5_9|       pointer|
|kernel_data_V_5_9_o_ap_vld   |  out|    1|     ap_ovld|                                                 kernel_data_V_5_9|       pointer|
|kernel_data_V_5_7            |  out|   16|      ap_vld|                                                 kernel_data_V_5_7|       pointer|
|kernel_data_V_5_7_ap_vld     |  out|    1|      ap_vld|                                                 kernel_data_V_5_7|       pointer|
|kernel_data_V_5_14_i         |   in|   16|     ap_ovld|                                                kernel_data_V_5_14|       pointer|
|kernel_data_V_5_14_o         |  out|   16|     ap_ovld|                                                kernel_data_V_5_14|       pointer|
|kernel_data_V_5_14_o_ap_vld  |  out|    1|     ap_ovld|                                                kernel_data_V_5_14|       pointer|
|kernel_data_V_5_12           |  out|   16|      ap_vld|                                                kernel_data_V_5_12|       pointer|
|kernel_data_V_5_12_ap_vld    |  out|    1|      ap_vld|                                                kernel_data_V_5_12|       pointer|
|kernel_data_V_5_4_i          |   in|   16|     ap_ovld|                                                 kernel_data_V_5_4|       pointer|
|kernel_data_V_5_4_o          |  out|   16|     ap_ovld|                                                 kernel_data_V_5_4|       pointer|
|kernel_data_V_5_4_o_ap_vld   |  out|    1|     ap_ovld|                                                 kernel_data_V_5_4|       pointer|
|kernel_data_V_5_5_i          |   in|   16|     ap_ovld|                                                 kernel_data_V_5_5|       pointer|
|kernel_data_V_5_5_o          |  out|   16|     ap_ovld|                                                 kernel_data_V_5_5|       pointer|
|kernel_data_V_5_5_o_ap_vld   |  out|    1|     ap_ovld|                                                 kernel_data_V_5_5|       pointer|
|kernel_data_V_5_3            |  out|   16|      ap_vld|                                                 kernel_data_V_5_3|       pointer|
|kernel_data_V_5_3_ap_vld     |  out|    1|      ap_vld|                                                 kernel_data_V_5_3|       pointer|
|kernel_data_V_5_10_i         |   in|   16|     ap_ovld|                                                kernel_data_V_5_10|       pointer|
|kernel_data_V_5_10_o         |  out|   16|     ap_ovld|                                                kernel_data_V_5_10|       pointer|
|kernel_data_V_5_10_o_ap_vld  |  out|    1|     ap_ovld|                                                kernel_data_V_5_10|       pointer|
|kernel_data_V_5_11_i         |   in|   16|     ap_ovld|                                                kernel_data_V_5_11|       pointer|
|kernel_data_V_5_11_o         |  out|   16|     ap_ovld|                                                kernel_data_V_5_11|       pointer|
|kernel_data_V_5_11_o_ap_vld  |  out|    1|     ap_ovld|                                                kernel_data_V_5_11|       pointer|
|kernel_data_V_5_16_i         |   in|   16|     ap_ovld|                                                kernel_data_V_5_16|       pointer|
|kernel_data_V_5_16_o         |  out|   16|     ap_ovld|                                                kernel_data_V_5_16|       pointer|
|kernel_data_V_5_16_o_ap_vld  |  out|    1|     ap_ovld|                                                kernel_data_V_5_16|       pointer|
|kernel_data_V_5_15           |  out|   16|      ap_vld|                                                kernel_data_V_5_15|       pointer|
|kernel_data_V_5_15_ap_vld    |  out|    1|      ap_vld|                                                kernel_data_V_5_15|       pointer|
+-----------------------------+-----+-----+------------+------------------------------------------------------------------+--------------+

