

================================================================
== Vitis HLS Report for 'softmax_array_array_ap_fixed_16_6_5_3_0_4u_softmax_config28_s'
================================================================
* Date:           Mon Oct 21 14:06:49 2024

* Version:        2020.2 (Build 3064766 on Wed Nov 18 09:12:47 MST 2020)
* Project:        myproject_prj
* Solution:       solution1 (Vivado IP Flow Target)
* Product family: zynq
* Target device:  xc7z020-clg484-1


================================================================
== Performance Estimates
================================================================
+ Timing: 
    * Summary: 
    +--------+---------+----------+------------+
    |  Clock |  Target | Estimated| Uncertainty|
    +--------+---------+----------+------------+
    |ap_clk  |  5.00 ns|  4.213 ns|     0.62 ns|
    +--------+---------+----------+------------+

+ Latency: 
    * Summary: 
    +---------+---------+-----------+-----------+-----+-----+---------+
    |  Latency (cycles) |   Latency (absolute)  |  Interval | Pipeline|
    |   min   |   max   |    min    |    max    | min | max |   Type  |
    +---------+---------+-----------+-----------+-----+-----+---------+
    |       13|       13|  65.000 ns|  65.000 ns|   13|   13|     none|
    +---------+---------+-----------+-----------+-----+-----+---------+

    + Detail: 
        * Instance: 
        +--------------------------------------------------------------------------------+----------------------------------------------------------------------+---------+---------+-----------+-----------+-----+-----+---------+
        |                                                                                |                                                                      |  Latency (cycles) |   Latency (absolute)  |  Interval | Pipeline|
        |                                    Instance                                    |                                Module                                |   min   |   max   |    min    |    max    | min | max |   Type  |
        +--------------------------------------------------------------------------------+----------------------------------------------------------------------+---------+---------+-----------+-----------+-----+-----+---------+
        |grp_softmax_stable_array_array_ap_fixed_16_6_5_3_0_4u_softmax_config28_s_fu_24  |softmax_stable_array_array_ap_fixed_16_6_5_3_0_4u_softmax_config28_s  |       11|       11|  55.000 ns|  55.000 ns|   11|   11|     none|
        +--------------------------------------------------------------------------------+----------------------------------------------------------------------+---------+---------+-----------+-----------+-----+-----+---------+

        * Loop: 
        N/A



================================================================
== Utilization Estimates
================================================================
* Summary: 
+-----------------+---------+-----+--------+-------+-----+
|       Name      | BRAM_18K| DSP |   FF   |  LUT  | URAM|
+-----------------+---------+-----+--------+-------+-----+
|DSP              |        -|    -|       -|      -|    -|
|Expression       |        -|    -|       0|      4|    -|
|FIFO             |        -|    -|       -|      -|    -|
|Instance         |        4|    4|     548|    557|    -|
|Memory           |        -|    -|       -|      -|    -|
|Multiplexer      |        -|    -|       -|     38|    -|
|Register         |        -|    -|       5|      -|    -|
+-----------------+---------+-----+--------+-------+-----+
|Total            |        4|    4|     553|    599|    0|
+-----------------+---------+-----+--------+-------+-----+
|Available        |      280|  220|  106400|  53200|    0|
+-----------------+---------+-----+--------+-------+-----+
|Utilization (%)  |        1|    1|      ~0|      1|    0|
+-----------------+---------+-----+--------+-------+-----+

+ Detail: 
    * Instance: 
    +--------------------------------------------------------------------------------+----------------------------------------------------------------------+---------+----+-----+-----+-----+
    |                                    Instance                                    |                                Module                                | BRAM_18K| DSP|  FF | LUT | URAM|
    +--------------------------------------------------------------------------------+----------------------------------------------------------------------+---------+----+-----+-----+-----+
    |grp_softmax_stable_array_array_ap_fixed_16_6_5_3_0_4u_softmax_config28_s_fu_24  |softmax_stable_array_array_ap_fixed_16_6_5_3_0_4u_softmax_config28_s  |        4|   4|  548|  557|    0|
    +--------------------------------------------------------------------------------+----------------------------------------------------------------------+---------+----+-----+-----+-----+
    |Total                                                                           |                                                                      |        4|   4|  548|  557|    0|
    +--------------------------------------------------------------------------------+----------------------------------------------------------------------+---------+----+-----+-----+-----+

    * DSP: 
    N/A

    * Memory: 
    N/A

    * FIFO: 
    N/A

    * Expression: 
    +-----------------------------------------------------------------------------------------------------+----------+----+---+----+------------+------------+
    |                                            Variable Name                                            | Operation| DSP| FF| LUT| Bitwidth P0| Bitwidth P1|
    +-----------------------------------------------------------------------------------------------------+----------+----+---+----+------------+------------+
    |grp_softmax_stable_array_array_ap_fixed_16_6_5_3_0_4u_softmax_config28_s_fu_24_layer28_out_V_TREADY  |       and|   0|  0|   2|           1|           1|
    |ap_block_state1                                                                                      |        or|   0|  0|   2|           1|           1|
    +-----------------------------------------------------------------------------------------------------+----------+----+---+----+------------+------------+
    |Total                                                                                                |          |   0|  0|   4|           2|           2|
    +-----------------------------------------------------------------------------------------------------+----------+----+---+----+------------+------------+

    * Multiplexer: 
    +-----------+----+-----------+-----+-----------+
    |    Name   | LUT| Input Size| Bits| Total Bits|
    +-----------+----+-----------+-----+-----------+
    |ap_NS_fsm  |  20|          4|    1|          4|
    |ap_done    |   9|          2|    1|          2|
    |data_read  |   9|          2|    1|          2|
    +-----------+----+-----------+-----+-----------+
    |Total      |  38|          8|    3|          8|
    +-----------+----+-----------+-----+-----------+

    * Register: 
    +---------------------------------------------------------------------------------------------+---+----+-----+-----------+
    |                                             Name                                            | FF| LUT| Bits| Const Bits|
    +---------------------------------------------------------------------------------------------+---+----+-----+-----------+
    |ap_CS_fsm                                                                                    |  3|   0|    3|          0|
    |ap_done_reg                                                                                  |  1|   0|    1|          0|
    |grp_softmax_stable_array_array_ap_fixed_16_6_5_3_0_4u_softmax_config28_s_fu_24_ap_start_reg  |  1|   0|    1|          0|
    +---------------------------------------------------------------------------------------------+---+----+-----+-----------+
    |Total                                                                                        |  5|   0|    5|          0|
    +---------------------------------------------------------------------------------------------+---+----+-----+-----------+



================================================================
== Interface
================================================================
* Summary: 
+----------------------+-----+-----+------------+----------------------------------------------------------------+--------------+
|       RTL Ports      | Dir | Bits|  Protocol  |                          Source Object                         |    C Type    |
+----------------------+-----+-----+------------+----------------------------------------------------------------+--------------+
|ap_clk                |   in|    1|  ap_ctrl_hs|  softmax<array,array<ap_fixed<16,6,5,3,0>,4u>,softmax_config28>|  return value|
|ap_rst                |   in|    1|  ap_ctrl_hs|  softmax<array,array<ap_fixed<16,6,5,3,0>,4u>,softmax_config28>|  return value|
|ap_start              |   in|    1|  ap_ctrl_hs|  softmax<array,array<ap_fixed<16,6,5,3,0>,4u>,softmax_config28>|  return value|
|ap_done               |  out|    1|  ap_ctrl_hs|  softmax<array,array<ap_fixed<16,6,5,3,0>,4u>,softmax_config28>|  return value|
|ap_continue           |   in|    1|  ap_ctrl_hs|  softmax<array,array<ap_fixed<16,6,5,3,0>,4u>,softmax_config28>|  return value|
|ap_idle               |  out|    1|  ap_ctrl_hs|  softmax<array,array<ap_fixed<16,6,5,3,0>,4u>,softmax_config28>|  return value|
|ap_ready              |  out|    1|  ap_ctrl_hs|  softmax<array,array<ap_fixed<16,6,5,3,0>,4u>,softmax_config28>|  return value|
|data_dout             |   in|   64|     ap_fifo|                                                            data|       pointer|
|data_empty_n          |   in|    1|     ap_fifo|                                                            data|       pointer|
|data_read             |  out|    1|     ap_fifo|                                                            data|       pointer|
|layer28_out_V_TDATA   |  out|   64|        axis|                                                   layer28_out_V|       pointer|
|layer28_out_V_TVALID  |  out|    1|        axis|                                                   layer28_out_V|       pointer|
|layer28_out_V_TREADY  |   in|    1|        axis|                                                   layer28_out_V|       pointer|
+----------------------+-----+-----+------------+----------------------------------------------------------------+--------------+

