

================================================================
== Vitis HLS Report for 'compute_output_buffer_2d_array_array_ap_fixed_16_6_5_3_0_2u_config12_s'
================================================================
* Date:           Mon Oct 21 14:06:42 2024

* Version:        2020.2 (Build 3064766 on Wed Nov 18 09:12:47 MST 2020)
* Project:        myproject_prj
* Solution:       solution1 (Vivado IP Flow Target)
* Product family: zynq
* Target device:  xc7z020-clg484-1


================================================================
== Performance Estimates
================================================================
+ Timing: 
    * Summary: 
    +--------+---------+----------+------------+
    |  Clock |  Target | Estimated| Uncertainty|
    +--------+---------+----------+------------+
    |ap_clk  |  5.00 ns|  4.429 ns|     0.62 ns|
    +--------+---------+----------+------------+

+ Latency: 
    * Summary: 
    +---------+---------+-----------+-----------+-----+-----+---------+
    |  Latency (cycles) |   Latency (absolute)  |  Interval | Pipeline|
    |   min   |   max   |    min    |    max    | min | max |   Type  |
    +---------+---------+-----------+-----------+-----+-----+---------+
    |        8|        8|  40.000 ns|  40.000 ns|    8|    8|      yes|
    +---------+---------+-----------+-----------+-----+-----+---------+

    + Detail: 
        * Instance: 
        +----------------------------------------------------------------------------------+-----------------------------------------------------------------------+---------+---------+-----------+-----------+-----+-----+---------+
        |                                                                                  |                                                                       |  Latency (cycles) |   Latency (absolute)  |  Interval | Pipeline|
        |                                     Instance                                     |                                 Module                                |   min   |   max   |    min    |    max    | min | max |   Type  |
        +----------------------------------------------------------------------------------+-----------------------------------------------------------------------+---------+---------+-----------+-----------+-----+-----+---------+
        |grp_dense_latency_ap_fixed_16_6_5_3_0_ap_fixed_16_6_5_3_0_config12_mult_s_fu_103  |dense_latency_ap_fixed_16_6_5_3_0_ap_fixed_16_6_5_3_0_config12_mult_s  |        5|        5|  25.000 ns|  25.000 ns|    1|    1|      yes|
        |call_ln286_shift_line_buffer_array_ap_fixed_16_6_5_3_0_2u_config12_s_fu_137       |shift_line_buffer_array_ap_fixed_16_6_5_3_0_2u_config12_s              |        0|        0|       0 ns|       0 ns|    1|    1|      yes|
        +----------------------------------------------------------------------------------+-----------------------------------------------------------------------+---------+---------+-----------+-----------+-----+-----+---------+

        * Loop: 
        N/A



================================================================
== Utilization Estimates
================================================================
* Summary: 
+-----------------+---------+-----+--------+-------+-----+
|       Name      | BRAM_18K| DSP |   FF   |  LUT  | URAM|
+-----------------+---------+-----+--------+-------+-----+
|DSP              |        -|    -|       -|      -|    -|
|Expression       |        -|    -|       0|    354|    -|
|FIFO             |        -|    -|       -|      -|    -|
|Instance         |        -|   22|    2672|    886|    -|
|Memory           |        -|    -|       -|      -|    -|
|Multiplexer      |        -|    -|       -|    125|    -|
|Register         |        -|    -|     606|      -|    -|
+-----------------+---------+-----+--------+-------+-----+
|Total            |        0|   22|    3278|   1365|    0|
+-----------------+---------+-----+--------+-------+-----+
|Available        |      280|  220|  106400|  53200|    0|
+-----------------+---------+-----+--------+-------+-----+
|Utilization (%)  |        0|   10|       3|      2|    0|
+-----------------+---------+-----+--------+-------+-----+

+ Detail: 
    * Instance: 
    +----------------------------------------------------------------------------------+-----------------------------------------------------------------------+---------+----+------+-----+-----+
    |                                     Instance                                     |                                 Module                                | BRAM_18K| DSP|  FF  | LUT | URAM|
    +----------------------------------------------------------------------------------+-----------------------------------------------------------------------+---------+----+------+-----+-----+
    |grp_dense_latency_ap_fixed_16_6_5_3_0_ap_fixed_16_6_5_3_0_config12_mult_s_fu_103  |dense_latency_ap_fixed_16_6_5_3_0_ap_fixed_16_6_5_3_0_config12_mult_s  |        0|  22|  2399|  677|    0|
    |call_ln286_shift_line_buffer_array_ap_fixed_16_6_5_3_0_2u_config12_s_fu_137       |shift_line_buffer_array_ap_fixed_16_6_5_3_0_2u_config12_s              |        0|   0|   273|  209|    0|
    +----------------------------------------------------------------------------------+-----------------------------------------------------------------------+---------+----+------+-----+-----+
    |Total                                                                             |                                                                       |        0|  22|  2672|  886|    0|
    +----------------------------------------------------------------------------------+-----------------------------------------------------------------------+---------+----+------+-----+-----+

    * DSP: 
    N/A

    * Memory: 
    N/A

    * FIFO: 
    N/A

    * Expression: 
    +----------------------------------+----------+----+---+----+------------+------------+
    |           Variable Name          | Operation| DSP| FF| LUT| Bitwidth P0| Bitwidth P1|
    +----------------------------------+----------+----+---+----+------------+------------+
    |add_ln313_fu_194_p2               |         +|   0|  0|  39|          32|           1|
    |add_ln317_fu_298_p2               |         +|   0|  0|  39|          32|           1|
    |add_ln323_fu_319_p2               |         +|   0|  0|  39|          32|           1|
    |add_ln328_fu_272_p2               |         +|   0|  0|  39|          32|           1|
    |and_ln289_2_fu_256_p2             |       and|   0|  0|   2|           1|           1|
    |and_ln289_fu_250_p2               |       and|   0|  0|   2|           1|           1|
    |ap_block_pp0_stage0_01001         |       and|   0|  0|   2|           1|           1|
    |ap_block_state9_pp0_stage0_iter1  |       and|   0|  0|   2|           1|           1|
    |ap_condition_447                  |       and|   0|  0|   2|           1|           1|
    |ap_condition_621                  |       and|   0|  0|   2|           1|           1|
    |ap_condition_625                  |       and|   0|  0|   2|           1|           1|
    |ap_condition_628                  |       and|   0|  0|   2|           1|           1|
    |ap_condition_631                  |       and|   0|  0|   2|           1|           1|
    |ap_condition_635                  |       and|   0|  0|   2|           1|           1|
    |ap_predicate_op29_call_state2     |       and|   0|  0|   2|           1|           1|
    |ap_predicate_op38_call_state3     |       and|   0|  0|   2|           1|           1|
    |grp_fu_185_p2                     |      icmp|   0|  0|  18|          32|           2|
    |icmp_ln289_6_fu_229_p2            |      icmp|   0|  0|  17|          31|           1|
    |icmp_ln289_7_fu_244_p2            |      icmp|   0|  0|  17|          31|           1|
    |icmp_ln289_fu_204_p2              |      icmp|   0|  0|  18|          32|           2|
    |icmp_ln313_fu_262_p2              |      icmp|   0|  0|  18|          32|           4|
    |icmp_ln317_fu_309_p2              |      icmp|   0|  0|  18|          32|           4|
    |ap_block_pp0_stage0_subdone       |        or|   0|  0|   2|           1|           1|
    |select_ln323_fu_324_p3            |    select|   0|  0|  32|           1|           2|
    |select_ln328_fu_278_p3            |    select|   0|  0|  32|           1|           2|
    |ap_enable_pp0                     |       xor|   0|  0|   2|           1|           2|
    +----------------------------------+----------+----+---+----+------------+------------+
    |Total                             |          |   0|  0| 354|         334|          37|
    +----------------------------------+----------+----+---+----+------------+------------+

    * Multiplexer: 
    +-------------------------+----+-----------+-----+-----------+
    |           Name          | LUT| Input Size| Bits| Total Bits|
    +-------------------------+----+-----------+-----+-----------+
    |ap_NS_fsm                |  48|          9|    1|          9|
    |ap_enable_reg_pp0_iter0  |   9|          2|    1|          2|
    |ap_enable_reg_pp0_iter1  |   9|          2|    1|          2|
    |grp_fu_185_p0            |  14|          3|   32|         96|
    |layer12_out_blk_n        |   9|          2|    1|          2|
    |pX_5                     |   9|          2|   32|         64|
    |pY_5                     |   9|          2|   32|         64|
    |sX_5                     |   9|          2|   32|         64|
    |sY_5                     |   9|          2|   32|         64|
    +-------------------------+----+-----------+-----+-----------+
    |Total                    | 125|         26|  164|        367|
    +-------------------------+----+-----------+-----+-----------+

    * Register: 
    +-----------------------------+----+----+-----+-----------+
    |             Name            | FF | LUT| Bits| Const Bits|
    +-----------------------------+----+----+-----+-----------+
    |add_ln313_reg_369            |  32|   0|   32|          0|
    |add_ln317_reg_398            |  32|   0|   32|          0|
    |and_ln289_2_reg_385          |   1|   0|    1|          0|
    |ap_CS_fsm                    |   8|   0|    8|          0|
    |ap_enable_reg_pp0_iter0_reg  |   1|   0|    1|          0|
    |ap_enable_reg_pp0_iter1      |   1|   0|    1|          0|
    |icmp_ln289_reg_375           |   1|   0|    1|          0|
    |icmp_ln313_reg_389           |   1|   0|    1|          0|
    |icmp_ln317_reg_404           |   1|   0|    1|          0|
    |kernel_data_V_5_0            |  16|   0|   16|          0|
    |kernel_data_V_5_10           |  16|   0|   16|          0|
    |kernel_data_V_5_11           |  16|   0|   16|          0|
    |kernel_data_V_5_12           |  16|   0|   16|          0|
    |kernel_data_V_5_14           |  16|   0|   16|          0|
    |kernel_data_V_5_15           |  16|   0|   16|          0|
    |kernel_data_V_5_16           |  16|   0|   16|          0|
    |kernel_data_V_5_2            |  16|   0|   16|          0|
    |kernel_data_V_5_3            |  16|   0|   16|          0|
    |kernel_data_V_5_4            |  16|   0|   16|          0|
    |kernel_data_V_5_5            |  16|   0|   16|          0|
    |kernel_data_V_5_6            |  16|   0|   16|          0|
    |kernel_data_V_5_7            |  16|   0|   16|          0|
    |kernel_data_V_5_8            |  16|   0|   16|          0|
    |kernel_data_V_5_9            |  16|   0|   16|          0|
    |pX_5                         |  32|   0|   32|          0|
    |pX_5_load_reg_364            |  32|   0|   32|          0|
    |pY_5                         |  32|   0|   32|          0|
    |res_out_V_0_reg_413          |  16|   0|   16|          0|
    |res_out_V_1_reg_418          |  16|   0|   16|          0|
    |sX_5                         |  32|   0|   32|          0|
    |sY_5                         |  32|   0|   32|          0|
    |sY_5_load_reg_379            |  32|   0|   32|          0|
    |select_ln323_reg_408         |  32|   0|   32|          0|
    |select_ln328_reg_393         |  32|   0|   32|          0|
    +-----------------------------+----+----+-----+-----------+
    |Total                        | 606|   0|  606|          0|
    +-----------------------------+----+----+-----+-----------+



================================================================
== Interface
================================================================
* Summary: 
+--------------------+-----+-----+------------+-------------------------------------------------------------------------+--------------+
|      RTL Ports     | Dir | Bits|  Protocol  |                              Source Object                              |    C Type    |
+--------------------+-----+-----+------------+-------------------------------------------------------------------------+--------------+
|ap_clk              |   in|    1|  ap_ctrl_hs|  compute_output_buffer_2d<array,array<ap_fixed<16,6,5,3,0>,2u>,config12>|  return value|
|ap_rst              |   in|    1|  ap_ctrl_hs|  compute_output_buffer_2d<array,array<ap_fixed<16,6,5,3,0>,2u>,config12>|  return value|
|ap_start            |   in|    1|  ap_ctrl_hs|  compute_output_buffer_2d<array,array<ap_fixed<16,6,5,3,0>,2u>,config12>|  return value|
|ap_done             |  out|    1|  ap_ctrl_hs|  compute_output_buffer_2d<array,array<ap_fixed<16,6,5,3,0>,2u>,config12>|  return value|
|ap_idle             |  out|    1|  ap_ctrl_hs|  compute_output_buffer_2d<array,array<ap_fixed<16,6,5,3,0>,2u>,config12>|  return value|
|ap_ready            |  out|    1|  ap_ctrl_hs|  compute_output_buffer_2d<array,array<ap_fixed<16,6,5,3,0>,2u>,config12>|  return value|
|ap_ce               |   in|    1|  ap_ctrl_hs|  compute_output_buffer_2d<array,array<ap_fixed<16,6,5,3,0>,2u>,config12>|  return value|
|layer12_out_blk_n   |  out|    1|  ap_ctrl_hs|  compute_output_buffer_2d<array,array<ap_fixed<16,6,5,3,0>,2u>,config12>|  return value|
|layer12_out_din     |  out|   32|     ap_fifo|                                                              layer12_out|       pointer|
|layer12_out_full_n  |   in|    1|     ap_fifo|                                                              layer12_out|       pointer|
|layer12_out_write   |  out|    1|     ap_fifo|                                                              layer12_out|       pointer|
|p_read              |   in|   16|     ap_none|                                                                   p_read|        scalar|
|p_read1             |   in|   16|     ap_none|                                                                  p_read1|        scalar|
+--------------------+-----+-----+------------+-------------------------------------------------------------------------+--------------+

============================================================
+ Verbose Summary: Synthesis Manager
============================================================
InlineROM: 1
ExposeGlobal: 0
============================================================
+ Verbose Summary: CDFG Model
============================================================
IsTopModel: 0
ResetActiveHigh: 1
IsCombinational: 2
IsDatapathOnly: 2
HasWiredReturn: 1
HasMFsm: 2
HasVarLatency: 0
IsPipeline: 1
IsRtlPipelined: 1
IsInstanceOverlapped: 0
IsDontTouch: 0
HasImplIP: 0
IsGatedGlobalClock: 0

+ Individual pipeline summary: 
  * Pipeline-0: initiation interval (II) = 8, depth = 9


============================================================
+ Verbose Summary: Schedule
============================================================
* Number of FSM states : 9
* Pipeline : 1
  Pipeline-0 : II = 8, D = 9, States = { 1 2 3 4 5 6 7 8 9 }
* Dataflow Pipeline: 0

* FSM state transitions: 
1 --> 2 
2 --> 3 
3 --> 4 
4 --> 5 
5 --> 6 
6 --> 7 
7 --> 8 
8 --> 9 
9 --> 

* FSM state operations: 

State 1 <SV = 0> <Delay = 3.23>
ST_1 : Operation 10 [1/1] (0.00ns)   --->   "%p_read13 = read i16 @_ssdm_op_Read.ap_auto.i16, i16 %p_read1"   --->   Operation 10 'read' 'p_read13' <Predicate = true> <Delay = 0.00>
ST_1 : Operation 11 [1/1] (0.00ns)   --->   "%p_read_11 = read i16 @_ssdm_op_Read.ap_auto.i16, i16 %p_read"   --->   Operation 11 'read' 'p_read_11' <Predicate = true> <Delay = 0.00>
ST_1 : Operation 12 [1/1] (3.23ns)   --->   "%call_ln286 = call void @shift_line_buffer<array<ap_fixed<16, 6, 5, 3, 0>, 2u>, config12>, i16 %p_read_11, i16 %p_read13, i16 %kernel_data_V_5_2, i16 %kernel_data_V_5_0, i16 %kernel_data_V_5_8, i16 %kernel_data_V_5_6, i16 %kernel_data_V_5_9, i16 %kernel_data_V_5_7, i16 %kernel_data_V_5_14, i16 %kernel_data_V_5_12, i16 %kernel_data_V_5_4, i16 %kernel_data_V_5_5, i16 %kernel_data_V_5_3, i16 %kernel_data_V_5_10, i16 %kernel_data_V_5_11, i16 %kernel_data_V_5_16, i16 %kernel_data_V_5_17, i16 %kernel_data_V_5_15, i16 %line_buffer_Array_5_0_0, i16 %line_buffer_Array_5_1_0, i16 %line_buffer_Array_5_0_1, i16 %line_buffer_Array_5_1_1" [firmware/nnet_utils/nnet_conv_stream.h:286]   --->   Operation 12 'call' 'call_ln286' <Predicate = true> <Delay = 3.23> <CoreType = "Generic">   --->   Core 0 '' <Latency = 0> <II = 1> <Delay = 1.00> <Generic> <Opcode : >
ST_1 : Operation 13 [1/1] (0.00ns)   --->   "%pX_5_load = load i32 %pX_5" [firmware/nnet_utils/nnet_conv_stream.h:289]   --->   Operation 13 'load' 'pX_5_load' <Predicate = true> <Delay = 0.00>
ST_1 : Operation 14 [1/1] (2.55ns)   --->   "%add_ln313 = add i32 %pX_5_load, i32 1" [firmware/nnet_utils/nnet_conv_stream.h:313]   --->   Operation 14 'add' 'add_ln313' <Predicate = true> <Delay = 2.55> <CoreInst = "Adder">   --->   Core 1 'Adder' <Latency = 0> <II = 1> <Delay = 2.55> <FuncUnit> <Opcode : 'add' 'sub'> <InPorts = 2> <OutPorts = 1>

State 2 <SV = 1> <Delay = 4.42>
ST_2 : Operation 15 [1/1] (0.00ns)   --->   "%specinterface_ln0 = specinterface void @_ssdm_op_SpecInterface, i32 %layer12_out, void @empty_5, i32 0, i32 0, void @empty_3, i32 0, i32 0, void @empty_3, void @empty_3, void @empty_3, i32 0, i32 0, i32 0, i32 0, void @empty_3, void @empty_3"   --->   Operation 15 'specinterface' 'specinterface_ln0' <Predicate = true> <Delay = 0.00>
ST_2 : Operation 16 [1/1] (0.00ns)   --->   "%sX_5_load = load i32 %sX_5" [firmware/nnet_utils/nnet_conv_stream.h:289]   --->   Operation 16 'load' 'sX_5_load' <Predicate = true> <Delay = 0.00>
ST_2 : Operation 17 [1/1] (2.47ns)   --->   "%icmp_ln289 = icmp_eq  i32 %sX_5_load, i32 2" [firmware/nnet_utils/nnet_conv_stream.h:289]   --->   Operation 17 'icmp' 'icmp_ln289' <Predicate = true> <Delay = 2.47> <CoreInst = "Cmp">   --->   Core 9 'Cmp' <Latency = 0> <II = 1> <Delay = 2.47> <FuncUnit> <Opcode : 'icmp'> <InPorts = 2> <OutPorts = 1>
ST_2 : Operation 18 [1/1] (0.00ns)   --->   "%sY_5_load = load i32 %sY_5" [firmware/nnet_utils/nnet_conv_stream.h:289]   --->   Operation 18 'load' 'sY_5_load' <Predicate = true> <Delay = 0.00>
ST_2 : Operation 19 [1/1] (0.00ns)   --->   "%pY_5_load = load i32 %pY_5" [firmware/nnet_utils/nnet_conv_stream.h:289]   --->   Operation 19 'load' 'pY_5_load' <Predicate = true> <Delay = 0.00>
ST_2 : Operation 20 [1/1] (0.00ns)   --->   "%br_ln289 = br i1 %icmp_ln289, void %._crit_edge1, void" [firmware/nnet_utils/nnet_conv_stream.h:289]   --->   Operation 20 'br' 'br_ln289' <Predicate = true> <Delay = 0.00>
ST_2 : Operation 21 [1/1] (2.47ns)   --->   "%icmp_ln289_4 = icmp_eq  i32 %sY_5_load, i32 2" [firmware/nnet_utils/nnet_conv_stream.h:289]   --->   Operation 21 'icmp' 'icmp_ln289_4' <Predicate = (icmp_ln289)> <Delay = 2.47> <CoreInst = "Cmp">   --->   Core 9 'Cmp' <Latency = 0> <II = 1> <Delay = 2.47> <FuncUnit> <Opcode : 'icmp'> <InPorts = 2> <OutPorts = 1>
ST_2 : Operation 22 [1/1] (0.00ns)   --->   "%tmp = partselect i31 @_ssdm_op_PartSelect.i31.i32.i32.i32, i32 %pY_5_load, i32 1, i32 31" [firmware/nnet_utils/nnet_conv_stream.h:289]   --->   Operation 22 'partselect' 'tmp' <Predicate = (icmp_ln289)> <Delay = 0.00>
ST_2 : Operation 23 [1/1] (2.47ns)   --->   "%icmp_ln289_6 = icmp_sgt  i31 %tmp, i31 0" [firmware/nnet_utils/nnet_conv_stream.h:289]   --->   Operation 23 'icmp' 'icmp_ln289_6' <Predicate = (icmp_ln289)> <Delay = 2.47> <CoreInst = "Cmp">   --->   Core 9 'Cmp' <Latency = 0> <II = 1> <Delay = 2.47> <FuncUnit> <Opcode : 'icmp'> <InPorts = 2> <OutPorts = 1>
ST_2 : Operation 24 [1/1] (0.00ns)   --->   "%tmp_93 = partselect i31 @_ssdm_op_PartSelect.i31.i32.i32.i32, i32 %pX_5_load, i32 1, i32 31" [firmware/nnet_utils/nnet_conv_stream.h:289]   --->   Operation 24 'partselect' 'tmp_93' <Predicate = (icmp_ln289)> <Delay = 0.00>
ST_2 : Operation 25 [1/1] (2.47ns)   --->   "%icmp_ln289_7 = icmp_sgt  i31 %tmp_93, i31 0" [firmware/nnet_utils/nnet_conv_stream.h:289]   --->   Operation 25 'icmp' 'icmp_ln289_7' <Predicate = (icmp_ln289)> <Delay = 2.47> <CoreInst = "Cmp">   --->   Core 9 'Cmp' <Latency = 0> <II = 1> <Delay = 2.47> <FuncUnit> <Opcode : 'icmp'> <InPorts = 2> <OutPorts = 1>
ST_2 : Operation 26 [1/1] (0.00ns) (grouped into LUT with out node and_ln289_2)   --->   "%and_ln289 = and i1 %icmp_ln289_6, i1 %icmp_ln289_7" [firmware/nnet_utils/nnet_conv_stream.h:289]   --->   Operation 26 'and' 'and_ln289' <Predicate = (icmp_ln289)> <Delay = 0.00> <CoreInst = "LogicGate">   --->   Core 74 'LogicGate' <Latency = 0> <II = 1> <Delay = 0.97> <FuncUnit> <Opcode : 'and' 'or' 'xor'> <InPorts = 2> <OutPorts = 1>
ST_2 : Operation 27 [1/1] (0.97ns) (out node of the LUT)   --->   "%and_ln289_2 = and i1 %and_ln289, i1 %icmp_ln289_4" [firmware/nnet_utils/nnet_conv_stream.h:289]   --->   Operation 27 'and' 'and_ln289_2' <Predicate = (icmp_ln289)> <Delay = 0.97> <CoreInst = "LogicGate">   --->   Core 74 'LogicGate' <Latency = 0> <II = 1> <Delay = 0.97> <FuncUnit> <Opcode : 'and' 'or' 'xor'> <InPorts = 2> <OutPorts = 1>
ST_2 : Operation 28 [1/1] (0.00ns)   --->   "%br_ln289 = br i1 %and_ln289_2, void %._crit_edge1, void" [firmware/nnet_utils/nnet_conv_stream.h:289]   --->   Operation 28 'br' 'br_ln289' <Predicate = (icmp_ln289)> <Delay = 0.00>
ST_2 : Operation 29 [7/7] (0.00ns)   --->   "%tmp_s = call i32 @dense_latency<ap_fixed<16, 6, 5, 3, 0>, ap_fixed<16, 6, 5, 3, 0>, config12_mult>, i16 %kernel_data_V_5_0, i16 %kernel_data_V_5_2, i16 %kernel_data_V_5_3, i16 %kernel_data_V_5_4, i16 %kernel_data_V_5_5, i16 %kernel_data_V_5_6, i16 %kernel_data_V_5_7, i16 %kernel_data_V_5_8, i16 %kernel_data_V_5_9, i16 %kernel_data_V_5_10, i16 %kernel_data_V_5_11, i16 %kernel_data_V_5_12, i16 %kernel_data_V_5_14, i16 %kernel_data_V_5_15, i16 %kernel_data_V_5_16" [firmware/nnet_utils/nnet_conv_stream.h:294]   --->   Operation 29 'call' 'tmp_s' <Predicate = (icmp_ln289 & and_ln289_2)> <Delay = 0.00> <CoreType = "Generic">   --->   Core 0 '' <Latency = 0> <II = 1> <Delay = 1.00> <Generic> <Opcode : >
ST_2 : Operation 30 [1/1] (2.47ns)   --->   "%icmp_ln313 = icmp_eq  i32 %add_ln313, i32 14" [firmware/nnet_utils/nnet_conv_stream.h:313]   --->   Operation 30 'icmp' 'icmp_ln313' <Predicate = true> <Delay = 2.47> <CoreInst = "Cmp">   --->   Core 9 'Cmp' <Latency = 0> <II = 1> <Delay = 2.47> <FuncUnit> <Opcode : 'icmp'> <InPorts = 2> <OutPorts = 1>
ST_2 : Operation 31 [1/1] (0.00ns)   --->   "%br_ln313 = br i1 %icmp_ln313, void, void" [firmware/nnet_utils/nnet_conv_stream.h:313]   --->   Operation 31 'br' 'br_ln313' <Predicate = true> <Delay = 0.00>
ST_2 : Operation 32 [1/1] (1.58ns)   --->   "%store_ln326 = store i32 %add_ln313, i32 %pX_5" [firmware/nnet_utils/nnet_conv_stream.h:326]   --->   Operation 32 'store' 'store_ln326' <Predicate = (!icmp_ln313)> <Delay = 1.58>
ST_2 : Operation 33 [1/1] (2.55ns)   --->   "%add_ln328 = add i32 %sX_5_load, i32 1" [firmware/nnet_utils/nnet_conv_stream.h:328]   --->   Operation 33 'add' 'add_ln328' <Predicate = (!icmp_ln313)> <Delay = 2.55> <CoreInst = "Adder">   --->   Core 1 'Adder' <Latency = 0> <II = 1> <Delay = 2.55> <FuncUnit> <Opcode : 'add' 'sub'> <InPorts = 2> <OutPorts = 1>
ST_2 : Operation 34 [1/1] (0.69ns)   --->   "%select_ln328 = select i1 %icmp_ln289, i32 2, i32 %add_ln328" [firmware/nnet_utils/nnet_conv_stream.h:328]   --->   Operation 34 'select' 'select_ln328' <Predicate = (!icmp_ln313)> <Delay = 0.69> <CoreInst = "Sel">   --->   Core 73 'Sel' <Latency = 0> <II = 1> <Delay = 0.69> <FuncUnit> <Opcode : 'select'> <InPorts = 3> <OutPorts = 1>
ST_2 : Operation 35 [1/1] (1.58ns)   --->   "%store_ln315 = store i32 0, i32 %pX_5" [firmware/nnet_utils/nnet_conv_stream.h:315]   --->   Operation 35 'store' 'store_ln315' <Predicate = (icmp_ln313)> <Delay = 1.58>
ST_2 : Operation 36 [1/1] (1.58ns)   --->   "%store_ln316 = store i32 0, i32 %sX_5" [firmware/nnet_utils/nnet_conv_stream.h:316]   --->   Operation 36 'store' 'store_ln316' <Predicate = (icmp_ln313)> <Delay = 1.58>
ST_2 : Operation 37 [1/1] (2.55ns)   --->   "%add_ln317 = add i32 %pY_5_load, i32 1" [firmware/nnet_utils/nnet_conv_stream.h:317]   --->   Operation 37 'add' 'add_ln317' <Predicate = (icmp_ln313)> <Delay = 2.55> <CoreInst = "Adder">   --->   Core 1 'Adder' <Latency = 0> <II = 1> <Delay = 2.55> <FuncUnit> <Opcode : 'add' 'sub'> <InPorts = 2> <OutPorts = 1>

State 3 <SV = 2> <Delay = 4.06>
ST_3 : Operation 38 [6/7] (3.99ns)   --->   "%tmp_s = call i32 @dense_latency<ap_fixed<16, 6, 5, 3, 0>, ap_fixed<16, 6, 5, 3, 0>, config12_mult>, i16 %kernel_data_V_5_0, i16 %kernel_data_V_5_2, i16 %kernel_data_V_5_3, i16 %kernel_data_V_5_4, i16 %kernel_data_V_5_5, i16 %kernel_data_V_5_6, i16 %kernel_data_V_5_7, i16 %kernel_data_V_5_8, i16 %kernel_data_V_5_9, i16 %kernel_data_V_5_10, i16 %kernel_data_V_5_11, i16 %kernel_data_V_5_12, i16 %kernel_data_V_5_14, i16 %kernel_data_V_5_15, i16 %kernel_data_V_5_16" [firmware/nnet_utils/nnet_conv_stream.h:294]   --->   Operation 38 'call' 'tmp_s' <Predicate = (icmp_ln289 & and_ln289_2)> <Delay = 3.99> <CoreType = "Generic">   --->   Core 0 '' <Latency = 0> <II = 1> <Delay = 1.00> <Generic> <Opcode : >
ST_3 : Operation 39 [1/1] (1.58ns)   --->   "%store_ln328 = store i32 %select_ln328, i32 %sX_5" [firmware/nnet_utils/nnet_conv_stream.h:328]   --->   Operation 39 'store' 'store_ln328' <Predicate = (!icmp_ln313)> <Delay = 1.58>
ST_3 : Operation 40 [1/1] (0.00ns)   --->   "%br_ln0 = br void"   --->   Operation 40 'br' 'br_ln0' <Predicate = (!icmp_ln313)> <Delay = 0.00>
ST_3 : Operation 41 [1/1] (2.47ns)   --->   "%icmp_ln317 = icmp_eq  i32 %add_ln317, i32 14" [firmware/nnet_utils/nnet_conv_stream.h:317]   --->   Operation 41 'icmp' 'icmp_ln317' <Predicate = (icmp_ln313)> <Delay = 2.47> <CoreInst = "Cmp">   --->   Core 9 'Cmp' <Latency = 0> <II = 1> <Delay = 2.47> <FuncUnit> <Opcode : 'icmp'> <InPorts = 2> <OutPorts = 1>
ST_3 : Operation 42 [1/1] (0.00ns)   --->   "%br_ln317 = br i1 %icmp_ln317, void, void" [firmware/nnet_utils/nnet_conv_stream.h:317]   --->   Operation 42 'br' 'br_ln317' <Predicate = (icmp_ln313)> <Delay = 0.00>
ST_3 : Operation 43 [1/1] (1.58ns)   --->   "%store_ln321 = store i32 %add_ln317, i32 %pY_5" [firmware/nnet_utils/nnet_conv_stream.h:321]   --->   Operation 43 'store' 'store_ln321' <Predicate = (icmp_ln313 & !icmp_ln317)> <Delay = 1.58>
ST_3 : Operation 44 [1/1] (2.47ns)   --->   "%icmp_ln323 = icmp_eq  i32 %sY_5_load, i32 2" [firmware/nnet_utils/nnet_conv_stream.h:323]   --->   Operation 44 'icmp' 'icmp_ln323' <Predicate = (icmp_ln313 & !icmp_ln317)> <Delay = 2.47> <CoreInst = "Cmp">   --->   Core 9 'Cmp' <Latency = 0> <II = 1> <Delay = 2.47> <FuncUnit> <Opcode : 'icmp'> <InPorts = 2> <OutPorts = 1>
ST_3 : Operation 45 [1/1] (2.55ns)   --->   "%add_ln323 = add i32 %sY_5_load, i32 1" [firmware/nnet_utils/nnet_conv_stream.h:323]   --->   Operation 45 'add' 'add_ln323' <Predicate = (icmp_ln313 & !icmp_ln317)> <Delay = 2.55> <CoreInst = "Adder">   --->   Core 1 'Adder' <Latency = 0> <II = 1> <Delay = 2.55> <FuncUnit> <Opcode : 'add' 'sub'> <InPorts = 2> <OutPorts = 1>
ST_3 : Operation 46 [1/1] (0.69ns)   --->   "%select_ln323 = select i1 %icmp_ln323, i32 2, i32 %add_ln323" [firmware/nnet_utils/nnet_conv_stream.h:323]   --->   Operation 46 'select' 'select_ln323' <Predicate = (icmp_ln313 & !icmp_ln317)> <Delay = 0.69> <CoreInst = "Sel">   --->   Core 73 'Sel' <Latency = 0> <II = 1> <Delay = 0.69> <FuncUnit> <Opcode : 'select'> <InPorts = 3> <OutPorts = 1>

State 4 <SV = 3> <Delay = 3.99>
ST_4 : Operation 47 [5/7] (3.99ns)   --->   "%tmp_s = call i32 @dense_latency<ap_fixed<16, 6, 5, 3, 0>, ap_fixed<16, 6, 5, 3, 0>, config12_mult>, i16 %kernel_data_V_5_0, i16 %kernel_data_V_5_2, i16 %kernel_data_V_5_3, i16 %kernel_data_V_5_4, i16 %kernel_data_V_5_5, i16 %kernel_data_V_5_6, i16 %kernel_data_V_5_7, i16 %kernel_data_V_5_8, i16 %kernel_data_V_5_9, i16 %kernel_data_V_5_10, i16 %kernel_data_V_5_11, i16 %kernel_data_V_5_12, i16 %kernel_data_V_5_14, i16 %kernel_data_V_5_15, i16 %kernel_data_V_5_16" [firmware/nnet_utils/nnet_conv_stream.h:294]   --->   Operation 47 'call' 'tmp_s' <Predicate = (icmp_ln289 & and_ln289_2)> <Delay = 3.99> <CoreType = "Generic">   --->   Core 0 '' <Latency = 0> <II = 1> <Delay = 1.00> <Generic> <Opcode : >
ST_4 : Operation 48 [1/1] (1.58ns)   --->   "%store_ln323 = store i32 %select_ln323, i32 %sY_5" [firmware/nnet_utils/nnet_conv_stream.h:323]   --->   Operation 48 'store' 'store_ln323' <Predicate = (icmp_ln313 & !icmp_ln317)> <Delay = 1.58>
ST_4 : Operation 49 [1/1] (0.00ns)   --->   "%br_ln0 = br void"   --->   Operation 49 'br' 'br_ln0' <Predicate = (icmp_ln313 & !icmp_ln317)> <Delay = 0.00>

State 5 <SV = 4> <Delay = 3.99>
ST_5 : Operation 50 [4/7] (3.99ns)   --->   "%tmp_s = call i32 @dense_latency<ap_fixed<16, 6, 5, 3, 0>, ap_fixed<16, 6, 5, 3, 0>, config12_mult>, i16 %kernel_data_V_5_0, i16 %kernel_data_V_5_2, i16 %kernel_data_V_5_3, i16 %kernel_data_V_5_4, i16 %kernel_data_V_5_5, i16 %kernel_data_V_5_6, i16 %kernel_data_V_5_7, i16 %kernel_data_V_5_8, i16 %kernel_data_V_5_9, i16 %kernel_data_V_5_10, i16 %kernel_data_V_5_11, i16 %kernel_data_V_5_12, i16 %kernel_data_V_5_14, i16 %kernel_data_V_5_15, i16 %kernel_data_V_5_16" [firmware/nnet_utils/nnet_conv_stream.h:294]   --->   Operation 50 'call' 'tmp_s' <Predicate = (icmp_ln289 & and_ln289_2)> <Delay = 3.99> <CoreType = "Generic">   --->   Core 0 '' <Latency = 0> <II = 1> <Delay = 1.00> <Generic> <Opcode : >

State 6 <SV = 5> <Delay = 3.99>
ST_6 : Operation 51 [3/7] (3.99ns)   --->   "%tmp_s = call i32 @dense_latency<ap_fixed<16, 6, 5, 3, 0>, ap_fixed<16, 6, 5, 3, 0>, config12_mult>, i16 %kernel_data_V_5_0, i16 %kernel_data_V_5_2, i16 %kernel_data_V_5_3, i16 %kernel_data_V_5_4, i16 %kernel_data_V_5_5, i16 %kernel_data_V_5_6, i16 %kernel_data_V_5_7, i16 %kernel_data_V_5_8, i16 %kernel_data_V_5_9, i16 %kernel_data_V_5_10, i16 %kernel_data_V_5_11, i16 %kernel_data_V_5_12, i16 %kernel_data_V_5_14, i16 %kernel_data_V_5_15, i16 %kernel_data_V_5_16" [firmware/nnet_utils/nnet_conv_stream.h:294]   --->   Operation 51 'call' 'tmp_s' <Predicate = (icmp_ln289 & and_ln289_2)> <Delay = 3.99> <CoreType = "Generic">   --->   Core 0 '' <Latency = 0> <II = 1> <Delay = 1.00> <Generic> <Opcode : >

State 7 <SV = 6> <Delay = 3.99>
ST_7 : Operation 52 [2/7] (3.99ns)   --->   "%tmp_s = call i32 @dense_latency<ap_fixed<16, 6, 5, 3, 0>, ap_fixed<16, 6, 5, 3, 0>, config12_mult>, i16 %kernel_data_V_5_0, i16 %kernel_data_V_5_2, i16 %kernel_data_V_5_3, i16 %kernel_data_V_5_4, i16 %kernel_data_V_5_5, i16 %kernel_data_V_5_6, i16 %kernel_data_V_5_7, i16 %kernel_data_V_5_8, i16 %kernel_data_V_5_9, i16 %kernel_data_V_5_10, i16 %kernel_data_V_5_11, i16 %kernel_data_V_5_12, i16 %kernel_data_V_5_14, i16 %kernel_data_V_5_15, i16 %kernel_data_V_5_16" [firmware/nnet_utils/nnet_conv_stream.h:294]   --->   Operation 52 'call' 'tmp_s' <Predicate = (icmp_ln289 & and_ln289_2)> <Delay = 3.99> <CoreType = "Generic">   --->   Core 0 '' <Latency = 0> <II = 1> <Delay = 1.00> <Generic> <Opcode : >

State 8 <SV = 7> <Delay = 3.90>
ST_8 : Operation 53 [1/7] (3.90ns)   --->   "%tmp_s = call i32 @dense_latency<ap_fixed<16, 6, 5, 3, 0>, ap_fixed<16, 6, 5, 3, 0>, config12_mult>, i16 %kernel_data_V_5_0, i16 %kernel_data_V_5_2, i16 %kernel_data_V_5_3, i16 %kernel_data_V_5_4, i16 %kernel_data_V_5_5, i16 %kernel_data_V_5_6, i16 %kernel_data_V_5_7, i16 %kernel_data_V_5_8, i16 %kernel_data_V_5_9, i16 %kernel_data_V_5_10, i16 %kernel_data_V_5_11, i16 %kernel_data_V_5_12, i16 %kernel_data_V_5_14, i16 %kernel_data_V_5_15, i16 %kernel_data_V_5_16" [firmware/nnet_utils/nnet_conv_stream.h:294]   --->   Operation 53 'call' 'tmp_s' <Predicate = (icmp_ln289 & and_ln289_2)> <Delay = 3.90> <CoreType = "Generic">   --->   Core 0 '' <Latency = 0> <II = 1> <Delay = 1.00> <Generic> <Opcode : >
ST_8 : Operation 54 [1/1] (0.00ns)   --->   "%res_out_V_0 = extractvalue i32 %tmp_s" [firmware/nnet_utils/nnet_conv_stream.h:294]   --->   Operation 54 'extractvalue' 'res_out_V_0' <Predicate = (icmp_ln289 & and_ln289_2)> <Delay = 0.00>
ST_8 : Operation 55 [1/1] (0.00ns)   --->   "%res_out_V_1 = extractvalue i32 %tmp_s" [firmware/nnet_utils/nnet_conv_stream.h:294]   --->   Operation 55 'extractvalue' 'res_out_V_1' <Predicate = (icmp_ln289 & and_ln289_2)> <Delay = 0.00>

State 9 <SV = 8> <Delay = 2.18>
ST_9 : Operation 56 [1/1] (0.00ns)   --->   "%p_0 = bitconcatenate i32 @_ssdm_op_BitConcatenate.i32.i16.i16, i16 %res_out_V_1, i16 %res_out_V_0" [/mnt/Data/Xilinx/Vitis_HLS/2020.2/common/technology/autopilot/hls_stream_39.h:174]   --->   Operation 56 'bitconcatenate' 'p_0' <Predicate = (icmp_ln289 & and_ln289_2)> <Delay = 0.00>
ST_9 : Operation 57 [1/1] (2.18ns)   --->   "%write_ln174 = write void @_ssdm_op_Write.ap_fifo.volatile.i32P0A, i32 %layer12_out, i32 %p_0" [/mnt/Data/Xilinx/Vitis_HLS/2020.2/common/technology/autopilot/hls_stream_39.h:174]   --->   Operation 57 'write' 'write_ln174' <Predicate = (icmp_ln289 & and_ln289_2)> <Delay = 2.18> <CoreInst = "FIFO">   --->   Core 78 'FIFO' <Latency = 0> <II = 1> <Delay = 3.56> <Storage> <Opcode : 'read' 'write' 'nbread' 'nbwrite'> <Ports = 0> <Width = 32> <Depth = 144> <FIFO>
ST_9 : Operation 58 [1/1] (0.00ns)   --->   "%br_ln310 = br void %._crit_edge1" [firmware/nnet_utils/nnet_conv_stream.h:310]   --->   Operation 58 'br' 'br_ln310' <Predicate = (icmp_ln289 & and_ln289_2)> <Delay = 0.00>
ST_9 : Operation 59 [1/1] (1.58ns)   --->   "%store_ln318 = store i32 0, i32 %pY_5" [firmware/nnet_utils/nnet_conv_stream.h:318]   --->   Operation 59 'store' 'store_ln318' <Predicate = (icmp_ln313 & icmp_ln317)> <Delay = 1.58>
ST_9 : Operation 60 [1/1] (1.58ns)   --->   "%store_ln319 = store i32 0, i32 %sY_5" [firmware/nnet_utils/nnet_conv_stream.h:319]   --->   Operation 60 'store' 'store_ln319' <Predicate = (icmp_ln313 & icmp_ln317)> <Delay = 1.58>
ST_9 : Operation 61 [1/1] (0.00ns)   --->   "%br_ln320 = br void" [firmware/nnet_utils/nnet_conv_stream.h:320]   --->   Operation 61 'br' 'br_ln320' <Predicate = (icmp_ln313 & icmp_ln317)> <Delay = 0.00>
ST_9 : Operation 62 [1/1] (0.00ns)   --->   "%ret_ln330 = ret" [firmware/nnet_utils/nnet_conv_stream.h:330]   --->   Operation 62 'ret' 'ret_ln330' <Predicate = true> <Delay = 0.00>


============================================================
+ Verbose Summary: Binding
============================================================
STG Binding: 
---------------- STG Properties BEGIN ----------------
- Is combinational: 0
- Is one-state seq: 0
- Is datapath-only: 0
- Is pipelined: 1
- Is top level: 0
Port [ Return ] is wired: 1; IO mode=ap_ctrl_hs:ce=0
Port [ layer12_out]:  wired=1; compound=1; hidden=0; nouse=0; global=0; static=0; extern=0; dir=1; type=3; pingpong=0; private_global=0; IO mode=ap_fifo:ce=0
Port [ p_read]:  wired=1; compound=0; hidden=0; nouse=0; global=0; static=0; extern=0; dir=0; type=0; pingpong=0; private_global=0; IO mode=ap_none:ce=0
Port [ p_read1]:  wired=1; compound=0; hidden=0; nouse=0; global=0; static=0; extern=0; dir=0; type=0; pingpong=0; private_global=0; IO mode=ap_none:ce=0
Port [ kernel_data_V_5_2]:  wired=0; compound=0; hidden=1; nouse=0; global=1; static=1; extern=0; dir=2; type=0; pingpong=0; private_global=1; IO mode=ap_ovld:ce=0
Port [ kernel_data_V_5_0]:  wired=0; compound=0; hidden=1; nouse=0; global=1; static=1; extern=0; dir=2; type=0; pingpong=0; private_global=1; IO mode=ap_ovld:ce=0
Port [ kernel_data_V_5_8]:  wired=0; compound=0; hidden=1; nouse=0; global=1; static=1; extern=0; dir=2; type=0; pingpong=0; private_global=1; IO mode=ap_ovld:ce=0
Port [ kernel_data_V_5_6]:  wired=0; compound=0; hidden=1; nouse=0; global=1; static=1; extern=0; dir=2; type=0; pingpong=0; private_global=1; IO mode=ap_ovld:ce=0
Port [ kernel_data_V_5_9]:  wired=0; compound=0; hidden=1; nouse=0; global=1; static=1; extern=0; dir=2; type=0; pingpong=0; private_global=1; IO mode=ap_ovld:ce=0
Port [ kernel_data_V_5_7]:  wired=0; compound=0; hidden=1; nouse=0; global=1; static=1; extern=0; dir=2; type=0; pingpong=0; private_global=1; IO mode=ap_ovld:ce=0
Port [ kernel_data_V_5_14]:  wired=0; compound=0; hidden=1; nouse=0; global=1; static=1; extern=0; dir=2; type=0; pingpong=0; private_global=1; IO mode=ap_ovld:ce=0
Port [ kernel_data_V_5_12]:  wired=0; compound=0; hidden=1; nouse=0; global=1; static=1; extern=0; dir=2; type=0; pingpong=0; private_global=1; IO mode=ap_ovld:ce=0
Port [ kernel_data_V_5_4]:  wired=0; compound=0; hidden=1; nouse=0; global=1; static=1; extern=0; dir=2; type=0; pingpong=0; private_global=1; IO mode=ap_ovld:ce=0
Port [ kernel_data_V_5_5]:  wired=0; compound=0; hidden=1; nouse=0; global=1; static=1; extern=0; dir=2; type=0; pingpong=0; private_global=1; IO mode=ap_ovld:ce=0
Port [ kernel_data_V_5_3]:  wired=0; compound=0; hidden=1; nouse=0; global=1; static=1; extern=0; dir=2; type=0; pingpong=0; private_global=1; IO mode=ap_ovld:ce=0
Port [ kernel_data_V_5_10]:  wired=0; compound=0; hidden=1; nouse=0; global=1; static=1; extern=0; dir=2; type=0; pingpong=0; private_global=1; IO mode=ap_ovld:ce=0
Port [ kernel_data_V_5_11]:  wired=0; compound=0; hidden=1; nouse=0; global=1; static=1; extern=0; dir=2; type=0; pingpong=0; private_global=1; IO mode=ap_ovld:ce=0
Port [ kernel_data_V_5_16]:  wired=0; compound=0; hidden=1; nouse=0; global=1; static=1; extern=0; dir=2; type=0; pingpong=0; private_global=1; IO mode=ap_ovld:ce=0
Port [ kernel_data_V_5_17]:  wired=0; compound=0; hidden=1; nouse=1; global=1; static=1; extern=0; dir=2; type=0; pingpong=0; private_global=0; IO mode=ap_ovld:ce=0
Port [ kernel_data_V_5_15]:  wired=0; compound=0; hidden=1; nouse=0; global=1; static=1; extern=0; dir=2; type=0; pingpong=0; private_global=1; IO mode=ap_ovld:ce=0
Port [ line_buffer_Array_5_0_0]:  wired=0; compound=1; hidden=1; nouse=1; global=1; static=1; extern=0; dir=3; type=1; pingpong=0; private_global=0; MemPort=[2]; IO mode=ap_memory:ce=0
Port [ line_buffer_Array_5_1_0]:  wired=0; compound=1; hidden=1; nouse=1; global=1; static=1; extern=0; dir=3; type=1; pingpong=0; private_global=0; MemPort=[2]; IO mode=ap_memory:ce=0
Port [ line_buffer_Array_5_0_1]:  wired=0; compound=1; hidden=1; nouse=1; global=1; static=1; extern=0; dir=3; type=1; pingpong=0; private_global=0; MemPort=[2]; IO mode=ap_memory:ce=0
Port [ line_buffer_Array_5_1_1]:  wired=0; compound=1; hidden=1; nouse=1; global=1; static=1; extern=0; dir=3; type=1; pingpong=0; private_global=0; MemPort=[2]; IO mode=ap_memory:ce=0
Port [ sX_5]:  wired=0; compound=0; hidden=1; nouse=0; global=1; static=1; extern=0; dir=2; type=0; pingpong=0; private_global=1; IO mode=ap_ovld:ce=0
Port [ sY_5]:  wired=0; compound=0; hidden=1; nouse=0; global=1; static=1; extern=0; dir=2; type=0; pingpong=0; private_global=1; IO mode=ap_ovld:ce=0
Port [ pY_5]:  wired=0; compound=0; hidden=1; nouse=0; global=1; static=1; extern=0; dir=2; type=0; pingpong=0; private_global=1; IO mode=ap_ovld:ce=0
Port [ pX_5]:  wired=0; compound=0; hidden=1; nouse=0; global=1; static=1; extern=0; dir=2; type=0; pingpong=0; private_global=1; IO mode=ap_ovld:ce=0
---------------- STG Properties END ------------------

---------------- Datapath Model BEGIN ----------------

<LifeTime>
<method=bitvector/>
p_read13          (read          ) [ 0000000000]
p_read_11         (read          ) [ 0000000000]
call_ln286        (call          ) [ 0000000000]
pX_5_load         (load          ) [ 0010000000]
add_ln313         (add           ) [ 0010000000]
specinterface_ln0 (specinterface ) [ 0000000000]
sX_5_load         (load          ) [ 0000000000]
icmp_ln289        (icmp          ) [ 0111111111]
sY_5_load         (load          ) [ 0001000000]
pY_5_load         (load          ) [ 0000000000]
br_ln289          (br            ) [ 0000000000]
icmp_ln289_4      (icmp          ) [ 0000000000]
tmp               (partselect    ) [ 0000000000]
icmp_ln289_6      (icmp          ) [ 0000000000]
tmp_93            (partselect    ) [ 0000000000]
icmp_ln289_7      (icmp          ) [ 0000000000]
and_ln289         (and           ) [ 0000000000]
and_ln289_2       (and           ) [ 0111111111]
br_ln289          (br            ) [ 0000000000]
icmp_ln313        (icmp          ) [ 0111111111]
br_ln313          (br            ) [ 0000000000]
store_ln326       (store         ) [ 0000000000]
add_ln328         (add           ) [ 0000000000]
select_ln328      (select        ) [ 0001000000]
store_ln315       (store         ) [ 0000000000]
store_ln316       (store         ) [ 0000000000]
add_ln317         (add           ) [ 0001000000]
store_ln328       (store         ) [ 0000000000]
br_ln0            (br            ) [ 0000000000]
icmp_ln317        (icmp          ) [ 0101111111]
br_ln317          (br            ) [ 0000000000]
store_ln321       (store         ) [ 0000000000]
icmp_ln323        (icmp          ) [ 0000000000]
add_ln323         (add           ) [ 0000000000]
select_ln323      (select        ) [ 0000100000]
store_ln323       (store         ) [ 0000000000]
br_ln0            (br            ) [ 0000000000]
tmp_s             (call          ) [ 0000000000]
res_out_V_0       (extractvalue  ) [ 0100000001]
res_out_V_1       (extractvalue  ) [ 0100000001]
p_0               (bitconcatenate) [ 0000000000]
write_ln174       (write         ) [ 0000000000]
br_ln310          (br            ) [ 0000000000]
store_ln318       (store         ) [ 0000000000]
store_ln319       (store         ) [ 0000000000]
br_ln320          (br            ) [ 0000000000]
ret_ln330         (ret           ) [ 0000000000]
</LifeTime>

<model>

<comp_list>
<comp id="0" class="1000" name="layer12_out">
<pin_list>
<pin id="1" dir="1" index="0" bw="1" slack="0"/>
</pin_list>
<bind>
<StgValue><ssdm name="layer12_out"/></StgValue>
</bind>
</comp>

<comp id="2" class="1000" name="p_read">
<pin_list>
<pin id="3" dir="1" index="0" bw="1" slack="0"/>
</pin_list>
<bind>
<StgValue><ssdm name="p_read"/></StgValue>
</bind>
</comp>

<comp id="4" class="1000" name="p_read1">
<pin_list>
<pin id="5" dir="1" index="0" bw="1" slack="0"/>
</pin_list>
<bind>
<StgValue><ssdm name="p_read1"/></StgValue>
</bind>
</comp>

<comp id="6" class="1000" name="kernel_data_V_5_2">
<pin_list>
<pin id="7" dir="1" index="0" bw="1" slack="0"/>
</pin_list>
<bind>
<StgValue><ssdm name="kernel_data_V_5_2"/></StgValue>
</bind>
</comp>

<comp id="8" class="1000" name="kernel_data_V_5_0">
<pin_list>
<pin id="9" dir="1" index="0" bw="1" slack="0"/>
</pin_list>
<bind>
<StgValue><ssdm name="kernel_data_V_5_0"/></StgValue>
</bind>
</comp>

<comp id="10" class="1000" name="kernel_data_V_5_8">
<pin_list>
<pin id="11" dir="1" index="0" bw="1" slack="0"/>
</pin_list>
<bind>
<StgValue><ssdm name="kernel_data_V_5_8"/></StgValue>
</bind>
</comp>

<comp id="12" class="1000" name="kernel_data_V_5_6">
<pin_list>
<pin id="13" dir="1" index="0" bw="1" slack="0"/>
</pin_list>
<bind>
<StgValue><ssdm name="kernel_data_V_5_6"/></StgValue>
</bind>
</comp>

<comp id="14" class="1000" name="kernel_data_V_5_9">
<pin_list>
<pin id="15" dir="1" index="0" bw="1" slack="0"/>
</pin_list>
<bind>
<StgValue><ssdm name="kernel_data_V_5_9"/></StgValue>
</bind>
</comp>

<comp id="16" class="1000" name="kernel_data_V_5_7">
<pin_list>
<pin id="17" dir="1" index="0" bw="1" slack="0"/>
</pin_list>
<bind>
<StgValue><ssdm name="kernel_data_V_5_7"/></StgValue>
</bind>
</comp>

<comp id="18" class="1000" name="kernel_data_V_5_14">
<pin_list>
<pin id="19" dir="1" index="0" bw="1" slack="0"/>
</pin_list>
<bind>
<StgValue><ssdm name="kernel_data_V_5_14"/></StgValue>
</bind>
</comp>

<comp id="20" class="1000" name="kernel_data_V_5_12">
<pin_list>
<pin id="21" dir="1" index="0" bw="1" slack="0"/>
</pin_list>
<bind>
<StgValue><ssdm name="kernel_data_V_5_12"/></StgValue>
</bind>
</comp>

<comp id="22" class="1000" name="kernel_data_V_5_4">
<pin_list>
<pin id="23" dir="1" index="0" bw="1" slack="0"/>
</pin_list>
<bind>
<StgValue><ssdm name="kernel_data_V_5_4"/></StgValue>
</bind>
</comp>

<comp id="24" class="1000" name="kernel_data_V_5_5">
<pin_list>
<pin id="25" dir="1" index="0" bw="1" slack="0"/>
</pin_list>
<bind>
<StgValue><ssdm name="kernel_data_V_5_5"/></StgValue>
</bind>
</comp>

<comp id="26" class="1000" name="kernel_data_V_5_3">
<pin_list>
<pin id="27" dir="1" index="0" bw="1" slack="0"/>
</pin_list>
<bind>
<StgValue><ssdm name="kernel_data_V_5_3"/></StgValue>
</bind>
</comp>

<comp id="28" class="1000" name="kernel_data_V_5_10">
<pin_list>
<pin id="29" dir="1" index="0" bw="1" slack="0"/>
</pin_list>
<bind>
<StgValue><ssdm name="kernel_data_V_5_10"/></StgValue>
</bind>
</comp>

<comp id="30" class="1000" name="kernel_data_V_5_11">
<pin_list>
<pin id="31" dir="1" index="0" bw="1" slack="0"/>
</pin_list>
<bind>
<StgValue><ssdm name="kernel_data_V_5_11"/></StgValue>
</bind>
</comp>

<comp id="32" class="1000" name="kernel_data_V_5_16">
<pin_list>
<pin id="33" dir="1" index="0" bw="1" slack="0"/>
</pin_list>
<bind>
<StgValue><ssdm name="kernel_data_V_5_16"/></StgValue>
</bind>
</comp>

<comp id="34" class="1000" name="kernel_data_V_5_17">
<pin_list>
<pin id="35" dir="1" index="0" bw="1" slack="0"/>
</pin_list>
<bind>
<StgValue><ssdm name="kernel_data_V_5_17"/></StgValue>
</bind>
</comp>

<comp id="36" class="1000" name="kernel_data_V_5_15">
<pin_list>
<pin id="37" dir="1" index="0" bw="1" slack="0"/>
</pin_list>
<bind>
<StgValue><ssdm name="kernel_data_V_5_15"/></StgValue>
</bind>
</comp>

<comp id="38" class="1000" name="line_buffer_Array_5_0_0">
<pin_list>
<pin id="39" dir="1" index="0" bw="1" slack="0"/>
</pin_list>
<bind>
<StgValue><ssdm name="line_buffer_Array_5_0_0"/><MemPortTyVec>2 </MemPortTyVec>
</StgValue>
</bind>
</comp>

<comp id="40" class="1000" name="line_buffer_Array_5_1_0">
<pin_list>
<pin id="41" dir="1" index="0" bw="1" slack="0"/>
</pin_list>
<bind>
<StgValue><ssdm name="line_buffer_Array_5_1_0"/><MemPortTyVec>2 </MemPortTyVec>
</StgValue>
</bind>
</comp>

<comp id="42" class="1000" name="line_buffer_Array_5_0_1">
<pin_list>
<pin id="43" dir="1" index="0" bw="1" slack="0"/>
</pin_list>
<bind>
<StgValue><ssdm name="line_buffer_Array_5_0_1"/><MemPortTyVec>2 </MemPortTyVec>
</StgValue>
</bind>
</comp>

<comp id="44" class="1000" name="line_buffer_Array_5_1_1">
<pin_list>
<pin id="45" dir="1" index="0" bw="1" slack="0"/>
</pin_list>
<bind>
<StgValue><ssdm name="line_buffer_Array_5_1_1"/><MemPortTyVec>2 </MemPortTyVec>
</StgValue>
</bind>
</comp>

<comp id="46" class="1000" name="sX_5">
<pin_list>
<pin id="47" dir="1" index="0" bw="1" slack="0"/>
</pin_list>
<bind>
<StgValue><ssdm name="sX_5"/></StgValue>
</bind>
</comp>

<comp id="48" class="1000" name="sY_5">
<pin_list>
<pin id="49" dir="1" index="0" bw="1" slack="0"/>
</pin_list>
<bind>
<StgValue><ssdm name="sY_5"/></StgValue>
</bind>
</comp>

<comp id="50" class="1000" name="pY_5">
<pin_list>
<pin id="51" dir="1" index="0" bw="1" slack="0"/>
</pin_list>
<bind>
<StgValue><ssdm name="pY_5"/></StgValue>
</bind>
</comp>

<comp id="52" class="1000" name="pX_5">
<pin_list>
<pin id="53" dir="1" index="0" bw="1" slack="0"/>
</pin_list>
<bind>
<StgValue><ssdm name="pX_5"/></StgValue>
</bind>
</comp>

<comp id="54" class="1001" name="const_54">
<pin_list>
<pin id="55" dir="1" index="0" bw="1" slack="0"/>
</pin_list>
<bind>
<StgValue><ssdm name="_ssdm_op_Read.ap_auto.i16"/></StgValue>
</bind>
</comp>

<comp id="56" class="1001" name="const_56">
<pin_list>
<pin id="57" dir="1" index="0" bw="1" slack="0"/>
</pin_list>
<bind>
<StgValue><ssdm name="shift_line_buffer<array<ap_fixed<16, 6, 5, 3, 0>, 2u>, config12>"/></StgValue>
</bind>
</comp>

<comp id="58" class="1001" name="const_58">
<pin_list>
<pin id="59" dir="1" index="0" bw="1" slack="0"/>
</pin_list>
<bind>
<StgValue><ssdm name=""/></StgValue>
</bind>
</comp>

<comp id="60" class="1001" name="const_60">
<pin_list>
<pin id="61" dir="1" index="0" bw="1" slack="2147483647"/>
</pin_list>
<bind>
<StgValue><ssdm name="_ssdm_op_SpecInterface"/></StgValue>
</bind>
</comp>

<comp id="62" class="1001" name="const_62">
<pin_list>
<pin id="63" dir="1" index="0" bw="1" slack="2147483647"/>
</pin_list>
<bind>
<StgValue><ssdm name="empty_5"/></StgValue>
</bind>
</comp>

<comp id="64" class="1001" name="const_64">
<pin_list>
<pin id="65" dir="1" index="0" bw="1" slack="0"/>
</pin_list>
<bind>
<StgValue><ssdm name=""/></StgValue>
</bind>
</comp>

<comp id="66" class="1001" name="const_66">
<pin_list>
<pin id="67" dir="1" index="0" bw="1" slack="2147483647"/>
</pin_list>
<bind>
<StgValue><ssdm name="empty_3"/></StgValue>
</bind>
</comp>

<comp id="68" class="1001" name="const_68">
<pin_list>
<pin id="69" dir="1" index="0" bw="1" slack="0"/>
</pin_list>
<bind>
<StgValue><ssdm name=""/></StgValue>
</bind>
</comp>

<comp id="70" class="1001" name="const_70">
<pin_list>
<pin id="71" dir="1" index="0" bw="1" slack="0"/>
</pin_list>
<bind>
<StgValue><ssdm name="_ssdm_op_PartSelect.i31.i32.i32.i32"/></StgValue>
</bind>
</comp>

<comp id="72" class="1001" name="const_72">
<pin_list>
<pin id="73" dir="1" index="0" bw="1" slack="0"/>
</pin_list>
<bind>
<StgValue><ssdm name=""/></StgValue>
</bind>
</comp>

<comp id="74" class="1001" name="const_74">
<pin_list>
<pin id="75" dir="1" index="0" bw="1" slack="0"/>
</pin_list>
<bind>
<StgValue><ssdm name=""/></StgValue>
</bind>
</comp>

<comp id="76" class="1001" name="const_76">
<pin_list>
<pin id="77" dir="1" index="0" bw="1" slack="0"/>
</pin_list>
<bind>
<StgValue><ssdm name="dense_latency<ap_fixed<16, 6, 5, 3, 0>, ap_fixed<16, 6, 5, 3, 0>, config12_mult>"/></StgValue>
</bind>
</comp>

<comp id="78" class="1001" name="const_78">
<pin_list>
<pin id="79" dir="1" index="0" bw="1" slack="0"/>
</pin_list>
<bind>
<StgValue><ssdm name=""/></StgValue>
</bind>
</comp>

<comp id="80" class="1001" name="const_80">
<pin_list>
<pin id="81" dir="1" index="0" bw="1" slack="0"/>
</pin_list>
<bind>
<StgValue><ssdm name="_ssdm_op_BitConcatenate.i32.i16.i16"/></StgValue>
</bind>
</comp>

<comp id="82" class="1001" name="const_82">
<pin_list>
<pin id="83" dir="1" index="0" bw="1" slack="0"/>
</pin_list>
<bind>
<StgValue><ssdm name="_ssdm_op_Write.ap_fifo.volatile.i32P0A"/></StgValue>
</bind>
</comp>

<comp id="84" class="1004" name="p_read13_read_fu_84">
<pin_list>
<pin id="85" dir="0" index="0" bw="16" slack="0"/>
<pin id="86" dir="0" index="1" bw="16" slack="0"/>
<pin id="87" dir="1" index="2" bw="16" slack="0"/>
</pin_list>
<bind>
<opcode="read(1150) " fcode="read"/>
<opset="p_read13/1 "/>
</bind>
</comp>

<comp id="90" class="1004" name="p_read_11_read_fu_90">
<pin_list>
<pin id="91" dir="0" index="0" bw="16" slack="0"/>
<pin id="92" dir="0" index="1" bw="16" slack="0"/>
<pin id="93" dir="1" index="2" bw="16" slack="0"/>
</pin_list>
<bind>
<opcode="read(1150) " fcode="read"/>
<opset="p_read_11/1 "/>
</bind>
</comp>

<comp id="96" class="1004" name="write_ln174_write_fu_96">
<pin_list>
<pin id="97" dir="0" index="0" bw="0" slack="0"/>
<pin id="98" dir="0" index="1" bw="32" slack="0"/>
<pin id="99" dir="0" index="2" bw="32" slack="0"/>
<pin id="100" dir="1" index="3" bw="0" slack="2147483647"/>
</pin_list>
<bind>
<opcode="write(1151) " fcode="write"/>
<opset="write_ln174/9 "/>
</bind>
</comp>

<comp id="103" class="1004" name="grp_dense_latency_ap_fixed_16_6_5_3_0_ap_fixed_16_6_5_3_0_config12_mult_s_fu_103">
<pin_list>
<pin id="104" dir="0" index="0" bw="32" slack="0"/>
<pin id="105" dir="0" index="1" bw="16" slack="0"/>
<pin id="106" dir="0" index="2" bw="16" slack="0"/>
<pin id="107" dir="0" index="3" bw="16" slack="0"/>
<pin id="108" dir="0" index="4" bw="16" slack="0"/>
<pin id="109" dir="0" index="5" bw="16" slack="0"/>
<pin id="110" dir="0" index="6" bw="16" slack="0"/>
<pin id="111" dir="0" index="7" bw="16" slack="0"/>
<pin id="112" dir="0" index="8" bw="16" slack="0"/>
<pin id="113" dir="0" index="9" bw="16" slack="0"/>
<pin id="114" dir="0" index="10" bw="16" slack="0"/>
<pin id="115" dir="0" index="11" bw="16" slack="0"/>
<pin id="116" dir="0" index="12" bw="16" slack="0"/>
<pin id="117" dir="0" index="13" bw="16" slack="0"/>
<pin id="118" dir="0" index="14" bw="16" slack="0"/>
<pin id="119" dir="0" index="15" bw="16" slack="0"/>
<pin id="120" dir="1" index="16" bw="32" slack="0"/>
</pin_list>
<bind>
<opcode="call(48) " fcode="call"/>
<opset="tmp_s/2 "/>
</bind>
</comp>

<comp id="137" class="1004" name="call_ln286_shift_line_buffer_array_ap_fixed_16_6_5_3_0_2u_config12_s_fu_137">
<pin_list>
<pin id="138" dir="0" index="0" bw="0" slack="0"/>
<pin id="139" dir="0" index="1" bw="16" slack="0"/>
<pin id="140" dir="0" index="2" bw="16" slack="0"/>
<pin id="141" dir="0" index="3" bw="16" slack="0"/>
<pin id="142" dir="0" index="4" bw="16" slack="0"/>
<pin id="143" dir="0" index="5" bw="16" slack="0"/>
<pin id="144" dir="0" index="6" bw="16" slack="0"/>
<pin id="145" dir="0" index="7" bw="16" slack="0"/>
<pin id="146" dir="0" index="8" bw="16" slack="0"/>
<pin id="147" dir="0" index="9" bw="16" slack="0"/>
<pin id="148" dir="0" index="10" bw="16" slack="0"/>
<pin id="149" dir="0" index="11" bw="16" slack="0"/>
<pin id="150" dir="0" index="12" bw="16" slack="0"/>
<pin id="151" dir="0" index="13" bw="16" slack="0"/>
<pin id="152" dir="0" index="14" bw="16" slack="0"/>
<pin id="153" dir="0" index="15" bw="16" slack="0"/>
<pin id="154" dir="0" index="16" bw="16" slack="0"/>
<pin id="155" dir="0" index="17" bw="16" slack="0"/>
<pin id="156" dir="0" index="18" bw="16" slack="0"/>
<pin id="157" dir="0" index="19" bw="16" slack="0"/>
<pin id="158" dir="0" index="20" bw="16" slack="0"/>
<pin id="159" dir="0" index="21" bw="16" slack="0"/>
<pin id="160" dir="0" index="22" bw="16" slack="0"/>
<pin id="161" dir="1" index="23" bw="0" slack="2147483647"/>
</pin_list>
<bind>
<opcode="call(48) " fcode="call"/>
<opset="call_ln286/1 "/>
</bind>
</comp>

<comp id="185" class="1004" name="grp_fu_185">
<pin_list>
<pin id="186" dir="0" index="0" bw="32" slack="0"/>
<pin id="187" dir="0" index="1" bw="32" slack="0"/>
<pin id="188" dir="1" index="2" bw="1" slack="0"/>
</pin_list>
<bind>
<opcode="icmp(45) " fcode="icmp"/>
<opset="icmp_ln289_4/2 icmp_ln323/3 "/>
</bind>
</comp>

<comp id="190" class="1004" name="pX_5_load_load_fu_190">
<pin_list>
<pin id="191" dir="0" index="0" bw="32" slack="0"/>
<pin id="192" dir="1" index="1" bw="32" slack="0"/>
</pin_list>
<bind>
<opcode="load(27) " fcode="load"/>
<opset="pX_5_load/1 "/>
</bind>
</comp>

<comp id="194" class="1004" name="add_ln313_fu_194">
<pin_list>
<pin id="195" dir="0" index="0" bw="32" slack="0"/>
<pin id="196" dir="0" index="1" bw="1" slack="0"/>
<pin id="197" dir="1" index="2" bw="32" slack="1"/>
</pin_list>
<bind>
<opcode="add(8) " fcode="add"/>
<opset="add_ln313/1 "/>
</bind>
</comp>

<comp id="200" class="1004" name="sX_5_load_load_fu_200">
<pin_list>
<pin id="201" dir="0" index="0" bw="32" slack="0"/>
<pin id="202" dir="1" index="1" bw="32" slack="0"/>
</pin_list>
<bind>
<opcode="load(27) " fcode="load"/>
<opset="sX_5_load/2 "/>
</bind>
</comp>

<comp id="204" class="1004" name="icmp_ln289_fu_204">
<pin_list>
<pin id="205" dir="0" index="0" bw="32" slack="0"/>
<pin id="206" dir="0" index="1" bw="32" slack="0"/>
<pin id="207" dir="1" index="2" bw="1" slack="0"/>
</pin_list>
<bind>
<opcode="icmp(45) " fcode="icmp"/>
<opset="icmp_ln289/2 "/>
</bind>
</comp>

<comp id="210" class="1004" name="sY_5_load_load_fu_210">
<pin_list>
<pin id="211" dir="0" index="0" bw="32" slack="0"/>
<pin id="212" dir="1" index="1" bw="32" slack="0"/>
</pin_list>
<bind>
<opcode="load(27) " fcode="load"/>
<opset="sY_5_load/2 "/>
</bind>
</comp>

<comp id="215" class="1004" name="pY_5_load_load_fu_215">
<pin_list>
<pin id="216" dir="0" index="0" bw="32" slack="0"/>
<pin id="217" dir="1" index="1" bw="32" slack="0"/>
</pin_list>
<bind>
<opcode="load(27) " fcode="load"/>
<opset="pY_5_load/2 "/>
</bind>
</comp>

<comp id="219" class="1004" name="tmp_fu_219">
<pin_list>
<pin id="220" dir="0" index="0" bw="31" slack="0"/>
<pin id="221" dir="0" index="1" bw="32" slack="0"/>
<pin id="222" dir="0" index="2" bw="1" slack="0"/>
<pin id="223" dir="0" index="3" bw="6" slack="0"/>
<pin id="224" dir="1" index="4" bw="31" slack="0"/>
</pin_list>
<bind>
<opcode="partselect(1002) " fcode="partselect"/>
<opset="tmp/2 "/>
</bind>
</comp>

<comp id="229" class="1004" name="icmp_ln289_6_fu_229">
<pin_list>
<pin id="230" dir="0" index="0" bw="31" slack="0"/>
<pin id="231" dir="0" index="1" bw="31" slack="0"/>
<pin id="232" dir="1" index="2" bw="1" slack="0"/>
</pin_list>
<bind>
<opcode="icmp(45) " fcode="icmp"/>
<opset="icmp_ln289_6/2 "/>
</bind>
</comp>

<comp id="235" class="1004" name="tmp_93_fu_235">
<pin_list>
<pin id="236" dir="0" index="0" bw="31" slack="0"/>
<pin id="237" dir="0" index="1" bw="32" slack="1"/>
<pin id="238" dir="0" index="2" bw="1" slack="0"/>
<pin id="239" dir="0" index="3" bw="6" slack="0"/>
<pin id="240" dir="1" index="4" bw="31" slack="0"/>
</pin_list>
<bind>
<opcode="partselect(1002) " fcode="partselect"/>
<opset="tmp_93/2 "/>
</bind>
</comp>

<comp id="244" class="1004" name="icmp_ln289_7_fu_244">
<pin_list>
<pin id="245" dir="0" index="0" bw="31" slack="0"/>
<pin id="246" dir="0" index="1" bw="31" slack="0"/>
<pin id="247" dir="1" index="2" bw="1" slack="0"/>
</pin_list>
<bind>
<opcode="icmp(45) " fcode="icmp"/>
<opset="icmp_ln289_7/2 "/>
</bind>
</comp>

<comp id="250" class="1004" name="and_ln289_fu_250">
<pin_list>
<pin id="251" dir="0" index="0" bw="1" slack="0"/>
<pin id="252" dir="0" index="1" bw="1" slack="0"/>
<pin id="253" dir="1" index="2" bw="1" slack="0"/>
</pin_list>
<bind>
<opcode="and(23) " fcode="and"/>
<opset="and_ln289/2 "/>
</bind>
</comp>

<comp id="256" class="1004" name="and_ln289_2_fu_256">
<pin_list>
<pin id="257" dir="0" index="0" bw="1" slack="0"/>
<pin id="258" dir="0" index="1" bw="1" slack="0"/>
<pin id="259" dir="1" index="2" bw="1" slack="1"/>
</pin_list>
<bind>
<opcode="and(23) " fcode="and"/>
<opset="and_ln289_2/2 "/>
</bind>
</comp>

<comp id="262" class="1004" name="icmp_ln313_fu_262">
<pin_list>
<pin id="263" dir="0" index="0" bw="32" slack="1"/>
<pin id="264" dir="0" index="1" bw="32" slack="0"/>
<pin id="265" dir="1" index="2" bw="1" slack="1"/>
</pin_list>
<bind>
<opcode="icmp(45) " fcode="icmp"/>
<opset="icmp_ln313/2 "/>
</bind>
</comp>

<comp id="267" class="1004" name="store_ln326_store_fu_267">
<pin_list>
<pin id="268" dir="0" index="0" bw="32" slack="1"/>
<pin id="269" dir="0" index="1" bw="32" slack="0"/>
<pin id="270" dir="1" index="2" bw="0" slack="2147483647"/>
</pin_list>
<bind>
<opcode="store(28) " fcode="store"/>
<opset="store_ln326/2 "/>
</bind>
</comp>

<comp id="272" class="1004" name="add_ln328_fu_272">
<pin_list>
<pin id="273" dir="0" index="0" bw="32" slack="0"/>
<pin id="274" dir="0" index="1" bw="1" slack="0"/>
<pin id="275" dir="1" index="2" bw="32" slack="0"/>
</pin_list>
<bind>
<opcode="add(8) " fcode="add"/>
<opset="add_ln328/2 "/>
</bind>
</comp>

<comp id="278" class="1004" name="select_ln328_fu_278">
<pin_list>
<pin id="279" dir="0" index="0" bw="1" slack="0"/>
<pin id="280" dir="0" index="1" bw="32" slack="0"/>
<pin id="281" dir="0" index="2" bw="32" slack="0"/>
<pin id="282" dir="1" index="3" bw="32" slack="1"/>
</pin_list>
<bind>
<opcode="select(49) " fcode="select"/>
<opset="select_ln328/2 "/>
</bind>
</comp>

<comp id="286" class="1004" name="store_ln315_store_fu_286">
<pin_list>
<pin id="287" dir="0" index="0" bw="1" slack="0"/>
<pin id="288" dir="0" index="1" bw="32" slack="0"/>
<pin id="289" dir="1" index="2" bw="0" slack="2147483647"/>
</pin_list>
<bind>
<opcode="store(28) " fcode="store"/>
<opset="store_ln315/2 "/>
</bind>
</comp>

<comp id="292" class="1004" name="store_ln316_store_fu_292">
<pin_list>
<pin id="293" dir="0" index="0" bw="1" slack="0"/>
<pin id="294" dir="0" index="1" bw="32" slack="0"/>
<pin id="295" dir="1" index="2" bw="0" slack="2147483647"/>
</pin_list>
<bind>
<opcode="store(28) " fcode="store"/>
<opset="store_ln316/2 "/>
</bind>
</comp>

<comp id="298" class="1004" name="add_ln317_fu_298">
<pin_list>
<pin id="299" dir="0" index="0" bw="32" slack="0"/>
<pin id="300" dir="0" index="1" bw="1" slack="0"/>
<pin id="301" dir="1" index="2" bw="32" slack="1"/>
</pin_list>
<bind>
<opcode="add(8) " fcode="add"/>
<opset="add_ln317/2 "/>
</bind>
</comp>

<comp id="304" class="1004" name="store_ln328_store_fu_304">
<pin_list>
<pin id="305" dir="0" index="0" bw="32" slack="1"/>
<pin id="306" dir="0" index="1" bw="32" slack="0"/>
<pin id="307" dir="1" index="2" bw="0" slack="2147483647"/>
</pin_list>
<bind>
<opcode="store(28) " fcode="store"/>
<opset="store_ln328/3 "/>
</bind>
</comp>

<comp id="309" class="1004" name="icmp_ln317_fu_309">
<pin_list>
<pin id="310" dir="0" index="0" bw="32" slack="1"/>
<pin id="311" dir="0" index="1" bw="32" slack="0"/>
<pin id="312" dir="1" index="2" bw="1" slack="1"/>
</pin_list>
<bind>
<opcode="icmp(45) " fcode="icmp"/>
<opset="icmp_ln317/3 "/>
</bind>
</comp>

<comp id="314" class="1004" name="store_ln321_store_fu_314">
<pin_list>
<pin id="315" dir="0" index="0" bw="32" slack="1"/>
<pin id="316" dir="0" index="1" bw="32" slack="0"/>
<pin id="317" dir="1" index="2" bw="0" slack="2147483647"/>
</pin_list>
<bind>
<opcode="store(28) " fcode="store"/>
<opset="store_ln321/3 "/>
</bind>
</comp>

<comp id="319" class="1004" name="add_ln323_fu_319">
<pin_list>
<pin id="320" dir="0" index="0" bw="32" slack="1"/>
<pin id="321" dir="0" index="1" bw="1" slack="0"/>
<pin id="322" dir="1" index="2" bw="32" slack="0"/>
</pin_list>
<bind>
<opcode="add(8) " fcode="add"/>
<opset="add_ln323/3 "/>
</bind>
</comp>

<comp id="324" class="1004" name="select_ln323_fu_324">
<pin_list>
<pin id="325" dir="0" index="0" bw="1" slack="0"/>
<pin id="326" dir="0" index="1" bw="32" slack="0"/>
<pin id="327" dir="0" index="2" bw="32" slack="0"/>
<pin id="328" dir="1" index="3" bw="32" slack="1"/>
</pin_list>
<bind>
<opcode="select(49) " fcode="select"/>
<opset="select_ln323/3 "/>
</bind>
</comp>

<comp id="332" class="1004" name="store_ln323_store_fu_332">
<pin_list>
<pin id="333" dir="0" index="0" bw="32" slack="1"/>
<pin id="334" dir="0" index="1" bw="32" slack="0"/>
<pin id="335" dir="1" index="2" bw="0" slack="2147483647"/>
</pin_list>
<bind>
<opcode="store(28) " fcode="store"/>
<opset="store_ln323/4 "/>
</bind>
</comp>

<comp id="337" class="1004" name="res_out_V_0_fu_337">
<pin_list>
<pin id="338" dir="0" index="0" bw="32" slack="0"/>
<pin id="339" dir="1" index="1" bw="16" slack="1"/>
</pin_list>
<bind>
<opcode="extractvalue(56) " fcode="extractvalue"/>
<opset="res_out_V_0/8 "/>
</bind>
</comp>

<comp id="341" class="1004" name="res_out_V_1_fu_341">
<pin_list>
<pin id="342" dir="0" index="0" bw="32" slack="0"/>
<pin id="343" dir="1" index="1" bw="16" slack="1"/>
</pin_list>
<bind>
<opcode="extractvalue(56) " fcode="extractvalue"/>
<opset="res_out_V_1/8 "/>
</bind>
</comp>

<comp id="345" class="1004" name="p_0_fu_345">
<pin_list>
<pin id="346" dir="0" index="0" bw="32" slack="0"/>
<pin id="347" dir="0" index="1" bw="16" slack="1"/>
<pin id="348" dir="0" index="2" bw="16" slack="1"/>
<pin id="349" dir="1" index="3" bw="32" slack="0"/>
</pin_list>
<bind>
<opcode="bitconcatenate(1004) " fcode="bitconcatenate"/>
<opset="p_0/9 "/>
</bind>
</comp>

<comp id="352" class="1004" name="store_ln318_store_fu_352">
<pin_list>
<pin id="353" dir="0" index="0" bw="1" slack="0"/>
<pin id="354" dir="0" index="1" bw="32" slack="0"/>
<pin id="355" dir="1" index="2" bw="0" slack="2147483647"/>
</pin_list>
<bind>
<opcode="store(28) " fcode="store"/>
<opset="store_ln318/9 "/>
</bind>
</comp>

<comp id="358" class="1004" name="store_ln319_store_fu_358">
<pin_list>
<pin id="359" dir="0" index="0" bw="1" slack="0"/>
<pin id="360" dir="0" index="1" bw="32" slack="0"/>
<pin id="361" dir="1" index="2" bw="0" slack="2147483647"/>
</pin_list>
<bind>
<opcode="store(28) " fcode="store"/>
<opset="store_ln319/9 "/>
</bind>
</comp>

<comp id="364" class="1005" name="pX_5_load_reg_364">
<pin_list>
<pin id="365" dir="0" index="0" bw="32" slack="1"/>
<pin id="366" dir="1" index="1" bw="32" slack="1"/>
</pin_list>
<bind>
<opset="pX_5_load "/>
</bind>
</comp>

<comp id="369" class="1005" name="add_ln313_reg_369">
<pin_list>
<pin id="370" dir="0" index="0" bw="32" slack="1"/>
<pin id="371" dir="1" index="1" bw="32" slack="1"/>
</pin_list>
<bind>
<opset="add_ln313 "/>
</bind>
</comp>

<comp id="375" class="1005" name="icmp_ln289_reg_375">
<pin_list>
<pin id="376" dir="0" index="0" bw="1" slack="1"/>
<pin id="377" dir="1" index="1" bw="1" slack="2147483647"/>
</pin_list>
<bind>
<opset="icmp_ln289 "/>
</bind>
</comp>

<comp id="379" class="1005" name="sY_5_load_reg_379">
<pin_list>
<pin id="380" dir="0" index="0" bw="32" slack="1"/>
<pin id="381" dir="1" index="1" bw="32" slack="1"/>
</pin_list>
<bind>
<opset="sY_5_load "/>
</bind>
</comp>

<comp id="385" class="1005" name="and_ln289_2_reg_385">
<pin_list>
<pin id="386" dir="0" index="0" bw="1" slack="1"/>
<pin id="387" dir="1" index="1" bw="1" slack="2147483647"/>
</pin_list>
<bind>
<opset="and_ln289_2 "/>
</bind>
</comp>

<comp id="389" class="1005" name="icmp_ln313_reg_389">
<pin_list>
<pin id="390" dir="0" index="0" bw="1" slack="1"/>
<pin id="391" dir="1" index="1" bw="1" slack="2147483647"/>
</pin_list>
<bind>
<opset="icmp_ln313 "/>
</bind>
</comp>

<comp id="393" class="1005" name="select_ln328_reg_393">
<pin_list>
<pin id="394" dir="0" index="0" bw="32" slack="1"/>
<pin id="395" dir="1" index="1" bw="32" slack="1"/>
</pin_list>
<bind>
<opset="select_ln328 "/>
</bind>
</comp>

<comp id="398" class="1005" name="add_ln317_reg_398">
<pin_list>
<pin id="399" dir="0" index="0" bw="32" slack="1"/>
<pin id="400" dir="1" index="1" bw="32" slack="1"/>
</pin_list>
<bind>
<opset="add_ln317 "/>
</bind>
</comp>

<comp id="404" class="1005" name="icmp_ln317_reg_404">
<pin_list>
<pin id="405" dir="0" index="0" bw="1" slack="1"/>
<pin id="406" dir="1" index="1" bw="1" slack="2147483647"/>
</pin_list>
<bind>
<opset="icmp_ln317 "/>
</bind>
</comp>

<comp id="408" class="1005" name="select_ln323_reg_408">
<pin_list>
<pin id="409" dir="0" index="0" bw="32" slack="1"/>
<pin id="410" dir="1" index="1" bw="32" slack="1"/>
</pin_list>
<bind>
<opset="select_ln323 "/>
</bind>
</comp>

<comp id="413" class="1005" name="res_out_V_0_reg_413">
<pin_list>
<pin id="414" dir="0" index="0" bw="16" slack="1"/>
<pin id="415" dir="1" index="1" bw="16" slack="1"/>
</pin_list>
<bind>
<opset="res_out_V_0 "/>
</bind>
</comp>

<comp id="418" class="1005" name="res_out_V_1_reg_418">
<pin_list>
<pin id="419" dir="0" index="0" bw="16" slack="1"/>
<pin id="420" dir="1" index="1" bw="16" slack="1"/>
</pin_list>
<bind>
<opset="res_out_V_1 "/>
</bind>
</comp>

</comp_list>

<net_list>
<net id="88"><net_src comp="54" pin="0"/><net_sink comp="84" pin=0"/></net>

<net id="89"><net_src comp="4" pin="0"/><net_sink comp="84" pin=1"/></net>

<net id="94"><net_src comp="54" pin="0"/><net_sink comp="90" pin=0"/></net>

<net id="95"><net_src comp="2" pin="0"/><net_sink comp="90" pin=1"/></net>

<net id="101"><net_src comp="82" pin="0"/><net_sink comp="96" pin=0"/></net>

<net id="102"><net_src comp="0" pin="0"/><net_sink comp="96" pin=1"/></net>

<net id="121"><net_src comp="76" pin="0"/><net_sink comp="103" pin=0"/></net>

<net id="122"><net_src comp="8" pin="0"/><net_sink comp="103" pin=1"/></net>

<net id="123"><net_src comp="6" pin="0"/><net_sink comp="103" pin=2"/></net>

<net id="124"><net_src comp="26" pin="0"/><net_sink comp="103" pin=3"/></net>

<net id="125"><net_src comp="22" pin="0"/><net_sink comp="103" pin=4"/></net>

<net id="126"><net_src comp="24" pin="0"/><net_sink comp="103" pin=5"/></net>

<net id="127"><net_src comp="12" pin="0"/><net_sink comp="103" pin=6"/></net>

<net id="128"><net_src comp="16" pin="0"/><net_sink comp="103" pin=7"/></net>

<net id="129"><net_src comp="10" pin="0"/><net_sink comp="103" pin=8"/></net>

<net id="130"><net_src comp="14" pin="0"/><net_sink comp="103" pin=9"/></net>

<net id="131"><net_src comp="28" pin="0"/><net_sink comp="103" pin=10"/></net>

<net id="132"><net_src comp="30" pin="0"/><net_sink comp="103" pin=11"/></net>

<net id="133"><net_src comp="20" pin="0"/><net_sink comp="103" pin=12"/></net>

<net id="134"><net_src comp="18" pin="0"/><net_sink comp="103" pin=13"/></net>

<net id="135"><net_src comp="36" pin="0"/><net_sink comp="103" pin=14"/></net>

<net id="136"><net_src comp="32" pin="0"/><net_sink comp="103" pin=15"/></net>

<net id="162"><net_src comp="56" pin="0"/><net_sink comp="137" pin=0"/></net>

<net id="163"><net_src comp="90" pin="2"/><net_sink comp="137" pin=1"/></net>

<net id="164"><net_src comp="84" pin="2"/><net_sink comp="137" pin=2"/></net>

<net id="165"><net_src comp="6" pin="0"/><net_sink comp="137" pin=3"/></net>

<net id="166"><net_src comp="8" pin="0"/><net_sink comp="137" pin=4"/></net>

<net id="167"><net_src comp="10" pin="0"/><net_sink comp="137" pin=5"/></net>

<net id="168"><net_src comp="12" pin="0"/><net_sink comp="137" pin=6"/></net>

<net id="169"><net_src comp="14" pin="0"/><net_sink comp="137" pin=7"/></net>

<net id="170"><net_src comp="16" pin="0"/><net_sink comp="137" pin=8"/></net>

<net id="171"><net_src comp="18" pin="0"/><net_sink comp="137" pin=9"/></net>

<net id="172"><net_src comp="20" pin="0"/><net_sink comp="137" pin=10"/></net>

<net id="173"><net_src comp="22" pin="0"/><net_sink comp="137" pin=11"/></net>

<net id="174"><net_src comp="24" pin="0"/><net_sink comp="137" pin=12"/></net>

<net id="175"><net_src comp="26" pin="0"/><net_sink comp="137" pin=13"/></net>

<net id="176"><net_src comp="28" pin="0"/><net_sink comp="137" pin=14"/></net>

<net id="177"><net_src comp="30" pin="0"/><net_sink comp="137" pin=15"/></net>

<net id="178"><net_src comp="32" pin="0"/><net_sink comp="137" pin=16"/></net>

<net id="179"><net_src comp="34" pin="0"/><net_sink comp="137" pin=17"/></net>

<net id="180"><net_src comp="36" pin="0"/><net_sink comp="137" pin=18"/></net>

<net id="181"><net_src comp="38" pin="0"/><net_sink comp="137" pin=19"/></net>

<net id="182"><net_src comp="40" pin="0"/><net_sink comp="137" pin=20"/></net>

<net id="183"><net_src comp="42" pin="0"/><net_sink comp="137" pin=21"/></net>

<net id="184"><net_src comp="44" pin="0"/><net_sink comp="137" pin=22"/></net>

<net id="189"><net_src comp="68" pin="0"/><net_sink comp="185" pin=1"/></net>

<net id="193"><net_src comp="52" pin="0"/><net_sink comp="190" pin=0"/></net>

<net id="198"><net_src comp="190" pin="1"/><net_sink comp="194" pin=0"/></net>

<net id="199"><net_src comp="58" pin="0"/><net_sink comp="194" pin=1"/></net>

<net id="203"><net_src comp="46" pin="0"/><net_sink comp="200" pin=0"/></net>

<net id="208"><net_src comp="200" pin="1"/><net_sink comp="204" pin=0"/></net>

<net id="209"><net_src comp="68" pin="0"/><net_sink comp="204" pin=1"/></net>

<net id="213"><net_src comp="48" pin="0"/><net_sink comp="210" pin=0"/></net>

<net id="214"><net_src comp="210" pin="1"/><net_sink comp="185" pin=0"/></net>

<net id="218"><net_src comp="50" pin="0"/><net_sink comp="215" pin=0"/></net>

<net id="225"><net_src comp="70" pin="0"/><net_sink comp="219" pin=0"/></net>

<net id="226"><net_src comp="215" pin="1"/><net_sink comp="219" pin=1"/></net>

<net id="227"><net_src comp="58" pin="0"/><net_sink comp="219" pin=2"/></net>

<net id="228"><net_src comp="72" pin="0"/><net_sink comp="219" pin=3"/></net>

<net id="233"><net_src comp="219" pin="4"/><net_sink comp="229" pin=0"/></net>

<net id="234"><net_src comp="74" pin="0"/><net_sink comp="229" pin=1"/></net>

<net id="241"><net_src comp="70" pin="0"/><net_sink comp="235" pin=0"/></net>

<net id="242"><net_src comp="58" pin="0"/><net_sink comp="235" pin=2"/></net>

<net id="243"><net_src comp="72" pin="0"/><net_sink comp="235" pin=3"/></net>

<net id="248"><net_src comp="235" pin="4"/><net_sink comp="244" pin=0"/></net>

<net id="249"><net_src comp="74" pin="0"/><net_sink comp="244" pin=1"/></net>

<net id="254"><net_src comp="229" pin="2"/><net_sink comp="250" pin=0"/></net>

<net id="255"><net_src comp="244" pin="2"/><net_sink comp="250" pin=1"/></net>

<net id="260"><net_src comp="250" pin="2"/><net_sink comp="256" pin=0"/></net>

<net id="261"><net_src comp="185" pin="2"/><net_sink comp="256" pin=1"/></net>

<net id="266"><net_src comp="78" pin="0"/><net_sink comp="262" pin=1"/></net>

<net id="271"><net_src comp="52" pin="0"/><net_sink comp="267" pin=1"/></net>

<net id="276"><net_src comp="200" pin="1"/><net_sink comp="272" pin=0"/></net>

<net id="277"><net_src comp="58" pin="0"/><net_sink comp="272" pin=1"/></net>

<net id="283"><net_src comp="204" pin="2"/><net_sink comp="278" pin=0"/></net>

<net id="284"><net_src comp="68" pin="0"/><net_sink comp="278" pin=1"/></net>

<net id="285"><net_src comp="272" pin="2"/><net_sink comp="278" pin=2"/></net>

<net id="290"><net_src comp="64" pin="0"/><net_sink comp="286" pin=0"/></net>

<net id="291"><net_src comp="52" pin="0"/><net_sink comp="286" pin=1"/></net>

<net id="296"><net_src comp="64" pin="0"/><net_sink comp="292" pin=0"/></net>

<net id="297"><net_src comp="46" pin="0"/><net_sink comp="292" pin=1"/></net>

<net id="302"><net_src comp="215" pin="1"/><net_sink comp="298" pin=0"/></net>

<net id="303"><net_src comp="58" pin="0"/><net_sink comp="298" pin=1"/></net>

<net id="308"><net_src comp="46" pin="0"/><net_sink comp="304" pin=1"/></net>

<net id="313"><net_src comp="78" pin="0"/><net_sink comp="309" pin=1"/></net>

<net id="318"><net_src comp="50" pin="0"/><net_sink comp="314" pin=1"/></net>

<net id="323"><net_src comp="58" pin="0"/><net_sink comp="319" pin=1"/></net>

<net id="329"><net_src comp="185" pin="2"/><net_sink comp="324" pin=0"/></net>

<net id="330"><net_src comp="68" pin="0"/><net_sink comp="324" pin=1"/></net>

<net id="331"><net_src comp="319" pin="2"/><net_sink comp="324" pin=2"/></net>

<net id="336"><net_src comp="48" pin="0"/><net_sink comp="332" pin=1"/></net>

<net id="340"><net_src comp="103" pin="16"/><net_sink comp="337" pin=0"/></net>

<net id="344"><net_src comp="103" pin="16"/><net_sink comp="341" pin=0"/></net>

<net id="350"><net_src comp="80" pin="0"/><net_sink comp="345" pin=0"/></net>

<net id="351"><net_src comp="345" pin="3"/><net_sink comp="96" pin=2"/></net>

<net id="356"><net_src comp="64" pin="0"/><net_sink comp="352" pin=0"/></net>

<net id="357"><net_src comp="50" pin="0"/><net_sink comp="352" pin=1"/></net>

<net id="362"><net_src comp="64" pin="0"/><net_sink comp="358" pin=0"/></net>

<net id="363"><net_src comp="48" pin="0"/><net_sink comp="358" pin=1"/></net>

<net id="367"><net_src comp="190" pin="1"/><net_sink comp="364" pin=0"/></net>

<net id="368"><net_src comp="364" pin="1"/><net_sink comp="235" pin=1"/></net>

<net id="372"><net_src comp="194" pin="2"/><net_sink comp="369" pin=0"/></net>

<net id="373"><net_src comp="369" pin="1"/><net_sink comp="262" pin=0"/></net>

<net id="374"><net_src comp="369" pin="1"/><net_sink comp="267" pin=0"/></net>

<net id="378"><net_src comp="204" pin="2"/><net_sink comp="375" pin=0"/></net>

<net id="382"><net_src comp="210" pin="1"/><net_sink comp="379" pin=0"/></net>

<net id="383"><net_src comp="379" pin="1"/><net_sink comp="185" pin=0"/></net>

<net id="384"><net_src comp="379" pin="1"/><net_sink comp="319" pin=0"/></net>

<net id="388"><net_src comp="256" pin="2"/><net_sink comp="385" pin=0"/></net>

<net id="392"><net_src comp="262" pin="2"/><net_sink comp="389" pin=0"/></net>

<net id="396"><net_src comp="278" pin="3"/><net_sink comp="393" pin=0"/></net>

<net id="397"><net_src comp="393" pin="1"/><net_sink comp="304" pin=0"/></net>

<net id="401"><net_src comp="298" pin="2"/><net_sink comp="398" pin=0"/></net>

<net id="402"><net_src comp="398" pin="1"/><net_sink comp="309" pin=0"/></net>

<net id="403"><net_src comp="398" pin="1"/><net_sink comp="314" pin=0"/></net>

<net id="407"><net_src comp="309" pin="2"/><net_sink comp="404" pin=0"/></net>

<net id="411"><net_src comp="324" pin="3"/><net_sink comp="408" pin=0"/></net>

<net id="412"><net_src comp="408" pin="1"/><net_sink comp="332" pin=0"/></net>

<net id="416"><net_src comp="337" pin="1"/><net_sink comp="413" pin=0"/></net>

<net id="417"><net_src comp="413" pin="1"/><net_sink comp="345" pin=2"/></net>

<net id="421"><net_src comp="341" pin="1"/><net_sink comp="418" pin=0"/></net>

<net id="422"><net_src comp="418" pin="1"/><net_sink comp="345" pin=1"/></net>

</net_list>

</model> 
---------------- Datapath Model END ------------------

* FSMD analyzer results:
  - Output states:
	Port: layer12_out | {9 }
	Port: p_read | {}
	Port: p_read1 | {}
	Port: kernel_data_V_5_2 | {1 }
	Port: kernel_data_V_5_0 | {1 }
	Port: kernel_data_V_5_8 | {1 }
	Port: kernel_data_V_5_6 | {1 }
	Port: kernel_data_V_5_9 | {1 }
	Port: kernel_data_V_5_7 | {1 }
	Port: kernel_data_V_5_14 | {1 }
	Port: kernel_data_V_5_12 | {1 }
	Port: kernel_data_V_5_4 | {1 }
	Port: kernel_data_V_5_5 | {1 }
	Port: kernel_data_V_5_3 | {1 }
	Port: kernel_data_V_5_10 | {1 }
	Port: kernel_data_V_5_11 | {1 }
	Port: kernel_data_V_5_16 | {1 }
	Port: kernel_data_V_5_17 | {1 }
	Port: kernel_data_V_5_15 | {1 }
	Port: line_buffer_Array_5_0_0 | {1 }
	Port: line_buffer_Array_5_1_0 | {1 }
	Port: line_buffer_Array_5_0_1 | {1 }
	Port: line_buffer_Array_5_1_1 | {1 }
	Port: sX_5 | {2 3 }
	Port: sY_5 | {4 9 }
	Port: pY_5 | {3 9 }
	Port: pX_5 | {2 }
 - Input state : 
	Port: compute_output_buffer_2d<array,array<ap_fixed<16,6,5,3,0>,2u>,config12> : layer12_out | {}
	Port: compute_output_buffer_2d<array,array<ap_fixed<16,6,5,3,0>,2u>,config12> : p_read | {1 }
	Port: compute_output_buffer_2d<array,array<ap_fixed<16,6,5,3,0>,2u>,config12> : p_read1 | {1 }
	Port: compute_output_buffer_2d<array,array<ap_fixed<16,6,5,3,0>,2u>,config12> : kernel_data_V_5_2 | {1 4 }
	Port: compute_output_buffer_2d<array,array<ap_fixed<16,6,5,3,0>,2u>,config12> : kernel_data_V_5_0 | {5 }
	Port: compute_output_buffer_2d<array,array<ap_fixed<16,6,5,3,0>,2u>,config12> : kernel_data_V_5_8 | {1 4 }
	Port: compute_output_buffer_2d<array,array<ap_fixed<16,6,5,3,0>,2u>,config12> : kernel_data_V_5_6 | {4 }
	Port: compute_output_buffer_2d<array,array<ap_fixed<16,6,5,3,0>,2u>,config12> : kernel_data_V_5_9 | {1 3 }
	Port: compute_output_buffer_2d<array,array<ap_fixed<16,6,5,3,0>,2u>,config12> : kernel_data_V_5_7 | {4 }
	Port: compute_output_buffer_2d<array,array<ap_fixed<16,6,5,3,0>,2u>,config12> : kernel_data_V_5_14 | {1 2 }
	Port: compute_output_buffer_2d<array,array<ap_fixed<16,6,5,3,0>,2u>,config12> : kernel_data_V_5_12 | {3 }
	Port: compute_output_buffer_2d<array,array<ap_fixed<16,6,5,3,0>,2u>,config12> : kernel_data_V_5_4 | {1 4 }
	Port: compute_output_buffer_2d<array,array<ap_fixed<16,6,5,3,0>,2u>,config12> : kernel_data_V_5_5 | {1 3 }
	Port: compute_output_buffer_2d<array,array<ap_fixed<16,6,5,3,0>,2u>,config12> : kernel_data_V_5_3 | {4 }
	Port: compute_output_buffer_2d<array,array<ap_fixed<16,6,5,3,0>,2u>,config12> : kernel_data_V_5_10 | {1 3 }
	Port: compute_output_buffer_2d<array,array<ap_fixed<16,6,5,3,0>,2u>,config12> : kernel_data_V_5_11 | {1 3 }
	Port: compute_output_buffer_2d<array,array<ap_fixed<16,6,5,3,0>,2u>,config12> : kernel_data_V_5_16 | {1 3 }
	Port: compute_output_buffer_2d<array,array<ap_fixed<16,6,5,3,0>,2u>,config12> : kernel_data_V_5_17 | {1 }
	Port: compute_output_buffer_2d<array,array<ap_fixed<16,6,5,3,0>,2u>,config12> : kernel_data_V_5_15 | {4 }
	Port: compute_output_buffer_2d<array,array<ap_fixed<16,6,5,3,0>,2u>,config12> : line_buffer_Array_5_0_0 | {1 }
	Port: compute_output_buffer_2d<array,array<ap_fixed<16,6,5,3,0>,2u>,config12> : line_buffer_Array_5_1_0 | {1 }
	Port: compute_output_buffer_2d<array,array<ap_fixed<16,6,5,3,0>,2u>,config12> : line_buffer_Array_5_0_1 | {1 }
	Port: compute_output_buffer_2d<array,array<ap_fixed<16,6,5,3,0>,2u>,config12> : line_buffer_Array_5_1_1 | {1 }
	Port: compute_output_buffer_2d<array,array<ap_fixed<16,6,5,3,0>,2u>,config12> : sX_5 | {2 }
	Port: compute_output_buffer_2d<array,array<ap_fixed<16,6,5,3,0>,2u>,config12> : sY_5 | {2 }
	Port: compute_output_buffer_2d<array,array<ap_fixed<16,6,5,3,0>,2u>,config12> : pY_5 | {2 }
	Port: compute_output_buffer_2d<array,array<ap_fixed<16,6,5,3,0>,2u>,config12> : pX_5 | {1 }
  - Chain level:
	State 1
		add_ln313 : 1
	State 2
		icmp_ln289 : 1
		br_ln289 : 2
		icmp_ln289_4 : 1
		tmp : 1
		icmp_ln289_6 : 2
		icmp_ln289_7 : 1
		and_ln289 : 3
		and_ln289_2 : 3
		br_ln289 : 3
		br_ln313 : 1
		add_ln328 : 1
		select_ln328 : 2
		add_ln317 : 1
	State 3
		br_ln317 : 1
		select_ln323 : 1
	State 4
	State 5
	State 6
	State 7
	State 8
		res_out_V_0 : 1
		res_out_V_1 : 1
	State 9
		write_ln174 : 1


============================================================
+ Verbose Summary: Datapath Resource usage 
============================================================

* Functional unit list:
|----------|----------------------------------------------------------------------------------|---------|---------|---------|---------|
| Operation|                                  Functional Unit                                 |   DSP   |  Delay  |    FF   |   LUT   |
|----------|----------------------------------------------------------------------------------|---------|---------|---------|---------|
|   call   | grp_dense_latency_ap_fixed_16_6_5_3_0_ap_fixed_16_6_5_3_0_config12_mult_s_fu_103 |    22   |  34.936 |   2580  |   841   |
|          |    call_ln286_shift_line_buffer_array_ap_fixed_16_6_5_3_0_2u_config12_s_fu_137   |    0    |    0    |    0    |    0    |
|----------|----------------------------------------------------------------------------------|---------|---------|---------|---------|
|          |                                 add_ln313_fu_194                                 |    0    |    0    |    0    |    39   |
|    add   |                                 add_ln328_fu_272                                 |    0    |    0    |    0    |    39   |
|          |                                 add_ln317_fu_298                                 |    0    |    0    |    0    |    39   |
|          |                                 add_ln323_fu_319                                 |    0    |    0    |    0    |    39   |
|----------|----------------------------------------------------------------------------------|---------|---------|---------|---------|
|          |                                    grp_fu_185                                    |    0    |    0    |    0    |    18   |
|          |                                 icmp_ln289_fu_204                                |    0    |    0    |    0    |    18   |
|   icmp   |                                icmp_ln289_6_fu_229                               |    0    |    0    |    0    |    17   |
|          |                                icmp_ln289_7_fu_244                               |    0    |    0    |    0    |    17   |
|          |                                 icmp_ln313_fu_262                                |    0    |    0    |    0    |    18   |
|          |                                 icmp_ln317_fu_309                                |    0    |    0    |    0    |    18   |
|----------|----------------------------------------------------------------------------------|---------|---------|---------|---------|
|  select  |                                select_ln328_fu_278                               |    0    |    0    |    0    |    32   |
|          |                                select_ln323_fu_324                               |    0    |    0    |    0    |    32   |
|----------|----------------------------------------------------------------------------------|---------|---------|---------|---------|
|    and   |                                 and_ln289_fu_250                                 |    0    |    0    |    0    |    2    |
|          |                                and_ln289_2_fu_256                                |    0    |    0    |    0    |    2    |
|----------|----------------------------------------------------------------------------------|---------|---------|---------|---------|
|   read   |                                p_read13_read_fu_84                               |    0    |    0    |    0    |    0    |
|          |                               p_read_11_read_fu_90                               |    0    |    0    |    0    |    0    |
|----------|----------------------------------------------------------------------------------|---------|---------|---------|---------|
|   write  |                              write_ln174_write_fu_96                             |    0    |    0    |    0    |    0    |
|----------|----------------------------------------------------------------------------------|---------|---------|---------|---------|
|partselect|                                    tmp_fu_219                                    |    0    |    0    |    0    |    0    |
|          |                                   tmp_93_fu_235                                  |    0    |    0    |    0    |    0    |
|----------|----------------------------------------------------------------------------------|---------|---------|---------|---------|
|extractvalue|                                res_out_V_0_fu_337                                |    0    |    0    |    0    |    0    |
|          |                                res_out_V_1_fu_341                                |    0    |    0    |    0    |    0    |
|----------|----------------------------------------------------------------------------------|---------|---------|---------|---------|
|bitconcatenate|                                    p_0_fu_345                                    |    0    |    0    |    0    |    0    |
|----------|----------------------------------------------------------------------------------|---------|---------|---------|---------|
|   Total  |                                                                                  |    22   |  34.936 |   2580  |   1171  |
|----------|----------------------------------------------------------------------------------|---------|---------|---------|---------|

Memories:
N/A

* Register list:
+--------------------+--------+
|                    |   FF   |
+--------------------+--------+
|  add_ln313_reg_369 |   32   |
|  add_ln317_reg_398 |   32   |
| and_ln289_2_reg_385|    1   |
| icmp_ln289_reg_375 |    1   |
| icmp_ln313_reg_389 |    1   |
| icmp_ln317_reg_404 |    1   |
|  pX_5_load_reg_364 |   32   |
| res_out_V_0_reg_413|   16   |
| res_out_V_1_reg_418|   16   |
|  sY_5_load_reg_379 |   32   |
|select_ln323_reg_408|   32   |
|select_ln328_reg_393|   32   |
+--------------------+--------+
|        Total       |   228  |
+--------------------+--------+

* Multiplexer (MUX) list: 
|------------|------|------|------|--------||---------||---------|
|    Comp    |  Pin | Size |  BW  | S x BW ||  Delay  ||   LUT   |
|------------|------|------|------|--------||---------||---------|
| grp_fu_185 |  p0  |   2  |  32  |   64   ||    9    |
|------------|------|------|------|--------||---------||---------|
|    Total   |      |      |      |   64   ||  1.588  ||    9    |
|------------|------|------|------|--------||---------||---------|



* Summary:
+-----------+--------+--------+--------+--------+
|           |   DSP  |  Delay |   FF   |   LUT  |
+-----------+--------+--------+--------+--------+
|  Function |   22   |   34   |  2580  |  1171  |
|   Memory  |    -   |    -   |    -   |    -   |
|Multiplexer|    -   |    1   |    -   |    9   |
|  Register |    -   |    -   |   228  |    -   |
+-----------+--------+--------+--------+--------+
|   Total   |   22   |   36   |  2808  |  1180  |
+-----------+--------+--------+--------+--------+
