

================================================================
== Vitis HLS Report for 'conv_2d_cl_array_ap_fixed_3u_array_ap_fixed_16_6_5_3_0_4u_config2_s'
================================================================
* Date:           Mon Oct 21 14:06:15 2024

* Version:        2020.2 (Build 3064766 on Wed Nov 18 09:12:47 MST 2020)
* Project:        myproject_prj
* Solution:       solution1 (Vivado IP Flow Target)
* Product family: zynq
* Target device:  xc7z020-clg484-1


================================================================
== Performance Estimates
================================================================
+ Timing: 
    * Summary: 
    +--------+---------+----------+------------+
    |  Clock |  Target | Estimated| Uncertainty|
    +--------+---------+----------+------------+
    |ap_clk  |  5.00 ns|  4.429 ns|     0.62 ns|
    +--------+---------+----------+------------+

+ Latency: 
    * Summary: 
    +---------+---------+----------+----------+-------+-------+---------+
    |  Latency (cycles) |  Latency (absolute) |    Interval   | Pipeline|
    |   min   |   max   |    min   |    max   |  min  |  max  |   Type  |
    +---------+---------+----------+----------+-------+-------+---------+
    |    32771|    32771|  0.164 ms|  0.164 ms|  32771|  32771|     none|
    +---------+---------+----------+----------+-------+-------+---------+

    + Detail: 
        * Instance: 
        N/A

        * Loop: 
        +----------------------------------+---------+---------+----------+-----------+-----------+------+----------+
        |                                  |  Latency (cycles) | Iteration|  Initiation Interval  | Trip |          |
        |             Loop Name            |   min   |   max   |  Latency |  achieved |   target  | Count| Pipelined|
        +----------------------------------+---------+---------+----------+-----------+-----------+------+----------+
        |- ReadInputHeight_ReadInputWidth  |    32769|    32769|        10|          8|          1|  4096|       yes|
        +----------------------------------+---------+---------+----------+-----------+-----------+------+----------+

============================================================
+ Verbose Summary: Synthesis Manager
============================================================
InlineROM: 1
ExposeGlobal: 0
============================================================
+ Verbose Summary: CDFG Model
============================================================
IsTopModel: 0
ResetActiveHigh: 1
IsCombinational: 2
IsDatapathOnly: 0
HasWiredReturn: 1
HasMFsm: 0
HasVarLatency: 1
IsPipeline: 0
IsRtlPipelined: 0
IsInstanceOverlapped: 0
IsDontTouch: 0
HasImplIP: 0
IsGatedGlobalClock: 0

+ Individual pipeline summary: 
  * Pipeline-0: initiation interval (II) = 8, depth = 10


============================================================
+ Verbose Summary: Schedule
============================================================
* Number of FSM states : 12
* Pipeline : 1
  Pipeline-0 : II = 8, D = 10, States = { 2 3 4 5 6 7 8 9 10 11 }
* Dataflow Pipeline: 0

* FSM state transitions: 
1 --> 2 
2 --> 12 3 
3 --> 4 
4 --> 5 
5 --> 6 
6 --> 7 
7 --> 8 
8 --> 9 
9 --> 10 
10 --> 11 
11 --> 2 
12 --> 

* FSM state operations: 

State 1 <SV = 0> <Delay = 1.58>
ST_1 : Operation 13 [1/1] (0.00ns)   --->   "%specinterface_ln0 = specinterface void @_ssdm_op_SpecInterface, i64 %layer2_out, void @empty_5, i32 0, i32 0, void @empty_3, i32 0, i32 0, void @empty_3, void @empty_3, void @empty_3, i32 0, i32 0, i32 0, i32 0, void @empty_3, void @empty_3"   --->   Operation 13 'specinterface' 'specinterface_ln0' <Predicate = true> <Delay = 0.00>
ST_1 : Operation 14 [1/1] (0.00ns)   --->   "%specinterface_ln0 = specinterface void @_ssdm_op_SpecInterface, i48 %input_1_V, void @empty_4, i32 1, i32 1, void @empty_12, i32 0, i32 0, void @empty_3, void @empty_3, void @empty_3, i32 0, i32 0, i32 0, i32 0, void @empty_3, void @empty_3"   --->   Operation 14 'specinterface' 'specinterface_ln0' <Predicate = true> <Delay = 0.00>
ST_1 : Operation 15 [1/1] (1.58ns)   --->   "%br_ln24 = br void" [firmware/nnet_utils/nnet_conv2d_stream.h:24]   --->   Operation 15 'br' 'br_ln24' <Predicate = true> <Delay = 1.58>

State 2 <SV = 1> <Delay = 2.09>
ST_2 : Operation 16 [1/1] (0.00ns)   --->   "%indvar_flatten = phi i13 0, void %codeRepl, i13 %add_ln24, void %.split3" [firmware/nnet_utils/nnet_conv2d_stream.h:24]   --->   Operation 16 'phi' 'indvar_flatten' <Predicate = true> <Delay = 0.00>
ST_2 : Operation 17 [1/1] (1.67ns)   --->   "%add_ln24 = add i13 %indvar_flatten, i13 1" [firmware/nnet_utils/nnet_conv2d_stream.h:24]   --->   Operation 17 'add' 'add_ln24' <Predicate = true> <Delay = 1.67> <CoreInst = "Adder">   --->   Core 1 'Adder' <Latency = 0> <II = 1> <Delay = 1.67> <FuncUnit> <Opcode : 'add' 'sub'> <InPorts = 2> <OutPorts = 1>
ST_2 : Operation 18 [1/1] (2.09ns)   --->   "%icmp_ln24 = icmp_eq  i13 %indvar_flatten, i13 4096" [firmware/nnet_utils/nnet_conv2d_stream.h:24]   --->   Operation 18 'icmp' 'icmp_ln24' <Predicate = true> <Delay = 2.09> <CoreInst = "Cmp">   --->   Core 9 'Cmp' <Latency = 0> <II = 1> <Delay = 2.09> <FuncUnit> <Opcode : 'icmp'> <InPorts = 2> <OutPorts = 1>
ST_2 : Operation 19 [1/1] (0.00ns)   --->   "%br_ln24 = br i1 %icmp_ln24, void %.split3, void %_ZN4nnet25conv_2d_buffer_latency_clINS_5arrayI8ap_fixedILi16ELi6EL9ap_q_mode5EL9ap_o_mode3ELi0EELj3EEENS1_IS5_Lj4EEE7config2EEvRN3hls6streamIT_Li0EEERNSA_IT0_Li0EEEPNT1_8weight_tEPNSH_6bias_tE.exit" [firmware/nnet_utils/nnet_conv2d_stream.h:24]   --->   Operation 19 'br' 'br_ln24' <Predicate = true> <Delay = 0.00>

State 3 <SV = 2> <Delay = 0.00>
ST_3 : Operation 20 [1/1] (0.00ns)   --->   "%input_1_V_read = read i48 @_ssdm_op_Read.axis.volatile.i48P128A, i48 %input_1_V" [/mnt/Data/Xilinx/Vitis_HLS/2020.2/common/technology/autopilot/hls_stream_39.h:145]   --->   Operation 20 'read' 'input_1_V_read' <Predicate = (!icmp_ln24)> <Delay = 0.00> <CoreInst = "axis">   --->   Core 115 'axis' <Latency = 0> <II = 1> <Delay = 1.00> <Adapter> <Opcode : >
ST_3 : Operation 21 [1/1] (0.00ns)   --->   "%trunc_ln145 = trunc i48 %input_1_V_read" [/mnt/Data/Xilinx/Vitis_HLS/2020.2/common/technology/autopilot/hls_stream_39.h:145]   --->   Operation 21 'trunc' 'trunc_ln145' <Predicate = (!icmp_ln24)> <Delay = 0.00>
ST_3 : Operation 22 [1/1] (0.00ns)   --->   "%trunc_ln145_s = partselect i16 @_ssdm_op_PartSelect.i16.i48.i32.i32, i48 %input_1_V_read, i32 16, i32 31" [/mnt/Data/Xilinx/Vitis_HLS/2020.2/common/technology/autopilot/hls_stream_39.h:145]   --->   Operation 22 'partselect' 'trunc_ln145_s' <Predicate = (!icmp_ln24)> <Delay = 0.00>
ST_3 : Operation 23 [1/1] (0.00ns)   --->   "%trunc_ln145_3 = partselect i16 @_ssdm_op_PartSelect.i16.i48.i32.i32, i48 %input_1_V_read, i32 32, i32 47" [/mnt/Data/Xilinx/Vitis_HLS/2020.2/common/technology/autopilot/hls_stream_39.h:145]   --->   Operation 23 'partselect' 'trunc_ln145_3' <Predicate = (!icmp_ln24)> <Delay = 0.00>
ST_3 : Operation 24 [9/9] (0.00ns)   --->   "%call_ln31 = call void @compute_output_buffer_2d<array,array<ap_fixed<16,6,5,3,0>,4u>,config2>, i64 %layer2_out, i16 %trunc_ln145, i16 %trunc_ln145_s, i16 %trunc_ln145_3, i16 %kernel_data_V_6_3, i16 %kernel_data_V_6_0, i16 %kernel_data_V_6_4, i16 %kernel_data_V_6_1, i16 %kernel_data_V_6_5, i16 %kernel_data_V_6_2, i16 %kernel_data_V_6_12, i16 %kernel_data_V_6_9, i16 %kernel_data_V_6_13, i16 %kernel_data_V_6_10, i16 %kernel_data_V_6_14, i16 %kernel_data_V_6_11, i16 %kernel_data_V_6_21, i16 %kernel_data_V_6_18, i16 %kernel_data_V_6_22, i16 %kernel_data_V_6_19, i16 %kernel_data_V_6_23, i16 %kernel_data_V_6_20, i16 %kernel_data_V_6_6, i16 %kernel_data_V_6_7, i16 %kernel_data_V_6_8, i16 %kernel_data_V_6_15, i16 %kernel_data_V_6_16, i16 %kernel_data_V_6_17, i16 %kernel_data_V_6_24, i16 %kernel_data_V_6_25, i16 %kernel_data_V_6_26, i16 %line_buffer_Array_6_0_0, i16 %line_buffer_Array_6_1_0, i16 %line_buffer_Array_6_0_1, i16 %line_buffer_Array_6_1_1, i16 %line_buffer_Array_6_0_2, i16 %line_buffer_Array_6_1_2, i32 %sX_4, i32 %sY_4, i32 %pY_4, i32 %pX_4" [firmware/nnet_utils/nnet_conv2d_stream.h:31]   --->   Operation 24 'call' 'call_ln31' <Predicate = (!icmp_ln24)> <Delay = 0.00> <CoreType = "Generic">   --->   Core 0 '' <Latency = 0> <II = 1> <Delay = 1.00> <Generic> <Opcode : >

State 4 <SV = 3> <Delay = 0.00>
ST_4 : Operation 25 [8/9] (0.00ns)   --->   "%call_ln31 = call void @compute_output_buffer_2d<array,array<ap_fixed<16,6,5,3,0>,4u>,config2>, i64 %layer2_out, i16 %trunc_ln145, i16 %trunc_ln145_s, i16 %trunc_ln145_3, i16 %kernel_data_V_6_3, i16 %kernel_data_V_6_0, i16 %kernel_data_V_6_4, i16 %kernel_data_V_6_1, i16 %kernel_data_V_6_5, i16 %kernel_data_V_6_2, i16 %kernel_data_V_6_12, i16 %kernel_data_V_6_9, i16 %kernel_data_V_6_13, i16 %kernel_data_V_6_10, i16 %kernel_data_V_6_14, i16 %kernel_data_V_6_11, i16 %kernel_data_V_6_21, i16 %kernel_data_V_6_18, i16 %kernel_data_V_6_22, i16 %kernel_data_V_6_19, i16 %kernel_data_V_6_23, i16 %kernel_data_V_6_20, i16 %kernel_data_V_6_6, i16 %kernel_data_V_6_7, i16 %kernel_data_V_6_8, i16 %kernel_data_V_6_15, i16 %kernel_data_V_6_16, i16 %kernel_data_V_6_17, i16 %kernel_data_V_6_24, i16 %kernel_data_V_6_25, i16 %kernel_data_V_6_26, i16 %line_buffer_Array_6_0_0, i16 %line_buffer_Array_6_1_0, i16 %line_buffer_Array_6_0_1, i16 %line_buffer_Array_6_1_1, i16 %line_buffer_Array_6_0_2, i16 %line_buffer_Array_6_1_2, i32 %sX_4, i32 %sY_4, i32 %pY_4, i32 %pX_4" [firmware/nnet_utils/nnet_conv2d_stream.h:31]   --->   Operation 25 'call' 'call_ln31' <Predicate = (!icmp_ln24)> <Delay = 0.00> <CoreType = "Generic">   --->   Core 0 '' <Latency = 0> <II = 1> <Delay = 1.00> <Generic> <Opcode : >

State 5 <SV = 4> <Delay = 0.00>
ST_5 : Operation 26 [7/9] (0.00ns)   --->   "%call_ln31 = call void @compute_output_buffer_2d<array,array<ap_fixed<16,6,5,3,0>,4u>,config2>, i64 %layer2_out, i16 %trunc_ln145, i16 %trunc_ln145_s, i16 %trunc_ln145_3, i16 %kernel_data_V_6_3, i16 %kernel_data_V_6_0, i16 %kernel_data_V_6_4, i16 %kernel_data_V_6_1, i16 %kernel_data_V_6_5, i16 %kernel_data_V_6_2, i16 %kernel_data_V_6_12, i16 %kernel_data_V_6_9, i16 %kernel_data_V_6_13, i16 %kernel_data_V_6_10, i16 %kernel_data_V_6_14, i16 %kernel_data_V_6_11, i16 %kernel_data_V_6_21, i16 %kernel_data_V_6_18, i16 %kernel_data_V_6_22, i16 %kernel_data_V_6_19, i16 %kernel_data_V_6_23, i16 %kernel_data_V_6_20, i16 %kernel_data_V_6_6, i16 %kernel_data_V_6_7, i16 %kernel_data_V_6_8, i16 %kernel_data_V_6_15, i16 %kernel_data_V_6_16, i16 %kernel_data_V_6_17, i16 %kernel_data_V_6_24, i16 %kernel_data_V_6_25, i16 %kernel_data_V_6_26, i16 %line_buffer_Array_6_0_0, i16 %line_buffer_Array_6_1_0, i16 %line_buffer_Array_6_0_1, i16 %line_buffer_Array_6_1_1, i16 %line_buffer_Array_6_0_2, i16 %line_buffer_Array_6_1_2, i32 %sX_4, i32 %sY_4, i32 %pY_4, i32 %pX_4" [firmware/nnet_utils/nnet_conv2d_stream.h:31]   --->   Operation 26 'call' 'call_ln31' <Predicate = (!icmp_ln24)> <Delay = 0.00> <CoreType = "Generic">   --->   Core 0 '' <Latency = 0> <II = 1> <Delay = 1.00> <Generic> <Opcode : >

State 6 <SV = 5> <Delay = 0.00>
ST_6 : Operation 27 [6/9] (0.00ns)   --->   "%call_ln31 = call void @compute_output_buffer_2d<array,array<ap_fixed<16,6,5,3,0>,4u>,config2>, i64 %layer2_out, i16 %trunc_ln145, i16 %trunc_ln145_s, i16 %trunc_ln145_3, i16 %kernel_data_V_6_3, i16 %kernel_data_V_6_0, i16 %kernel_data_V_6_4, i16 %kernel_data_V_6_1, i16 %kernel_data_V_6_5, i16 %kernel_data_V_6_2, i16 %kernel_data_V_6_12, i16 %kernel_data_V_6_9, i16 %kernel_data_V_6_13, i16 %kernel_data_V_6_10, i16 %kernel_data_V_6_14, i16 %kernel_data_V_6_11, i16 %kernel_data_V_6_21, i16 %kernel_data_V_6_18, i16 %kernel_data_V_6_22, i16 %kernel_data_V_6_19, i16 %kernel_data_V_6_23, i16 %kernel_data_V_6_20, i16 %kernel_data_V_6_6, i16 %kernel_data_V_6_7, i16 %kernel_data_V_6_8, i16 %kernel_data_V_6_15, i16 %kernel_data_V_6_16, i16 %kernel_data_V_6_17, i16 %kernel_data_V_6_24, i16 %kernel_data_V_6_25, i16 %kernel_data_V_6_26, i16 %line_buffer_Array_6_0_0, i16 %line_buffer_Array_6_1_0, i16 %line_buffer_Array_6_0_1, i16 %line_buffer_Array_6_1_1, i16 %line_buffer_Array_6_0_2, i16 %line_buffer_Array_6_1_2, i32 %sX_4, i32 %sY_4, i32 %pY_4, i32 %pX_4" [firmware/nnet_utils/nnet_conv2d_stream.h:31]   --->   Operation 27 'call' 'call_ln31' <Predicate = (!icmp_ln24)> <Delay = 0.00> <CoreType = "Generic">   --->   Core 0 '' <Latency = 0> <II = 1> <Delay = 1.00> <Generic> <Opcode : >

State 7 <SV = 6> <Delay = 0.00>
ST_7 : Operation 28 [5/9] (0.00ns)   --->   "%call_ln31 = call void @compute_output_buffer_2d<array,array<ap_fixed<16,6,5,3,0>,4u>,config2>, i64 %layer2_out, i16 %trunc_ln145, i16 %trunc_ln145_s, i16 %trunc_ln145_3, i16 %kernel_data_V_6_3, i16 %kernel_data_V_6_0, i16 %kernel_data_V_6_4, i16 %kernel_data_V_6_1, i16 %kernel_data_V_6_5, i16 %kernel_data_V_6_2, i16 %kernel_data_V_6_12, i16 %kernel_data_V_6_9, i16 %kernel_data_V_6_13, i16 %kernel_data_V_6_10, i16 %kernel_data_V_6_14, i16 %kernel_data_V_6_11, i16 %kernel_data_V_6_21, i16 %kernel_data_V_6_18, i16 %kernel_data_V_6_22, i16 %kernel_data_V_6_19, i16 %kernel_data_V_6_23, i16 %kernel_data_V_6_20, i16 %kernel_data_V_6_6, i16 %kernel_data_V_6_7, i16 %kernel_data_V_6_8, i16 %kernel_data_V_6_15, i16 %kernel_data_V_6_16, i16 %kernel_data_V_6_17, i16 %kernel_data_V_6_24, i16 %kernel_data_V_6_25, i16 %kernel_data_V_6_26, i16 %line_buffer_Array_6_0_0, i16 %line_buffer_Array_6_1_0, i16 %line_buffer_Array_6_0_1, i16 %line_buffer_Array_6_1_1, i16 %line_buffer_Array_6_0_2, i16 %line_buffer_Array_6_1_2, i32 %sX_4, i32 %sY_4, i32 %pY_4, i32 %pX_4" [firmware/nnet_utils/nnet_conv2d_stream.h:31]   --->   Operation 28 'call' 'call_ln31' <Predicate = (!icmp_ln24)> <Delay = 0.00> <CoreType = "Generic">   --->   Core 0 '' <Latency = 0> <II = 1> <Delay = 1.00> <Generic> <Opcode : >

State 8 <SV = 7> <Delay = 0.00>
ST_8 : Operation 29 [4/9] (0.00ns)   --->   "%call_ln31 = call void @compute_output_buffer_2d<array,array<ap_fixed<16,6,5,3,0>,4u>,config2>, i64 %layer2_out, i16 %trunc_ln145, i16 %trunc_ln145_s, i16 %trunc_ln145_3, i16 %kernel_data_V_6_3, i16 %kernel_data_V_6_0, i16 %kernel_data_V_6_4, i16 %kernel_data_V_6_1, i16 %kernel_data_V_6_5, i16 %kernel_data_V_6_2, i16 %kernel_data_V_6_12, i16 %kernel_data_V_6_9, i16 %kernel_data_V_6_13, i16 %kernel_data_V_6_10, i16 %kernel_data_V_6_14, i16 %kernel_data_V_6_11, i16 %kernel_data_V_6_21, i16 %kernel_data_V_6_18, i16 %kernel_data_V_6_22, i16 %kernel_data_V_6_19, i16 %kernel_data_V_6_23, i16 %kernel_data_V_6_20, i16 %kernel_data_V_6_6, i16 %kernel_data_V_6_7, i16 %kernel_data_V_6_8, i16 %kernel_data_V_6_15, i16 %kernel_data_V_6_16, i16 %kernel_data_V_6_17, i16 %kernel_data_V_6_24, i16 %kernel_data_V_6_25, i16 %kernel_data_V_6_26, i16 %line_buffer_Array_6_0_0, i16 %line_buffer_Array_6_1_0, i16 %line_buffer_Array_6_0_1, i16 %line_buffer_Array_6_1_1, i16 %line_buffer_Array_6_0_2, i16 %line_buffer_Array_6_1_2, i32 %sX_4, i32 %sY_4, i32 %pY_4, i32 %pX_4" [firmware/nnet_utils/nnet_conv2d_stream.h:31]   --->   Operation 29 'call' 'call_ln31' <Predicate = (!icmp_ln24)> <Delay = 0.00> <CoreType = "Generic">   --->   Core 0 '' <Latency = 0> <II = 1> <Delay = 1.00> <Generic> <Opcode : >

State 9 <SV = 8> <Delay = 0.00>
ST_9 : Operation 30 [3/9] (0.00ns)   --->   "%call_ln31 = call void @compute_output_buffer_2d<array,array<ap_fixed<16,6,5,3,0>,4u>,config2>, i64 %layer2_out, i16 %trunc_ln145, i16 %trunc_ln145_s, i16 %trunc_ln145_3, i16 %kernel_data_V_6_3, i16 %kernel_data_V_6_0, i16 %kernel_data_V_6_4, i16 %kernel_data_V_6_1, i16 %kernel_data_V_6_5, i16 %kernel_data_V_6_2, i16 %kernel_data_V_6_12, i16 %kernel_data_V_6_9, i16 %kernel_data_V_6_13, i16 %kernel_data_V_6_10, i16 %kernel_data_V_6_14, i16 %kernel_data_V_6_11, i16 %kernel_data_V_6_21, i16 %kernel_data_V_6_18, i16 %kernel_data_V_6_22, i16 %kernel_data_V_6_19, i16 %kernel_data_V_6_23, i16 %kernel_data_V_6_20, i16 %kernel_data_V_6_6, i16 %kernel_data_V_6_7, i16 %kernel_data_V_6_8, i16 %kernel_data_V_6_15, i16 %kernel_data_V_6_16, i16 %kernel_data_V_6_17, i16 %kernel_data_V_6_24, i16 %kernel_data_V_6_25, i16 %kernel_data_V_6_26, i16 %line_buffer_Array_6_0_0, i16 %line_buffer_Array_6_1_0, i16 %line_buffer_Array_6_0_1, i16 %line_buffer_Array_6_1_1, i16 %line_buffer_Array_6_0_2, i16 %line_buffer_Array_6_1_2, i32 %sX_4, i32 %sY_4, i32 %pY_4, i32 %pX_4" [firmware/nnet_utils/nnet_conv2d_stream.h:31]   --->   Operation 30 'call' 'call_ln31' <Predicate = (!icmp_ln24)> <Delay = 0.00> <CoreType = "Generic">   --->   Core 0 '' <Latency = 0> <II = 1> <Delay = 1.00> <Generic> <Opcode : >

State 10 <SV = 9> <Delay = 0.00>
ST_10 : Operation 31 [2/9] (0.00ns)   --->   "%call_ln31 = call void @compute_output_buffer_2d<array,array<ap_fixed<16,6,5,3,0>,4u>,config2>, i64 %layer2_out, i16 %trunc_ln145, i16 %trunc_ln145_s, i16 %trunc_ln145_3, i16 %kernel_data_V_6_3, i16 %kernel_data_V_6_0, i16 %kernel_data_V_6_4, i16 %kernel_data_V_6_1, i16 %kernel_data_V_6_5, i16 %kernel_data_V_6_2, i16 %kernel_data_V_6_12, i16 %kernel_data_V_6_9, i16 %kernel_data_V_6_13, i16 %kernel_data_V_6_10, i16 %kernel_data_V_6_14, i16 %kernel_data_V_6_11, i16 %kernel_data_V_6_21, i16 %kernel_data_V_6_18, i16 %kernel_data_V_6_22, i16 %kernel_data_V_6_19, i16 %kernel_data_V_6_23, i16 %kernel_data_V_6_20, i16 %kernel_data_V_6_6, i16 %kernel_data_V_6_7, i16 %kernel_data_V_6_8, i16 %kernel_data_V_6_15, i16 %kernel_data_V_6_16, i16 %kernel_data_V_6_17, i16 %kernel_data_V_6_24, i16 %kernel_data_V_6_25, i16 %kernel_data_V_6_26, i16 %line_buffer_Array_6_0_0, i16 %line_buffer_Array_6_1_0, i16 %line_buffer_Array_6_0_1, i16 %line_buffer_Array_6_1_1, i16 %line_buffer_Array_6_0_2, i16 %line_buffer_Array_6_1_2, i32 %sX_4, i32 %sY_4, i32 %pY_4, i32 %pX_4" [firmware/nnet_utils/nnet_conv2d_stream.h:31]   --->   Operation 31 'call' 'call_ln31' <Predicate = (!icmp_ln24)> <Delay = 0.00> <CoreType = "Generic">   --->   Core 0 '' <Latency = 0> <II = 1> <Delay = 1.00> <Generic> <Opcode : >

State 11 <SV = 10> <Delay = 0.00>
ST_11 : Operation 32 [1/1] (0.00ns)   --->   "%specloopname_ln0 = specloopname void @_ssdm_op_SpecLoopName, void @ReadInputHeight_ReadInputWidth_str"   --->   Operation 32 'specloopname' 'specloopname_ln0' <Predicate = (!icmp_ln24)> <Delay = 0.00>
ST_11 : Operation 33 [1/1] (0.00ns)   --->   "%empty = speclooptripcount i32 @_ssdm_op_SpecLoopTripCount, i64 4096, i64 4096, i64 4096"   --->   Operation 33 'speclooptripcount' 'empty' <Predicate = (!icmp_ln24)> <Delay = 0.00>
ST_11 : Operation 34 [1/1] (0.00ns)   --->   "%specpipeline_ln144 = specpipeline void @_ssdm_op_SpecPipeline, i32 1, i32 0, i32 0, i32 0, void @empty_3" [/mnt/Data/Xilinx/Vitis_HLS/2020.2/common/technology/autopilot/hls_stream_39.h:144]   --->   Operation 34 'specpipeline' 'specpipeline_ln144' <Predicate = (!icmp_ln24)> <Delay = 0.00>
ST_11 : Operation 35 [1/1] (0.00ns)   --->   "%specloopname_ln144 = specloopname void @_ssdm_op_SpecLoopName, void @empty_10" [/mnt/Data/Xilinx/Vitis_HLS/2020.2/common/technology/autopilot/hls_stream_39.h:144]   --->   Operation 35 'specloopname' 'specloopname_ln144' <Predicate = (!icmp_ln24)> <Delay = 0.00>
ST_11 : Operation 36 [1/9] (0.00ns)   --->   "%call_ln31 = call void @compute_output_buffer_2d<array,array<ap_fixed<16,6,5,3,0>,4u>,config2>, i64 %layer2_out, i16 %trunc_ln145, i16 %trunc_ln145_s, i16 %trunc_ln145_3, i16 %kernel_data_V_6_3, i16 %kernel_data_V_6_0, i16 %kernel_data_V_6_4, i16 %kernel_data_V_6_1, i16 %kernel_data_V_6_5, i16 %kernel_data_V_6_2, i16 %kernel_data_V_6_12, i16 %kernel_data_V_6_9, i16 %kernel_data_V_6_13, i16 %kernel_data_V_6_10, i16 %kernel_data_V_6_14, i16 %kernel_data_V_6_11, i16 %kernel_data_V_6_21, i16 %kernel_data_V_6_18, i16 %kernel_data_V_6_22, i16 %kernel_data_V_6_19, i16 %kernel_data_V_6_23, i16 %kernel_data_V_6_20, i16 %kernel_data_V_6_6, i16 %kernel_data_V_6_7, i16 %kernel_data_V_6_8, i16 %kernel_data_V_6_15, i16 %kernel_data_V_6_16, i16 %kernel_data_V_6_17, i16 %kernel_data_V_6_24, i16 %kernel_data_V_6_25, i16 %kernel_data_V_6_26, i16 %line_buffer_Array_6_0_0, i16 %line_buffer_Array_6_1_0, i16 %line_buffer_Array_6_0_1, i16 %line_buffer_Array_6_1_1, i16 %line_buffer_Array_6_0_2, i16 %line_buffer_Array_6_1_2, i32 %sX_4, i32 %sY_4, i32 %pY_4, i32 %pX_4" [firmware/nnet_utils/nnet_conv2d_stream.h:31]   --->   Operation 36 'call' 'call_ln31' <Predicate = (!icmp_ln24)> <Delay = 0.00> <CoreType = "Generic">   --->   Core 0 '' <Latency = 0> <II = 1> <Delay = 1.00> <Generic> <Opcode : >
ST_11 : Operation 37 [1/1] (0.00ns)   --->   "%br_ln0 = br void"   --->   Operation 37 'br' 'br_ln0' <Predicate = (!icmp_ln24)> <Delay = 0.00>

State 12 <SV = 2> <Delay = 0.00>
ST_12 : Operation 38 [1/1] (0.00ns)   --->   "%ret_ln79 = ret" [firmware/nnet_utils/nnet_conv2d_stream.h:79]   --->   Operation 38 'ret' 'ret_ln79' <Predicate = true> <Delay = 0.00>


============================================================
+ Verbose Summary: Timing violations
============================================================
Target clock period: 5ns, clock uncertainty: 0.625ns.

 <State 1>: 1.59ns
The critical path consists of the following:
	multiplexor before 'phi' operation ('indvar_flatten', firmware/nnet_utils/nnet_conv2d_stream.h:24) with incoming values : ('add_ln24', firmware/nnet_utils/nnet_conv2d_stream.h:24) [47]  (1.59 ns)

 <State 2>: 2.1ns
The critical path consists of the following:
	'phi' operation ('indvar_flatten', firmware/nnet_utils/nnet_conv2d_stream.h:24) with incoming values : ('add_ln24', firmware/nnet_utils/nnet_conv2d_stream.h:24) [47]  (0 ns)
	'icmp' operation ('icmp_ln24', firmware/nnet_utils/nnet_conv2d_stream.h:24) [49]  (2.1 ns)

 <State 3>: 0ns
The critical path consists of the following:

 <State 4>: 0ns
The critical path consists of the following:

 <State 5>: 0ns
The critical path consists of the following:

 <State 6>: 0ns
The critical path consists of the following:

 <State 7>: 0ns
The critical path consists of the following:

 <State 8>: 0ns
The critical path consists of the following:

 <State 9>: 0ns
The critical path consists of the following:

 <State 10>: 0ns
The critical path consists of the following:

 <State 11>: 0ns
The critical path consists of the following:

 <State 12>: 0ns
The critical path consists of the following:


============================================================
+ Verbose Summary: Binding
============================================================
N/A
* FSMD analyzer results:
  - Output states:
 - Input state : 
  - Chain level:
	State 1
	State 2
	State 3
	State 4
	State 5
	State 6
	State 7
	State 8
	State 9
	State 10
	State 11
	State 12


============================================================
+ Verbose Summary: Datapath Resource usage 
============================================================
N/A
