

================================================================
== Vitis HLS Report for 'myproject'
================================================================
* Date:           Mon Oct 21 14:06:30 2024

* Version:        2020.2 (Build 3064766 on Wed Nov 18 09:12:47 MST 2020)
* Project:        myproject_prj
* Solution:       solution1 (Vivado IP Flow Target)
* Product family: zynq
* Target device:  xc7z020-clg484-1


================================================================
== Performance Estimates
================================================================
+ Timing: 
    * Summary: 
    +--------+---------+----------+------------+
    |  Clock |  Target | Estimated| Uncertainty|
    +--------+---------+----------+------------+
    |ap_clk  |  5.00 ns|  4.429 ns|     0.62 ns|
    +--------+---------+----------+------------+

+ Latency: 
    * Summary: 
    +---------+---------+----------+----------+-------+-------+----------+
    |  Latency (cycles) |  Latency (absolute) |    Interval   | Pipeline |
    |   min   |   max   |    min   |    max   |  min  |  max  |   Type   |
    +---------+---------+----------+----------+-------+-------+----------+
    |    33341|    33341|  0.167 ms|  0.167 ms|  32772|  32772|  dataflow|
    +---------+---------+----------+----------+-------+-------+----------+

    + Detail: 
        * Instance: 
        N/A

        * Loop: 
        N/A

============================================================
+ Verbose Summary: Synthesis Manager
============================================================
InlineROM: 1
ExposeGlobal: 0
============================================================
+ Verbose Summary: CDFG Model
============================================================
IsTopModel: 1
ResetActiveHigh: 1
IsCombinational: 2
IsDatapathOnly: 0
HasWiredReturn: 1
HasMFsm: 0
HasVarLatency: 1
IsPipeline: 0
IsRtlPipelined: 0
IsInstanceOverlapped: 0
IsDontTouch: 0
HasImplIP: 0
IsGatedGlobalClock: 0


============================================================
+ Verbose Summary: Schedule
============================================================
* Number of FSM states : 32
* Pipeline : 0
* Dataflow Pipeline: 1
  DF-Pipeline-0: Size = 32, States = { 1 2 3 4 5 6 7 8 9 10 11 12 13 14 15 16 17 18 19 20 21 22 23 24 25 26 27 28 29 30 31 32 }

* FSM state transitions: 
1 --> 2 
2 --> 3 
3 --> 4 
4 --> 5 
5 --> 6 
6 --> 7 
7 --> 8 
8 --> 9 
9 --> 10 
10 --> 11 
11 --> 12 
12 --> 13 
13 --> 14 
14 --> 15 
15 --> 16 
16 --> 17 
17 --> 18 
18 --> 19 
19 --> 20 
20 --> 21 
21 --> 22 
22 --> 23 
23 --> 24 
24 --> 25 
25 --> 26 
26 --> 27 
27 --> 28 
28 --> 29 
29 --> 30 
30 --> 31 
31 --> 32 
32 --> 

* FSM state operations: 

State 1 <SV = 0> <Delay = 0.00>
ST_1 : Operation 33 [1/1] (0.00ns)   --->   "%layer2_out = alloca i64 1" [firmware/myproject.cpp:41]   --->   Operation 33 'alloca' 'layer2_out' <Predicate = true> <Delay = 0.00> <CoreInst = "FIFO">   --->   Core 78 'FIFO' <Latency = 0> <II = 1> <Delay = 3.50> <Storage> <Opcode : 'read' 'write' 'nbread' 'nbwrite'> <Ports = 0> <Width = 64> <Depth = 3844> <FIFO>
ST_1 : Operation 34 [1/1] (0.00ns)   --->   "%layer5_out = alloca i64 1" [firmware/myproject.cpp:45]   --->   Operation 34 'alloca' 'layer5_out' <Predicate = true> <Delay = 0.00> <CoreInst = "FIFO">   --->   Core 78 'FIFO' <Latency = 0> <II = 1> <Delay = 3.50> <Storage> <Opcode : 'read' 'write' 'nbread' 'nbwrite'> <Ports = 0> <Width = 64> <Depth = 3844> <FIFO>
ST_1 : Operation 35 [1/1] (0.00ns)   --->   "%layer6_out = alloca i64 1" [firmware/myproject.cpp:49]   --->   Operation 35 'alloca' 'layer6_out' <Predicate = true> <Delay = 0.00> <CoreInst = "FIFO">   --->   Core 78 'FIFO' <Latency = 0> <II = 1> <Delay = 3.71> <Storage> <Opcode : 'read' 'write' 'nbread' 'nbwrite'> <Ports = 0> <Width = 64> <Depth = 961> <FIFO>
ST_1 : Operation 36 [1/1] (0.00ns)   --->   "%layer7_out = alloca i64 1" [firmware/myproject.cpp:53]   --->   Operation 36 'alloca' 'layer7_out' <Predicate = true> <Delay = 0.00> <CoreInst = "FIFO">   --->   Core 78 'FIFO' <Latency = 0> <II = 1> <Delay = 3.67> <Storage> <Opcode : 'read' 'write' 'nbread' 'nbwrite'> <Ports = 0> <Width = 32> <Depth = 841> <FIFO>
ST_1 : Operation 37 [1/1] (0.00ns)   --->   "%layer10_out = alloca i64 1" [firmware/myproject.cpp:57]   --->   Operation 37 'alloca' 'layer10_out' <Predicate = true> <Delay = 0.00> <CoreInst = "FIFO">   --->   Core 78 'FIFO' <Latency = 0> <II = 1> <Delay = 3.67> <Storage> <Opcode : 'read' 'write' 'nbread' 'nbwrite'> <Ports = 0> <Width = 32> <Depth = 841> <FIFO>
ST_1 : Operation 38 [1/1] (0.00ns)   --->   "%layer11_out = alloca i64 1" [firmware/myproject.cpp:61]   --->   Operation 38 'alloca' 'layer11_out' <Predicate = true> <Delay = 0.00> <CoreInst = "FIFO">   --->   Core 78 'FIFO' <Latency = 0> <II = 1> <Delay = 3.62> <Storage> <Opcode : 'read' 'write' 'nbread' 'nbwrite'> <Ports = 0> <Width = 32> <Depth = 196> <FIFO>
ST_1 : Operation 39 [1/1] (0.00ns)   --->   "%layer12_out = alloca i64 1" [firmware/myproject.cpp:65]   --->   Operation 39 'alloca' 'layer12_out' <Predicate = true> <Delay = 0.00> <CoreInst = "FIFO">   --->   Core 78 'FIFO' <Latency = 0> <II = 1> <Delay = 3.56> <Storage> <Opcode : 'read' 'write' 'nbread' 'nbwrite'> <Ports = 0> <Width = 32> <Depth = 144> <FIFO>
ST_1 : Operation 40 [1/1] (0.00ns)   --->   "%layer15_out = alloca i64 1" [firmware/myproject.cpp:69]   --->   Operation 40 'alloca' 'layer15_out' <Predicate = true> <Delay = 0.00> <CoreInst = "FIFO">   --->   Core 78 'FIFO' <Latency = 0> <II = 1> <Delay = 3.56> <Storage> <Opcode : 'read' 'write' 'nbread' 'nbwrite'> <Ports = 0> <Width = 32> <Depth = 144> <FIFO>
ST_1 : Operation 41 [1/1] (0.00ns)   --->   "%layer16_out = alloca i64 1" [firmware/myproject.cpp:73]   --->   Operation 41 'alloca' 'layer16_out' <Predicate = true> <Delay = 0.00> <CoreInst = "FIFO">   --->   Core 78 'FIFO' <Latency = 0> <II = 1> <Delay = 3.60> <Storage> <Opcode : 'read' 'write' 'nbread' 'nbwrite'> <Ports = 0> <Width = 32> <Depth = 36> <FIFO>
ST_1 : Operation 42 [1/1] (0.00ns)   --->   "%layer18_out = alloca i64 1" [firmware/myproject.cpp:78]   --->   Operation 42 'alloca' 'layer18_out' <Predicate = true> <Delay = 0.00> <CoreInst = "FIFO_SRL">   --->   Core 81 'FIFO_SRL' <Latency = 0> <II = 1> <Delay = 3.63> <Storage> <Opcode : 'read' 'write' 'nbread' 'nbwrite'> <Ports = 0> <Width = 96> <Depth = 1> <FIFO>
ST_1 : Operation 43 [1/1] (0.00ns)   --->   "%layer21_out = alloca i64 1" [firmware/myproject.cpp:82]   --->   Operation 43 'alloca' 'layer21_out' <Predicate = true> <Delay = 0.00> <CoreInst = "FIFO_SRL">   --->   Core 81 'FIFO_SRL' <Latency = 0> <II = 1> <Delay = 3.63> <Storage> <Opcode : 'read' 'write' 'nbread' 'nbwrite'> <Ports = 0> <Width = 96> <Depth = 1> <FIFO>
ST_1 : Operation 44 [1/1] (0.00ns)   --->   "%layer22_out = alloca i64 1" [firmware/myproject.cpp:86]   --->   Operation 44 'alloca' 'layer22_out' <Predicate = true> <Delay = 0.00> <CoreInst = "FIFO_SRL">   --->   Core 81 'FIFO_SRL' <Latency = 0> <II = 1> <Delay = 3.63> <Storage> <Opcode : 'read' 'write' 'nbread' 'nbwrite'> <Ports = 0> <Width = 384> <Depth = 1> <FIFO>
ST_1 : Operation 45 [1/1] (0.00ns)   --->   "%layer25_out = alloca i64 1" [firmware/myproject.cpp:90]   --->   Operation 45 'alloca' 'layer25_out' <Predicate = true> <Delay = 0.00> <CoreInst = "FIFO_SRL">   --->   Core 81 'FIFO_SRL' <Latency = 0> <II = 1> <Delay = 3.63> <Storage> <Opcode : 'read' 'write' 'nbread' 'nbwrite'> <Ports = 0> <Width = 384> <Depth = 1> <FIFO>
ST_1 : Operation 46 [1/1] (0.00ns)   --->   "%layer26_out = alloca i64 1" [firmware/myproject.cpp:94]   --->   Operation 46 'alloca' 'layer26_out' <Predicate = true> <Delay = 0.00> <CoreInst = "FIFO_SRL">   --->   Core 81 'FIFO_SRL' <Latency = 0> <II = 1> <Delay = 3.63> <Storage> <Opcode : 'read' 'write' 'nbread' 'nbwrite'> <Ports = 0> <Width = 64> <Depth = 1> <FIFO>

State 2 <SV = 1> <Delay = 0.00>
ST_2 : Operation 47 [2/2] (0.00ns)   --->   "%call_ln43 = call void @conv_2d_cl<array<ap_fixed,3u>,array<ap_fixed<16,6,5,3,0>,4u>,config2>, i48 %input_1_V, i64 %layer2_out, i16 %kernel_data_V_6_3, i16 %kernel_data_V_6_0, i16 %kernel_data_V_6_4, i16 %kernel_data_V_6_1, i16 %kernel_data_V_6_5, i16 %kernel_data_V_6_2, i16 %kernel_data_V_6_12, i16 %kernel_data_V_6_9, i16 %kernel_data_V_6_13, i16 %kernel_data_V_6_10, i16 %kernel_data_V_6_14, i16 %kernel_data_V_6_11, i16 %kernel_data_V_6_21, i16 %kernel_data_V_6_18, i16 %kernel_data_V_6_22, i16 %kernel_data_V_6_19, i16 %kernel_data_V_6_23, i16 %kernel_data_V_6_20, i16 %kernel_data_V_6_6, i16 %kernel_data_V_6_7, i16 %kernel_data_V_6_8, i16 %kernel_data_V_6_15, i16 %kernel_data_V_6_16, i16 %kernel_data_V_6_17, i16 %kernel_data_V_6_24, i16 %kernel_data_V_6_25, i16 %kernel_data_V_6_26, i16 %line_buffer_Array_6_0_0, i16 %line_buffer_Array_6_1_0, i16 %line_buffer_Array_6_0_1, i16 %line_buffer_Array_6_1_1, i16 %line_buffer_Array_6_0_2, i16 %line_buffer_Array_6_1_2, i32 %sX_4, i32 %sY_4, i32 %pY_4, i32 %pX_4" [firmware/myproject.cpp:43]   --->   Operation 47 'call' 'call_ln43' <Predicate = true> <Delay = 0.00> <CoreType = "Generic">   --->   Core 0 '' <Latency = 0> <II = 1> <Delay = 1.00> <Generic> <Opcode : >

State 3 <SV = 2> <Delay = 0.00>
ST_3 : Operation 48 [1/2] (0.00ns)   --->   "%call_ln43 = call void @conv_2d_cl<array<ap_fixed,3u>,array<ap_fixed<16,6,5,3,0>,4u>,config2>, i48 %input_1_V, i64 %layer2_out, i16 %kernel_data_V_6_3, i16 %kernel_data_V_6_0, i16 %kernel_data_V_6_4, i16 %kernel_data_V_6_1, i16 %kernel_data_V_6_5, i16 %kernel_data_V_6_2, i16 %kernel_data_V_6_12, i16 %kernel_data_V_6_9, i16 %kernel_data_V_6_13, i16 %kernel_data_V_6_10, i16 %kernel_data_V_6_14, i16 %kernel_data_V_6_11, i16 %kernel_data_V_6_21, i16 %kernel_data_V_6_18, i16 %kernel_data_V_6_22, i16 %kernel_data_V_6_19, i16 %kernel_data_V_6_23, i16 %kernel_data_V_6_20, i16 %kernel_data_V_6_6, i16 %kernel_data_V_6_7, i16 %kernel_data_V_6_8, i16 %kernel_data_V_6_15, i16 %kernel_data_V_6_16, i16 %kernel_data_V_6_17, i16 %kernel_data_V_6_24, i16 %kernel_data_V_6_25, i16 %kernel_data_V_6_26, i16 %line_buffer_Array_6_0_0, i16 %line_buffer_Array_6_1_0, i16 %line_buffer_Array_6_0_1, i16 %line_buffer_Array_6_1_1, i16 %line_buffer_Array_6_0_2, i16 %line_buffer_Array_6_1_2, i32 %sX_4, i32 %sY_4, i32 %pY_4, i32 %pX_4" [firmware/myproject.cpp:43]   --->   Operation 48 'call' 'call_ln43' <Predicate = true> <Delay = 0.00> <CoreType = "Generic">   --->   Core 0 '' <Latency = 0> <II = 1> <Delay = 1.00> <Generic> <Opcode : >

State 4 <SV = 3> <Delay = 0.00>
ST_4 : Operation 49 [2/2] (0.00ns)   --->   "%call_ln47 = call void @relu<array<ap_fixed,4u>,array<ap_fixed<16,6,5,3,0>,4u>,relu_config5>, i64 %layer2_out, i64 %layer5_out" [firmware/myproject.cpp:47]   --->   Operation 49 'call' 'call_ln47' <Predicate = true> <Delay = 0.00> <CoreType = "Generic">   --->   Core 0 '' <Latency = 0> <II = 1> <Delay = 1.00> <Generic> <Opcode : >

State 5 <SV = 4> <Delay = 0.00>
ST_5 : Operation 50 [1/2] (0.00ns)   --->   "%call_ln47 = call void @relu<array<ap_fixed,4u>,array<ap_fixed<16,6,5,3,0>,4u>,relu_config5>, i64 %layer2_out, i64 %layer5_out" [firmware/myproject.cpp:47]   --->   Operation 50 'call' 'call_ln47' <Predicate = true> <Delay = 0.00> <CoreType = "Generic">   --->   Core 0 '' <Latency = 0> <II = 1> <Delay = 1.00> <Generic> <Opcode : >

State 6 <SV = 5> <Delay = 0.00>
ST_6 : Operation 51 [2/2] (0.00ns)   --->   "%call_ln51 = call void @pooling2d_cl<array<ap_fixed,4u>,array<ap_fixed<16,6,5,3,0>,4u>,config6>, i64 %layer5_out, i64 %layer6_out, i32 %sY, i32 %pY, i32 %pX, i32 %sX, i16 %kernel_data_V_4, i16 %kernel_data_V_555, i16 %kernel_data_V_656, i16 %kernel_data_V_757, i16 %kernel_data_V_12, i16 %kernel_data_V_13, i16 %kernel_data_V_14, i16 %kernel_data_V_15, i16 %line_buffer_Array_0_0, i16 %line_buffer_Array_0_1, i16 %line_buffer_Array_0_2, i16 %line_buffer_Array_0_3" [firmware/myproject.cpp:51]   --->   Operation 51 'call' 'call_ln51' <Predicate = true> <Delay = 0.00> <CoreType = "Generic">   --->   Core 0 '' <Latency = 0> <II = 1> <Delay = 1.00> <Generic> <Opcode : >

State 7 <SV = 6> <Delay = 0.00>
ST_7 : Operation 52 [1/2] (0.00ns)   --->   "%call_ln51 = call void @pooling2d_cl<array<ap_fixed,4u>,array<ap_fixed<16,6,5,3,0>,4u>,config6>, i64 %layer5_out, i64 %layer6_out, i32 %sY, i32 %pY, i32 %pX, i32 %sX, i16 %kernel_data_V_4, i16 %kernel_data_V_555, i16 %kernel_data_V_656, i16 %kernel_data_V_757, i16 %kernel_data_V_12, i16 %kernel_data_V_13, i16 %kernel_data_V_14, i16 %kernel_data_V_15, i16 %line_buffer_Array_0_0, i16 %line_buffer_Array_0_1, i16 %line_buffer_Array_0_2, i16 %line_buffer_Array_0_3" [firmware/myproject.cpp:51]   --->   Operation 52 'call' 'call_ln51' <Predicate = true> <Delay = 0.00> <CoreType = "Generic">   --->   Core 0 '' <Latency = 0> <II = 1> <Delay = 1.00> <Generic> <Opcode : >

State 8 <SV = 7> <Delay = 0.00>
ST_8 : Operation 53 [2/2] (0.00ns)   --->   "%call_ln55 = call void @conv_2d_cl<array<ap_fixed,4u>,array<ap_fixed<16,6,5,3,0>,2u>,config7>, i64 %layer6_out, i32 %layer7_out, i16 %kernel_data_V_7_4, i16 %kernel_data_V_7_0, i16 %kernel_data_V_7_5, i16 %kernel_data_V_7_1, i16 %kernel_data_V_7_6, i16 %kernel_data_V_7_2, i16 %kernel_data_V_7_7, i16 %kernel_data_V_7_3, i16 %kernel_data_V_7_17, i16 %kernel_data_V_7_13, i16 %kernel_data_V_7_18, i16 %kernel_data_V_7_14, i16 %kernel_data_V_7_19, i16 %kernel_data_V_7_15, i16 %kernel_data_V_7_28, i16 %kernel_data_V_7_24, i16 %kernel_data_V_7_29, i16 %kernel_data_V_7_25, i16 %kernel_data_V_7_30, i16 %kernel_data_V_7_26, i16 %kernel_data_V_7_31, i16 %kernel_data_V_7_27, i16 %kernel_data_V_7_8, i16 %kernel_data_V_7_9, i16 %kernel_data_V_7_10, i16 %kernel_data_V_7_11, i16 %kernel_data_V_7_20, i16 %kernel_data_V_7_16, i16 %kernel_data_V_7_21, i16 %kernel_data_V_7_22, i16 %kernel_data_V_7_23, i16 %kernel_data_V_7_32, i16 %kernel_data_V_7_33, i16 %kernel_data_V_7_34, i16 %kernel_data_V_7_35, i16 %line_buffer_Array_7_0_0, i16 %line_buffer_Array_7_1_0, i16 %line_buffer_Array_7_0_1, i16 %line_buffer_Array_7_1_1, i16 %line_buffer_Array_7_0_2, i16 %line_buffer_Array_7_1_2, i16 %line_buffer_Array_7_0_3, i16 %line_buffer_Array_7_1_3, i32 %sX_3, i32 %sY_3, i32 %pY_3, i32 %pX_3" [firmware/myproject.cpp:55]   --->   Operation 53 'call' 'call_ln55' <Predicate = true> <Delay = 0.00> <CoreType = "Generic">   --->   Core 0 '' <Latency = 0> <II = 1> <Delay = 1.00> <Generic> <Opcode : >

State 9 <SV = 8> <Delay = 0.00>
ST_9 : Operation 54 [1/2] (0.00ns)   --->   "%call_ln55 = call void @conv_2d_cl<array<ap_fixed,4u>,array<ap_fixed<16,6,5,3,0>,2u>,config7>, i64 %layer6_out, i32 %layer7_out, i16 %kernel_data_V_7_4, i16 %kernel_data_V_7_0, i16 %kernel_data_V_7_5, i16 %kernel_data_V_7_1, i16 %kernel_data_V_7_6, i16 %kernel_data_V_7_2, i16 %kernel_data_V_7_7, i16 %kernel_data_V_7_3, i16 %kernel_data_V_7_17, i16 %kernel_data_V_7_13, i16 %kernel_data_V_7_18, i16 %kernel_data_V_7_14, i16 %kernel_data_V_7_19, i16 %kernel_data_V_7_15, i16 %kernel_data_V_7_28, i16 %kernel_data_V_7_24, i16 %kernel_data_V_7_29, i16 %kernel_data_V_7_25, i16 %kernel_data_V_7_30, i16 %kernel_data_V_7_26, i16 %kernel_data_V_7_31, i16 %kernel_data_V_7_27, i16 %kernel_data_V_7_8, i16 %kernel_data_V_7_9, i16 %kernel_data_V_7_10, i16 %kernel_data_V_7_11, i16 %kernel_data_V_7_20, i16 %kernel_data_V_7_16, i16 %kernel_data_V_7_21, i16 %kernel_data_V_7_22, i16 %kernel_data_V_7_23, i16 %kernel_data_V_7_32, i16 %kernel_data_V_7_33, i16 %kernel_data_V_7_34, i16 %kernel_data_V_7_35, i16 %line_buffer_Array_7_0_0, i16 %line_buffer_Array_7_1_0, i16 %line_buffer_Array_7_0_1, i16 %line_buffer_Array_7_1_1, i16 %line_buffer_Array_7_0_2, i16 %line_buffer_Array_7_1_2, i16 %line_buffer_Array_7_0_3, i16 %line_buffer_Array_7_1_3, i32 %sX_3, i32 %sY_3, i32 %pY_3, i32 %pX_3" [firmware/myproject.cpp:55]   --->   Operation 54 'call' 'call_ln55' <Predicate = true> <Delay = 0.00> <CoreType = "Generic">   --->   Core 0 '' <Latency = 0> <II = 1> <Delay = 1.00> <Generic> <Opcode : >

State 10 <SV = 9> <Delay = 0.00>
ST_10 : Operation 55 [2/2] (0.00ns)   --->   "%call_ln59 = call void @relu<array<ap_fixed,2u>,array<ap_fixed<16,6,5,3,0>,2u>,relu_config10>, i32 %layer7_out, i32 %layer10_out" [firmware/myproject.cpp:59]   --->   Operation 55 'call' 'call_ln59' <Predicate = true> <Delay = 0.00> <CoreType = "Generic">   --->   Core 0 '' <Latency = 0> <II = 1> <Delay = 1.00> <Generic> <Opcode : >

State 11 <SV = 10> <Delay = 0.00>
ST_11 : Operation 56 [1/2] (0.00ns)   --->   "%call_ln59 = call void @relu<array<ap_fixed,2u>,array<ap_fixed<16,6,5,3,0>,2u>,relu_config10>, i32 %layer7_out, i32 %layer10_out" [firmware/myproject.cpp:59]   --->   Operation 56 'call' 'call_ln59' <Predicate = true> <Delay = 0.00> <CoreType = "Generic">   --->   Core 0 '' <Latency = 0> <II = 1> <Delay = 1.00> <Generic> <Opcode : >

State 12 <SV = 11> <Delay = 0.00>
ST_12 : Operation 57 [2/2] (0.00ns)   --->   "%call_ln63 = call void @pooling2d_cl<array<ap_fixed,2u>,array<ap_fixed<16,6,5,3,0>,2u>,config11>, i32 %layer10_out, i32 %layer11_out, i32 %sY_2, i32 %pY_2, i32 %pX_2, i32 %sX_2, i16 %kernel_data_V_8_2, i16 %kernel_data_V_8_3, i16 %kernel_data_V_8_6, i16 %kernel_data_V_8_7, i16 %line_buffer_Array_8_0_0, i16 %line_buffer_Array_8_0_1" [firmware/myproject.cpp:63]   --->   Operation 57 'call' 'call_ln63' <Predicate = true> <Delay = 0.00> <CoreType = "Generic">   --->   Core 0 '' <Latency = 0> <II = 1> <Delay = 1.00> <Generic> <Opcode : >

State 13 <SV = 12> <Delay = 0.00>
ST_13 : Operation 58 [1/2] (0.00ns)   --->   "%call_ln63 = call void @pooling2d_cl<array<ap_fixed,2u>,array<ap_fixed<16,6,5,3,0>,2u>,config11>, i32 %layer10_out, i32 %layer11_out, i32 %sY_2, i32 %pY_2, i32 %pX_2, i32 %sX_2, i16 %kernel_data_V_8_2, i16 %kernel_data_V_8_3, i16 %kernel_data_V_8_6, i16 %kernel_data_V_8_7, i16 %line_buffer_Array_8_0_0, i16 %line_buffer_Array_8_0_1" [firmware/myproject.cpp:63]   --->   Operation 58 'call' 'call_ln63' <Predicate = true> <Delay = 0.00> <CoreType = "Generic">   --->   Core 0 '' <Latency = 0> <II = 1> <Delay = 1.00> <Generic> <Opcode : >

State 14 <SV = 13> <Delay = 0.00>
ST_14 : Operation 59 [2/2] (0.00ns)   --->   "%call_ln67 = call void @conv_2d_cl<array<ap_fixed,2u>,array<ap_fixed<16,6,5,3,0>,2u>,config12>, i32 %layer11_out, i32 %layer12_out, i16 %kernel_data_V_5_2, i16 %kernel_data_V_5_0, i16 %kernel_data_V_5_8, i16 %kernel_data_V_5_6, i16 %kernel_data_V_5_9, i16 %kernel_data_V_5_7, i16 %kernel_data_V_5_14, i16 %kernel_data_V_5_12, i16 %kernel_data_V_5_4, i16 %kernel_data_V_5_5, i16 %kernel_data_V_5_3, i16 %kernel_data_V_5_10, i16 %kernel_data_V_5_11, i16 %kernel_data_V_5_16, i16 %kernel_data_V_5_17, i16 %kernel_data_V_5_15, i16 %line_buffer_Array_5_0_0, i16 %line_buffer_Array_5_1_0, i16 %line_buffer_Array_5_0_1, i16 %line_buffer_Array_5_1_1, i32 %sX_5, i32 %sY_5, i32 %pY_5, i32 %pX_5" [firmware/myproject.cpp:67]   --->   Operation 59 'call' 'call_ln67' <Predicate = true> <Delay = 0.00> <CoreType = "Generic">   --->   Core 0 '' <Latency = 0> <II = 1> <Delay = 1.00> <Generic> <Opcode : >

State 15 <SV = 14> <Delay = 0.00>
ST_15 : Operation 60 [1/2] (0.00ns)   --->   "%call_ln67 = call void @conv_2d_cl<array<ap_fixed,2u>,array<ap_fixed<16,6,5,3,0>,2u>,config12>, i32 %layer11_out, i32 %layer12_out, i16 %kernel_data_V_5_2, i16 %kernel_data_V_5_0, i16 %kernel_data_V_5_8, i16 %kernel_data_V_5_6, i16 %kernel_data_V_5_9, i16 %kernel_data_V_5_7, i16 %kernel_data_V_5_14, i16 %kernel_data_V_5_12, i16 %kernel_data_V_5_4, i16 %kernel_data_V_5_5, i16 %kernel_data_V_5_3, i16 %kernel_data_V_5_10, i16 %kernel_data_V_5_11, i16 %kernel_data_V_5_16, i16 %kernel_data_V_5_17, i16 %kernel_data_V_5_15, i16 %line_buffer_Array_5_0_0, i16 %line_buffer_Array_5_1_0, i16 %line_buffer_Array_5_0_1, i16 %line_buffer_Array_5_1_1, i32 %sX_5, i32 %sY_5, i32 %pY_5, i32 %pX_5" [firmware/myproject.cpp:67]   --->   Operation 60 'call' 'call_ln67' <Predicate = true> <Delay = 0.00> <CoreType = "Generic">   --->   Core 0 '' <Latency = 0> <II = 1> <Delay = 1.00> <Generic> <Opcode : >

State 16 <SV = 15> <Delay = 0.00>
ST_16 : Operation 61 [2/2] (0.00ns)   --->   "%call_ln71 = call void @relu<array<ap_fixed,2u>,array<ap_fixed<16,6,5,3,0>,2u>,relu_config15>, i32 %layer12_out, i32 %layer15_out" [firmware/myproject.cpp:71]   --->   Operation 61 'call' 'call_ln71' <Predicate = true> <Delay = 0.00> <CoreType = "Generic">   --->   Core 0 '' <Latency = 0> <II = 1> <Delay = 1.00> <Generic> <Opcode : >

State 17 <SV = 16> <Delay = 0.00>
ST_17 : Operation 62 [1/2] (0.00ns)   --->   "%call_ln71 = call void @relu<array<ap_fixed,2u>,array<ap_fixed<16,6,5,3,0>,2u>,relu_config15>, i32 %layer12_out, i32 %layer15_out" [firmware/myproject.cpp:71]   --->   Operation 62 'call' 'call_ln71' <Predicate = true> <Delay = 0.00> <CoreType = "Generic">   --->   Core 0 '' <Latency = 0> <II = 1> <Delay = 1.00> <Generic> <Opcode : >

State 18 <SV = 17> <Delay = 0.00>
ST_18 : Operation 63 [2/2] (0.00ns)   --->   "%call_ln75 = call void @pooling2d_cl<array<ap_fixed,2u>,array<ap_fixed<16,6,5,3,0>,2u>,config16>, i32 %layer15_out, i32 %layer16_out, i32 %sY_1, i32 %pY_1, i32 %pX_1, i32 %sX_1, i16 %kernel_data_V_9_2, i16 %kernel_data_V_9_3, i16 %kernel_data_V_9_6, i16 %kernel_data_V_9_7, i16 %line_buffer_Array_9_0_0, i16 %line_buffer_Array_9_0_1" [firmware/myproject.cpp:75]   --->   Operation 63 'call' 'call_ln75' <Predicate = true> <Delay = 0.00> <CoreType = "Generic">   --->   Core 0 '' <Latency = 0> <II = 1> <Delay = 1.00> <Generic> <Opcode : >

State 19 <SV = 18> <Delay = 0.00>
ST_19 : Operation 64 [1/2] (0.00ns)   --->   "%call_ln75 = call void @pooling2d_cl<array<ap_fixed,2u>,array<ap_fixed<16,6,5,3,0>,2u>,config16>, i32 %layer15_out, i32 %layer16_out, i32 %sY_1, i32 %pY_1, i32 %pX_1, i32 %sX_1, i16 %kernel_data_V_9_2, i16 %kernel_data_V_9_3, i16 %kernel_data_V_9_6, i16 %kernel_data_V_9_7, i16 %line_buffer_Array_9_0_0, i16 %line_buffer_Array_9_0_1" [firmware/myproject.cpp:75]   --->   Operation 64 'call' 'call_ln75' <Predicate = true> <Delay = 0.00> <CoreType = "Generic">   --->   Core 0 '' <Latency = 0> <II = 1> <Delay = 1.00> <Generic> <Opcode : >

State 20 <SV = 19> <Delay = 0.00>
ST_20 : Operation 65 [2/2] (0.00ns)   --->   "%call_ln80 = call void @dense<array<ap_fixed,2u>,array<ap_fixed<16,6,5,3,0>,6u>,config18>, i32 %layer16_out, i96 %layer18_out, i11 %w18_V" [firmware/myproject.cpp:80]   --->   Operation 65 'call' 'call_ln80' <Predicate = true> <Delay = 0.00> <CoreType = "Generic">   --->   Core 0 '' <Latency = 0> <II = 1> <Delay = 1.00> <Generic> <Opcode : >

State 21 <SV = 20> <Delay = 0.00>
ST_21 : Operation 66 [1/2] (0.00ns)   --->   "%call_ln80 = call void @dense<array<ap_fixed,2u>,array<ap_fixed<16,6,5,3,0>,6u>,config18>, i32 %layer16_out, i96 %layer18_out, i11 %w18_V" [firmware/myproject.cpp:80]   --->   Operation 66 'call' 'call_ln80' <Predicate = true> <Delay = 0.00> <CoreType = "Generic">   --->   Core 0 '' <Latency = 0> <II = 1> <Delay = 1.00> <Generic> <Opcode : >

State 22 <SV = 21> <Delay = 0.00>
ST_22 : Operation 67 [2/2] (0.00ns)   --->   "%call_ln84 = call void @relu<array<ap_fixed,6u>,array<ap_fixed<16,6,5,3,0>,6u>,relu_config21>, i96 %layer18_out, i96 %layer21_out" [firmware/myproject.cpp:84]   --->   Operation 67 'call' 'call_ln84' <Predicate = true> <Delay = 0.00> <CoreType = "Generic">   --->   Core 0 '' <Latency = 0> <II = 1> <Delay = 1.00> <Generic> <Opcode : >

State 23 <SV = 22> <Delay = 0.00>
ST_23 : Operation 68 [1/2] (0.00ns)   --->   "%call_ln84 = call void @relu<array<ap_fixed,6u>,array<ap_fixed<16,6,5,3,0>,6u>,relu_config21>, i96 %layer18_out, i96 %layer21_out" [firmware/myproject.cpp:84]   --->   Operation 68 'call' 'call_ln84' <Predicate = true> <Delay = 0.00> <CoreType = "Generic">   --->   Core 0 '' <Latency = 0> <II = 1> <Delay = 1.00> <Generic> <Opcode : >

State 24 <SV = 23> <Delay = 0.00>
ST_24 : Operation 69 [2/2] (0.00ns)   --->   "%call_ln88 = call void @dense<array<ap_fixed,6u>,array<ap_fixed<16,6,5,3,0>,24u>,config22>, i96 %layer21_out, i384 %layer22_out, i13 %w22_V" [firmware/myproject.cpp:88]   --->   Operation 69 'call' 'call_ln88' <Predicate = true> <Delay = 0.00> <CoreType = "Generic">   --->   Core 0 '' <Latency = 0> <II = 1> <Delay = 1.00> <Generic> <Opcode : >

State 25 <SV = 24> <Delay = 0.00>
ST_25 : Operation 70 [1/2] (0.00ns)   --->   "%call_ln88 = call void @dense<array<ap_fixed,6u>,array<ap_fixed<16,6,5,3,0>,24u>,config22>, i96 %layer21_out, i384 %layer22_out, i13 %w22_V" [firmware/myproject.cpp:88]   --->   Operation 70 'call' 'call_ln88' <Predicate = true> <Delay = 0.00> <CoreType = "Generic">   --->   Core 0 '' <Latency = 0> <II = 1> <Delay = 1.00> <Generic> <Opcode : >

State 26 <SV = 25> <Delay = 0.00>
ST_26 : Operation 71 [2/2] (0.00ns)   --->   "%call_ln92 = call void @relu<array<ap_fixed,24u>,array<ap_fixed<16,6,5,3,0>,24u>,relu_config25>, i384 %layer22_out, i384 %layer25_out" [firmware/myproject.cpp:92]   --->   Operation 71 'call' 'call_ln92' <Predicate = true> <Delay = 0.00> <CoreType = "Generic">   --->   Core 0 '' <Latency = 0> <II = 1> <Delay = 1.00> <Generic> <Opcode : >

State 27 <SV = 26> <Delay = 0.00>
ST_27 : Operation 72 [1/2] (0.00ns)   --->   "%call_ln92 = call void @relu<array<ap_fixed,24u>,array<ap_fixed<16,6,5,3,0>,24u>,relu_config25>, i384 %layer22_out, i384 %layer25_out" [firmware/myproject.cpp:92]   --->   Operation 72 'call' 'call_ln92' <Predicate = true> <Delay = 0.00> <CoreType = "Generic">   --->   Core 0 '' <Latency = 0> <II = 1> <Delay = 1.00> <Generic> <Opcode : >

State 28 <SV = 27> <Delay = 0.00>
ST_28 : Operation 73 [2/2] (0.00ns)   --->   "%call_ln96 = call void @dense<array<ap_fixed,24u>,array<ap_fixed<16,6,5,3,0>,4u>,config26>, i384 %layer25_out, i64 %layer26_out, i12 %w26_V" [firmware/myproject.cpp:96]   --->   Operation 73 'call' 'call_ln96' <Predicate = true> <Delay = 0.00> <CoreType = "Generic">   --->   Core 0 '' <Latency = 0> <II = 1> <Delay = 1.00> <Generic> <Opcode : >

State 29 <SV = 28> <Delay = 0.00>
ST_29 : Operation 74 [1/2] (0.00ns)   --->   "%call_ln96 = call void @dense<array<ap_fixed,24u>,array<ap_fixed<16,6,5,3,0>,4u>,config26>, i384 %layer25_out, i64 %layer26_out, i12 %w26_V" [firmware/myproject.cpp:96]   --->   Operation 74 'call' 'call_ln96' <Predicate = true> <Delay = 0.00> <CoreType = "Generic">   --->   Core 0 '' <Latency = 0> <II = 1> <Delay = 1.00> <Generic> <Opcode : >

State 30 <SV = 29> <Delay = 0.00>
ST_30 : Operation 75 [2/2] (0.00ns)   --->   "%call_ln98 = call void @softmax<array,array<ap_fixed<16,6,5,3,0>,4u>,softmax_config28>, i64 %layer26_out, i64 %layer28_out_V, i17 %exp_table, i18 %invert_table" [firmware/myproject.cpp:98]   --->   Operation 75 'call' 'call_ln98' <Predicate = true> <Delay = 0.00> <CoreType = "Generic">   --->   Core 0 '' <Latency = 0> <II = 1> <Delay = 1.00> <Generic> <Opcode : >

State 31 <SV = 30> <Delay = 0.00>
ST_31 : Operation 76 [1/2] (0.00ns)   --->   "%call_ln98 = call void @softmax<array,array<ap_fixed<16,6,5,3,0>,4u>,softmax_config28>, i64 %layer26_out, i64 %layer28_out_V, i17 %exp_table, i18 %invert_table" [firmware/myproject.cpp:98]   --->   Operation 76 'call' 'call_ln98' <Predicate = true> <Delay = 0.00> <CoreType = "Generic">   --->   Core 0 '' <Latency = 0> <II = 1> <Delay = 1.00> <Generic> <Opcode : >

State 32 <SV = 31> <Delay = 0.00>
ST_32 : Operation 77 [1/1] (0.00ns)   --->   "%specdataflowpipeline_ln0 = specdataflowpipeline void @_ssdm_op_SpecDataflowPipeline, i32 4294967295, i32 0, void @empty_3"   --->   Operation 77 'specdataflowpipeline' 'specdataflowpipeline_ln0' <Predicate = true> <Delay = 0.00>
ST_32 : Operation 78 [1/1] (0.00ns)   --->   "%spectopmodule_ln0 = spectopmodule void @_ssdm_op_SpecTopModule, void @empty_11"   --->   Operation 78 'spectopmodule' 'spectopmodule_ln0' <Predicate = true> <Delay = 0.00>
ST_32 : Operation 79 [1/1] (0.00ns)   --->   "%specinterface_ln0 = specinterface void @_ssdm_op_SpecInterface, i48 %input_1_V, void @empty_4, i32 1, i32 1, void @empty_12, i32 0, i32 0, void @empty_3, void @empty_3, void @empty_3, i32 0, i32 0, i32 0, i32 0, void @empty_3, void @empty_3"   --->   Operation 79 'specinterface' 'specinterface_ln0' <Predicate = true> <Delay = 0.00>
ST_32 : Operation 80 [1/1] (0.00ns)   --->   "%specbitsmap_ln0 = specbitsmap void @_ssdm_op_SpecBitsMap, i48 %input_1_V"   --->   Operation 80 'specbitsmap' 'specbitsmap_ln0' <Predicate = true> <Delay = 0.00>
ST_32 : Operation 81 [1/1] (0.00ns)   --->   "%specinterface_ln0 = specinterface void @_ssdm_op_SpecInterface, i64 %layer28_out_V, void @empty_4, i32 1, i32 1, void @empty_12, i32 0, i32 0, void @empty_3, void @empty_3, void @empty_3, i32 0, i32 0, i32 0, i32 0, void @empty_3, void @empty_3"   --->   Operation 81 'specinterface' 'specinterface_ln0' <Predicate = true> <Delay = 0.00>
ST_32 : Operation 82 [1/1] (0.00ns)   --->   "%specbitsmap_ln0 = specbitsmap void @_ssdm_op_SpecBitsMap, i64 %layer28_out_V"   --->   Operation 82 'specbitsmap' 'specbitsmap_ln0' <Predicate = true> <Delay = 0.00>
ST_32 : Operation 83 [1/1] (0.00ns)   --->   "%empty = specchannel i32 @_ssdm_op_SpecChannel, void @layer2_out_str, i32 1, void @p_str, void @p_str, i32 3844, i32 3844, i64 %layer2_out, i64 %layer2_out"   --->   Operation 83 'specchannel' 'empty' <Predicate = true> <Delay = 0.00>
ST_32 : Operation 84 [1/1] (0.00ns)   --->   "%specinterface_ln0 = specinterface void @_ssdm_op_SpecInterface, i64 %layer2_out, void @empty_5, i32 0, i32 0, void @empty_3, i32 0, i32 0, void @empty_3, void @empty_3, void @empty_3, i32 0, i32 0, i32 0, i32 0, void @empty_3, void @empty_3"   --->   Operation 84 'specinterface' 'specinterface_ln0' <Predicate = true> <Delay = 0.00>
ST_32 : Operation 85 [1/1] (0.00ns)   --->   "%empty_63 = specchannel i32 @_ssdm_op_SpecChannel, void @layer5_out_str, i32 1, void @p_str, void @p_str, i32 3844, i32 3844, i64 %layer5_out, i64 %layer5_out"   --->   Operation 85 'specchannel' 'empty_63' <Predicate = true> <Delay = 0.00>
ST_32 : Operation 86 [1/1] (0.00ns)   --->   "%specinterface_ln0 = specinterface void @_ssdm_op_SpecInterface, i64 %layer5_out, void @empty_5, i32 0, i32 0, void @empty_3, i32 0, i32 0, void @empty_3, void @empty_3, void @empty_3, i32 0, i32 0, i32 0, i32 0, void @empty_3, void @empty_3"   --->   Operation 86 'specinterface' 'specinterface_ln0' <Predicate = true> <Delay = 0.00>
ST_32 : Operation 87 [1/1] (0.00ns)   --->   "%empty_64 = specchannel i32 @_ssdm_op_SpecChannel, void @layer6_out_str, i32 1, void @p_str, void @p_str, i32 961, i32 961, i64 %layer6_out, i64 %layer6_out"   --->   Operation 87 'specchannel' 'empty_64' <Predicate = true> <Delay = 0.00>
ST_32 : Operation 88 [1/1] (0.00ns)   --->   "%specinterface_ln0 = specinterface void @_ssdm_op_SpecInterface, i64 %layer6_out, void @empty_5, i32 0, i32 0, void @empty_3, i32 0, i32 0, void @empty_3, void @empty_3, void @empty_3, i32 0, i32 0, i32 0, i32 0, void @empty_3, void @empty_3"   --->   Operation 88 'specinterface' 'specinterface_ln0' <Predicate = true> <Delay = 0.00>
ST_32 : Operation 89 [1/1] (0.00ns)   --->   "%empty_65 = specchannel i32 @_ssdm_op_SpecChannel, void @layer7_out_str, i32 1, void @p_str, void @p_str, i32 841, i32 841, i32 %layer7_out, i32 %layer7_out"   --->   Operation 89 'specchannel' 'empty_65' <Predicate = true> <Delay = 0.00>
ST_32 : Operation 90 [1/1] (0.00ns)   --->   "%specinterface_ln0 = specinterface void @_ssdm_op_SpecInterface, i32 %layer7_out, void @empty_5, i32 0, i32 0, void @empty_3, i32 0, i32 0, void @empty_3, void @empty_3, void @empty_3, i32 0, i32 0, i32 0, i32 0, void @empty_3, void @empty_3"   --->   Operation 90 'specinterface' 'specinterface_ln0' <Predicate = true> <Delay = 0.00>
ST_32 : Operation 91 [1/1] (0.00ns)   --->   "%empty_66 = specchannel i32 @_ssdm_op_SpecChannel, void @layer10_out_str, i32 1, void @p_str, void @p_str, i32 841, i32 841, i32 %layer10_out, i32 %layer10_out"   --->   Operation 91 'specchannel' 'empty_66' <Predicate = true> <Delay = 0.00>
ST_32 : Operation 92 [1/1] (0.00ns)   --->   "%specinterface_ln0 = specinterface void @_ssdm_op_SpecInterface, i32 %layer10_out, void @empty_5, i32 0, i32 0, void @empty_3, i32 0, i32 0, void @empty_3, void @empty_3, void @empty_3, i32 0, i32 0, i32 0, i32 0, void @empty_3, void @empty_3"   --->   Operation 92 'specinterface' 'specinterface_ln0' <Predicate = true> <Delay = 0.00>
ST_32 : Operation 93 [1/1] (0.00ns)   --->   "%empty_67 = specchannel i32 @_ssdm_op_SpecChannel, void @layer11_out_str, i32 1, void @p_str, void @p_str, i32 196, i32 196, i32 %layer11_out, i32 %layer11_out"   --->   Operation 93 'specchannel' 'empty_67' <Predicate = true> <Delay = 0.00>
ST_32 : Operation 94 [1/1] (0.00ns)   --->   "%specinterface_ln0 = specinterface void @_ssdm_op_SpecInterface, i32 %layer11_out, void @empty_5, i32 0, i32 0, void @empty_3, i32 0, i32 0, void @empty_3, void @empty_3, void @empty_3, i32 0, i32 0, i32 0, i32 0, void @empty_3, void @empty_3"   --->   Operation 94 'specinterface' 'specinterface_ln0' <Predicate = true> <Delay = 0.00>
ST_32 : Operation 95 [1/1] (0.00ns)   --->   "%empty_68 = specchannel i32 @_ssdm_op_SpecChannel, void @layer12_out_str, i32 1, void @p_str, void @p_str, i32 144, i32 144, i32 %layer12_out, i32 %layer12_out"   --->   Operation 95 'specchannel' 'empty_68' <Predicate = true> <Delay = 0.00>
ST_32 : Operation 96 [1/1] (0.00ns)   --->   "%specinterface_ln0 = specinterface void @_ssdm_op_SpecInterface, i32 %layer12_out, void @empty_5, i32 0, i32 0, void @empty_3, i32 0, i32 0, void @empty_3, void @empty_3, void @empty_3, i32 0, i32 0, i32 0, i32 0, void @empty_3, void @empty_3"   --->   Operation 96 'specinterface' 'specinterface_ln0' <Predicate = true> <Delay = 0.00>
ST_32 : Operation 97 [1/1] (0.00ns)   --->   "%empty_69 = specchannel i32 @_ssdm_op_SpecChannel, void @layer15_out_str, i32 1, void @p_str, void @p_str, i32 144, i32 144, i32 %layer15_out, i32 %layer15_out"   --->   Operation 97 'specchannel' 'empty_69' <Predicate = true> <Delay = 0.00>
ST_32 : Operation 98 [1/1] (0.00ns)   --->   "%specinterface_ln0 = specinterface void @_ssdm_op_SpecInterface, i32 %layer15_out, void @empty_5, i32 0, i32 0, void @empty_3, i32 0, i32 0, void @empty_3, void @empty_3, void @empty_3, i32 0, i32 0, i32 0, i32 0, void @empty_3, void @empty_3"   --->   Operation 98 'specinterface' 'specinterface_ln0' <Predicate = true> <Delay = 0.00>
ST_32 : Operation 99 [1/1] (0.00ns)   --->   "%empty_70 = specchannel i32 @_ssdm_op_SpecChannel, void @layer16_out_str, i32 1, void @p_str, void @p_str, i32 36, i32 36, i32 %layer16_out, i32 %layer16_out"   --->   Operation 99 'specchannel' 'empty_70' <Predicate = true> <Delay = 0.00>
ST_32 : Operation 100 [1/1] (0.00ns)   --->   "%specinterface_ln0 = specinterface void @_ssdm_op_SpecInterface, i32 %layer16_out, void @empty_5, i32 0, i32 0, void @empty_3, i32 0, i32 0, void @empty_3, void @empty_3, void @empty_3, i32 0, i32 0, i32 0, i32 0, void @empty_3, void @empty_3"   --->   Operation 100 'specinterface' 'specinterface_ln0' <Predicate = true> <Delay = 0.00>
ST_32 : Operation 101 [1/1] (0.00ns)   --->   "%empty_71 = specchannel i32 @_ssdm_op_SpecChannel, void @layer18_out_str, i32 1, void @p_str, void @p_str, i32 1, i32 1, i96 %layer18_out, i96 %layer18_out"   --->   Operation 101 'specchannel' 'empty_71' <Predicate = true> <Delay = 0.00>
ST_32 : Operation 102 [1/1] (0.00ns)   --->   "%specinterface_ln0 = specinterface void @_ssdm_op_SpecInterface, i96 %layer18_out, void @empty_5, i32 0, i32 0, void @empty_3, i32 0, i32 0, void @empty_3, void @empty_3, void @empty_3, i32 0, i32 0, i32 0, i32 0, void @empty_3, void @empty_3"   --->   Operation 102 'specinterface' 'specinterface_ln0' <Predicate = true> <Delay = 0.00>
ST_32 : Operation 103 [1/1] (0.00ns)   --->   "%empty_72 = specchannel i32 @_ssdm_op_SpecChannel, void @layer21_out_str, i32 1, void @p_str, void @p_str, i32 1, i32 1, i96 %layer21_out, i96 %layer21_out"   --->   Operation 103 'specchannel' 'empty_72' <Predicate = true> <Delay = 0.00>
ST_32 : Operation 104 [1/1] (0.00ns)   --->   "%specinterface_ln0 = specinterface void @_ssdm_op_SpecInterface, i96 %layer21_out, void @empty_5, i32 0, i32 0, void @empty_3, i32 0, i32 0, void @empty_3, void @empty_3, void @empty_3, i32 0, i32 0, i32 0, i32 0, void @empty_3, void @empty_3"   --->   Operation 104 'specinterface' 'specinterface_ln0' <Predicate = true> <Delay = 0.00>
ST_32 : Operation 105 [1/1] (0.00ns)   --->   "%empty_73 = specchannel i32 @_ssdm_op_SpecChannel, void @layer22_out_str, i32 1, void @p_str, void @p_str, i32 1, i32 1, i384 %layer22_out, i384 %layer22_out"   --->   Operation 105 'specchannel' 'empty_73' <Predicate = true> <Delay = 0.00>
ST_32 : Operation 106 [1/1] (0.00ns)   --->   "%specinterface_ln0 = specinterface void @_ssdm_op_SpecInterface, i384 %layer22_out, void @empty_5, i32 0, i32 0, void @empty_3, i32 0, i32 0, void @empty_3, void @empty_3, void @empty_3, i32 0, i32 0, i32 0, i32 0, void @empty_3, void @empty_3"   --->   Operation 106 'specinterface' 'specinterface_ln0' <Predicate = true> <Delay = 0.00>
ST_32 : Operation 107 [1/1] (0.00ns)   --->   "%empty_74 = specchannel i32 @_ssdm_op_SpecChannel, void @layer25_out_str, i32 1, void @p_str, void @p_str, i32 1, i32 1, i384 %layer25_out, i384 %layer25_out"   --->   Operation 107 'specchannel' 'empty_74' <Predicate = true> <Delay = 0.00>
ST_32 : Operation 108 [1/1] (0.00ns)   --->   "%specinterface_ln0 = specinterface void @_ssdm_op_SpecInterface, i384 %layer25_out, void @empty_5, i32 0, i32 0, void @empty_3, i32 0, i32 0, void @empty_3, void @empty_3, void @empty_3, i32 0, i32 0, i32 0, i32 0, void @empty_3, void @empty_3"   --->   Operation 108 'specinterface' 'specinterface_ln0' <Predicate = true> <Delay = 0.00>
ST_32 : Operation 109 [1/1] (0.00ns)   --->   "%empty_75 = specchannel i32 @_ssdm_op_SpecChannel, void @layer26_out_str, i32 1, void @p_str, void @p_str, i32 1, i32 1, i64 %layer26_out, i64 %layer26_out"   --->   Operation 109 'specchannel' 'empty_75' <Predicate = true> <Delay = 0.00>
ST_32 : Operation 110 [1/1] (0.00ns)   --->   "%specinterface_ln0 = specinterface void @_ssdm_op_SpecInterface, i64 %layer26_out, void @empty_5, i32 0, i32 0, void @empty_3, i32 0, i32 0, void @empty_3, void @empty_3, void @empty_3, i32 0, i32 0, i32 0, i32 0, void @empty_3, void @empty_3"   --->   Operation 110 'specinterface' 'specinterface_ln0' <Predicate = true> <Delay = 0.00>
ST_32 : Operation 111 [1/1] (0.00ns)   --->   "%ret_ln100 = ret" [firmware/myproject.cpp:100]   --->   Operation 111 'ret' 'ret_ln100' <Predicate = true> <Delay = 0.00>


============================================================
+ Verbose Summary: Timing violations
============================================================
Target clock period: 5ns, clock uncertainty: 0.625ns.

 <State 1>: 0ns
The critical path consists of the following:

 <State 2>: 0ns
The critical path consists of the following:

 <State 3>: 0ns
The critical path consists of the following:

 <State 4>: 0ns
The critical path consists of the following:

 <State 5>: 0ns
The critical path consists of the following:

 <State 6>: 0ns
The critical path consists of the following:

 <State 7>: 0ns
The critical path consists of the following:

 <State 8>: 0ns
The critical path consists of the following:

 <State 9>: 0ns
The critical path consists of the following:

 <State 10>: 0ns
The critical path consists of the following:

 <State 11>: 0ns
The critical path consists of the following:

 <State 12>: 0ns
The critical path consists of the following:

 <State 13>: 0ns
The critical path consists of the following:

 <State 14>: 0ns
The critical path consists of the following:

 <State 15>: 0ns
The critical path consists of the following:

 <State 16>: 0ns
The critical path consists of the following:

 <State 17>: 0ns
The critical path consists of the following:

 <State 18>: 0ns
The critical path consists of the following:

 <State 19>: 0ns
The critical path consists of the following:

 <State 20>: 0ns
The critical path consists of the following:

 <State 21>: 0ns
The critical path consists of the following:

 <State 22>: 0ns
The critical path consists of the following:

 <State 23>: 0ns
The critical path consists of the following:

 <State 24>: 0ns
The critical path consists of the following:

 <State 25>: 0ns
The critical path consists of the following:

 <State 26>: 0ns
The critical path consists of the following:

 <State 27>: 0ns
The critical path consists of the following:

 <State 28>: 0ns
The critical path consists of the following:

 <State 29>: 0ns
The critical path consists of the following:

 <State 30>: 0ns
The critical path consists of the following:

 <State 31>: 0ns
The critical path consists of the following:

 <State 32>: 0ns
The critical path consists of the following:


============================================================
+ Verbose Summary: Binding
============================================================
N/A
* FSMD analyzer results:
  - Output states:
 - Input state : 
  - Chain level:
	State 1
	State 2
	State 3
	State 4
	State 5
	State 6
	State 7
	State 8
	State 9
	State 10
	State 11
	State 12
	State 13
	State 14
	State 15
	State 16
	State 17
	State 18
	State 19
	State 20
	State 21
	State 22
	State 23
	State 24
	State 25
	State 26
	State 27
	State 28
	State 29
	State 30
	State 31
	State 32


============================================================
+ Verbose Summary: Datapath Resource usage 
============================================================
N/A
