

================================================================
== Vitis HLS Report for 'pooling2d_cl_array_ap_fixed_4u_array_ap_fixed_16_6_5_3_0_4u_config6_s'
================================================================
* Date:           Mon Oct 21 14:06:16 2024

* Version:        2020.2 (Build 3064766 on Wed Nov 18 09:12:47 MST 2020)
* Project:        myproject_prj
* Solution:       solution1 (Vivado IP Flow Target)
* Product family: zynq
* Target device:  xc7z020-clg484-1


================================================================
== Performance Estimates
================================================================
+ Timing: 
    * Summary: 
    +--------+---------+----------+------------+
    |  Clock |  Target | Estimated| Uncertainty|
    +--------+---------+----------+------------+
    |ap_clk  |  5.00 ns|  4.140 ns|     0.62 ns|
    +--------+---------+----------+------------+

+ Latency: 
    * Summary: 
    +---------+---------+-----------+-----------+------+------+---------+
    |  Latency (cycles) |   Latency (absolute)  |   Interval  | Pipeline|
    |   min   |   max   |    min    |    max    |  min |  max |   Type  |
    +---------+---------+-----------+-----------+------+------+---------+
    |     3849|     3849|  19.245 us|  19.245 us|  3849|  3849|     none|
    +---------+---------+-----------+-----------+------+------+---------+

    + Detail: 
        * Instance: 
        N/A

        * Loop: 
        +----------------------------------+---------+---------+----------+-----------+-----------+------+----------+
        |                                  |  Latency (cycles) | Iteration|  Initiation Interval  | Trip |          |
        |             Loop Name            |   min   |   max   |  Latency |  achieved |   target  | Count| Pipelined|
        +----------------------------------+---------+---------+----------+-----------+-----------+------+----------+
        |- ReadInputHeight_ReadInputWidth  |     3847|     3847|         5|          1|          1|  3844|       yes|
        +----------------------------------+---------+---------+----------+-----------+-----------+------+----------+

============================================================
+ Verbose Summary: Synthesis Manager
============================================================
InlineROM: 1
ExposeGlobal: 0
============================================================
+ Verbose Summary: CDFG Model
============================================================
IsTopModel: 0
ResetActiveHigh: 1
IsCombinational: 2
IsDatapathOnly: 0
HasWiredReturn: 1
HasMFsm: 0
HasVarLatency: 1
IsPipeline: 0
IsRtlPipelined: 0
IsInstanceOverlapped: 0
IsDontTouch: 0
HasImplIP: 0
IsGatedGlobalClock: 0

+ Individual pipeline summary: 
  * Pipeline-0: initiation interval (II) = 1, depth = 5


============================================================
+ Verbose Summary: Schedule
============================================================
* Number of FSM states : 7
* Pipeline : 1
  Pipeline-0 : II = 1, D = 5, States = { 2 3 4 5 6 }
* Dataflow Pipeline: 0

* FSM state transitions: 
1 --> 2 
2 --> 7 3 
3 --> 4 
4 --> 5 
5 --> 6 
6 --> 2 
7 --> 

* FSM state operations: 

State 1 <SV = 0> <Delay = 1.58>
ST_1 : Operation 8 [1/1] (0.00ns)   --->   "%specinterface_ln0 = specinterface void @_ssdm_op_SpecInterface, i64 %res, void @empty_5, i32 0, i32 0, void @empty_3, i32 0, i32 0, void @empty_3, void @empty_3, void @empty_3, i32 0, i32 0, i32 0, i32 0, void @empty_3, void @empty_3"   --->   Operation 8 'specinterface' 'specinterface_ln0' <Predicate = true> <Delay = 0.00>
ST_1 : Operation 9 [1/1] (0.00ns)   --->   "%specinterface_ln0 = specinterface void @_ssdm_op_SpecInterface, i64 %data, void @empty_5, i32 0, i32 0, void @empty_3, i32 0, i32 0, void @empty_3, void @empty_3, void @empty_3, i32 0, i32 0, i32 0, i32 0, void @empty_3, void @empty_3"   --->   Operation 9 'specinterface' 'specinterface_ln0' <Predicate = true> <Delay = 0.00>
ST_1 : Operation 10 [1/1] (1.58ns)   --->   "%br_ln109 = br void" [firmware/nnet_utils/nnet_pooling_stream.h:109]   --->   Operation 10 'br' 'br_ln109' <Predicate = true> <Delay = 1.58>

State 2 <SV = 1> <Delay = 2.55>
ST_2 : Operation 11 [1/1] (0.00ns)   --->   "%indvar_flatten = phi i12 0, void %codeRepl, i12 %add_ln109, void" [firmware/nnet_utils/nnet_pooling_stream.h:109]   --->   Operation 11 'phi' 'indvar_flatten' <Predicate = true> <Delay = 0.00>
ST_2 : Operation 12 [1/1] (1.54ns)   --->   "%add_ln109 = add i12 %indvar_flatten, i12 1" [firmware/nnet_utils/nnet_pooling_stream.h:109]   --->   Operation 12 'add' 'add_ln109' <Predicate = true> <Delay = 1.54> <CoreInst = "Adder">   --->   Core 1 'Adder' <Latency = 0> <II = 1> <Delay = 2.55> <FuncUnit> <Opcode : 'add' 'sub'> <InPorts = 2> <OutPorts = 1>
ST_2 : Operation 13 [1/1] (1.99ns)   --->   "%icmp_ln109 = icmp_eq  i12 %indvar_flatten, i12 3844" [firmware/nnet_utils/nnet_pooling_stream.h:109]   --->   Operation 13 'icmp' 'icmp_ln109' <Predicate = true> <Delay = 1.99> <CoreInst = "Cmp">   --->   Core 9 'Cmp' <Latency = 0> <II = 1> <Delay = 2.47> <FuncUnit> <Opcode : 'icmp'> <InPorts = 2> <OutPorts = 1>
ST_2 : Operation 14 [1/1] (0.00ns)   --->   "%br_ln109 = br i1 %icmp_ln109, void %.split6, void" [firmware/nnet_utils/nnet_pooling_stream.h:109]   --->   Operation 14 'br' 'br_ln109' <Predicate = true> <Delay = 0.00>
ST_2 : Operation 15 [1/1] (0.00ns)   --->   "%sX_load = load i32 %sX" [firmware/nnet_utils/nnet_pooling_stream.h:55]   --->   Operation 15 'load' 'sX_load' <Predicate = (!icmp_ln109)> <Delay = 0.00>
ST_2 : Operation 16 [1/1] (2.47ns)   --->   "%icmp_ln55 = icmp_eq  i32 %sX_load, i32 1" [firmware/nnet_utils/nnet_pooling_stream.h:55]   --->   Operation 16 'icmp' 'icmp_ln55' <Predicate = (!icmp_ln109)> <Delay = 2.47> <CoreInst = "Cmp">   --->   Core 9 'Cmp' <Latency = 0> <II = 1> <Delay = 2.47> <FuncUnit> <Opcode : 'icmp'> <InPorts = 2> <OutPorts = 1>
ST_2 : Operation 17 [1/1] (0.00ns)   --->   "%br_ln55 = br i1 %icmp_ln55, void %._crit_edge1, void" [firmware/nnet_utils/nnet_pooling_stream.h:55]   --->   Operation 17 'br' 'br_ln55' <Predicate = (!icmp_ln109)> <Delay = 0.00>
ST_2 : Operation 18 [1/1] (0.00ns)   --->   "%pX_load_1 = load i32 %pX" [firmware/nnet_utils/nnet_pooling_stream.h:76]   --->   Operation 18 'load' 'pX_load_1' <Predicate = (!icmp_ln109)> <Delay = 0.00>
ST_2 : Operation 19 [1/1] (2.55ns)   --->   "%add_ln76 = add i32 %pX_load_1, i32 1" [firmware/nnet_utils/nnet_pooling_stream.h:76]   --->   Operation 19 'add' 'add_ln76' <Predicate = (!icmp_ln109)> <Delay = 2.55> <CoreInst = "Adder">   --->   Core 1 'Adder' <Latency = 0> <II = 1> <Delay = 2.55> <FuncUnit> <Opcode : 'add' 'sub'> <InPorts = 2> <OutPorts = 1>
ST_2 : Operation 20 [1/1] (0.00ns)   --->   "%br_ln0 = br void"   --->   Operation 20 'br' 'br_ln0' <Predicate = (!icmp_ln109)> <Delay = 0.00>

State 3 <SV = 2> <Delay = 4.14>
ST_3 : Operation 21 [1/1] (2.18ns)   --->   "%data_read = read i64 @_ssdm_op_Read.ap_fifo.volatile.i64P0A, i64 %data" [/mnt/Data/Xilinx/Vitis_HLS/2020.2/common/technology/autopilot/hls_stream_39.h:145]   --->   Operation 21 'read' 'data_read' <Predicate = true> <Delay = 2.18> <CoreInst = "FIFO">   --->   Core 78 'FIFO' <Latency = 0> <II = 1> <Delay = 3.50> <Storage> <Opcode : 'read' 'write' 'nbread' 'nbwrite'> <Ports = 0> <Width = 64> <Depth = 3844> <FIFO>
ST_3 : Operation 22 [1/1] (0.00ns)   --->   "%shift_buffer_V_1_0 = trunc i64 %data_read" [/mnt/Data/Xilinx/Vitis_HLS/2020.2/common/technology/autopilot/hls_stream_39.h:145]   --->   Operation 22 'trunc' 'shift_buffer_V_1_0' <Predicate = true> <Delay = 0.00>
ST_3 : Operation 23 [1/1] (0.00ns)   --->   "%shift_buffer_V_1_1 = partselect i16 @_ssdm_op_PartSelect.i16.i64.i32.i32, i64 %data_read, i32 16, i32 31" [/mnt/Data/Xilinx/Vitis_HLS/2020.2/common/technology/autopilot/hls_stream_39.h:145]   --->   Operation 23 'partselect' 'shift_buffer_V_1_1' <Predicate = true> <Delay = 0.00>
ST_3 : Operation 24 [1/1] (0.00ns)   --->   "%shift_buffer_V_1_2 = partselect i16 @_ssdm_op_PartSelect.i16.i64.i32.i32, i64 %data_read, i32 32, i32 47" [/mnt/Data/Xilinx/Vitis_HLS/2020.2/common/technology/autopilot/hls_stream_39.h:145]   --->   Operation 24 'partselect' 'shift_buffer_V_1_2' <Predicate = true> <Delay = 0.00>
ST_3 : Operation 25 [1/1] (0.00ns)   --->   "%shift_buffer_V_1_3 = partselect i16 @_ssdm_op_PartSelect.i16.i64.i32.i32, i64 %data_read, i32 48, i32 63" [/mnt/Data/Xilinx/Vitis_HLS/2020.2/common/technology/autopilot/hls_stream_39.h:145]   --->   Operation 25 'partselect' 'shift_buffer_V_1_3' <Predicate = true> <Delay = 0.00>
ST_3 : Operation 26 [1/1] (1.61ns)   --->   "%shift_buffer_V_0_0 = memshiftread i16 @_ssdm_op_MemShiftRead.[62 x i16]P0A, i16 61, i16 %shift_buffer_V_1_0, i1 1"   --->   Operation 26 'memshiftread' 'shift_buffer_V_0_0' <Predicate = true> <Delay = 1.61> <CoreInst = "ShiftReg">   --->   Core 77 'ShiftReg' <Latency = 0> <II = 1> <Delay = 1.61> <Storage> <Opcode : 'memshiftread' 'load'> <Ports = 1> <Width = 16> <Depth = 62> <ShiftMem>
ST_3 : Operation 27 [1/1] (1.61ns)   --->   "%shift_buffer_V_0_1 = memshiftread i16 @_ssdm_op_MemShiftRead.[62 x i16]P0A, i16 61, i16 0, i1 0"   --->   Operation 27 'memshiftread' 'shift_buffer_V_0_1' <Predicate = true> <Delay = 1.61> <CoreInst = "ShiftReg">   --->   Core 77 'ShiftReg' <Latency = 0> <II = 1> <Delay = 1.61> <Storage> <Opcode : 'memshiftread' 'load'> <Ports = 1> <Width = 16> <Depth = 62> <ShiftMem>
ST_3 : Operation 28 [1/1] (1.61ns)   --->   "%empty_58 = memshiftread i16 @_ssdm_op_MemShiftRead.[62 x i16]P0A, i16 61, i16 %shift_buffer_V_1_1, i1 1"   --->   Operation 28 'memshiftread' 'empty_58' <Predicate = true> <Delay = 1.61> <CoreInst = "ShiftReg">   --->   Core 77 'ShiftReg' <Latency = 0> <II = 1> <Delay = 1.61> <Storage> <Opcode : 'memshiftread' 'load'> <Ports = 1> <Width = 16> <Depth = 62> <ShiftMem>
ST_3 : Operation 29 [1/1] (1.61ns)   --->   "%shift_buffer_V_0_2 = memshiftread i16 @_ssdm_op_MemShiftRead.[62 x i16]P0A, i16 61, i16 0, i1 0"   --->   Operation 29 'memshiftread' 'shift_buffer_V_0_2' <Predicate = true> <Delay = 1.61> <CoreInst = "ShiftReg">   --->   Core 77 'ShiftReg' <Latency = 0> <II = 1> <Delay = 1.61> <Storage> <Opcode : 'memshiftread' 'load'> <Ports = 1> <Width = 16> <Depth = 62> <ShiftMem>
ST_3 : Operation 30 [1/1] (1.61ns)   --->   "%empty_59 = memshiftread i16 @_ssdm_op_MemShiftRead.[62 x i16]P0A, i16 61, i16 %shift_buffer_V_1_2, i1 1"   --->   Operation 30 'memshiftread' 'empty_59' <Predicate = true> <Delay = 1.61> <CoreInst = "ShiftReg">   --->   Core 77 'ShiftReg' <Latency = 0> <II = 1> <Delay = 1.61> <Storage> <Opcode : 'memshiftread' 'load'> <Ports = 1> <Width = 16> <Depth = 62> <ShiftMem>
ST_3 : Operation 31 [1/1] (1.61ns)   --->   "%p_0 = memshiftread i16 @_ssdm_op_MemShiftRead.[62 x i16]P0A, i16 61, i16 0, i1 0"   --->   Operation 31 'memshiftread' 'p_0' <Predicate = true> <Delay = 1.61> <CoreInst = "ShiftReg">   --->   Core 77 'ShiftReg' <Latency = 0> <II = 1> <Delay = 1.61> <Storage> <Opcode : 'memshiftread' 'load'> <Ports = 1> <Width = 16> <Depth = 62> <ShiftMem>
ST_3 : Operation 32 [1/1] (1.61ns)   --->   "%empty_60 = memshiftread i16 @_ssdm_op_MemShiftRead.[62 x i16]P0A, i16 61, i16 %shift_buffer_V_1_3, i1 1"   --->   Operation 32 'memshiftread' 'empty_60' <Predicate = true> <Delay = 1.61> <CoreInst = "ShiftReg">   --->   Core 77 'ShiftReg' <Latency = 0> <II = 1> <Delay = 1.61> <Storage> <Opcode : 'memshiftread' 'load'> <Ports = 1> <Width = 16> <Depth = 62> <ShiftMem>
ST_3 : Operation 33 [1/1] (0.00ns)   --->   "%pX_load = load i32 %pX" [firmware/nnet_utils/nnet_pooling_stream.h:55]   --->   Operation 33 'load' 'pX_load' <Predicate = (icmp_ln55)> <Delay = 0.00>
ST_3 : Operation 34 [1/1] (2.47ns)   --->   "%icmp_ln55_3 = icmp_sgt  i32 %pX_load, i32 0" [firmware/nnet_utils/nnet_pooling_stream.h:55]   --->   Operation 34 'icmp' 'icmp_ln55_3' <Predicate = (icmp_ln55)> <Delay = 2.47> <CoreInst = "Cmp">   --->   Core 9 'Cmp' <Latency = 0> <II = 1> <Delay = 2.47> <FuncUnit> <Opcode : 'icmp'> <InPorts = 2> <OutPorts = 1>
ST_3 : Operation 35 [1/1] (2.47ns)   --->   "%icmp_ln76 = icmp_eq  i32 %add_ln76, i32 62" [firmware/nnet_utils/nnet_pooling_stream.h:76]   --->   Operation 35 'icmp' 'icmp_ln76' <Predicate = true> <Delay = 2.47> <CoreInst = "Cmp">   --->   Core 9 'Cmp' <Latency = 0> <II = 1> <Delay = 2.47> <FuncUnit> <Opcode : 'icmp'> <InPorts = 2> <OutPorts = 1>
ST_3 : Operation 36 [1/1] (0.00ns)   --->   "%br_ln76 = br i1 %icmp_ln76, void, void" [firmware/nnet_utils/nnet_pooling_stream.h:76]   --->   Operation 36 'br' 'br_ln76' <Predicate = true> <Delay = 0.00>
ST_3 : Operation 37 [1/1] (1.58ns)   --->   "%store_ln89 = store i32 %add_ln76, i32 %pX" [firmware/nnet_utils/nnet_pooling_stream.h:89]   --->   Operation 37 'store' 'store_ln89' <Predicate = (!icmp_ln76)> <Delay = 1.58>
ST_3 : Operation 38 [1/1] (0.00ns) (grouped into LUT with out node add_ln91)   --->   "%select_ln91 = select i1 %icmp_ln55, i32 4294967295, i32 1" [firmware/nnet_utils/nnet_pooling_stream.h:91]   --->   Operation 38 'select' 'select_ln91' <Predicate = (!icmp_ln76)> <Delay = 0.00> <CoreInst = "Sel">   --->   Core 73 'Sel' <Latency = 0> <II = 1> <Delay = 0.99> <FuncUnit> <Opcode : 'select'> <InPorts = 3> <OutPorts = 1>
ST_3 : Operation 39 [1/1] (2.55ns) (out node of the LUT)   --->   "%add_ln91 = add i32 %sX_load, i32 %select_ln91" [firmware/nnet_utils/nnet_pooling_stream.h:91]   --->   Operation 39 'add' 'add_ln91' <Predicate = (!icmp_ln76)> <Delay = 2.55> <CoreInst = "Adder">   --->   Core 1 'Adder' <Latency = 0> <II = 1> <Delay = 2.55> <FuncUnit> <Opcode : 'add' 'sub'> <InPorts = 2> <OutPorts = 1>
ST_3 : Operation 40 [1/1] (1.58ns)   --->   "%store_ln91 = store i32 %add_ln91, i32 %sX" [firmware/nnet_utils/nnet_pooling_stream.h:91]   --->   Operation 40 'store' 'store_ln91' <Predicate = (!icmp_ln76)> <Delay = 1.58>
ST_3 : Operation 41 [1/1] (0.00ns)   --->   "%br_ln0 = br void"   --->   Operation 41 'br' 'br_ln0' <Predicate = (!icmp_ln76)> <Delay = 0.00>
ST_3 : Operation 42 [1/1] (1.58ns)   --->   "%store_ln78 = store i32 0, i32 %pX" [firmware/nnet_utils/nnet_pooling_stream.h:78]   --->   Operation 42 'store' 'store_ln78' <Predicate = (icmp_ln76)> <Delay = 1.58>
ST_3 : Operation 43 [1/1] (1.58ns)   --->   "%store_ln79 = store i32 0, i32 %sX" [firmware/nnet_utils/nnet_pooling_stream.h:79]   --->   Operation 43 'store' 'store_ln79' <Predicate = (icmp_ln76)> <Delay = 1.58>
ST_3 : Operation 44 [1/1] (0.00ns)   --->   "%pY_load_1 = load i32 %pY" [firmware/nnet_utils/nnet_pooling_stream.h:80]   --->   Operation 44 'load' 'pY_load_1' <Predicate = (icmp_ln76)> <Delay = 0.00>
ST_3 : Operation 45 [1/1] (2.55ns)   --->   "%add_ln80 = add i32 %pY_load_1, i32 1" [firmware/nnet_utils/nnet_pooling_stream.h:80]   --->   Operation 45 'add' 'add_ln80' <Predicate = (icmp_ln76)> <Delay = 2.55> <CoreInst = "Adder">   --->   Core 1 'Adder' <Latency = 0> <II = 1> <Delay = 2.55> <FuncUnit> <Opcode : 'add' 'sub'> <InPorts = 2> <OutPorts = 1>

State 4 <SV = 3> <Delay = 4.06>
ST_4 : Operation 46 [1/1] (0.00ns)   --->   "%specloopname_ln0 = specloopname void @_ssdm_op_SpecLoopName, void @ReadInputHeight_ReadInputWidth_str"   --->   Operation 46 'specloopname' 'specloopname_ln0' <Predicate = true> <Delay = 0.00>
ST_4 : Operation 47 [1/1] (0.00ns)   --->   "%empty = speclooptripcount i32 @_ssdm_op_SpecLoopTripCount, i64 3844, i64 3844, i64 3844"   --->   Operation 47 'speclooptripcount' 'empty' <Predicate = true> <Delay = 0.00>
ST_4 : Operation 48 [1/1] (0.00ns)   --->   "%specpipeline_ln0 = specpipeline void @_ssdm_op_SpecPipeline, i32 4294967295, i32 0, i32 0, i32 0, void @empty_3" [/mnt/Data/Xilinx/Vitis_HLS/2020.2/common/technology/autopilot/hls_stream_39.h:0]   --->   Operation 48 'specpipeline' 'specpipeline_ln0' <Predicate = true> <Delay = 0.00>
ST_4 : Operation 49 [1/1] (0.00ns)   --->   "%specloopname_ln0 = specloopname void @_ssdm_op_SpecLoopName, void @empty_10" [/mnt/Data/Xilinx/Vitis_HLS/2020.2/common/technology/autopilot/hls_stream_39.h:0]   --->   Operation 49 'specloopname' 'specloopname_ln0' <Predicate = true> <Delay = 0.00>
ST_4 : Operation 50 [1/1] (0.00ns)   --->   "%kernel_data_V_4_load = load i16 %kernel_data_V_4" [firmware/nnet_utils/nnet_conv_stream.h:201]   --->   Operation 50 'load' 'kernel_data_V_4_load' <Predicate = true> <Delay = 0.00>
ST_4 : Operation 51 [1/1] (0.00ns)   --->   "%kernel_data_V_555_load = load i16 %kernel_data_V_555" [firmware/nnet_utils/nnet_conv_stream.h:201]   --->   Operation 51 'load' 'kernel_data_V_555_load' <Predicate = true> <Delay = 0.00>
ST_4 : Operation 52 [1/1] (0.00ns)   --->   "%kernel_data_V_656_load = load i16 %kernel_data_V_656" [firmware/nnet_utils/nnet_conv_stream.h:201]   --->   Operation 52 'load' 'kernel_data_V_656_load' <Predicate = true> <Delay = 0.00>
ST_4 : Operation 53 [1/1] (0.00ns)   --->   "%kernel_data_V_757_load = load i16 %kernel_data_V_757" [firmware/nnet_utils/nnet_conv_stream.h:201]   --->   Operation 53 'load' 'kernel_data_V_757_load' <Predicate = true> <Delay = 0.00>
ST_4 : Operation 54 [1/1] (0.00ns)   --->   "%kernel_data_V_12_load = load i16 %kernel_data_V_12" [firmware/nnet_utils/nnet_conv_stream.h:201]   --->   Operation 54 'load' 'kernel_data_V_12_load' <Predicate = true> <Delay = 0.00>
ST_4 : Operation 55 [1/1] (0.00ns)   --->   "%kernel_data_V_13_load = load i16 %kernel_data_V_13" [firmware/nnet_utils/nnet_conv_stream.h:201]   --->   Operation 55 'load' 'kernel_data_V_13_load' <Predicate = true> <Delay = 0.00>
ST_4 : Operation 56 [1/1] (0.00ns)   --->   "%kernel_data_V_14_load = load i16 %kernel_data_V_14" [firmware/nnet_utils/nnet_conv_stream.h:201]   --->   Operation 56 'load' 'kernel_data_V_14_load' <Predicate = true> <Delay = 0.00>
ST_4 : Operation 57 [1/1] (0.00ns)   --->   "%kernel_data_V_15_load = load i16 %kernel_data_V_15" [firmware/nnet_utils/nnet_conv_stream.h:201]   --->   Operation 57 'load' 'kernel_data_V_15_load' <Predicate = true> <Delay = 0.00>
ST_4 : Operation 58 [1/1] (0.00ns)   --->   "%store_ln214 = store i16 %shift_buffer_V_0_0, i16 %kernel_data_V_4" [firmware/nnet_utils/nnet_conv_stream.h:214]   --->   Operation 58 'store' 'store_ln214' <Predicate = true> <Delay = 0.00>
ST_4 : Operation 59 [1/1] (0.00ns)   --->   "%store_ln214 = store i16 %shift_buffer_V_0_1, i16 %kernel_data_V_555" [firmware/nnet_utils/nnet_conv_stream.h:214]   --->   Operation 59 'store' 'store_ln214' <Predicate = true> <Delay = 0.00>
ST_4 : Operation 60 [1/1] (0.00ns)   --->   "%store_ln214 = store i16 %shift_buffer_V_0_2, i16 %kernel_data_V_656" [firmware/nnet_utils/nnet_conv_stream.h:214]   --->   Operation 60 'store' 'store_ln214' <Predicate = true> <Delay = 0.00>
ST_4 : Operation 61 [1/1] (0.00ns)   --->   "%store_ln214 = store i16 %p_0, i16 %kernel_data_V_757" [firmware/nnet_utils/nnet_conv_stream.h:214]   --->   Operation 61 'store' 'store_ln214' <Predicate = true> <Delay = 0.00>
ST_4 : Operation 62 [1/1] (0.00ns)   --->   "%store_ln214 = store i16 %shift_buffer_V_1_0, i16 %kernel_data_V_12" [firmware/nnet_utils/nnet_conv_stream.h:214]   --->   Operation 62 'store' 'store_ln214' <Predicate = true> <Delay = 0.00>
ST_4 : Operation 63 [1/1] (0.00ns)   --->   "%store_ln214 = store i16 %shift_buffer_V_1_1, i16 %kernel_data_V_13" [firmware/nnet_utils/nnet_conv_stream.h:214]   --->   Operation 63 'store' 'store_ln214' <Predicate = true> <Delay = 0.00>
ST_4 : Operation 64 [1/1] (0.00ns)   --->   "%store_ln214 = store i16 %shift_buffer_V_1_2, i16 %kernel_data_V_14" [firmware/nnet_utils/nnet_conv_stream.h:214]   --->   Operation 64 'store' 'store_ln214' <Predicate = true> <Delay = 0.00>
ST_4 : Operation 65 [1/1] (0.00ns)   --->   "%store_ln214 = store i16 %shift_buffer_V_1_3, i16 %kernel_data_V_15" [firmware/nnet_utils/nnet_conv_stream.h:214]   --->   Operation 65 'store' 'store_ln214' <Predicate = true> <Delay = 0.00>
ST_4 : Operation 66 [1/1] (0.00ns)   --->   "%sY_load = load i32 %sY" [firmware/nnet_utils/nnet_pooling_stream.h:55]   --->   Operation 66 'load' 'sY_load' <Predicate = (icmp_ln55)> <Delay = 0.00>
ST_4 : Operation 67 [1/1] (2.47ns)   --->   "%icmp_ln55_1 = icmp_eq  i32 %sY_load, i32 1" [firmware/nnet_utils/nnet_pooling_stream.h:55]   --->   Operation 67 'icmp' 'icmp_ln55_1' <Predicate = (icmp_ln55)> <Delay = 2.47> <CoreInst = "Cmp">   --->   Core 9 'Cmp' <Latency = 0> <II = 1> <Delay = 2.47> <FuncUnit> <Opcode : 'icmp'> <InPorts = 2> <OutPorts = 1>
ST_4 : Operation 68 [1/1] (0.00ns)   --->   "%pY_load = load i32 %pY" [firmware/nnet_utils/nnet_pooling_stream.h:55]   --->   Operation 68 'load' 'pY_load' <Predicate = (icmp_ln55)> <Delay = 0.00>
ST_4 : Operation 69 [1/1] (2.47ns)   --->   "%icmp_ln55_2 = icmp_sgt  i32 %pY_load, i32 0" [firmware/nnet_utils/nnet_pooling_stream.h:55]   --->   Operation 69 'icmp' 'icmp_ln55_2' <Predicate = (icmp_ln55)> <Delay = 2.47> <CoreInst = "Cmp">   --->   Core 9 'Cmp' <Latency = 0> <II = 1> <Delay = 2.47> <FuncUnit> <Opcode : 'icmp'> <InPorts = 2> <OutPorts = 1>
ST_4 : Operation 70 [1/1] (0.00ns) (grouped into LUT with out node and_ln55_1)   --->   "%and_ln55 = and i1 %icmp_ln55_2, i1 %icmp_ln55_3" [firmware/nnet_utils/nnet_pooling_stream.h:55]   --->   Operation 70 'and' 'and_ln55' <Predicate = (icmp_ln55)> <Delay = 0.00> <CoreInst = "LogicGate">   --->   Core 74 'LogicGate' <Latency = 0> <II = 1> <Delay = 0.97> <FuncUnit> <Opcode : 'and' 'or' 'xor'> <InPorts = 2> <OutPorts = 1>
ST_4 : Operation 71 [1/1] (0.97ns) (out node of the LUT)   --->   "%and_ln55_1 = and i1 %and_ln55, i1 %icmp_ln55_1" [firmware/nnet_utils/nnet_pooling_stream.h:55]   --->   Operation 71 'and' 'and_ln55_1' <Predicate = (icmp_ln55)> <Delay = 0.97> <CoreInst = "LogicGate">   --->   Core 74 'LogicGate' <Latency = 0> <II = 1> <Delay = 0.97> <FuncUnit> <Opcode : 'and' 'or' 'xor'> <InPorts = 2> <OutPorts = 1>
ST_4 : Operation 72 [1/1] (0.00ns)   --->   "%br_ln55 = br i1 %and_ln55_1, void %._crit_edge1, void %.split2.0" [firmware/nnet_utils/nnet_pooling_stream.h:55]   --->   Operation 72 'br' 'br_ln55' <Predicate = (icmp_ln55)> <Delay = 0.00>
ST_4 : Operation 73 [1/1] (2.42ns)   --->   "%icmp_ln1496 = icmp_slt  i16 %kernel_data_V_4_load, i16 %shift_buffer_V_0_0"   --->   Operation 73 'icmp' 'icmp_ln1496' <Predicate = (icmp_ln55 & and_ln55_1)> <Delay = 2.42> <CoreInst = "Cmp">   --->   Core 9 'Cmp' <Latency = 0> <II = 1> <Delay = 2.47> <FuncUnit> <Opcode : 'icmp'> <InPorts = 2> <OutPorts = 1>
ST_4 : Operation 74 [1/1] (0.00ns) (grouped into LUT with out node select_ln65)   --->   "%xor_ln1496 = xor i1 %icmp_ln1496, i1 1"   --->   Operation 74 'xor' 'xor_ln1496' <Predicate = (icmp_ln55 & and_ln55_1)> <Delay = 0.00> <CoreInst = "LogicGate">   --->   Core 74 'LogicGate' <Latency = 0> <II = 1> <Delay = 0.97> <FuncUnit> <Opcode : 'and' 'or' 'xor'> <InPorts = 2> <OutPorts = 1>
ST_4 : Operation 75 [1/1] (0.97ns) (out node of the LUT)   --->   "%select_ln65 = select i1 %xor_ln1496, i16 %kernel_data_V_4_load, i16 %shift_buffer_V_0_0" [firmware/nnet_utils/nnet_common.h:65]   --->   Operation 75 'select' 'select_ln65' <Predicate = (icmp_ln55 & and_ln55_1)> <Delay = 0.97> <CoreInst = "Sel">   --->   Core 73 'Sel' <Latency = 0> <II = 1> <Delay = 0.99> <FuncUnit> <Opcode : 'select'> <InPorts = 3> <OutPorts = 1>
ST_4 : Operation 76 [1/1] (2.42ns)   --->   "%icmp_ln1496_3 = icmp_slt  i16 %kernel_data_V_12_load, i16 %shift_buffer_V_1_0"   --->   Operation 76 'icmp' 'icmp_ln1496_3' <Predicate = (icmp_ln55 & and_ln55_1)> <Delay = 2.42> <CoreInst = "Cmp">   --->   Core 9 'Cmp' <Latency = 0> <II = 1> <Delay = 2.47> <FuncUnit> <Opcode : 'icmp'> <InPorts = 2> <OutPorts = 1>
ST_4 : Operation 77 [1/1] (0.00ns) (grouped into LUT with out node select_ln65_3)   --->   "%xor_ln1496_3 = xor i1 %icmp_ln1496_3, i1 1"   --->   Operation 77 'xor' 'xor_ln1496_3' <Predicate = (icmp_ln55 & and_ln55_1)> <Delay = 0.00> <CoreInst = "LogicGate">   --->   Core 74 'LogicGate' <Latency = 0> <II = 1> <Delay = 0.97> <FuncUnit> <Opcode : 'and' 'or' 'xor'> <InPorts = 2> <OutPorts = 1>
ST_4 : Operation 78 [1/1] (0.97ns) (out node of the LUT)   --->   "%select_ln65_3 = select i1 %xor_ln1496_3, i16 %kernel_data_V_12_load, i16 %shift_buffer_V_1_0" [firmware/nnet_utils/nnet_common.h:65]   --->   Operation 78 'select' 'select_ln65_3' <Predicate = (icmp_ln55 & and_ln55_1)> <Delay = 0.97> <CoreInst = "Sel">   --->   Core 73 'Sel' <Latency = 0> <II = 1> <Delay = 0.99> <FuncUnit> <Opcode : 'select'> <InPorts = 3> <OutPorts = 1>
ST_4 : Operation 79 [1/1] (2.42ns)   --->   "%icmp_ln1496_5 = icmp_slt  i16 %kernel_data_V_555_load, i16 %shift_buffer_V_0_1"   --->   Operation 79 'icmp' 'icmp_ln1496_5' <Predicate = (icmp_ln55 & and_ln55_1)> <Delay = 2.42> <CoreInst = "Cmp">   --->   Core 9 'Cmp' <Latency = 0> <II = 1> <Delay = 2.47> <FuncUnit> <Opcode : 'icmp'> <InPorts = 2> <OutPorts = 1>
ST_4 : Operation 80 [1/1] (0.00ns) (grouped into LUT with out node select_ln65_1)   --->   "%xor_ln1496_5 = xor i1 %icmp_ln1496_5, i1 1"   --->   Operation 80 'xor' 'xor_ln1496_5' <Predicate = (icmp_ln55 & and_ln55_1)> <Delay = 0.00> <CoreInst = "LogicGate">   --->   Core 74 'LogicGate' <Latency = 0> <II = 1> <Delay = 0.97> <FuncUnit> <Opcode : 'and' 'or' 'xor'> <InPorts = 2> <OutPorts = 1>
ST_4 : Operation 81 [1/1] (0.97ns) (out node of the LUT)   --->   "%select_ln65_1 = select i1 %xor_ln1496_5, i16 %kernel_data_V_555_load, i16 %shift_buffer_V_0_1" [firmware/nnet_utils/nnet_common.h:65]   --->   Operation 81 'select' 'select_ln65_1' <Predicate = (icmp_ln55 & and_ln55_1)> <Delay = 0.97> <CoreInst = "Sel">   --->   Core 73 'Sel' <Latency = 0> <II = 1> <Delay = 0.99> <FuncUnit> <Opcode : 'select'> <InPorts = 3> <OutPorts = 1>
ST_4 : Operation 82 [1/1] (2.42ns)   --->   "%icmp_ln1496_6 = icmp_slt  i16 %kernel_data_V_13_load, i16 %shift_buffer_V_1_1"   --->   Operation 82 'icmp' 'icmp_ln1496_6' <Predicate = (icmp_ln55 & and_ln55_1)> <Delay = 2.42> <CoreInst = "Cmp">   --->   Core 9 'Cmp' <Latency = 0> <II = 1> <Delay = 2.47> <FuncUnit> <Opcode : 'icmp'> <InPorts = 2> <OutPorts = 1>
ST_4 : Operation 83 [1/1] (0.00ns) (grouped into LUT with out node select_ln65_5)   --->   "%xor_ln1496_6 = xor i1 %icmp_ln1496_6, i1 1"   --->   Operation 83 'xor' 'xor_ln1496_6' <Predicate = (icmp_ln55 & and_ln55_1)> <Delay = 0.00> <CoreInst = "LogicGate">   --->   Core 74 'LogicGate' <Latency = 0> <II = 1> <Delay = 0.97> <FuncUnit> <Opcode : 'and' 'or' 'xor'> <InPorts = 2> <OutPorts = 1>
ST_4 : Operation 84 [1/1] (0.97ns) (out node of the LUT)   --->   "%select_ln65_5 = select i1 %xor_ln1496_6, i16 %kernel_data_V_13_load, i16 %shift_buffer_V_1_1" [firmware/nnet_utils/nnet_common.h:65]   --->   Operation 84 'select' 'select_ln65_5' <Predicate = (icmp_ln55 & and_ln55_1)> <Delay = 0.97> <CoreInst = "Sel">   --->   Core 73 'Sel' <Latency = 0> <II = 1> <Delay = 0.99> <FuncUnit> <Opcode : 'select'> <InPorts = 3> <OutPorts = 1>
ST_4 : Operation 85 [1/1] (2.42ns)   --->   "%icmp_ln1496_8 = icmp_slt  i16 %kernel_data_V_656_load, i16 %shift_buffer_V_0_2"   --->   Operation 85 'icmp' 'icmp_ln1496_8' <Predicate = (icmp_ln55 & and_ln55_1)> <Delay = 2.42> <CoreInst = "Cmp">   --->   Core 9 'Cmp' <Latency = 0> <II = 1> <Delay = 2.47> <FuncUnit> <Opcode : 'icmp'> <InPorts = 2> <OutPorts = 1>
ST_4 : Operation 86 [1/1] (0.00ns) (grouped into LUT with out node select_ln65_2)   --->   "%xor_ln1496_8 = xor i1 %icmp_ln1496_8, i1 1"   --->   Operation 86 'xor' 'xor_ln1496_8' <Predicate = (icmp_ln55 & and_ln55_1)> <Delay = 0.00> <CoreInst = "LogicGate">   --->   Core 74 'LogicGate' <Latency = 0> <II = 1> <Delay = 0.97> <FuncUnit> <Opcode : 'and' 'or' 'xor'> <InPorts = 2> <OutPorts = 1>
ST_4 : Operation 87 [1/1] (0.97ns) (out node of the LUT)   --->   "%select_ln65_2 = select i1 %xor_ln1496_8, i16 %kernel_data_V_656_load, i16 %shift_buffer_V_0_2" [firmware/nnet_utils/nnet_common.h:65]   --->   Operation 87 'select' 'select_ln65_2' <Predicate = (icmp_ln55 & and_ln55_1)> <Delay = 0.97> <CoreInst = "Sel">   --->   Core 73 'Sel' <Latency = 0> <II = 1> <Delay = 0.99> <FuncUnit> <Opcode : 'select'> <InPorts = 3> <OutPorts = 1>
ST_4 : Operation 88 [1/1] (2.42ns)   --->   "%icmp_ln1496_9 = icmp_slt  i16 %kernel_data_V_14_load, i16 %shift_buffer_V_1_2"   --->   Operation 88 'icmp' 'icmp_ln1496_9' <Predicate = (icmp_ln55 & and_ln55_1)> <Delay = 2.42> <CoreInst = "Cmp">   --->   Core 9 'Cmp' <Latency = 0> <II = 1> <Delay = 2.47> <FuncUnit> <Opcode : 'icmp'> <InPorts = 2> <OutPorts = 1>
ST_4 : Operation 89 [1/1] (0.00ns) (grouped into LUT with out node select_ln65_7)   --->   "%xor_ln1496_9 = xor i1 %icmp_ln1496_9, i1 1"   --->   Operation 89 'xor' 'xor_ln1496_9' <Predicate = (icmp_ln55 & and_ln55_1)> <Delay = 0.00> <CoreInst = "LogicGate">   --->   Core 74 'LogicGate' <Latency = 0> <II = 1> <Delay = 0.97> <FuncUnit> <Opcode : 'and' 'or' 'xor'> <InPorts = 2> <OutPorts = 1>
ST_4 : Operation 90 [1/1] (0.97ns) (out node of the LUT)   --->   "%select_ln65_7 = select i1 %xor_ln1496_9, i16 %kernel_data_V_14_load, i16 %shift_buffer_V_1_2" [firmware/nnet_utils/nnet_common.h:65]   --->   Operation 90 'select' 'select_ln65_7' <Predicate = (icmp_ln55 & and_ln55_1)> <Delay = 0.97> <CoreInst = "Sel">   --->   Core 73 'Sel' <Latency = 0> <II = 1> <Delay = 0.99> <FuncUnit> <Opcode : 'select'> <InPorts = 3> <OutPorts = 1>
ST_4 : Operation 91 [1/1] (2.42ns)   --->   "%icmp_ln1496_11 = icmp_slt  i16 %kernel_data_V_757_load, i16 %p_0"   --->   Operation 91 'icmp' 'icmp_ln1496_11' <Predicate = (icmp_ln55 & and_ln55_1)> <Delay = 2.42> <CoreInst = "Cmp">   --->   Core 9 'Cmp' <Latency = 0> <II = 1> <Delay = 2.47> <FuncUnit> <Opcode : 'icmp'> <InPorts = 2> <OutPorts = 1>
ST_4 : Operation 92 [1/1] (0.00ns) (grouped into LUT with out node select_ln65_9)   --->   "%xor_ln1496_11 = xor i1 %icmp_ln1496_11, i1 1"   --->   Operation 92 'xor' 'xor_ln1496_11' <Predicate = (icmp_ln55 & and_ln55_1)> <Delay = 0.00> <CoreInst = "LogicGate">   --->   Core 74 'LogicGate' <Latency = 0> <II = 1> <Delay = 0.97> <FuncUnit> <Opcode : 'and' 'or' 'xor'> <InPorts = 2> <OutPorts = 1>
ST_4 : Operation 93 [1/1] (0.97ns) (out node of the LUT)   --->   "%select_ln65_9 = select i1 %xor_ln1496_11, i16 %kernel_data_V_757_load, i16 %p_0" [firmware/nnet_utils/nnet_common.h:65]   --->   Operation 93 'select' 'select_ln65_9' <Predicate = (icmp_ln55 & and_ln55_1)> <Delay = 0.97> <CoreInst = "Sel">   --->   Core 73 'Sel' <Latency = 0> <II = 1> <Delay = 0.99> <FuncUnit> <Opcode : 'select'> <InPorts = 3> <OutPorts = 1>
ST_4 : Operation 94 [1/1] (2.42ns)   --->   "%icmp_ln1496_12 = icmp_slt  i16 %kernel_data_V_15_load, i16 %shift_buffer_V_1_3"   --->   Operation 94 'icmp' 'icmp_ln1496_12' <Predicate = (icmp_ln55 & and_ln55_1)> <Delay = 2.42> <CoreInst = "Cmp">   --->   Core 9 'Cmp' <Latency = 0> <II = 1> <Delay = 2.47> <FuncUnit> <Opcode : 'icmp'> <InPorts = 2> <OutPorts = 1>
ST_4 : Operation 95 [1/1] (0.00ns) (grouped into LUT with out node select_ln65_10)   --->   "%xor_ln1496_12 = xor i1 %icmp_ln1496_12, i1 1"   --->   Operation 95 'xor' 'xor_ln1496_12' <Predicate = (icmp_ln55 & and_ln55_1)> <Delay = 0.00> <CoreInst = "LogicGate">   --->   Core 74 'LogicGate' <Latency = 0> <II = 1> <Delay = 0.97> <FuncUnit> <Opcode : 'and' 'or' 'xor'> <InPorts = 2> <OutPorts = 1>
ST_4 : Operation 96 [1/1] (0.97ns) (out node of the LUT)   --->   "%select_ln65_10 = select i1 %xor_ln1496_12, i16 %kernel_data_V_15_load, i16 %shift_buffer_V_1_3" [firmware/nnet_utils/nnet_common.h:65]   --->   Operation 96 'select' 'select_ln65_10' <Predicate = (icmp_ln55 & and_ln55_1)> <Delay = 0.97> <CoreInst = "Sel">   --->   Core 73 'Sel' <Latency = 0> <II = 1> <Delay = 0.99> <FuncUnit> <Opcode : 'select'> <InPorts = 3> <OutPorts = 1>
ST_4 : Operation 97 [1/1] (2.47ns)   --->   "%icmp_ln80 = icmp_eq  i32 %add_ln80, i32 62" [firmware/nnet_utils/nnet_pooling_stream.h:80]   --->   Operation 97 'icmp' 'icmp_ln80' <Predicate = (icmp_ln76)> <Delay = 2.47> <CoreInst = "Cmp">   --->   Core 9 'Cmp' <Latency = 0> <II = 1> <Delay = 2.47> <FuncUnit> <Opcode : 'icmp'> <InPorts = 2> <OutPorts = 1>
ST_4 : Operation 98 [1/1] (0.00ns)   --->   "%br_ln80 = br i1 %icmp_ln80, void, void" [firmware/nnet_utils/nnet_pooling_stream.h:80]   --->   Operation 98 'br' 'br_ln80' <Predicate = (icmp_ln76)> <Delay = 0.00>
ST_4 : Operation 99 [1/1] (1.58ns)   --->   "%store_ln84 = store i32 %add_ln80, i32 %pY" [firmware/nnet_utils/nnet_pooling_stream.h:84]   --->   Operation 99 'store' 'store_ln84' <Predicate = (icmp_ln76 & !icmp_ln80)> <Delay = 1.58>
ST_4 : Operation 100 [1/1] (0.00ns)   --->   "%sY_load_1 = load i32 %sY" [firmware/nnet_utils/nnet_pooling_stream.h:86]   --->   Operation 100 'load' 'sY_load_1' <Predicate = (icmp_ln76 & !icmp_ln80)> <Delay = 0.00>
ST_4 : Operation 101 [1/1] (2.47ns)   --->   "%icmp_ln86 = icmp_eq  i32 %sY_load_1, i32 1" [firmware/nnet_utils/nnet_pooling_stream.h:86]   --->   Operation 101 'icmp' 'icmp_ln86' <Predicate = (icmp_ln76 & !icmp_ln80)> <Delay = 2.47> <CoreInst = "Cmp">   --->   Core 9 'Cmp' <Latency = 0> <II = 1> <Delay = 2.47> <FuncUnit> <Opcode : 'icmp'> <InPorts = 2> <OutPorts = 1>
ST_4 : Operation 102 [1/1] (1.58ns)   --->   "%store_ln81 = store i32 0, i32 %pY" [firmware/nnet_utils/nnet_pooling_stream.h:81]   --->   Operation 102 'store' 'store_ln81' <Predicate = (icmp_ln76 & icmp_ln80)> <Delay = 1.58>
ST_4 : Operation 103 [1/1] (1.58ns)   --->   "%store_ln82 = store i32 0, i32 %sY" [firmware/nnet_utils/nnet_pooling_stream.h:82]   --->   Operation 103 'store' 'store_ln82' <Predicate = (icmp_ln76 & icmp_ln80)> <Delay = 1.58>
ST_4 : Operation 104 [1/1] (0.00ns)   --->   "%br_ln83 = br void" [firmware/nnet_utils/nnet_pooling_stream.h:83]   --->   Operation 104 'br' 'br_ln83' <Predicate = (icmp_ln76 & icmp_ln80)> <Delay = 0.00>

State 5 <SV = 4> <Delay = 4.14>
ST_5 : Operation 105 [1/1] (2.42ns)   --->   "%icmp_ln1496_4 = icmp_slt  i16 %select_ln65, i16 %select_ln65_3"   --->   Operation 105 'icmp' 'icmp_ln1496_4' <Predicate = (icmp_ln55 & and_ln55_1)> <Delay = 2.42> <CoreInst = "Cmp">   --->   Core 9 'Cmp' <Latency = 0> <II = 1> <Delay = 2.47> <FuncUnit> <Opcode : 'icmp'> <InPorts = 2> <OutPorts = 1>
ST_5 : Operation 106 [1/1] (0.00ns) (grouped into LUT with out node select_ln65_4)   --->   "%xor_ln1496_4 = xor i1 %icmp_ln1496_4, i1 1"   --->   Operation 106 'xor' 'xor_ln1496_4' <Predicate = (icmp_ln55 & and_ln55_1)> <Delay = 0.00> <CoreInst = "LogicGate">   --->   Core 74 'LogicGate' <Latency = 0> <II = 1> <Delay = 0.97> <FuncUnit> <Opcode : 'and' 'or' 'xor'> <InPorts = 2> <OutPorts = 1>
ST_5 : Operation 107 [1/1] (0.97ns) (out node of the LUT)   --->   "%select_ln65_4 = select i1 %xor_ln1496_4, i16 %select_ln65, i16 %select_ln65_3" [firmware/nnet_utils/nnet_common.h:65]   --->   Operation 107 'select' 'select_ln65_4' <Predicate = (icmp_ln55 & and_ln55_1)> <Delay = 0.97> <CoreInst = "Sel">   --->   Core 73 'Sel' <Latency = 0> <II = 1> <Delay = 0.99> <FuncUnit> <Opcode : 'select'> <InPorts = 3> <OutPorts = 1>
ST_5 : Operation 108 [1/1] (2.42ns)   --->   "%icmp_ln1496_7 = icmp_slt  i16 %select_ln65_1, i16 %select_ln65_5"   --->   Operation 108 'icmp' 'icmp_ln1496_7' <Predicate = (icmp_ln55 & and_ln55_1)> <Delay = 2.42> <CoreInst = "Cmp">   --->   Core 9 'Cmp' <Latency = 0> <II = 1> <Delay = 2.47> <FuncUnit> <Opcode : 'icmp'> <InPorts = 2> <OutPorts = 1>
ST_5 : Operation 109 [1/1] (0.00ns) (grouped into LUT with out node select_ln65_6)   --->   "%xor_ln1496_7 = xor i1 %icmp_ln1496_7, i1 1"   --->   Operation 109 'xor' 'xor_ln1496_7' <Predicate = (icmp_ln55 & and_ln55_1)> <Delay = 0.00> <CoreInst = "LogicGate">   --->   Core 74 'LogicGate' <Latency = 0> <II = 1> <Delay = 0.97> <FuncUnit> <Opcode : 'and' 'or' 'xor'> <InPorts = 2> <OutPorts = 1>
ST_5 : Operation 110 [1/1] (0.97ns) (out node of the LUT)   --->   "%select_ln65_6 = select i1 %xor_ln1496_7, i16 %select_ln65_1, i16 %select_ln65_5" [firmware/nnet_utils/nnet_common.h:65]   --->   Operation 110 'select' 'select_ln65_6' <Predicate = (icmp_ln55 & and_ln55_1)> <Delay = 0.97> <CoreInst = "Sel">   --->   Core 73 'Sel' <Latency = 0> <II = 1> <Delay = 0.99> <FuncUnit> <Opcode : 'select'> <InPorts = 3> <OutPorts = 1>
ST_5 : Operation 111 [1/1] (2.42ns)   --->   "%icmp_ln1496_10 = icmp_slt  i16 %select_ln65_2, i16 %select_ln65_7"   --->   Operation 111 'icmp' 'icmp_ln1496_10' <Predicate = (icmp_ln55 & and_ln55_1)> <Delay = 2.42> <CoreInst = "Cmp">   --->   Core 9 'Cmp' <Latency = 0> <II = 1> <Delay = 2.47> <FuncUnit> <Opcode : 'icmp'> <InPorts = 2> <OutPorts = 1>
ST_5 : Operation 112 [1/1] (0.00ns) (grouped into LUT with out node select_ln65_8)   --->   "%xor_ln1496_10 = xor i1 %icmp_ln1496_10, i1 1"   --->   Operation 112 'xor' 'xor_ln1496_10' <Predicate = (icmp_ln55 & and_ln55_1)> <Delay = 0.00> <CoreInst = "LogicGate">   --->   Core 74 'LogicGate' <Latency = 0> <II = 1> <Delay = 0.97> <FuncUnit> <Opcode : 'and' 'or' 'xor'> <InPorts = 2> <OutPorts = 1>
ST_5 : Operation 113 [1/1] (0.97ns) (out node of the LUT)   --->   "%select_ln65_8 = select i1 %xor_ln1496_10, i16 %select_ln65_2, i16 %select_ln65_7" [firmware/nnet_utils/nnet_common.h:65]   --->   Operation 113 'select' 'select_ln65_8' <Predicate = (icmp_ln55 & and_ln55_1)> <Delay = 0.97> <CoreInst = "Sel">   --->   Core 73 'Sel' <Latency = 0> <II = 1> <Delay = 0.99> <FuncUnit> <Opcode : 'select'> <InPorts = 3> <OutPorts = 1>
ST_5 : Operation 114 [1/1] (2.42ns)   --->   "%icmp_ln1496_13 = icmp_slt  i16 %select_ln65_9, i16 %select_ln65_10"   --->   Operation 114 'icmp' 'icmp_ln1496_13' <Predicate = (icmp_ln55 & and_ln55_1)> <Delay = 2.42> <CoreInst = "Cmp">   --->   Core 9 'Cmp' <Latency = 0> <II = 1> <Delay = 2.47> <FuncUnit> <Opcode : 'icmp'> <InPorts = 2> <OutPorts = 1>
ST_5 : Operation 115 [1/1] (0.00ns) (grouped into LUT with out node select_ln65_11)   --->   "%xor_ln1496_13 = xor i1 %icmp_ln1496_13, i1 1"   --->   Operation 115 'xor' 'xor_ln1496_13' <Predicate = (icmp_ln55 & and_ln55_1)> <Delay = 0.00> <CoreInst = "LogicGate">   --->   Core 74 'LogicGate' <Latency = 0> <II = 1> <Delay = 0.97> <FuncUnit> <Opcode : 'and' 'or' 'xor'> <InPorts = 2> <OutPorts = 1>
ST_5 : Operation 116 [1/1] (0.97ns) (out node of the LUT)   --->   "%select_ln65_11 = select i1 %xor_ln1496_13, i16 %select_ln65_9, i16 %select_ln65_10" [firmware/nnet_utils/nnet_common.h:65]   --->   Operation 116 'select' 'select_ln65_11' <Predicate = (icmp_ln55 & and_ln55_1)> <Delay = 0.97> <CoreInst = "Sel">   --->   Core 73 'Sel' <Latency = 0> <II = 1> <Delay = 0.99> <FuncUnit> <Opcode : 'select'> <InPorts = 3> <OutPorts = 1>
ST_5 : Operation 117 [1/1] (0.00ns) (grouped into LUT with out node add_ln86)   --->   "%select_ln86 = select i1 %icmp_ln86, i32 4294967295, i32 1" [firmware/nnet_utils/nnet_pooling_stream.h:86]   --->   Operation 117 'select' 'select_ln86' <Predicate = (icmp_ln76 & !icmp_ln80)> <Delay = 0.00> <CoreInst = "Sel">   --->   Core 73 'Sel' <Latency = 0> <II = 1> <Delay = 0.99> <FuncUnit> <Opcode : 'select'> <InPorts = 3> <OutPorts = 1>
ST_5 : Operation 118 [1/1] (2.55ns) (out node of the LUT)   --->   "%add_ln86 = add i32 %sY_load_1, i32 %select_ln86" [firmware/nnet_utils/nnet_pooling_stream.h:86]   --->   Operation 118 'add' 'add_ln86' <Predicate = (icmp_ln76 & !icmp_ln80)> <Delay = 2.55> <CoreInst = "Adder">   --->   Core 1 'Adder' <Latency = 0> <II = 1> <Delay = 2.55> <FuncUnit> <Opcode : 'add' 'sub'> <InPorts = 2> <OutPorts = 1>
ST_5 : Operation 119 [1/1] (1.58ns)   --->   "%store_ln86 = store i32 %add_ln86, i32 %sY" [firmware/nnet_utils/nnet_pooling_stream.h:86]   --->   Operation 119 'store' 'store_ln86' <Predicate = (icmp_ln76 & !icmp_ln80)> <Delay = 1.58>
ST_5 : Operation 120 [1/1] (0.00ns)   --->   "%br_ln0 = br void"   --->   Operation 120 'br' 'br_ln0' <Predicate = (icmp_ln76 & !icmp_ln80)> <Delay = 0.00>

State 6 <SV = 5> <Delay = 2.18>
ST_6 : Operation 121 [1/1] (0.00ns)   --->   "%or_ln174_s = bitconcatenate i64 @_ssdm_op_BitConcatenate.i64.i16.i16.i16.i16, i16 %select_ln65_11, i16 %select_ln65_8, i16 %select_ln65_6, i16 %select_ln65_4" [/mnt/Data/Xilinx/Vitis_HLS/2020.2/common/technology/autopilot/hls_stream_39.h:174]   --->   Operation 121 'bitconcatenate' 'or_ln174_s' <Predicate = (icmp_ln55 & and_ln55_1)> <Delay = 0.00>
ST_6 : Operation 122 [1/1] (2.18ns)   --->   "%write_ln174 = write void @_ssdm_op_Write.ap_fifo.volatile.i64P0A, i64 %res, i64 %or_ln174_s" [/mnt/Data/Xilinx/Vitis_HLS/2020.2/common/technology/autopilot/hls_stream_39.h:174]   --->   Operation 122 'write' 'write_ln174' <Predicate = (icmp_ln55 & and_ln55_1)> <Delay = 2.18> <CoreInst = "FIFO">   --->   Core 78 'FIFO' <Latency = 0> <II = 1> <Delay = 3.71> <Storage> <Opcode : 'read' 'write' 'nbread' 'nbwrite'> <Ports = 0> <Width = 64> <Depth = 961> <FIFO>
ST_6 : Operation 123 [1/1] (0.00ns)   --->   "%br_ln73 = br void %._crit_edge1" [firmware/nnet_utils/nnet_pooling_stream.h:73]   --->   Operation 123 'br' 'br_ln73' <Predicate = (icmp_ln55 & and_ln55_1)> <Delay = 0.00>

State 7 <SV = 2> <Delay = 0.00>
ST_7 : Operation 124 [1/1] (0.00ns)   --->   "%ret_ln118 = ret" [firmware/nnet_utils/nnet_pooling_stream.h:118]   --->   Operation 124 'ret' 'ret_ln118' <Predicate = true> <Delay = 0.00>


============================================================
+ Verbose Summary: Timing violations
============================================================
Target clock period: 5ns, clock uncertainty: 0.625ns.

 <State 1>: 1.59ns
The critical path consists of the following:
	multiplexor before 'phi' operation ('indvar_flatten', firmware/nnet_utils/nnet_pooling_stream.h:109) with incoming values : ('add_ln109', firmware/nnet_utils/nnet_pooling_stream.h:109) [21]  (1.59 ns)

 <State 2>: 2.55ns
The critical path consists of the following:
	'load' operation ('pX_load_1', firmware/nnet_utils/nnet_pooling_stream.h:76) on static variable 'pX' [112]  (0 ns)
	'add' operation ('add_ln76', firmware/nnet_utils/nnet_pooling_stream.h:76) [113]  (2.55 ns)

 <State 3>: 4.14ns
The critical path consists of the following:
	'select' operation ('select_ln91', firmware/nnet_utils/nnet_pooling_stream.h:91) [118]  (0 ns)
	'add' operation ('add_ln91', firmware/nnet_utils/nnet_pooling_stream.h:91) [119]  (2.55 ns)
	'store' operation ('store_ln91', firmware/nnet_utils/nnet_pooling_stream.h:91) of variable 'add_ln91', firmware/nnet_utils/nnet_pooling_stream.h:91 on static variable 'sX' [120]  (1.59 ns)

 <State 4>: 4.06ns
The critical path consists of the following:
	'load' operation ('sY_load', firmware/nnet_utils/nnet_pooling_stream.h:55) on static variable 'sY' [62]  (0 ns)
	'icmp' operation ('icmp_ln55_1', firmware/nnet_utils/nnet_pooling_stream.h:55) [63]  (2.47 ns)
	'and' operation ('and_ln55_1', firmware/nnet_utils/nnet_pooling_stream.h:55) [69]  (0.978 ns)
	blocking operation 0.61 ns on control path)

 <State 5>: 4.14ns
The critical path consists of the following:
	'select' operation ('select_ln86', firmware/nnet_utils/nnet_pooling_stream.h:86) [133]  (0 ns)
	'add' operation ('add_ln86', firmware/nnet_utils/nnet_pooling_stream.h:86) [134]  (2.55 ns)
	'store' operation ('store_ln86', firmware/nnet_utils/nnet_pooling_stream.h:86) of variable 'add_ln86', firmware/nnet_utils/nnet_pooling_stream.h:86 on static variable 'sY' [135]  (1.59 ns)

 <State 6>: 2.19ns
The critical path consists of the following:
	fifo write on port 'res' (/mnt/Data/Xilinx/Vitis_HLS/2020.2/common/technology/autopilot/hls_stream_39.h:174) [109]  (2.19 ns)

 <State 7>: 0ns
The critical path consists of the following:


============================================================
+ Verbose Summary: Binding
============================================================
N/A
* FSMD analyzer results:
  - Output states:
 - Input state : 
  - Chain level:
	State 1
	State 2
	State 3
	State 4
	State 5
	State 6
	State 7


============================================================
+ Verbose Summary: Datapath Resource usage 
============================================================
N/A
