

================================================================
== Vitis HLS Report for 'relu_array_ap_fixed_24u_array_ap_fixed_16_6_5_3_0_24u_relu_config25_s'
================================================================
* Date:           Mon Oct 21 14:06:29 2024

* Version:        2020.2 (Build 3064766 on Wed Nov 18 09:12:47 MST 2020)
* Project:        myproject_prj
* Solution:       solution1 (Vivado IP Flow Target)
* Product family: zynq
* Target device:  xc7z020-clg484-1


================================================================
== Performance Estimates
================================================================
+ Timing: 
    * Summary: 
    +--------+---------+----------+------------+
    |  Clock |  Target | Estimated| Uncertainty|
    +--------+---------+----------+------------+
    |ap_clk  |  5.00 ns|  3.183 ns|     0.62 ns|
    +--------+---------+----------+------------+

+ Latency: 
    * Summary: 
    +---------+---------+-----------+-----------+-----+-----+---------+
    |  Latency (cycles) |   Latency (absolute)  |  Interval | Pipeline|
    |   min   |   max   |    min    |    max    | min | max |   Type  |
    +---------+---------+-----------+-----------+-----+-----+---------+
    |        2|        2|  10.000 ns|  10.000 ns|    2|    2|     none|
    +---------+---------+-----------+-----------+-----+-----+---------+

    + Detail: 
        * Instance: 
        N/A

        * Loop: 
        N/A

============================================================
+ Verbose Summary: Synthesis Manager
============================================================
InlineROM: 1
ExposeGlobal: 0
============================================================
+ Verbose Summary: CDFG Model
============================================================
IsTopModel: 0
ResetActiveHigh: 1
IsCombinational: 2
IsDatapathOnly: 0
HasWiredReturn: 1
HasMFsm: 0
HasVarLatency: 1
IsPipeline: 0
IsRtlPipelined: 0
IsInstanceOverlapped: 0
IsDontTouch: 0
HasImplIP: 0
IsGatedGlobalClock: 0


============================================================
+ Verbose Summary: Schedule
============================================================
* Number of FSM states : 3
* Pipeline : 0
* Dataflow Pipeline: 0

* FSM state transitions: 
1 --> 2 
2 --> 3 
3 --> 

* FSM state operations: 

State 1 <SV = 0> <Delay = 2.18>
ST_1 : Operation 4 [1/1] (2.18ns)   --->   "%data_read = read i384 @_ssdm_op_Read.ap_fifo.volatile.i384P0A, i384 %data" [/mnt/Data/Xilinx/Vitis_HLS/2020.2/common/technology/autopilot/hls_stream_39.h:145]   --->   Operation 4 'read' 'data_read' <Predicate = true> <Delay = 2.18> <CoreInst = "FIFO_SRL">   --->   Core 81 'FIFO_SRL' <Latency = 0> <II = 1> <Delay = 3.63> <Storage> <Opcode : 'read' 'write' 'nbread' 'nbwrite'> <Ports = 0> <Width = 384> <Depth = 1> <FIFO>
ST_1 : Operation 5 [1/1] (0.00ns)   --->   "%tmp_66 = trunc i384 %data_read" [/mnt/Data/Xilinx/Vitis_HLS/2020.2/common/technology/autopilot/hls_stream_39.h:145]   --->   Operation 5 'trunc' 'tmp_66' <Predicate = true> <Delay = 0.00>
ST_1 : Operation 6 [1/1] (0.00ns)   --->   "%trunc_ln155 = trunc i384 %data_read" [/mnt/Data/Xilinx/Vitis_HLS/2020.2/common/technology/autopilot/hls_stream_39.h:155]   --->   Operation 6 'trunc' 'trunc_ln155' <Predicate = true> <Delay = 0.00>
ST_1 : Operation 7 [1/1] (0.00ns)   --->   "%tmp_67 = partselect i16 @_ssdm_op_PartSelect.i16.i384.i32.i32, i384 %data_read, i32 16, i32 31" [/mnt/Data/Xilinx/Vitis_HLS/2020.2/common/technology/autopilot/hls_stream_39.h:145]   --->   Operation 7 'partselect' 'tmp_67' <Predicate = true> <Delay = 0.00>
ST_1 : Operation 8 [1/1] (0.00ns)   --->   "%trunc_ln155_s = partselect i15 @_ssdm_op_PartSelect.i15.i384.i32.i32, i384 %data_read, i32 16, i32 30" [/mnt/Data/Xilinx/Vitis_HLS/2020.2/common/technology/autopilot/hls_stream_39.h:155]   --->   Operation 8 'partselect' 'trunc_ln155_s' <Predicate = true> <Delay = 0.00>
ST_1 : Operation 9 [1/1] (0.00ns)   --->   "%tmp_68 = partselect i16 @_ssdm_op_PartSelect.i16.i384.i32.i32, i384 %data_read, i32 32, i32 47" [/mnt/Data/Xilinx/Vitis_HLS/2020.2/common/technology/autopilot/hls_stream_39.h:145]   --->   Operation 9 'partselect' 'tmp_68' <Predicate = true> <Delay = 0.00>
ST_1 : Operation 10 [1/1] (0.00ns)   --->   "%trunc_ln155_1 = partselect i15 @_ssdm_op_PartSelect.i15.i384.i32.i32, i384 %data_read, i32 32, i32 46" [/mnt/Data/Xilinx/Vitis_HLS/2020.2/common/technology/autopilot/hls_stream_39.h:155]   --->   Operation 10 'partselect' 'trunc_ln155_1' <Predicate = true> <Delay = 0.00>
ST_1 : Operation 11 [1/1] (0.00ns)   --->   "%tmp_69 = partselect i16 @_ssdm_op_PartSelect.i16.i384.i32.i32, i384 %data_read, i32 48, i32 63" [/mnt/Data/Xilinx/Vitis_HLS/2020.2/common/technology/autopilot/hls_stream_39.h:145]   --->   Operation 11 'partselect' 'tmp_69' <Predicate = true> <Delay = 0.00>
ST_1 : Operation 12 [1/1] (0.00ns)   --->   "%trunc_ln155_2 = partselect i15 @_ssdm_op_PartSelect.i15.i384.i32.i32, i384 %data_read, i32 48, i32 62" [/mnt/Data/Xilinx/Vitis_HLS/2020.2/common/technology/autopilot/hls_stream_39.h:155]   --->   Operation 12 'partselect' 'trunc_ln155_2' <Predicate = true> <Delay = 0.00>
ST_1 : Operation 13 [1/1] (0.00ns)   --->   "%tmp_70 = partselect i16 @_ssdm_op_PartSelect.i16.i384.i32.i32, i384 %data_read, i32 64, i32 79" [/mnt/Data/Xilinx/Vitis_HLS/2020.2/common/technology/autopilot/hls_stream_39.h:145]   --->   Operation 13 'partselect' 'tmp_70' <Predicate = true> <Delay = 0.00>
ST_1 : Operation 14 [1/1] (0.00ns)   --->   "%trunc_ln155_3 = partselect i15 @_ssdm_op_PartSelect.i15.i384.i32.i32, i384 %data_read, i32 64, i32 78" [/mnt/Data/Xilinx/Vitis_HLS/2020.2/common/technology/autopilot/hls_stream_39.h:155]   --->   Operation 14 'partselect' 'trunc_ln155_3' <Predicate = true> <Delay = 0.00>
ST_1 : Operation 15 [1/1] (0.00ns)   --->   "%tmp_71 = partselect i16 @_ssdm_op_PartSelect.i16.i384.i32.i32, i384 %data_read, i32 80, i32 95" [/mnt/Data/Xilinx/Vitis_HLS/2020.2/common/technology/autopilot/hls_stream_39.h:145]   --->   Operation 15 'partselect' 'tmp_71' <Predicate = true> <Delay = 0.00>
ST_1 : Operation 16 [1/1] (0.00ns)   --->   "%trunc_ln155_4 = partselect i15 @_ssdm_op_PartSelect.i15.i384.i32.i32, i384 %data_read, i32 80, i32 94" [/mnt/Data/Xilinx/Vitis_HLS/2020.2/common/technology/autopilot/hls_stream_39.h:155]   --->   Operation 16 'partselect' 'trunc_ln155_4' <Predicate = true> <Delay = 0.00>
ST_1 : Operation 17 [1/1] (0.00ns)   --->   "%tmp_72 = partselect i16 @_ssdm_op_PartSelect.i16.i384.i32.i32, i384 %data_read, i32 96, i32 111" [/mnt/Data/Xilinx/Vitis_HLS/2020.2/common/technology/autopilot/hls_stream_39.h:145]   --->   Operation 17 'partselect' 'tmp_72' <Predicate = true> <Delay = 0.00>
ST_1 : Operation 18 [1/1] (0.00ns)   --->   "%trunc_ln155_5 = partselect i15 @_ssdm_op_PartSelect.i15.i384.i32.i32, i384 %data_read, i32 96, i32 110" [/mnt/Data/Xilinx/Vitis_HLS/2020.2/common/technology/autopilot/hls_stream_39.h:155]   --->   Operation 18 'partselect' 'trunc_ln155_5' <Predicate = true> <Delay = 0.00>
ST_1 : Operation 19 [1/1] (0.00ns)   --->   "%tmp_73 = partselect i16 @_ssdm_op_PartSelect.i16.i384.i32.i32, i384 %data_read, i32 112, i32 127" [/mnt/Data/Xilinx/Vitis_HLS/2020.2/common/technology/autopilot/hls_stream_39.h:145]   --->   Operation 19 'partselect' 'tmp_73' <Predicate = true> <Delay = 0.00>
ST_1 : Operation 20 [1/1] (0.00ns)   --->   "%trunc_ln155_6 = partselect i15 @_ssdm_op_PartSelect.i15.i384.i32.i32, i384 %data_read, i32 112, i32 126" [/mnt/Data/Xilinx/Vitis_HLS/2020.2/common/technology/autopilot/hls_stream_39.h:155]   --->   Operation 20 'partselect' 'trunc_ln155_6' <Predicate = true> <Delay = 0.00>
ST_1 : Operation 21 [1/1] (0.00ns)   --->   "%tmp_74 = partselect i16 @_ssdm_op_PartSelect.i16.i384.i32.i32, i384 %data_read, i32 128, i32 143" [/mnt/Data/Xilinx/Vitis_HLS/2020.2/common/technology/autopilot/hls_stream_39.h:145]   --->   Operation 21 'partselect' 'tmp_74' <Predicate = true> <Delay = 0.00>
ST_1 : Operation 22 [1/1] (0.00ns)   --->   "%trunc_ln155_7 = partselect i15 @_ssdm_op_PartSelect.i15.i384.i32.i32, i384 %data_read, i32 128, i32 142" [/mnt/Data/Xilinx/Vitis_HLS/2020.2/common/technology/autopilot/hls_stream_39.h:155]   --->   Operation 22 'partselect' 'trunc_ln155_7' <Predicate = true> <Delay = 0.00>
ST_1 : Operation 23 [1/1] (0.00ns)   --->   "%tmp_75 = partselect i16 @_ssdm_op_PartSelect.i16.i384.i32.i32, i384 %data_read, i32 144, i32 159" [/mnt/Data/Xilinx/Vitis_HLS/2020.2/common/technology/autopilot/hls_stream_39.h:145]   --->   Operation 23 'partselect' 'tmp_75' <Predicate = true> <Delay = 0.00>
ST_1 : Operation 24 [1/1] (0.00ns)   --->   "%trunc_ln155_8 = partselect i15 @_ssdm_op_PartSelect.i15.i384.i32.i32, i384 %data_read, i32 144, i32 158" [/mnt/Data/Xilinx/Vitis_HLS/2020.2/common/technology/autopilot/hls_stream_39.h:155]   --->   Operation 24 'partselect' 'trunc_ln155_8' <Predicate = true> <Delay = 0.00>
ST_1 : Operation 25 [1/1] (0.00ns)   --->   "%tmp_76 = partselect i16 @_ssdm_op_PartSelect.i16.i384.i32.i32, i384 %data_read, i32 160, i32 175" [/mnt/Data/Xilinx/Vitis_HLS/2020.2/common/technology/autopilot/hls_stream_39.h:145]   --->   Operation 25 'partselect' 'tmp_76' <Predicate = true> <Delay = 0.00>
ST_1 : Operation 26 [1/1] (0.00ns)   --->   "%trunc_ln155_9 = partselect i15 @_ssdm_op_PartSelect.i15.i384.i32.i32, i384 %data_read, i32 160, i32 174" [/mnt/Data/Xilinx/Vitis_HLS/2020.2/common/technology/autopilot/hls_stream_39.h:155]   --->   Operation 26 'partselect' 'trunc_ln155_9' <Predicate = true> <Delay = 0.00>
ST_1 : Operation 27 [1/1] (0.00ns)   --->   "%tmp_77 = partselect i16 @_ssdm_op_PartSelect.i16.i384.i32.i32, i384 %data_read, i32 176, i32 191" [/mnt/Data/Xilinx/Vitis_HLS/2020.2/common/technology/autopilot/hls_stream_39.h:145]   --->   Operation 27 'partselect' 'tmp_77' <Predicate = true> <Delay = 0.00>
ST_1 : Operation 28 [1/1] (0.00ns)   --->   "%trunc_ln155_10 = partselect i15 @_ssdm_op_PartSelect.i15.i384.i32.i32, i384 %data_read, i32 176, i32 190" [/mnt/Data/Xilinx/Vitis_HLS/2020.2/common/technology/autopilot/hls_stream_39.h:155]   --->   Operation 28 'partselect' 'trunc_ln155_10' <Predicate = true> <Delay = 0.00>
ST_1 : Operation 29 [1/1] (0.00ns)   --->   "%tmp_78 = partselect i16 @_ssdm_op_PartSelect.i16.i384.i32.i32, i384 %data_read, i32 192, i32 207" [/mnt/Data/Xilinx/Vitis_HLS/2020.2/common/technology/autopilot/hls_stream_39.h:145]   --->   Operation 29 'partselect' 'tmp_78' <Predicate = true> <Delay = 0.00>
ST_1 : Operation 30 [1/1] (0.00ns)   --->   "%trunc_ln155_11 = partselect i15 @_ssdm_op_PartSelect.i15.i384.i32.i32, i384 %data_read, i32 192, i32 206" [/mnt/Data/Xilinx/Vitis_HLS/2020.2/common/technology/autopilot/hls_stream_39.h:155]   --->   Operation 30 'partselect' 'trunc_ln155_11' <Predicate = true> <Delay = 0.00>
ST_1 : Operation 31 [1/1] (0.00ns)   --->   "%tmp_79 = partselect i16 @_ssdm_op_PartSelect.i16.i384.i32.i32, i384 %data_read, i32 208, i32 223" [/mnt/Data/Xilinx/Vitis_HLS/2020.2/common/technology/autopilot/hls_stream_39.h:145]   --->   Operation 31 'partselect' 'tmp_79' <Predicate = true> <Delay = 0.00>
ST_1 : Operation 32 [1/1] (0.00ns)   --->   "%trunc_ln155_12 = partselect i15 @_ssdm_op_PartSelect.i15.i384.i32.i32, i384 %data_read, i32 208, i32 222" [/mnt/Data/Xilinx/Vitis_HLS/2020.2/common/technology/autopilot/hls_stream_39.h:155]   --->   Operation 32 'partselect' 'trunc_ln155_12' <Predicate = true> <Delay = 0.00>
ST_1 : Operation 33 [1/1] (0.00ns)   --->   "%tmp_80 = partselect i16 @_ssdm_op_PartSelect.i16.i384.i32.i32, i384 %data_read, i32 224, i32 239" [/mnt/Data/Xilinx/Vitis_HLS/2020.2/common/technology/autopilot/hls_stream_39.h:145]   --->   Operation 33 'partselect' 'tmp_80' <Predicate = true> <Delay = 0.00>
ST_1 : Operation 34 [1/1] (0.00ns)   --->   "%trunc_ln155_13 = partselect i15 @_ssdm_op_PartSelect.i15.i384.i32.i32, i384 %data_read, i32 224, i32 238" [/mnt/Data/Xilinx/Vitis_HLS/2020.2/common/technology/autopilot/hls_stream_39.h:155]   --->   Operation 34 'partselect' 'trunc_ln155_13' <Predicate = true> <Delay = 0.00>
ST_1 : Operation 35 [1/1] (0.00ns)   --->   "%tmp_81 = partselect i16 @_ssdm_op_PartSelect.i16.i384.i32.i32, i384 %data_read, i32 240, i32 255" [/mnt/Data/Xilinx/Vitis_HLS/2020.2/common/technology/autopilot/hls_stream_39.h:145]   --->   Operation 35 'partselect' 'tmp_81' <Predicate = true> <Delay = 0.00>
ST_1 : Operation 36 [1/1] (0.00ns)   --->   "%trunc_ln155_14 = partselect i15 @_ssdm_op_PartSelect.i15.i384.i32.i32, i384 %data_read, i32 240, i32 254" [/mnt/Data/Xilinx/Vitis_HLS/2020.2/common/technology/autopilot/hls_stream_39.h:155]   --->   Operation 36 'partselect' 'trunc_ln155_14' <Predicate = true> <Delay = 0.00>
ST_1 : Operation 37 [1/1] (0.00ns)   --->   "%tmp_82 = partselect i16 @_ssdm_op_PartSelect.i16.i384.i32.i32, i384 %data_read, i32 256, i32 271" [/mnt/Data/Xilinx/Vitis_HLS/2020.2/common/technology/autopilot/hls_stream_39.h:145]   --->   Operation 37 'partselect' 'tmp_82' <Predicate = true> <Delay = 0.00>
ST_1 : Operation 38 [1/1] (0.00ns)   --->   "%trunc_ln155_15 = partselect i15 @_ssdm_op_PartSelect.i15.i384.i32.i32, i384 %data_read, i32 256, i32 270" [/mnt/Data/Xilinx/Vitis_HLS/2020.2/common/technology/autopilot/hls_stream_39.h:155]   --->   Operation 38 'partselect' 'trunc_ln155_15' <Predicate = true> <Delay = 0.00>
ST_1 : Operation 39 [1/1] (0.00ns)   --->   "%tmp_83 = partselect i16 @_ssdm_op_PartSelect.i16.i384.i32.i32, i384 %data_read, i32 272, i32 287" [/mnt/Data/Xilinx/Vitis_HLS/2020.2/common/technology/autopilot/hls_stream_39.h:145]   --->   Operation 39 'partselect' 'tmp_83' <Predicate = true> <Delay = 0.00>
ST_1 : Operation 40 [1/1] (0.00ns)   --->   "%trunc_ln155_16 = partselect i15 @_ssdm_op_PartSelect.i15.i384.i32.i32, i384 %data_read, i32 272, i32 286" [/mnt/Data/Xilinx/Vitis_HLS/2020.2/common/technology/autopilot/hls_stream_39.h:155]   --->   Operation 40 'partselect' 'trunc_ln155_16' <Predicate = true> <Delay = 0.00>
ST_1 : Operation 41 [1/1] (0.00ns)   --->   "%tmp_84 = partselect i16 @_ssdm_op_PartSelect.i16.i384.i32.i32, i384 %data_read, i32 288, i32 303" [/mnt/Data/Xilinx/Vitis_HLS/2020.2/common/technology/autopilot/hls_stream_39.h:145]   --->   Operation 41 'partselect' 'tmp_84' <Predicate = true> <Delay = 0.00>
ST_1 : Operation 42 [1/1] (0.00ns)   --->   "%trunc_ln155_17 = partselect i15 @_ssdm_op_PartSelect.i15.i384.i32.i32, i384 %data_read, i32 288, i32 302" [/mnt/Data/Xilinx/Vitis_HLS/2020.2/common/technology/autopilot/hls_stream_39.h:155]   --->   Operation 42 'partselect' 'trunc_ln155_17' <Predicate = true> <Delay = 0.00>
ST_1 : Operation 43 [1/1] (0.00ns)   --->   "%tmp_85 = partselect i16 @_ssdm_op_PartSelect.i16.i384.i32.i32, i384 %data_read, i32 304, i32 319" [/mnt/Data/Xilinx/Vitis_HLS/2020.2/common/technology/autopilot/hls_stream_39.h:145]   --->   Operation 43 'partselect' 'tmp_85' <Predicate = true> <Delay = 0.00>
ST_1 : Operation 44 [1/1] (0.00ns)   --->   "%trunc_ln155_18 = partselect i15 @_ssdm_op_PartSelect.i15.i384.i32.i32, i384 %data_read, i32 304, i32 318" [/mnt/Data/Xilinx/Vitis_HLS/2020.2/common/technology/autopilot/hls_stream_39.h:155]   --->   Operation 44 'partselect' 'trunc_ln155_18' <Predicate = true> <Delay = 0.00>
ST_1 : Operation 45 [1/1] (0.00ns)   --->   "%tmp_86 = partselect i16 @_ssdm_op_PartSelect.i16.i384.i32.i32, i384 %data_read, i32 320, i32 335" [/mnt/Data/Xilinx/Vitis_HLS/2020.2/common/technology/autopilot/hls_stream_39.h:145]   --->   Operation 45 'partselect' 'tmp_86' <Predicate = true> <Delay = 0.00>
ST_1 : Operation 46 [1/1] (0.00ns)   --->   "%trunc_ln155_19 = partselect i15 @_ssdm_op_PartSelect.i15.i384.i32.i32, i384 %data_read, i32 320, i32 334" [/mnt/Data/Xilinx/Vitis_HLS/2020.2/common/technology/autopilot/hls_stream_39.h:155]   --->   Operation 46 'partselect' 'trunc_ln155_19' <Predicate = true> <Delay = 0.00>
ST_1 : Operation 47 [1/1] (0.00ns)   --->   "%tmp_87 = partselect i16 @_ssdm_op_PartSelect.i16.i384.i32.i32, i384 %data_read, i32 336, i32 351" [/mnt/Data/Xilinx/Vitis_HLS/2020.2/common/technology/autopilot/hls_stream_39.h:145]   --->   Operation 47 'partselect' 'tmp_87' <Predicate = true> <Delay = 0.00>
ST_1 : Operation 48 [1/1] (0.00ns)   --->   "%trunc_ln155_20 = partselect i15 @_ssdm_op_PartSelect.i15.i384.i32.i32, i384 %data_read, i32 336, i32 350" [/mnt/Data/Xilinx/Vitis_HLS/2020.2/common/technology/autopilot/hls_stream_39.h:155]   --->   Operation 48 'partselect' 'trunc_ln155_20' <Predicate = true> <Delay = 0.00>
ST_1 : Operation 49 [1/1] (0.00ns)   --->   "%tmp_88 = partselect i16 @_ssdm_op_PartSelect.i16.i384.i32.i32, i384 %data_read, i32 352, i32 367" [/mnt/Data/Xilinx/Vitis_HLS/2020.2/common/technology/autopilot/hls_stream_39.h:145]   --->   Operation 49 'partselect' 'tmp_88' <Predicate = true> <Delay = 0.00>
ST_1 : Operation 50 [1/1] (0.00ns)   --->   "%trunc_ln155_21 = partselect i15 @_ssdm_op_PartSelect.i15.i384.i32.i32, i384 %data_read, i32 352, i32 366" [/mnt/Data/Xilinx/Vitis_HLS/2020.2/common/technology/autopilot/hls_stream_39.h:155]   --->   Operation 50 'partselect' 'trunc_ln155_21' <Predicate = true> <Delay = 0.00>
ST_1 : Operation 51 [1/1] (0.00ns)   --->   "%tmp_89 = partselect i16 @_ssdm_op_PartSelect.i16.i384.i32.i32, i384 %data_read, i32 368, i32 383" [/mnt/Data/Xilinx/Vitis_HLS/2020.2/common/technology/autopilot/hls_stream_39.h:145]   --->   Operation 51 'partselect' 'tmp_89' <Predicate = true> <Delay = 0.00>
ST_1 : Operation 52 [1/1] (0.00ns)   --->   "%trunc_ln155_22 = partselect i15 @_ssdm_op_PartSelect.i15.i384.i32.i32, i384 %data_read, i32 368, i32 382" [/mnt/Data/Xilinx/Vitis_HLS/2020.2/common/technology/autopilot/hls_stream_39.h:155]   --->   Operation 52 'partselect' 'trunc_ln155_22' <Predicate = true> <Delay = 0.00>

State 2 <SV = 1> <Delay = 3.18>
ST_2 : Operation 53 [1/1] (2.42ns)   --->   "%icmp_ln1494 = icmp_sgt  i16 %tmp_66, i16 0"   --->   Operation 53 'icmp' 'icmp_ln1494' <Predicate = true> <Delay = 2.42> <CoreInst = "Cmp">   --->   Core 9 'Cmp' <Latency = 0> <II = 1> <Delay = 2.42> <FuncUnit> <Opcode : 'icmp'> <InPorts = 2> <OutPorts = 1>
ST_2 : Operation 54 [1/1] (0.75ns)   --->   "%out_data_25 = select i1 %icmp_ln1494, i15 %trunc_ln155, i15 0" [firmware/nnet_utils/nnet_activation_stream.h:51]   --->   Operation 54 'select' 'out_data_25' <Predicate = true> <Delay = 0.75> <CoreInst = "Sel">   --->   Core 73 'Sel' <Latency = 0> <II = 1> <Delay = 0.75> <FuncUnit> <Opcode : 'select'> <InPorts = 3> <OutPorts = 1>
ST_2 : Operation 55 [1/1] (2.42ns)   --->   "%icmp_ln1494_11 = icmp_sgt  i16 %tmp_67, i16 0"   --->   Operation 55 'icmp' 'icmp_ln1494_11' <Predicate = true> <Delay = 2.42> <CoreInst = "Cmp">   --->   Core 9 'Cmp' <Latency = 0> <II = 1> <Delay = 2.42> <FuncUnit> <Opcode : 'icmp'> <InPorts = 2> <OutPorts = 1>
ST_2 : Operation 56 [1/1] (0.75ns)   --->   "%out_data_27 = select i1 %icmp_ln1494_11, i15 %trunc_ln155_s, i15 0" [firmware/nnet_utils/nnet_activation_stream.h:51]   --->   Operation 56 'select' 'out_data_27' <Predicate = true> <Delay = 0.75> <CoreInst = "Sel">   --->   Core 73 'Sel' <Latency = 0> <II = 1> <Delay = 0.75> <FuncUnit> <Opcode : 'select'> <InPorts = 3> <OutPorts = 1>
ST_2 : Operation 57 [1/1] (2.42ns)   --->   "%icmp_ln1494_12 = icmp_sgt  i16 %tmp_68, i16 0"   --->   Operation 57 'icmp' 'icmp_ln1494_12' <Predicate = true> <Delay = 2.42> <CoreInst = "Cmp">   --->   Core 9 'Cmp' <Latency = 0> <II = 1> <Delay = 2.42> <FuncUnit> <Opcode : 'icmp'> <InPorts = 2> <OutPorts = 1>
ST_2 : Operation 58 [1/1] (0.75ns)   --->   "%out_data_29 = select i1 %icmp_ln1494_12, i15 %trunc_ln155_1, i15 0" [firmware/nnet_utils/nnet_activation_stream.h:51]   --->   Operation 58 'select' 'out_data_29' <Predicate = true> <Delay = 0.75> <CoreInst = "Sel">   --->   Core 73 'Sel' <Latency = 0> <II = 1> <Delay = 0.75> <FuncUnit> <Opcode : 'select'> <InPorts = 3> <OutPorts = 1>
ST_2 : Operation 59 [1/1] (2.42ns)   --->   "%icmp_ln1494_13 = icmp_sgt  i16 %tmp_69, i16 0"   --->   Operation 59 'icmp' 'icmp_ln1494_13' <Predicate = true> <Delay = 2.42> <CoreInst = "Cmp">   --->   Core 9 'Cmp' <Latency = 0> <II = 1> <Delay = 2.42> <FuncUnit> <Opcode : 'icmp'> <InPorts = 2> <OutPorts = 1>
ST_2 : Operation 60 [1/1] (0.75ns)   --->   "%out_data_31 = select i1 %icmp_ln1494_13, i15 %trunc_ln155_2, i15 0" [firmware/nnet_utils/nnet_activation_stream.h:51]   --->   Operation 60 'select' 'out_data_31' <Predicate = true> <Delay = 0.75> <CoreInst = "Sel">   --->   Core 73 'Sel' <Latency = 0> <II = 1> <Delay = 0.75> <FuncUnit> <Opcode : 'select'> <InPorts = 3> <OutPorts = 1>
ST_2 : Operation 61 [1/1] (2.42ns)   --->   "%icmp_ln1494_14 = icmp_sgt  i16 %tmp_70, i16 0"   --->   Operation 61 'icmp' 'icmp_ln1494_14' <Predicate = true> <Delay = 2.42> <CoreInst = "Cmp">   --->   Core 9 'Cmp' <Latency = 0> <II = 1> <Delay = 2.42> <FuncUnit> <Opcode : 'icmp'> <InPorts = 2> <OutPorts = 1>
ST_2 : Operation 62 [1/1] (0.75ns)   --->   "%out_data_33 = select i1 %icmp_ln1494_14, i15 %trunc_ln155_3, i15 0" [firmware/nnet_utils/nnet_activation_stream.h:51]   --->   Operation 62 'select' 'out_data_33' <Predicate = true> <Delay = 0.75> <CoreInst = "Sel">   --->   Core 73 'Sel' <Latency = 0> <II = 1> <Delay = 0.75> <FuncUnit> <Opcode : 'select'> <InPorts = 3> <OutPorts = 1>
ST_2 : Operation 63 [1/1] (2.42ns)   --->   "%icmp_ln1494_15 = icmp_sgt  i16 %tmp_71, i16 0"   --->   Operation 63 'icmp' 'icmp_ln1494_15' <Predicate = true> <Delay = 2.42> <CoreInst = "Cmp">   --->   Core 9 'Cmp' <Latency = 0> <II = 1> <Delay = 2.42> <FuncUnit> <Opcode : 'icmp'> <InPorts = 2> <OutPorts = 1>
ST_2 : Operation 64 [1/1] (0.75ns)   --->   "%out_data_35 = select i1 %icmp_ln1494_15, i15 %trunc_ln155_4, i15 0" [firmware/nnet_utils/nnet_activation_stream.h:51]   --->   Operation 64 'select' 'out_data_35' <Predicate = true> <Delay = 0.75> <CoreInst = "Sel">   --->   Core 73 'Sel' <Latency = 0> <II = 1> <Delay = 0.75> <FuncUnit> <Opcode : 'select'> <InPorts = 3> <OutPorts = 1>
ST_2 : Operation 65 [1/1] (2.42ns)   --->   "%icmp_ln1494_16 = icmp_sgt  i16 %tmp_72, i16 0"   --->   Operation 65 'icmp' 'icmp_ln1494_16' <Predicate = true> <Delay = 2.42> <CoreInst = "Cmp">   --->   Core 9 'Cmp' <Latency = 0> <II = 1> <Delay = 2.42> <FuncUnit> <Opcode : 'icmp'> <InPorts = 2> <OutPorts = 1>
ST_2 : Operation 66 [1/1] (0.75ns)   --->   "%out_data_37 = select i1 %icmp_ln1494_16, i15 %trunc_ln155_5, i15 0" [firmware/nnet_utils/nnet_activation_stream.h:51]   --->   Operation 66 'select' 'out_data_37' <Predicate = true> <Delay = 0.75> <CoreInst = "Sel">   --->   Core 73 'Sel' <Latency = 0> <II = 1> <Delay = 0.75> <FuncUnit> <Opcode : 'select'> <InPorts = 3> <OutPorts = 1>
ST_2 : Operation 67 [1/1] (2.42ns)   --->   "%icmp_ln1494_17 = icmp_sgt  i16 %tmp_73, i16 0"   --->   Operation 67 'icmp' 'icmp_ln1494_17' <Predicate = true> <Delay = 2.42> <CoreInst = "Cmp">   --->   Core 9 'Cmp' <Latency = 0> <II = 1> <Delay = 2.42> <FuncUnit> <Opcode : 'icmp'> <InPorts = 2> <OutPorts = 1>
ST_2 : Operation 68 [1/1] (0.75ns)   --->   "%out_data_39 = select i1 %icmp_ln1494_17, i15 %trunc_ln155_6, i15 0" [firmware/nnet_utils/nnet_activation_stream.h:51]   --->   Operation 68 'select' 'out_data_39' <Predicate = true> <Delay = 0.75> <CoreInst = "Sel">   --->   Core 73 'Sel' <Latency = 0> <II = 1> <Delay = 0.75> <FuncUnit> <Opcode : 'select'> <InPorts = 3> <OutPorts = 1>
ST_2 : Operation 69 [1/1] (2.42ns)   --->   "%icmp_ln1494_18 = icmp_sgt  i16 %tmp_74, i16 0"   --->   Operation 69 'icmp' 'icmp_ln1494_18' <Predicate = true> <Delay = 2.42> <CoreInst = "Cmp">   --->   Core 9 'Cmp' <Latency = 0> <II = 1> <Delay = 2.42> <FuncUnit> <Opcode : 'icmp'> <InPorts = 2> <OutPorts = 1>
ST_2 : Operation 70 [1/1] (0.75ns)   --->   "%out_data_41 = select i1 %icmp_ln1494_18, i15 %trunc_ln155_7, i15 0" [firmware/nnet_utils/nnet_activation_stream.h:51]   --->   Operation 70 'select' 'out_data_41' <Predicate = true> <Delay = 0.75> <CoreInst = "Sel">   --->   Core 73 'Sel' <Latency = 0> <II = 1> <Delay = 0.75> <FuncUnit> <Opcode : 'select'> <InPorts = 3> <OutPorts = 1>
ST_2 : Operation 71 [1/1] (2.42ns)   --->   "%icmp_ln1494_19 = icmp_sgt  i16 %tmp_75, i16 0"   --->   Operation 71 'icmp' 'icmp_ln1494_19' <Predicate = true> <Delay = 2.42> <CoreInst = "Cmp">   --->   Core 9 'Cmp' <Latency = 0> <II = 1> <Delay = 2.42> <FuncUnit> <Opcode : 'icmp'> <InPorts = 2> <OutPorts = 1>
ST_2 : Operation 72 [1/1] (0.75ns)   --->   "%out_data_43 = select i1 %icmp_ln1494_19, i15 %trunc_ln155_8, i15 0" [firmware/nnet_utils/nnet_activation_stream.h:51]   --->   Operation 72 'select' 'out_data_43' <Predicate = true> <Delay = 0.75> <CoreInst = "Sel">   --->   Core 73 'Sel' <Latency = 0> <II = 1> <Delay = 0.75> <FuncUnit> <Opcode : 'select'> <InPorts = 3> <OutPorts = 1>
ST_2 : Operation 73 [1/1] (2.42ns)   --->   "%icmp_ln1494_20 = icmp_sgt  i16 %tmp_76, i16 0"   --->   Operation 73 'icmp' 'icmp_ln1494_20' <Predicate = true> <Delay = 2.42> <CoreInst = "Cmp">   --->   Core 9 'Cmp' <Latency = 0> <II = 1> <Delay = 2.42> <FuncUnit> <Opcode : 'icmp'> <InPorts = 2> <OutPorts = 1>
ST_2 : Operation 74 [1/1] (0.75ns)   --->   "%out_data_45 = select i1 %icmp_ln1494_20, i15 %trunc_ln155_9, i15 0" [firmware/nnet_utils/nnet_activation_stream.h:51]   --->   Operation 74 'select' 'out_data_45' <Predicate = true> <Delay = 0.75> <CoreInst = "Sel">   --->   Core 73 'Sel' <Latency = 0> <II = 1> <Delay = 0.75> <FuncUnit> <Opcode : 'select'> <InPorts = 3> <OutPorts = 1>
ST_2 : Operation 75 [1/1] (2.42ns)   --->   "%icmp_ln1494_21 = icmp_sgt  i16 %tmp_77, i16 0"   --->   Operation 75 'icmp' 'icmp_ln1494_21' <Predicate = true> <Delay = 2.42> <CoreInst = "Cmp">   --->   Core 9 'Cmp' <Latency = 0> <II = 1> <Delay = 2.42> <FuncUnit> <Opcode : 'icmp'> <InPorts = 2> <OutPorts = 1>
ST_2 : Operation 76 [1/1] (0.75ns)   --->   "%out_data_47 = select i1 %icmp_ln1494_21, i15 %trunc_ln155_10, i15 0" [firmware/nnet_utils/nnet_activation_stream.h:51]   --->   Operation 76 'select' 'out_data_47' <Predicate = true> <Delay = 0.75> <CoreInst = "Sel">   --->   Core 73 'Sel' <Latency = 0> <II = 1> <Delay = 0.75> <FuncUnit> <Opcode : 'select'> <InPorts = 3> <OutPorts = 1>
ST_2 : Operation 77 [1/1] (2.42ns)   --->   "%icmp_ln1494_22 = icmp_sgt  i16 %tmp_78, i16 0"   --->   Operation 77 'icmp' 'icmp_ln1494_22' <Predicate = true> <Delay = 2.42> <CoreInst = "Cmp">   --->   Core 9 'Cmp' <Latency = 0> <II = 1> <Delay = 2.42> <FuncUnit> <Opcode : 'icmp'> <InPorts = 2> <OutPorts = 1>
ST_2 : Operation 78 [1/1] (0.75ns)   --->   "%out_data_49 = select i1 %icmp_ln1494_22, i15 %trunc_ln155_11, i15 0" [firmware/nnet_utils/nnet_activation_stream.h:51]   --->   Operation 78 'select' 'out_data_49' <Predicate = true> <Delay = 0.75> <CoreInst = "Sel">   --->   Core 73 'Sel' <Latency = 0> <II = 1> <Delay = 0.75> <FuncUnit> <Opcode : 'select'> <InPorts = 3> <OutPorts = 1>
ST_2 : Operation 79 [1/1] (2.42ns)   --->   "%icmp_ln1494_23 = icmp_sgt  i16 %tmp_79, i16 0"   --->   Operation 79 'icmp' 'icmp_ln1494_23' <Predicate = true> <Delay = 2.42> <CoreInst = "Cmp">   --->   Core 9 'Cmp' <Latency = 0> <II = 1> <Delay = 2.42> <FuncUnit> <Opcode : 'icmp'> <InPorts = 2> <OutPorts = 1>
ST_2 : Operation 80 [1/1] (0.75ns)   --->   "%out_data_51 = select i1 %icmp_ln1494_23, i15 %trunc_ln155_12, i15 0" [firmware/nnet_utils/nnet_activation_stream.h:51]   --->   Operation 80 'select' 'out_data_51' <Predicate = true> <Delay = 0.75> <CoreInst = "Sel">   --->   Core 73 'Sel' <Latency = 0> <II = 1> <Delay = 0.75> <FuncUnit> <Opcode : 'select'> <InPorts = 3> <OutPorts = 1>
ST_2 : Operation 81 [1/1] (2.42ns)   --->   "%icmp_ln1494_24 = icmp_sgt  i16 %tmp_80, i16 0"   --->   Operation 81 'icmp' 'icmp_ln1494_24' <Predicate = true> <Delay = 2.42> <CoreInst = "Cmp">   --->   Core 9 'Cmp' <Latency = 0> <II = 1> <Delay = 2.42> <FuncUnit> <Opcode : 'icmp'> <InPorts = 2> <OutPorts = 1>
ST_2 : Operation 82 [1/1] (0.75ns)   --->   "%out_data_53 = select i1 %icmp_ln1494_24, i15 %trunc_ln155_13, i15 0" [firmware/nnet_utils/nnet_activation_stream.h:51]   --->   Operation 82 'select' 'out_data_53' <Predicate = true> <Delay = 0.75> <CoreInst = "Sel">   --->   Core 73 'Sel' <Latency = 0> <II = 1> <Delay = 0.75> <FuncUnit> <Opcode : 'select'> <InPorts = 3> <OutPorts = 1>
ST_2 : Operation 83 [1/1] (2.42ns)   --->   "%icmp_ln1494_25 = icmp_sgt  i16 %tmp_81, i16 0"   --->   Operation 83 'icmp' 'icmp_ln1494_25' <Predicate = true> <Delay = 2.42> <CoreInst = "Cmp">   --->   Core 9 'Cmp' <Latency = 0> <II = 1> <Delay = 2.42> <FuncUnit> <Opcode : 'icmp'> <InPorts = 2> <OutPorts = 1>
ST_2 : Operation 84 [1/1] (0.75ns)   --->   "%out_data_55 = select i1 %icmp_ln1494_25, i15 %trunc_ln155_14, i15 0" [firmware/nnet_utils/nnet_activation_stream.h:51]   --->   Operation 84 'select' 'out_data_55' <Predicate = true> <Delay = 0.75> <CoreInst = "Sel">   --->   Core 73 'Sel' <Latency = 0> <II = 1> <Delay = 0.75> <FuncUnit> <Opcode : 'select'> <InPorts = 3> <OutPorts = 1>
ST_2 : Operation 85 [1/1] (2.42ns)   --->   "%icmp_ln1494_26 = icmp_sgt  i16 %tmp_82, i16 0"   --->   Operation 85 'icmp' 'icmp_ln1494_26' <Predicate = true> <Delay = 2.42> <CoreInst = "Cmp">   --->   Core 9 'Cmp' <Latency = 0> <II = 1> <Delay = 2.42> <FuncUnit> <Opcode : 'icmp'> <InPorts = 2> <OutPorts = 1>
ST_2 : Operation 86 [1/1] (0.75ns)   --->   "%out_data_57 = select i1 %icmp_ln1494_26, i15 %trunc_ln155_15, i15 0" [firmware/nnet_utils/nnet_activation_stream.h:51]   --->   Operation 86 'select' 'out_data_57' <Predicate = true> <Delay = 0.75> <CoreInst = "Sel">   --->   Core 73 'Sel' <Latency = 0> <II = 1> <Delay = 0.75> <FuncUnit> <Opcode : 'select'> <InPorts = 3> <OutPorts = 1>
ST_2 : Operation 87 [1/1] (2.42ns)   --->   "%icmp_ln1494_27 = icmp_sgt  i16 %tmp_83, i16 0"   --->   Operation 87 'icmp' 'icmp_ln1494_27' <Predicate = true> <Delay = 2.42> <CoreInst = "Cmp">   --->   Core 9 'Cmp' <Latency = 0> <II = 1> <Delay = 2.42> <FuncUnit> <Opcode : 'icmp'> <InPorts = 2> <OutPorts = 1>
ST_2 : Operation 88 [1/1] (0.75ns)   --->   "%out_data_59 = select i1 %icmp_ln1494_27, i15 %trunc_ln155_16, i15 0" [firmware/nnet_utils/nnet_activation_stream.h:51]   --->   Operation 88 'select' 'out_data_59' <Predicate = true> <Delay = 0.75> <CoreInst = "Sel">   --->   Core 73 'Sel' <Latency = 0> <II = 1> <Delay = 0.75> <FuncUnit> <Opcode : 'select'> <InPorts = 3> <OutPorts = 1>
ST_2 : Operation 89 [1/1] (2.42ns)   --->   "%icmp_ln1494_28 = icmp_sgt  i16 %tmp_84, i16 0"   --->   Operation 89 'icmp' 'icmp_ln1494_28' <Predicate = true> <Delay = 2.42> <CoreInst = "Cmp">   --->   Core 9 'Cmp' <Latency = 0> <II = 1> <Delay = 2.42> <FuncUnit> <Opcode : 'icmp'> <InPorts = 2> <OutPorts = 1>
ST_2 : Operation 90 [1/1] (0.75ns)   --->   "%out_data_61 = select i1 %icmp_ln1494_28, i15 %trunc_ln155_17, i15 0" [firmware/nnet_utils/nnet_activation_stream.h:51]   --->   Operation 90 'select' 'out_data_61' <Predicate = true> <Delay = 0.75> <CoreInst = "Sel">   --->   Core 73 'Sel' <Latency = 0> <II = 1> <Delay = 0.75> <FuncUnit> <Opcode : 'select'> <InPorts = 3> <OutPorts = 1>
ST_2 : Operation 91 [1/1] (2.42ns)   --->   "%icmp_ln1494_29 = icmp_sgt  i16 %tmp_85, i16 0"   --->   Operation 91 'icmp' 'icmp_ln1494_29' <Predicate = true> <Delay = 2.42> <CoreInst = "Cmp">   --->   Core 9 'Cmp' <Latency = 0> <II = 1> <Delay = 2.42> <FuncUnit> <Opcode : 'icmp'> <InPorts = 2> <OutPorts = 1>
ST_2 : Operation 92 [1/1] (0.75ns)   --->   "%out_data_63 = select i1 %icmp_ln1494_29, i15 %trunc_ln155_18, i15 0" [firmware/nnet_utils/nnet_activation_stream.h:51]   --->   Operation 92 'select' 'out_data_63' <Predicate = true> <Delay = 0.75> <CoreInst = "Sel">   --->   Core 73 'Sel' <Latency = 0> <II = 1> <Delay = 0.75> <FuncUnit> <Opcode : 'select'> <InPorts = 3> <OutPorts = 1>
ST_2 : Operation 93 [1/1] (2.42ns)   --->   "%icmp_ln1494_30 = icmp_sgt  i16 %tmp_86, i16 0"   --->   Operation 93 'icmp' 'icmp_ln1494_30' <Predicate = true> <Delay = 2.42> <CoreInst = "Cmp">   --->   Core 9 'Cmp' <Latency = 0> <II = 1> <Delay = 2.42> <FuncUnit> <Opcode : 'icmp'> <InPorts = 2> <OutPorts = 1>
ST_2 : Operation 94 [1/1] (0.75ns)   --->   "%out_data_65 = select i1 %icmp_ln1494_30, i15 %trunc_ln155_19, i15 0" [firmware/nnet_utils/nnet_activation_stream.h:51]   --->   Operation 94 'select' 'out_data_65' <Predicate = true> <Delay = 0.75> <CoreInst = "Sel">   --->   Core 73 'Sel' <Latency = 0> <II = 1> <Delay = 0.75> <FuncUnit> <Opcode : 'select'> <InPorts = 3> <OutPorts = 1>
ST_2 : Operation 95 [1/1] (2.42ns)   --->   "%icmp_ln1494_31 = icmp_sgt  i16 %tmp_87, i16 0"   --->   Operation 95 'icmp' 'icmp_ln1494_31' <Predicate = true> <Delay = 2.42> <CoreInst = "Cmp">   --->   Core 9 'Cmp' <Latency = 0> <II = 1> <Delay = 2.42> <FuncUnit> <Opcode : 'icmp'> <InPorts = 2> <OutPorts = 1>
ST_2 : Operation 96 [1/1] (0.75ns)   --->   "%out_data_67 = select i1 %icmp_ln1494_31, i15 %trunc_ln155_20, i15 0" [firmware/nnet_utils/nnet_activation_stream.h:51]   --->   Operation 96 'select' 'out_data_67' <Predicate = true> <Delay = 0.75> <CoreInst = "Sel">   --->   Core 73 'Sel' <Latency = 0> <II = 1> <Delay = 0.75> <FuncUnit> <Opcode : 'select'> <InPorts = 3> <OutPorts = 1>
ST_2 : Operation 97 [1/1] (2.42ns)   --->   "%icmp_ln1494_32 = icmp_sgt  i16 %tmp_88, i16 0"   --->   Operation 97 'icmp' 'icmp_ln1494_32' <Predicate = true> <Delay = 2.42> <CoreInst = "Cmp">   --->   Core 9 'Cmp' <Latency = 0> <II = 1> <Delay = 2.42> <FuncUnit> <Opcode : 'icmp'> <InPorts = 2> <OutPorts = 1>
ST_2 : Operation 98 [1/1] (0.75ns)   --->   "%out_data_69 = select i1 %icmp_ln1494_32, i15 %trunc_ln155_21, i15 0" [firmware/nnet_utils/nnet_activation_stream.h:51]   --->   Operation 98 'select' 'out_data_69' <Predicate = true> <Delay = 0.75> <CoreInst = "Sel">   --->   Core 73 'Sel' <Latency = 0> <II = 1> <Delay = 0.75> <FuncUnit> <Opcode : 'select'> <InPorts = 3> <OutPorts = 1>
ST_2 : Operation 99 [1/1] (2.42ns)   --->   "%icmp_ln1494_33 = icmp_sgt  i16 %tmp_89, i16 0"   --->   Operation 99 'icmp' 'icmp_ln1494_33' <Predicate = true> <Delay = 2.42> <CoreInst = "Cmp">   --->   Core 9 'Cmp' <Latency = 0> <II = 1> <Delay = 2.42> <FuncUnit> <Opcode : 'icmp'> <InPorts = 2> <OutPorts = 1>
ST_2 : Operation 100 [1/1] (0.75ns)   --->   "%out_data_71 = select i1 %icmp_ln1494_33, i15 %trunc_ln155_22, i15 0" [firmware/nnet_utils/nnet_activation_stream.h:51]   --->   Operation 100 'select' 'out_data_71' <Predicate = true> <Delay = 0.75> <CoreInst = "Sel">   --->   Core 73 'Sel' <Latency = 0> <II = 1> <Delay = 0.75> <FuncUnit> <Opcode : 'select'> <InPorts = 3> <OutPorts = 1>

State 3 <SV = 2> <Delay = 2.18>
ST_3 : Operation 101 [1/1] (0.00ns)   --->   "%specinterface_ln0 = specinterface void @_ssdm_op_SpecInterface, i384 %res, void @empty_5, i32 0, i32 0, void @empty_3, i32 0, i32 0, void @empty_3, void @empty_3, void @empty_3, i32 0, i32 0, i32 0, i32 0, void @empty_3, void @empty_3"   --->   Operation 101 'specinterface' 'specinterface_ln0' <Predicate = true> <Delay = 0.00>
ST_3 : Operation 102 [1/1] (0.00ns)   --->   "%specinterface_ln0 = specinterface void @_ssdm_op_SpecInterface, i384 %data, void @empty_5, i32 0, i32 0, void @empty_3, i32 0, i32 0, void @empty_3, void @empty_3, void @empty_3, i32 0, i32 0, i32 0, i32 0, void @empty_3, void @empty_3"   --->   Operation 102 'specinterface' 'specinterface_ln0' <Predicate = true> <Delay = 0.00>
ST_3 : Operation 103 [1/1] (0.00ns)   --->   "%zext_ln45 = zext i15 %out_data_25" [firmware/nnet_utils/nnet_activation_stream.h:45]   --->   Operation 103 'zext' 'zext_ln45' <Predicate = true> <Delay = 0.00>
ST_3 : Operation 104 [1/1] (0.00ns)   --->   "%zext_ln45_7 = zext i15 %out_data_27" [firmware/nnet_utils/nnet_activation_stream.h:45]   --->   Operation 104 'zext' 'zext_ln45_7' <Predicate = true> <Delay = 0.00>
ST_3 : Operation 105 [1/1] (0.00ns)   --->   "%zext_ln45_8 = zext i15 %out_data_29" [firmware/nnet_utils/nnet_activation_stream.h:45]   --->   Operation 105 'zext' 'zext_ln45_8' <Predicate = true> <Delay = 0.00>
ST_3 : Operation 106 [1/1] (0.00ns)   --->   "%zext_ln45_9 = zext i15 %out_data_31" [firmware/nnet_utils/nnet_activation_stream.h:45]   --->   Operation 106 'zext' 'zext_ln45_9' <Predicate = true> <Delay = 0.00>
ST_3 : Operation 107 [1/1] (0.00ns)   --->   "%zext_ln45_10 = zext i15 %out_data_33" [firmware/nnet_utils/nnet_activation_stream.h:45]   --->   Operation 107 'zext' 'zext_ln45_10' <Predicate = true> <Delay = 0.00>
ST_3 : Operation 108 [1/1] (0.00ns)   --->   "%zext_ln45_11 = zext i15 %out_data_35" [firmware/nnet_utils/nnet_activation_stream.h:45]   --->   Operation 108 'zext' 'zext_ln45_11' <Predicate = true> <Delay = 0.00>
ST_3 : Operation 109 [1/1] (0.00ns)   --->   "%zext_ln45_12 = zext i15 %out_data_37" [firmware/nnet_utils/nnet_activation_stream.h:45]   --->   Operation 109 'zext' 'zext_ln45_12' <Predicate = true> <Delay = 0.00>
ST_3 : Operation 110 [1/1] (0.00ns)   --->   "%zext_ln45_13 = zext i15 %out_data_39" [firmware/nnet_utils/nnet_activation_stream.h:45]   --->   Operation 110 'zext' 'zext_ln45_13' <Predicate = true> <Delay = 0.00>
ST_3 : Operation 111 [1/1] (0.00ns)   --->   "%zext_ln45_14 = zext i15 %out_data_41" [firmware/nnet_utils/nnet_activation_stream.h:45]   --->   Operation 111 'zext' 'zext_ln45_14' <Predicate = true> <Delay = 0.00>
ST_3 : Operation 112 [1/1] (0.00ns)   --->   "%zext_ln45_15 = zext i15 %out_data_43" [firmware/nnet_utils/nnet_activation_stream.h:45]   --->   Operation 112 'zext' 'zext_ln45_15' <Predicate = true> <Delay = 0.00>
ST_3 : Operation 113 [1/1] (0.00ns)   --->   "%zext_ln45_16 = zext i15 %out_data_45" [firmware/nnet_utils/nnet_activation_stream.h:45]   --->   Operation 113 'zext' 'zext_ln45_16' <Predicate = true> <Delay = 0.00>
ST_3 : Operation 114 [1/1] (0.00ns)   --->   "%zext_ln45_17 = zext i15 %out_data_47" [firmware/nnet_utils/nnet_activation_stream.h:45]   --->   Operation 114 'zext' 'zext_ln45_17' <Predicate = true> <Delay = 0.00>
ST_3 : Operation 115 [1/1] (0.00ns)   --->   "%zext_ln45_18 = zext i15 %out_data_49" [firmware/nnet_utils/nnet_activation_stream.h:45]   --->   Operation 115 'zext' 'zext_ln45_18' <Predicate = true> <Delay = 0.00>
ST_3 : Operation 116 [1/1] (0.00ns)   --->   "%zext_ln45_19 = zext i15 %out_data_51" [firmware/nnet_utils/nnet_activation_stream.h:45]   --->   Operation 116 'zext' 'zext_ln45_19' <Predicate = true> <Delay = 0.00>
ST_3 : Operation 117 [1/1] (0.00ns)   --->   "%zext_ln45_20 = zext i15 %out_data_53" [firmware/nnet_utils/nnet_activation_stream.h:45]   --->   Operation 117 'zext' 'zext_ln45_20' <Predicate = true> <Delay = 0.00>
ST_3 : Operation 118 [1/1] (0.00ns)   --->   "%zext_ln45_21 = zext i15 %out_data_55" [firmware/nnet_utils/nnet_activation_stream.h:45]   --->   Operation 118 'zext' 'zext_ln45_21' <Predicate = true> <Delay = 0.00>
ST_3 : Operation 119 [1/1] (0.00ns)   --->   "%zext_ln45_22 = zext i15 %out_data_57" [firmware/nnet_utils/nnet_activation_stream.h:45]   --->   Operation 119 'zext' 'zext_ln45_22' <Predicate = true> <Delay = 0.00>
ST_3 : Operation 120 [1/1] (0.00ns)   --->   "%zext_ln45_23 = zext i15 %out_data_59" [firmware/nnet_utils/nnet_activation_stream.h:45]   --->   Operation 120 'zext' 'zext_ln45_23' <Predicate = true> <Delay = 0.00>
ST_3 : Operation 121 [1/1] (0.00ns)   --->   "%zext_ln45_24 = zext i15 %out_data_61" [firmware/nnet_utils/nnet_activation_stream.h:45]   --->   Operation 121 'zext' 'zext_ln45_24' <Predicate = true> <Delay = 0.00>
ST_3 : Operation 122 [1/1] (0.00ns)   --->   "%zext_ln45_25 = zext i15 %out_data_63" [firmware/nnet_utils/nnet_activation_stream.h:45]   --->   Operation 122 'zext' 'zext_ln45_25' <Predicate = true> <Delay = 0.00>
ST_3 : Operation 123 [1/1] (0.00ns)   --->   "%zext_ln45_26 = zext i15 %out_data_65" [firmware/nnet_utils/nnet_activation_stream.h:45]   --->   Operation 123 'zext' 'zext_ln45_26' <Predicate = true> <Delay = 0.00>
ST_3 : Operation 124 [1/1] (0.00ns)   --->   "%zext_ln45_27 = zext i15 %out_data_67" [firmware/nnet_utils/nnet_activation_stream.h:45]   --->   Operation 124 'zext' 'zext_ln45_27' <Predicate = true> <Delay = 0.00>
ST_3 : Operation 125 [1/1] (0.00ns)   --->   "%zext_ln45_28 = zext i15 %out_data_69" [firmware/nnet_utils/nnet_activation_stream.h:45]   --->   Operation 125 'zext' 'zext_ln45_28' <Predicate = true> <Delay = 0.00>
ST_3 : Operation 126 [1/1] (0.00ns)   --->   "%tmp = bitconcatenate i383 @_ssdm_op_BitConcatenate.i383.i15.i16.i16.i16.i16.i16.i16.i16.i16.i16.i16.i16.i16.i16.i16.i16.i16.i16.i16.i16.i16.i16.i16.i16, i15 %out_data_71, i16 %zext_ln45_28, i16 %zext_ln45_27, i16 %zext_ln45_26, i16 %zext_ln45_25, i16 %zext_ln45_24, i16 %zext_ln45_23, i16 %zext_ln45_22, i16 %zext_ln45_21, i16 %zext_ln45_20, i16 %zext_ln45_19, i16 %zext_ln45_18, i16 %zext_ln45_17, i16 %zext_ln45_16, i16 %zext_ln45_15, i16 %zext_ln45_14, i16 %zext_ln45_13, i16 %zext_ln45_12, i16 %zext_ln45_11, i16 %zext_ln45_10, i16 %zext_ln45_9, i16 %zext_ln45_8, i16 %zext_ln45_7, i16 %zext_ln45" [/mnt/Data/Xilinx/Vitis_HLS/2020.2/common/technology/autopilot/hls_stream_39.h:174]   --->   Operation 126 'bitconcatenate' 'tmp' <Predicate = true> <Delay = 0.00>
ST_3 : Operation 127 [1/1] (0.00ns)   --->   "%zext_ln174 = zext i383 %tmp" [/mnt/Data/Xilinx/Vitis_HLS/2020.2/common/technology/autopilot/hls_stream_39.h:174]   --->   Operation 127 'zext' 'zext_ln174' <Predicate = true> <Delay = 0.00>
ST_3 : Operation 128 [1/1] (2.18ns)   --->   "%write_ln174 = write void @_ssdm_op_Write.ap_fifo.volatile.i384P0A, i384 %res, i384 %zext_ln174" [/mnt/Data/Xilinx/Vitis_HLS/2020.2/common/technology/autopilot/hls_stream_39.h:174]   --->   Operation 128 'write' 'write_ln174' <Predicate = true> <Delay = 2.18> <CoreInst = "FIFO_SRL">   --->   Core 81 'FIFO_SRL' <Latency = 0> <II = 1> <Delay = 3.63> <Storage> <Opcode : 'read' 'write' 'nbread' 'nbwrite'> <Ports = 0> <Width = 384> <Depth = 1> <FIFO>
ST_3 : Operation 129 [1/1] (0.00ns)   --->   "%ret_ln59 = ret" [firmware/nnet_utils/nnet_activation_stream.h:59]   --->   Operation 129 'ret' 'ret_ln59' <Predicate = true> <Delay = 0.00>


============================================================
+ Verbose Summary: Timing violations
============================================================
Target clock period: 5ns, clock uncertainty: 0.625ns.

 <State 1>: 2.19ns
The critical path consists of the following:
	fifo read on port 'data' (/mnt/Data/Xilinx/Vitis_HLS/2020.2/common/technology/autopilot/hls_stream_39.h:145) [5]  (2.19 ns)

 <State 2>: 3.18ns
The critical path consists of the following:
	'icmp' operation ('icmp_ln1494') [54]  (2.43 ns)
	'select' operation ('out_data', firmware/nnet_utils/nnet_activation_stream.h:51) [55]  (0.754 ns)

 <State 3>: 2.19ns
The critical path consists of the following:
	fifo write on port 'res' (/mnt/Data/Xilinx/Vitis_HLS/2020.2/common/technology/autopilot/hls_stream_39.h:174) [127]  (2.19 ns)


============================================================
+ Verbose Summary: Binding
============================================================
N/A
* FSMD analyzer results:
  - Output states:
 - Input state : 
  - Chain level:
	State 1
	State 2
	State 3


============================================================
+ Verbose Summary: Datapath Resource usage 
============================================================
N/A
