

================================================================
== Vitis HLS Report for 'shift_line_buffer_array_ap_fixed_16_6_5_3_0_3u_config2_s'
================================================================
* Date:           Mon Oct 21 14:06:14 2024

* Version:        2020.2 (Build 3064766 on Wed Nov 18 09:12:47 MST 2020)
* Project:        myproject_prj
* Solution:       solution1 (Vivado IP Flow Target)
* Product family: zynq
* Target device:  xc7z020-clg484-1


================================================================
== Performance Estimates
================================================================
+ Timing: 
    * Summary: 
    +--------+---------+----------+------------+
    |  Clock |  Target | Estimated| Uncertainty|
    +--------+---------+----------+------------+
    |ap_clk  |  5.00 ns|  3.234 ns|     0.62 ns|
    +--------+---------+----------+------------+

+ Latency: 
    * Summary: 
    +---------+---------+----------+----------+-----+-----+---------+
    |  Latency (cycles) |  Latency (absolute) |  Interval | Pipeline|
    |   min   |   max   |    min   |    max   | min | max |   Type  |
    +---------+---------+----------+----------+-----+-----+---------+
    |        0|        0|      0 ns|      0 ns|    1|    1|      yes|
    +---------+---------+----------+----------+-----+-----+---------+

    + Detail: 
        * Instance: 
        N/A

        * Loop: 
        N/A

============================================================
+ Verbose Summary: Synthesis Manager
============================================================
InlineROM: 1
ExposeGlobal: 0
============================================================
+ Verbose Summary: CDFG Model
============================================================
IsTopModel: 0
ResetActiveHigh: 1
IsCombinational: 0
IsDatapathOnly: 0
HasWiredReturn: 1
HasMFsm: 2
HasVarLatency: 0
IsPipeline: 1
IsRtlPipelined: 0
IsInstanceOverlapped: 0
IsDontTouch: 0
HasImplIP: 0
IsGatedGlobalClock: 0

+ Individual pipeline summary: 
  * Pipeline-0: initiation interval (II) = 1, depth = 1


============================================================
+ Verbose Summary: Schedule
============================================================
* Number of FSM states : 1
* Pipeline : 1
  Pipeline-0 : II = 1, D = 1, States = { 1 }
* Dataflow Pipeline: 0

* FSM state transitions: 
1 --> 

* FSM state operations: 

State 1 <SV = 0> <Delay = 3.23>
ST_1 : Operation 2 [1/1] (0.00ns)   --->   "%specpipeline_ln0 = specpipeline void @_ssdm_op_SpecPipeline, i32 4294967295, i32 0, i32 0, i32 0, void @empty_3"   --->   Operation 2 'specpipeline' 'specpipeline_ln0' <Predicate = true> <Delay = 0.00>
ST_1 : Operation 3 [1/1] (0.00ns)   --->   "%p_read_5 = read i16 @_ssdm_op_Read.ap_auto.i16, i16 %p_read2" [firmware/nnet_utils/nnet_conv_stream.h:237]   --->   Operation 3 'read' 'p_read_5' <Predicate = true> <Delay = 0.00>
ST_1 : Operation 4 [1/1] (0.00ns)   --->   "%p_read_6 = read i16 @_ssdm_op_Read.ap_auto.i16, i16 %p_read1" [firmware/nnet_utils/nnet_conv_stream.h:237]   --->   Operation 4 'read' 'p_read_6' <Predicate = true> <Delay = 0.00>
ST_1 : Operation 5 [1/1] (0.00ns)   --->   "%p_read66 = read i16 @_ssdm_op_Read.ap_auto.i16, i16 %p_read" [firmware/nnet_utils/nnet_conv_stream.h:237]   --->   Operation 5 'read' 'p_read66' <Predicate = true> <Delay = 0.00>
ST_1 : Operation 6 [1/1] (1.61ns)   --->   "%shift_buffer_V_1_0 = memshiftread i16 @_ssdm_op_MemShiftRead.[64 x i16]P0A, i16 63, i16 %p_read66, i1 1"   --->   Operation 6 'memshiftread' 'shift_buffer_V_1_0' <Predicate = true> <Delay = 1.61> <CoreInst = "ShiftReg">   --->   Core 77 'ShiftReg' <Latency = 0> <II = 1> <Delay = 1.61> <Storage> <Opcode : 'memshiftread' 'load'> <Ports = 1> <Width = 16> <Depth = 64> <ShiftMem>
ST_1 : Operation 7 [1/1] (1.61ns)   --->   "%shift_buffer_V_0_0 = memshiftread i16 @_ssdm_op_MemShiftRead.[64 x i16]P0A, i16 63, i16 %shift_buffer_V_1_0, i1 1"   --->   Operation 7 'memshiftread' 'shift_buffer_V_0_0' <Predicate = true> <Delay = 1.61> <CoreInst = "ShiftReg">   --->   Core 77 'ShiftReg' <Latency = 0> <II = 1> <Delay = 1.61> <Storage> <Opcode : 'memshiftread' 'load'> <Ports = 1> <Width = 16> <Depth = 64> <ShiftMem>
ST_1 : Operation 8 [1/1] (1.61ns)   --->   "%shift_buffer_V_1_1 = memshiftread i16 @_ssdm_op_MemShiftRead.[64 x i16]P0A, i16 63, i16 0, i1 0"   --->   Operation 8 'memshiftread' 'shift_buffer_V_1_1' <Predicate = true> <Delay = 1.61> <CoreInst = "ShiftReg">   --->   Core 77 'ShiftReg' <Latency = 0> <II = 1> <Delay = 1.61> <Storage> <Opcode : 'memshiftread' 'load'> <Ports = 1> <Width = 16> <Depth = 64> <ShiftMem>
ST_1 : Operation 9 [1/1] (1.61ns)   --->   "%empty = memshiftread i16 @_ssdm_op_MemShiftRead.[64 x i16]P0A, i16 63, i16 %p_read_6, i1 1"   --->   Operation 9 'memshiftread' 'empty' <Predicate = true> <Delay = 1.61> <CoreInst = "ShiftReg">   --->   Core 77 'ShiftReg' <Latency = 0> <II = 1> <Delay = 1.61> <Storage> <Opcode : 'memshiftread' 'load'> <Ports = 1> <Width = 16> <Depth = 64> <ShiftMem>
ST_1 : Operation 10 [1/1] (1.61ns)   --->   "%shift_buffer_V_0_1 = memshiftread i16 @_ssdm_op_MemShiftRead.[64 x i16]P0A, i16 63, i16 0, i1 0"   --->   Operation 10 'memshiftread' 'shift_buffer_V_0_1' <Predicate = true> <Delay = 1.61> <CoreInst = "ShiftReg">   --->   Core 77 'ShiftReg' <Latency = 0> <II = 1> <Delay = 1.61> <Storage> <Opcode : 'memshiftread' 'load'> <Ports = 1> <Width = 16> <Depth = 64> <ShiftMem>
ST_1 : Operation 11 [1/1] (1.61ns)   --->   "%empty_54 = memshiftread i16 @_ssdm_op_MemShiftRead.[64 x i16]P0A, i16 63, i16 %shift_buffer_V_1_1, i1 1"   --->   Operation 11 'memshiftread' 'empty_54' <Predicate = true> <Delay = 1.61> <CoreInst = "ShiftReg">   --->   Core 77 'ShiftReg' <Latency = 0> <II = 1> <Delay = 1.61> <Storage> <Opcode : 'memshiftread' 'load'> <Ports = 1> <Width = 16> <Depth = 64> <ShiftMem>
ST_1 : Operation 12 [1/1] (1.61ns)   --->   "%shift_buffer_V_1_2 = memshiftread i16 @_ssdm_op_MemShiftRead.[64 x i16]P0A, i16 63, i16 0, i1 0"   --->   Operation 12 'memshiftread' 'shift_buffer_V_1_2' <Predicate = true> <Delay = 1.61> <CoreInst = "ShiftReg">   --->   Core 77 'ShiftReg' <Latency = 0> <II = 1> <Delay = 1.61> <Storage> <Opcode : 'memshiftread' 'load'> <Ports = 1> <Width = 16> <Depth = 64> <ShiftMem>
ST_1 : Operation 13 [1/1] (1.61ns)   --->   "%empty_55 = memshiftread i16 @_ssdm_op_MemShiftRead.[64 x i16]P0A, i16 63, i16 %p_read_5, i1 1"   --->   Operation 13 'memshiftread' 'empty_55' <Predicate = true> <Delay = 1.61> <CoreInst = "ShiftReg">   --->   Core 77 'ShiftReg' <Latency = 0> <II = 1> <Delay = 1.61> <Storage> <Opcode : 'memshiftread' 'load'> <Ports = 1> <Width = 16> <Depth = 64> <ShiftMem>
ST_1 : Operation 14 [1/1] (1.61ns)   --->   "%p_0_i = memshiftread i16 @_ssdm_op_MemShiftRead.[64 x i16]P0A, i16 63, i16 0, i1 0"   --->   Operation 14 'memshiftread' 'p_0_i' <Predicate = true> <Delay = 1.61> <CoreInst = "ShiftReg">   --->   Core 77 'ShiftReg' <Latency = 0> <II = 1> <Delay = 1.61> <Storage> <Opcode : 'memshiftread' 'load'> <Ports = 1> <Width = 16> <Depth = 64> <ShiftMem>
ST_1 : Operation 15 [1/1] (1.61ns)   --->   "%empty_56 = memshiftread i16 @_ssdm_op_MemShiftRead.[64 x i16]P0A, i16 63, i16 %shift_buffer_V_1_2, i1 1"   --->   Operation 15 'memshiftread' 'empty_56' <Predicate = true> <Delay = 1.61> <CoreInst = "ShiftReg">   --->   Core 77 'ShiftReg' <Latency = 0> <II = 1> <Delay = 1.61> <Storage> <Opcode : 'memshiftread' 'load'> <Ports = 1> <Width = 16> <Depth = 64> <ShiftMem>
ST_1 : Operation 16 [1/1] (0.00ns)   --->   "%kernel_data_V_6_3_load = load i16 %kernel_data_V_6_3" [firmware/nnet_utils/nnet_conv_stream.h:201]   --->   Operation 16 'load' 'kernel_data_V_6_3_load' <Predicate = true> <Delay = 0.00>
ST_1 : Operation 17 [1/1] (0.00ns)   --->   "%store_ln201 = store i16 %kernel_data_V_6_3_load, i16 %kernel_data_V_6_0" [firmware/nnet_utils/nnet_conv_stream.h:201]   --->   Operation 17 'store' 'store_ln201' <Predicate = true> <Delay = 0.00>
ST_1 : Operation 18 [1/1] (0.00ns)   --->   "%kernel_data_V_6_4_load = load i16 %kernel_data_V_6_4" [firmware/nnet_utils/nnet_conv_stream.h:201]   --->   Operation 18 'load' 'kernel_data_V_6_4_load' <Predicate = true> <Delay = 0.00>
ST_1 : Operation 19 [1/1] (0.00ns)   --->   "%store_ln201 = store i16 %kernel_data_V_6_4_load, i16 %kernel_data_V_6_1" [firmware/nnet_utils/nnet_conv_stream.h:201]   --->   Operation 19 'store' 'store_ln201' <Predicate = true> <Delay = 0.00>
ST_1 : Operation 20 [1/1] (0.00ns)   --->   "%kernel_data_V_6_5_load = load i16 %kernel_data_V_6_5" [firmware/nnet_utils/nnet_conv_stream.h:201]   --->   Operation 20 'load' 'kernel_data_V_6_5_load' <Predicate = true> <Delay = 0.00>
ST_1 : Operation 21 [1/1] (0.00ns)   --->   "%store_ln201 = store i16 %kernel_data_V_6_5_load, i16 %kernel_data_V_6_2" [firmware/nnet_utils/nnet_conv_stream.h:201]   --->   Operation 21 'store' 'store_ln201' <Predicate = true> <Delay = 0.00>
ST_1 : Operation 22 [1/1] (0.00ns)   --->   "%kernel_data_V_6_12_load = load i16 %kernel_data_V_6_12" [firmware/nnet_utils/nnet_conv_stream.h:201]   --->   Operation 22 'load' 'kernel_data_V_6_12_load' <Predicate = true> <Delay = 0.00>
ST_1 : Operation 23 [1/1] (0.00ns)   --->   "%store_ln201 = store i16 %kernel_data_V_6_12_load, i16 %kernel_data_V_6_9" [firmware/nnet_utils/nnet_conv_stream.h:201]   --->   Operation 23 'store' 'store_ln201' <Predicate = true> <Delay = 0.00>
ST_1 : Operation 24 [1/1] (0.00ns)   --->   "%kernel_data_V_6_13_load = load i16 %kernel_data_V_6_13" [firmware/nnet_utils/nnet_conv_stream.h:201]   --->   Operation 24 'load' 'kernel_data_V_6_13_load' <Predicate = true> <Delay = 0.00>
ST_1 : Operation 25 [1/1] (0.00ns)   --->   "%store_ln201 = store i16 %kernel_data_V_6_13_load, i16 %kernel_data_V_6_10" [firmware/nnet_utils/nnet_conv_stream.h:201]   --->   Operation 25 'store' 'store_ln201' <Predicate = true> <Delay = 0.00>
ST_1 : Operation 26 [1/1] (0.00ns)   --->   "%kernel_data_V_6_14_load = load i16 %kernel_data_V_6_14" [firmware/nnet_utils/nnet_conv_stream.h:201]   --->   Operation 26 'load' 'kernel_data_V_6_14_load' <Predicate = true> <Delay = 0.00>
ST_1 : Operation 27 [1/1] (0.00ns)   --->   "%store_ln201 = store i16 %kernel_data_V_6_14_load, i16 %kernel_data_V_6_11" [firmware/nnet_utils/nnet_conv_stream.h:201]   --->   Operation 27 'store' 'store_ln201' <Predicate = true> <Delay = 0.00>
ST_1 : Operation 28 [1/1] (0.00ns)   --->   "%kernel_data_V_6_21_load = load i16 %kernel_data_V_6_21" [firmware/nnet_utils/nnet_conv_stream.h:201]   --->   Operation 28 'load' 'kernel_data_V_6_21_load' <Predicate = true> <Delay = 0.00>
ST_1 : Operation 29 [1/1] (0.00ns)   --->   "%store_ln201 = store i16 %kernel_data_V_6_21_load, i16 %kernel_data_V_6_18" [firmware/nnet_utils/nnet_conv_stream.h:201]   --->   Operation 29 'store' 'store_ln201' <Predicate = true> <Delay = 0.00>
ST_1 : Operation 30 [1/1] (0.00ns)   --->   "%kernel_data_V_6_22_load = load i16 %kernel_data_V_6_22" [firmware/nnet_utils/nnet_conv_stream.h:201]   --->   Operation 30 'load' 'kernel_data_V_6_22_load' <Predicate = true> <Delay = 0.00>
ST_1 : Operation 31 [1/1] (0.00ns)   --->   "%store_ln201 = store i16 %kernel_data_V_6_22_load, i16 %kernel_data_V_6_19" [firmware/nnet_utils/nnet_conv_stream.h:201]   --->   Operation 31 'store' 'store_ln201' <Predicate = true> <Delay = 0.00>
ST_1 : Operation 32 [1/1] (0.00ns)   --->   "%kernel_data_V_6_23_load = load i16 %kernel_data_V_6_23" [firmware/nnet_utils/nnet_conv_stream.h:201]   --->   Operation 32 'load' 'kernel_data_V_6_23_load' <Predicate = true> <Delay = 0.00>
ST_1 : Operation 33 [1/1] (0.00ns)   --->   "%store_ln201 = store i16 %kernel_data_V_6_23_load, i16 %kernel_data_V_6_20" [firmware/nnet_utils/nnet_conv_stream.h:201]   --->   Operation 33 'store' 'store_ln201' <Predicate = true> <Delay = 0.00>
ST_1 : Operation 34 [1/1] (0.00ns)   --->   "%kernel_data_V_6_6_load = load i16 %kernel_data_V_6_6" [firmware/nnet_utils/nnet_conv_stream.h:201]   --->   Operation 34 'load' 'kernel_data_V_6_6_load' <Predicate = true> <Delay = 0.00>
ST_1 : Operation 35 [1/1] (0.00ns)   --->   "%store_ln201 = store i16 %kernel_data_V_6_6_load, i16 %kernel_data_V_6_3" [firmware/nnet_utils/nnet_conv_stream.h:201]   --->   Operation 35 'store' 'store_ln201' <Predicate = true> <Delay = 0.00>
ST_1 : Operation 36 [1/1] (0.00ns)   --->   "%kernel_data_V_6_7_load = load i16 %kernel_data_V_6_7" [firmware/nnet_utils/nnet_conv_stream.h:201]   --->   Operation 36 'load' 'kernel_data_V_6_7_load' <Predicate = true> <Delay = 0.00>
ST_1 : Operation 37 [1/1] (0.00ns)   --->   "%store_ln201 = store i16 %kernel_data_V_6_7_load, i16 %kernel_data_V_6_4" [firmware/nnet_utils/nnet_conv_stream.h:201]   --->   Operation 37 'store' 'store_ln201' <Predicate = true> <Delay = 0.00>
ST_1 : Operation 38 [1/1] (0.00ns)   --->   "%kernel_data_V_6_8_load = load i16 %kernel_data_V_6_8" [firmware/nnet_utils/nnet_conv_stream.h:201]   --->   Operation 38 'load' 'kernel_data_V_6_8_load' <Predicate = true> <Delay = 0.00>
ST_1 : Operation 39 [1/1] (0.00ns)   --->   "%store_ln201 = store i16 %kernel_data_V_6_8_load, i16 %kernel_data_V_6_5" [firmware/nnet_utils/nnet_conv_stream.h:201]   --->   Operation 39 'store' 'store_ln201' <Predicate = true> <Delay = 0.00>
ST_1 : Operation 40 [1/1] (0.00ns)   --->   "%kernel_data_V_6_15_load = load i16 %kernel_data_V_6_15" [firmware/nnet_utils/nnet_conv_stream.h:201]   --->   Operation 40 'load' 'kernel_data_V_6_15_load' <Predicate = true> <Delay = 0.00>
ST_1 : Operation 41 [1/1] (0.00ns)   --->   "%store_ln201 = store i16 %kernel_data_V_6_15_load, i16 %kernel_data_V_6_12" [firmware/nnet_utils/nnet_conv_stream.h:201]   --->   Operation 41 'store' 'store_ln201' <Predicate = true> <Delay = 0.00>
ST_1 : Operation 42 [1/1] (0.00ns)   --->   "%kernel_data_V_6_16_load = load i16 %kernel_data_V_6_16" [firmware/nnet_utils/nnet_conv_stream.h:201]   --->   Operation 42 'load' 'kernel_data_V_6_16_load' <Predicate = true> <Delay = 0.00>
ST_1 : Operation 43 [1/1] (0.00ns)   --->   "%store_ln201 = store i16 %kernel_data_V_6_16_load, i16 %kernel_data_V_6_13" [firmware/nnet_utils/nnet_conv_stream.h:201]   --->   Operation 43 'store' 'store_ln201' <Predicate = true> <Delay = 0.00>
ST_1 : Operation 44 [1/1] (0.00ns)   --->   "%kernel_data_V_6_17_load = load i16 %kernel_data_V_6_17" [firmware/nnet_utils/nnet_conv_stream.h:201]   --->   Operation 44 'load' 'kernel_data_V_6_17_load' <Predicate = true> <Delay = 0.00>
ST_1 : Operation 45 [1/1] (0.00ns)   --->   "%store_ln201 = store i16 %kernel_data_V_6_17_load, i16 %kernel_data_V_6_14" [firmware/nnet_utils/nnet_conv_stream.h:201]   --->   Operation 45 'store' 'store_ln201' <Predicate = true> <Delay = 0.00>
ST_1 : Operation 46 [1/1] (0.00ns)   --->   "%kernel_data_V_6_24_load = load i16 %kernel_data_V_6_24" [firmware/nnet_utils/nnet_conv_stream.h:201]   --->   Operation 46 'load' 'kernel_data_V_6_24_load' <Predicate = true> <Delay = 0.00>
ST_1 : Operation 47 [1/1] (0.00ns)   --->   "%store_ln201 = store i16 %kernel_data_V_6_24_load, i16 %kernel_data_V_6_21" [firmware/nnet_utils/nnet_conv_stream.h:201]   --->   Operation 47 'store' 'store_ln201' <Predicate = true> <Delay = 0.00>
ST_1 : Operation 48 [1/1] (0.00ns)   --->   "%kernel_data_V_6_25_load = load i16 %kernel_data_V_6_25" [firmware/nnet_utils/nnet_conv_stream.h:201]   --->   Operation 48 'load' 'kernel_data_V_6_25_load' <Predicate = true> <Delay = 0.00>
ST_1 : Operation 49 [1/1] (0.00ns)   --->   "%store_ln201 = store i16 %kernel_data_V_6_25_load, i16 %kernel_data_V_6_22" [firmware/nnet_utils/nnet_conv_stream.h:201]   --->   Operation 49 'store' 'store_ln201' <Predicate = true> <Delay = 0.00>
ST_1 : Operation 50 [1/1] (0.00ns)   --->   "%kernel_data_V_6_26_load = load i16 %kernel_data_V_6_26" [firmware/nnet_utils/nnet_conv_stream.h:201]   --->   Operation 50 'load' 'kernel_data_V_6_26_load' <Predicate = true> <Delay = 0.00>
ST_1 : Operation 51 [1/1] (0.00ns)   --->   "%store_ln201 = store i16 %kernel_data_V_6_26_load, i16 %kernel_data_V_6_23" [firmware/nnet_utils/nnet_conv_stream.h:201]   --->   Operation 51 'store' 'store_ln201' <Predicate = true> <Delay = 0.00>
ST_1 : Operation 52 [1/1] (0.00ns)   --->   "%store_ln214 = store i16 %shift_buffer_V_0_0, i16 %kernel_data_V_6_6" [firmware/nnet_utils/nnet_conv_stream.h:214]   --->   Operation 52 'store' 'store_ln214' <Predicate = true> <Delay = 0.00>
ST_1 : Operation 53 [1/1] (0.00ns)   --->   "%store_ln214 = store i16 %shift_buffer_V_0_1, i16 %kernel_data_V_6_7" [firmware/nnet_utils/nnet_conv_stream.h:214]   --->   Operation 53 'store' 'store_ln214' <Predicate = true> <Delay = 0.00>
ST_1 : Operation 54 [1/1] (0.00ns)   --->   "%store_ln214 = store i16 %p_0_i, i16 %kernel_data_V_6_8" [firmware/nnet_utils/nnet_conv_stream.h:214]   --->   Operation 54 'store' 'store_ln214' <Predicate = true> <Delay = 0.00>
ST_1 : Operation 55 [1/1] (0.00ns)   --->   "%store_ln214 = store i16 %shift_buffer_V_1_0, i16 %kernel_data_V_6_15" [firmware/nnet_utils/nnet_conv_stream.h:214]   --->   Operation 55 'store' 'store_ln214' <Predicate = true> <Delay = 0.00>
ST_1 : Operation 56 [1/1] (0.00ns)   --->   "%store_ln214 = store i16 %shift_buffer_V_1_1, i16 %kernel_data_V_6_16" [firmware/nnet_utils/nnet_conv_stream.h:214]   --->   Operation 56 'store' 'store_ln214' <Predicate = true> <Delay = 0.00>
ST_1 : Operation 57 [1/1] (0.00ns)   --->   "%store_ln214 = store i16 %shift_buffer_V_1_2, i16 %kernel_data_V_6_17" [firmware/nnet_utils/nnet_conv_stream.h:214]   --->   Operation 57 'store' 'store_ln214' <Predicate = true> <Delay = 0.00>
ST_1 : Operation 58 [1/1] (0.00ns)   --->   "%store_ln214 = store i16 %p_read66, i16 %kernel_data_V_6_24" [firmware/nnet_utils/nnet_conv_stream.h:214]   --->   Operation 58 'store' 'store_ln214' <Predicate = true> <Delay = 0.00>
ST_1 : Operation 59 [1/1] (0.00ns)   --->   "%store_ln214 = store i16 %p_read_6, i16 %kernel_data_V_6_25" [firmware/nnet_utils/nnet_conv_stream.h:214]   --->   Operation 59 'store' 'store_ln214' <Predicate = true> <Delay = 0.00>
ST_1 : Operation 60 [1/1] (0.00ns)   --->   "%store_ln214 = store i16 %p_read_5, i16 %kernel_data_V_6_26" [firmware/nnet_utils/nnet_conv_stream.h:214]   --->   Operation 60 'store' 'store_ln214' <Predicate = true> <Delay = 0.00>
ST_1 : Operation 61 [1/1] (0.00ns)   --->   "%ret_ln0 = ret"   --->   Operation 61 'ret' 'ret_ln0' <Predicate = true> <Delay = 0.00>


============================================================
+ Verbose Summary: Timing violations
============================================================
Target clock period: 5ns, clock uncertainty: 0.625ns.

 <State 1>: 3.23ns
The critical path consists of the following:
	wire read on port 'p_read' (firmware/nnet_utils/nnet_conv_stream.h:237) [35]  (0 ns)
	'memshiftread' operation ('shift_buffer.V[1][0]') [36]  (1.62 ns)
	'memshiftread' operation ('shift_buffer.V[0][0]') [37]  (1.62 ns)


============================================================
+ Verbose Summary: Binding
============================================================
N/A
* FSMD analyzer results:
  - Output states:
 - Input state : 
  - Chain level:
	State 1


============================================================
+ Verbose Summary: Datapath Resource usage 
============================================================
N/A
