

================================================================
== Vitis HLS Report for 'softmax_array_array_ap_fixed_16_6_5_3_0_4u_softmax_config28_s'
================================================================
* Date:           Mon Oct 21 14:06:30 2024

* Version:        2020.2 (Build 3064766 on Wed Nov 18 09:12:47 MST 2020)
* Project:        myproject_prj
* Solution:       solution1 (Vivado IP Flow Target)
* Product family: zynq
* Target device:  xc7z020-clg484-1


================================================================
== Performance Estimates
================================================================
+ Timing: 
    * Summary: 
    +--------+---------+----------+------------+
    |  Clock |  Target | Estimated| Uncertainty|
    +--------+---------+----------+------------+
    |ap_clk  |  5.00 ns|  4.213 ns|     0.62 ns|
    +--------+---------+----------+------------+

+ Latency: 
    * Summary: 
    +---------+---------+-----------+-----------+-----+-----+---------+
    |  Latency (cycles) |   Latency (absolute)  |  Interval | Pipeline|
    |   min   |   max   |    min    |    max    | min | max |   Type  |
    +---------+---------+-----------+-----------+-----+-----+---------+
    |       13|       13|  65.000 ns|  65.000 ns|   13|   13|     none|
    +---------+---------+-----------+-----------+-----+-----+---------+

    + Detail: 
        * Instance: 
        N/A

        * Loop: 
        N/A

============================================================
+ Verbose Summary: Synthesis Manager
============================================================
InlineROM: 1
ExposeGlobal: 0
============================================================
+ Verbose Summary: CDFG Model
============================================================
IsTopModel: 0
ResetActiveHigh: 1
IsCombinational: 2
IsDatapathOnly: 0
HasWiredReturn: 1
HasMFsm: 0
HasVarLatency: 1
IsPipeline: 0
IsRtlPipelined: 0
IsInstanceOverlapped: 0
IsDontTouch: 0
HasImplIP: 0
IsGatedGlobalClock: 0


============================================================
+ Verbose Summary: Schedule
============================================================
* Number of FSM states : 3
* Pipeline : 0
* Dataflow Pipeline: 0

* FSM state transitions: 
1 --> 2 
2 --> 3 
3 --> 

* FSM state operations: 

State 1 <SV = 0> <Delay = 0.00>
ST_1 : Operation 4 [2/2] (0.00ns)   --->   "%call_ln362 = call void @softmax_stable<array,array<ap_fixed<16,6,5,3,0>,4u>,softmax_config28>, i64 %data, i64 %layer28_out_V, i17 %exp_table, i18 %invert_table" [firmware/nnet_utils/nnet_activation_stream.h:362]   --->   Operation 4 'call' 'call_ln362' <Predicate = true> <Delay = 0.00> <CoreType = "Generic">   --->   Core 0 '' <Latency = 0> <II = 1> <Delay = 1.00> <Generic> <Opcode : >

State 2 <SV = 1> <Delay = 3.34>
ST_2 : Operation 5 [1/2] (3.34ns)   --->   "%call_ln362 = call void @softmax_stable<array,array<ap_fixed<16,6,5,3,0>,4u>,softmax_config28>, i64 %data, i64 %layer28_out_V, i17 %exp_table, i18 %invert_table" [firmware/nnet_utils/nnet_activation_stream.h:362]   --->   Operation 5 'call' 'call_ln362' <Predicate = true> <Delay = 3.34> <CoreType = "Generic">   --->   Core 0 '' <Latency = 0> <II = 1> <Delay = 1.00> <Generic> <Opcode : >

State 3 <SV = 2> <Delay = 0.00>
ST_3 : Operation 6 [1/1] (0.00ns)   --->   "%specinterface_ln0 = specinterface void @_ssdm_op_SpecInterface, i64 %data, void @empty_5, i32 0, i32 0, void @empty_3, i32 0, i32 0, void @empty_3, void @empty_3, void @empty_3, i32 0, i32 0, i32 0, i32 0, void @empty_3, void @empty_3"   --->   Operation 6 'specinterface' 'specinterface_ln0' <Predicate = true> <Delay = 0.00>
ST_3 : Operation 7 [1/1] (0.00ns)   --->   "%specinterface_ln0 = specinterface void @_ssdm_op_SpecInterface, i64 %layer28_out_V, void @empty_4, i32 1, i32 1, void @empty_12, i32 0, i32 0, void @empty_3, void @empty_3, void @empty_3, i32 0, i32 0, i32 0, i32 0, void @empty_3, void @empty_3"   --->   Operation 7 'specinterface' 'specinterface_ln0' <Predicate = true> <Delay = 0.00>
ST_3 : Operation 8 [1/1] (0.00ns)   --->   "%ret_ln371 = ret" [firmware/nnet_utils/nnet_activation_stream.h:371]   --->   Operation 8 'ret' 'ret_ln371' <Predicate = true> <Delay = 0.00>


============================================================
+ Verbose Summary: Timing violations
============================================================
Target clock period: 5ns, clock uncertainty: 0.625ns.

 <State 1>: 0ns
The critical path consists of the following:

 <State 2>: 3.35ns
The critical path consists of the following:
	'call' operation ('call_ln362', firmware/nnet_utils/nnet_activation_stream.h:362) to 'softmax_stable<array,array<ap_fixed<16,6,5,3,0>,4u>,softmax_config28>' [9]  (3.35 ns)

 <State 3>: 0ns
The critical path consists of the following:


============================================================
+ Verbose Summary: Binding
============================================================
N/A
* FSMD analyzer results:
  - Output states:
 - Input state : 
  - Chain level:
	State 1
	State 2
	State 3


============================================================
+ Verbose Summary: Datapath Resource usage 
============================================================
N/A
